((href https://github.com/OCamlPro/opam-repository/blob/master/packages/extunix.0.0.6/opam)(log((1372226558.3504960537(Completed 30((status(Passed((r_cmd opam)(r_args(install --verbose --yes extunix.0.0.6))(r_env(OCAMLRUNPARAM=b HOME=/var/folders/f9/vtsr2sv53wn9h3fblk38vwdh0000gn/T/ocamlot/ocamlot.work.2013-06-26.203 PATH=/private/var/folders/f9/vtsr2sv53wn9h3fblk38vwdh0000gn/T/ocamlot/ocamlot.work.2013-06-26.203/opam-install/system/bin:/var/folders/f9/vtsr2sv53wn9h3fblk38vwdh0000gn/T/ocamlot/ocamlot.work.2013-06-26.203:/Users/avsm/ocamlot/worker/ocaml/4.01/bin:/usr/bin:/bin:/usr/sbin:/sbin:/usr/local/bin MANPATH=/private/var/folders/f9/vtsr2sv53wn9h3fblk38vwdh0000gn/T/ocamlot/ocamlot.work.2013-06-26.203/opam-install/system/man: OCAML_TOPLEVEL_PATH=/private/var/folders/f9/vtsr2sv53wn9h3fblk38vwdh0000gn/T/ocamlot/ocamlot.work.2013-06-26.203/opam-install/system/lib/toplevel OPAMROOT=/private/var/folders/f9/vtsr2sv53wn9h3fblk38vwdh0000gn/T/ocamlot/ocamlot.work.2013-06-26.203/opam-install CAML_LD_LIBRARY_PATH=/private/var/folders/f9/vtsr2sv53wn9h3fblk38vwdh0000gn/T/ocamlot/ocamlot.work.2013-06-26.203/opam-install/system/lib/stublibs:/Users/avsm/ocamlot/worker/ocaml/4.01/lib/ocaml/stublibs))(r_cwd /var/folders/f9/vtsr2sv53wn9h3fblk38vwdh0000gn/T/ocamlot/ocamlot.work.2013-06-26.203)(r_duration 51.244688034057617188)(r_stdout"The following actions will be performed:\n - install ocamlfind.1.3.3 [required by extunix]\n - install extunix.0.0.6\n2 to install | 0 to reinstall | 0 to upgrade | 0 to downgrade | 0 to remove\n\n=-=-= Installing ocamlfind.1.3.3 =-=-=\nDownloading http://download.camlcity.org/download/findlib-1.3.3.tar.gz.\n  % Total    % Received % Xferd  Average Speed   Time    Time     Time  Current\n                                 Dload  Upload   Total   Spent    Left  Speed\n\r  0     0    0     0    0     0      0      0 --:--:-- --:--:-- --:--:--     0\r100  225k  100  225k    0     0   415k      0 --:--:-- --:--:-- --:--:-- 1202k\n200\nCopying ocamlfind.install.\nCreating /private/var/folders/f9/vtsr2sv53wn9h3fblk38vwdh0000gn/T/ocamlot/ocamlot.work.2013-06-26.203/opam-install/repo/ocamlot/archives/ocamlfind.1.3.3+opam.tar.gz.\nExtracting /private/var/folders/f9/vtsr2sv53wn9h3fblk38vwdh0000gn/T/ocamlot/ocamlot.work.2013-06-26.203/opam-install/archives/ocamlfind.1.3.3+opam.tar.gz.\nBuilding ocamlfind.1.3.3:\n  ./configure -bindir /private/var/folders/f9/vtsr2sv53wn9h3fblk38vwdh0000gn/T/ocamlot/ocamlot.work.2013-06-26.203/opam-install/system/bin -sitelib /private/var/folders/f9/vtsr2sv53wn9h3fblk38vwdh0000gn/T/ocamlot/ocamlot.work.2013-06-26.203/opam-install/system/lib -mandir /private/var/folders/f9/vtsr2sv53wn9h3fblk38vwdh0000gn/T/ocamlot/ocamlot.work.2013-06-26.203/opam-install/system/man -config /private/var/folders/f9/vtsr2sv53wn9h3fblk38vwdh0000gn/T/ocamlot/ocamlot.work.2013-06-26.203/opam-install/system/lib/findlib.conf -no-topfind\n  make all\n  make opt\n  make install\n  ocamlfind remove dbm\nWelcome to findlib version 1.3.3\nConfiguring core...\nChecking for #remove_directory...\nTesting threading model...\nsysthread_supported: true\nTesting DLLs...\nConfiguring libraries...\nnative dynlink: found\nlabltk: not present\nocamlbuild: found\ncamlp4: using camlp4, style 310\ncompiler-libs: found\nConfiguration for dbm written to site-lib-src/dbm/META\nConfiguration for dynlink written to site-lib-src/dynlink/META\nConfiguration for graphics written to site-lib-src/graphics/META\nConfiguration for num written to site-lib-src/num/META\nConfiguration for num-top written to site-lib-src/num-top/META\nConfiguration for str written to site-lib-src/str/META\nConfiguration for threads written to site-lib-src/threads/META\nConfiguration for unix written to site-lib-src/unix/META\nConfiguration for stdlib written to site-lib-src/stdlib/META\nConfiguration for bigarray written to site-lib-src/bigarray/META\nConfiguration for camlp4 written to site-lib-src/camlp4/META\nConfiguration for ocamlbuild written to site-lib-src/ocamlbuild/META\nConfiguration for compiler-libs written to site-lib-src/compiler-libs/META\nDetecting compiler arguments: (extractor built) ok\n\nAbout the OCAML core installation:\n    Standard library:      /Users/avsm/ocamlot/worker/ocaml/4.01/lib/ocaml\n    Binaries:              /Users/avsm/ocamlot/worker/ocaml/4.01/bin\n    Manual pages:          /Users/avsm/ocamlot/worker/ocaml/4.01/man\n    Multi-threading type:  posix\nThe directory of site-specific packages will be\n    site-lib:              /private/var/folders/f9/vtsr2sv53wn9h3fblk38vwdh0000gn/T/ocamlot/ocamlot.work.2013-06-26.203/opam-install/system/lib\nThe configuration file is written to:\n    findlib config file:   /private/var/folders/f9/vtsr2sv53wn9h3fblk38vwdh0000gn/T/ocamlot/ocamlot.work.2013-06-26.203/opam-install/system/lib/findlib.conf\nSoftware will be installed:\n    Libraries:             in <site-lib>/findlib\n    Binaries:              /private/var/folders/f9/vtsr2sv53wn9h3fblk38vwdh0000gn/T/ocamlot/ocamlot.work.2013-06-26.203/opam-install/system/bin\n    Manual pages:          /private/var/folders/f9/vtsr2sv53wn9h3fblk38vwdh0000gn/T/ocamlot/ocamlot.work.2013-06-26.203/opam-install/system/man\n    topfind script:        omitted\nToolbox:                   no\n\nConfiguration has been written to Makefile.config\n\nYou can now do 'make all', and optionally 'make opt', to build ocamlfind.\nfor p in findlib; do ( cd src/$p; make all ); done\nMakefile:142: depend: No such file or directory\nocamllex fl_meta.mll\n22 states, 392 transitions, table size 1700 bytes\ncamlp4 pa_o.cmo pa_op.cmo pr_o.cmo -- -impl fl_metascanner.src -o fl_metascanner.ml\nocamldep *.ml *.mli >depend\nUSE_CYGPATH=\"0\"; \\\n\texport USE_CYGPATH; \\\n\tcat findlib_config.mlp | \\\n\t\t../../tools/patch '@CONFIGFILE@' '/private/var/folders/f9/vtsr2sv53wn9h3fblk38vwdh0000gn/T/ocamlot/ocamlot.work.2013-06-26.203/opam-install/system/lib/findlib.conf' | \\\n\t\t../../tools/patch '@STDLIB@' '/Users/avsm/ocamlot/worker/ocaml/4.01/lib/ocaml' | \\\n\t\tsed -e 's;@AUTOLINK@;true;g' \\\n\t\t    -e 's;@SYSTEM@;macosx;g' \\\n\t\t     >findlib_config.ml\nocamlc -I +compiler-libs -g -c findlib_config.ml\nocamlc -I +compiler-libs -g -c fl_split.ml\nocamlc -I +compiler-libs -g -c fl_metatoken.ml\nocamlc -I +compiler-libs -g -c fl_meta.ml\nocamlc -I +compiler-libs -c fl_metascanner.mli\nocamlc -I +compiler-libs -g -c fl_metascanner.ml\nocamlc -I +compiler-libs -c fl_topo.mli\nocamlc -I +compiler-libs -g -c fl_topo.ml\nFile \"fl_topo.ml\", line 283, characters 10-22:\nWarning 26: unused variable in_direction.\nFile \"fl_topo.ml\", line 219, characters 36-37:\nWarning 3: deprecated feature: operator (&); you should use (&&) instead\nocamlc -I +compiler-libs -c fl_package_base.mli\nocamlc -I +compiler-libs -g -c fl_package_base.ml\nocamlc -I +compiler-libs -c findlib.mli\nocamlc -I +compiler-libs -g -c findlib.ml\nocamlc -I +compiler-libs -g -c fl_args.ml\nocamlc -I +compiler-libs -a -o findlib.cma findlib_config.cmo fl_split.cmo fl_metatoken.cmo fl_meta.cmo fl_metascanner.cmo fl_topo.cmo fl_package_base.cmo findlib.cmo fl_args.cmo\nocamlc -I +compiler-libs -g -c ocaml_args.ml\nocamlc -I +compiler-libs -g -c frontend.ml\nocamlc -I +compiler-libs -custom -o ocamlfind -g findlib.cma unix.cma \\\n\t           ocaml_args.cmo frontend.cmo\nocamlc -I +compiler-libs -c topfind.mli\nocamlc -I +compiler-libs -g -c topfind.ml\nFile \"topfind.ml\", line 53, characters 10-19:\nWarning 26: unused variable stdlibdir.\nFile \"topfind.ml\", line 97, characters 11-12:\nWarning 26: unused variable d.\nocamlc -I +compiler-libs -a -o findlib_top.cma topfind.cmo\nUSE_CYGPATH=\"0\"; \\\n\texport USE_CYGPATH; \\\n\tcat topfind_rd1.p | \\\n\t\t../../tools/patch '@SITELIB@' '/private/var/folders/f9/vtsr2sv53wn9h3fblk38vwdh0000gn/T/ocamlot/ocamlot.work.2013-06-26.203/opam-install/system/lib' \\\n\t    \t    >topfind\nocamlc -I +compiler-libs -c num_top_printers.mli\nocamlc -I +compiler-libs -g -c num_top_printers.ml\nocamlc -I +compiler-libs -c num_top.mli\nocamlc -I +compiler-libs -g -c num_top.ml\nocamlc -I +compiler-libs -a -o num_top.cma num_top_printers.cmo num_top.cmo\nmake all-config\nUSE_CYGPATH=\"0\"; \\\n\texport USE_CYGPATH; \\\n\tcat findlib.conf.in | \\\n\t\ttools/patch '@SITELIB@' '/private/var/folders/f9/vtsr2sv53wn9h3fblk38vwdh0000gn/T/ocamlot/ocamlot.work.2013-06-26.203/opam-install/system/lib' >findlib.conf\nif ocamlc.opt >/dev/null 2>&1; then \\\n\t\techo 'ocamlc=\"ocamlc.opt\"' >>findlib.conf; \\\n\tfi\nif ocamlopt.opt >/dev/null 2>&1; then \\\n\t\techo 'ocamlopt=\"ocamlopt.opt\"' >>findlib.conf; \\\n\tfi\nif ocamldep.opt >/dev/null 2>&1; then \\\n\t\techo 'ocamldep=\"ocamldep.opt\"' >>findlib.conf; \\\n\tfi\nfor p in findlib; do ( cd src/$p; make opt ); done\nocamlopt -I +compiler-libs -c findlib_config.ml\nocamlopt -I +compiler-libs -c fl_split.ml\nocamlopt -I +compiler-libs -c fl_metatoken.ml\nocamlopt -I +compiler-libs -c fl_meta.ml\nocamlopt -I +compiler-libs -c fl_metascanner.ml\nocamlopt -I +compiler-libs -c fl_topo.ml\nFile \"fl_topo.ml\", line 283, characters 10-22:\nWarning 26: unused variable in_direction.\nFile \"fl_topo.ml\", line 219, characters 36-37:\nWarning 3: deprecated feature: operator (&); you should use (&&) instead\nocamlopt -I +compiler-libs -c fl_package_base.ml\nocamlopt -I +compiler-libs -c findlib.ml\nocamlopt -I +compiler-libs -c fl_args.ml\nocamlopt -I +compiler-libs -a -o findlib.cmxa findlib_config.cmx fl_split.cmx fl_metatoken.cmx fl_meta.cmx fl_metascanner.cmx fl_topo.cmx fl_package_base.cmx findlib.cmx fl_args.cmx\nocamlopt -I +compiler-libs -c ocaml_args.ml\nocamlopt -I +compiler-libs -c frontend.ml\nocamlopt -I +compiler-libs -o ocamlfind_opt findlib.cmxa unix.cmxa \\\n\t\t   ocaml_args.cmx frontend.cmx\nmkdir -p \"/private/var/folders/f9/vtsr2sv53wn9h3fblk38vwdh0000gn/T/ocamlot/ocamlot.work.2013-06-26.203/opam-install/system/bin\"\nmkdir -p \"/private/var/folders/f9/vtsr2sv53wn9h3fblk38vwdh0000gn/T/ocamlot/ocamlot.work.2013-06-26.203/opam-install/system/man\"\nfor p in findlib; do ( cd src/$p; make install ); done\nmkdir -p \"/private/var/folders/f9/vtsr2sv53wn9h3fblk38vwdh0000gn/T/ocamlot/ocamlot.work.2013-06-26.203/opam-install/system/lib/findlib\"\nmkdir -p \"/private/var/folders/f9/vtsr2sv53wn9h3fblk38vwdh0000gn/T/ocamlot/ocamlot.work.2013-06-26.203/opam-install/system/bin\"\ntest 0 -eq 0 || cp topfind \"/Users/avsm/ocamlot/worker/ocaml/4.01/lib/ocaml\"\nfiles=`../../tools/collect_files ../../Makefile.config findlib.cmi findlib.mli findlib.cma topfind.cmi topfind.mli fl_package_base.mli fl_package_base.cmi fl_metascanner.mli fl_metascanner.cmi fl_metatoken.cmi findlib_top.cma findlib.cmxa findlib.a META` && \\\n\tcp $files \"/private/var/folders/f9/vtsr2sv53wn9h3fblk38vwdh0000gn/T/ocamlot/ocamlot.work.2013-06-26.203/opam-install/system/lib/findlib\"\nf=\"ocamlfind\"; { test -f ocamlfind_opt && f=\"ocamlfind_opt\"; }; \\\n\tcp $f \"/private/var/folders/f9/vtsr2sv53wn9h3fblk38vwdh0000gn/T/ocamlot/ocamlot.work.2013-06-26.203/opam-install/system/bin/ocamlfind\"\n# the following \"if\" block is only needed for 4.00beta2\nif [ 1 -eq 0 -a -f \"/Users/avsm/ocamlot/worker/ocaml/4.01/lib/ocaml/compiler-libs/topdirs.cmi\" ]; then \\\n\t    cd \"/Users/avsm/ocamlot/worker/ocaml/4.01/lib/ocaml/compiler-libs/\"; \\\n\t    cp topdirs.cmi toploop.cmi \"/private/var/folders/f9/vtsr2sv53wn9h3fblk38vwdh0000gn/T/ocamlot/ocamlot.work.2013-06-26.203/opam-install/system/lib/findlib/\"; \\\n\tfi\nmake install-meta\nfor x in `ls site-lib-src`; do if [ \"$x\" != \"CVS\" -a -f \"site-lib-src/$x/META\" ]; then mkdir -p \"/private/var/folders/f9/vtsr2sv53wn9h3fblk38vwdh0000gn/T/ocamlot/ocamlot.work.2013-06-26.203/opam-install/system/lib/$x\"; cp site-lib-src/$x/META \"/private/var/folders/f9/vtsr2sv53wn9h3fblk38vwdh0000gn/T/ocamlot/ocamlot.work.2013-06-26.203/opam-install/system/lib/$x\"; fi; done\ncd src/findlib; make install-num-top\nmkdir -p \"/private/var/folders/f9/vtsr2sv53wn9h3fblk38vwdh0000gn/T/ocamlot/ocamlot.work.2013-06-26.203/opam-install/system/lib/num-top\"\ncp num_top.cma num_top.cmi num_top_printers.cmi \\\n\t\t\"/private/var/folders/f9/vtsr2sv53wn9h3fblk38vwdh0000gn/T/ocamlot/ocamlot.work.2013-06-26.203/opam-install/system/lib/num-top\"\nmake install-config\nmkdir -p \"`dirname \\\"/private/var/folders/f9/vtsr2sv53wn9h3fblk38vwdh0000gn/T/ocamlot/ocamlot.work.2013-06-26.203/opam-install/system/lib/findlib.conf\\\"`\"\ntest -f \"/private/var/folders/f9/vtsr2sv53wn9h3fblk38vwdh0000gn/T/ocamlot/ocamlot.work.2013-06-26.203/opam-install/system/lib/findlib.conf\" || cp findlib.conf \"/private/var/folders/f9/vtsr2sv53wn9h3fblk38vwdh0000gn/T/ocamlot/ocamlot.work.2013-06-26.203/opam-install/system/lib/findlib.conf\"\ncp tools/safe_camlp4 \"/private/var/folders/f9/vtsr2sv53wn9h3fblk38vwdh0000gn/T/ocamlot/ocamlot.work.2013-06-26.203/opam-install/system/bin\"\nmake install-doc\nmkdir -p /private/var/folders/f9/vtsr2sv53wn9h3fblk38vwdh0000gn/T/ocamlot/ocamlot.work.2013-06-26.203/opam-install/system/man/man1 /private/var/folders/f9/vtsr2sv53wn9h3fblk38vwdh0000gn/T/ocamlot/ocamlot.work.2013-06-26.203/opam-install/system/man/man3 /private/var/folders/f9/vtsr2sv53wn9h3fblk38vwdh0000gn/T/ocamlot/ocamlot.work.2013-06-26.203/opam-install/system/man/man5\ncp doc/ref-man/ocamlfind.1 /private/var/folders/f9/vtsr2sv53wn9h3fblk38vwdh0000gn/T/ocamlot/ocamlot.work.2013-06-26.203/opam-install/system/man/man1\ncp doc/ref-man/META.5 doc/ref-man/site-lib.5 doc/ref-man/findlib.conf.5 /private/var/folders/f9/vtsr2sv53wn9h3fblk38vwdh0000gn/T/ocamlot/ocamlot.work.2013-06-26.203/opam-install/system/man/man5\nocamlfind: [WARNING] You are removing the package from /private/var/folders/f9/vtsr2sv53wn9h3fblk38vwdh0000gn/T/ocamlot/ocamlot.work.2013-06-26.203/opam-install/system/lib/dbm but the currently visible package is at /Users/avsm/ocamlot/worker/ocaml/4.01/lib/ocaml; you may want to specify the -destdir option\nRemoved /private/var/folders/f9/vtsr2sv53wn9h3fblk38vwdh0000gn/T/ocamlot/ocamlot.work.2013-06-26.203/opam-install/system/lib/dbm\nInstalling ocamlfind.1.3.3.\n\n=-=-= Installing extunix.0.0.6 =-=-=\nDownloading https://forge.ocamlcore.org/frs/download.php/1146/ocaml-extunix-0.0.6.tar.gz.\n  % Total    % Received % Xferd  Average Speed   Time    Time     Time  Current\n                                 Dload  Upload   Total   Spent    Left  Speed\n\r  0     0    0     0    0     0      0      0 --:--:-- --:--:-- --:--:--     0\r100 82850  100 82850    0     0   117k      0 --:--:-- --:--:-- --:--:--  234k\n200\nCreating /private/var/folders/f9/vtsr2sv53wn9h3fblk38vwdh0000gn/T/ocamlot/ocamlot.work.2013-06-26.203/opam-install/repo/ocamlot/archives/extunix.0.0.6+opam.tar.gz.\nExtracting /private/var/folders/f9/vtsr2sv53wn9h3fblk38vwdh0000gn/T/ocamlot/ocamlot.work.2013-06-26.203/opam-install/archives/extunix.0.0.6+opam.tar.gz.\nBuilding extunix.0.0.6:\n  ocaml setup.ml -configure --disable-tests --prefix /private/var/folders/f9/vtsr2sv53wn9h3fblk38vwdh0000gn/T/ocamlot/ocamlot.work.2013-06-26.203/opam-install/system\n  ocaml setup.ml -build\n  ocaml setup.ml -install\n/tmp/discover129173.c:18:25: error: sys/eventfd.h: No such file or directory\n/tmp/discover129173.c:19: error: expected '=', ',', ';', 'asm' or '__attribute__' before 'var_1'\n/tmp/discover129173.c:20: error: 'eventfd' undeclared here (not in a function)\n/tmp/discover129173.c:21: error: 'eventfd_read' undeclared here (not in a function)\n/tmp/discover129173.c:22: error: 'eventfd_write' undeclared here (not in a function)\nchecking EVENTFD.............failed\n/tmp/discover100d4e.c:27: error: 'fstatat' undeclared here (not in a function)\n/tmp/discover100d4e.c:28: error: 'openat' undeclared here (not in a function)\n/tmp/discover100d4e.c:29: error: 'unlinkat' undeclared here (not in a function)\n/tmp/discover100d4e.c:30: error: 'renameat' undeclared here (not in a function)\n/tmp/discover100d4e.c:31: error: 'mkdirat' undeclared here (not in a function)\n/tmp/discover100d4e.c:32: error: 'linkat' undeclared here (not in a function)\n/tmp/discover100d4e.c:33: error: 'symlinkat' undeclared here (not in a function)\n/tmp/discover100d4e.c:34: error: 'readlinkat' undeclared here (not in a function)\nchecking ATFILE..............failed\nchecking DIRFD...............ok\nchecking STATVFS.............ok\n/tmp/discover08b8f5.c:24: error: storage size of 'var_2' isn't known\nchecking SIOCGIFCONF.........failed\nchecking IFADDRS.............ok\nchecking INET_NTOA...........ok\nchecking UNAME...............ok\n/tmp/discovercf3905.c:19: error: 'posix_fadvise' undeclared here (not in a function)\n/tmp/discovercf3905.c:20: error: 'posix_fadvise64' undeclared here (not in a function)\n/tmp/discovercf3905.c:22:2: error: #error POSIX_FADV_NORMAL not defined\nchecking FADVISE.............failed\n/tmp/discover61fd89.c:19: error: 'posix_fallocate' undeclared here (not in a function)\n/tmp/discover61fd89.c:20: error: 'posix_fallocate64' undeclared here (not in a function)\n/tmp/discover0d6106.c:19:2: error: #error WIN32 not defined\n/tmp/discover0d6106.c:21: error: 'GetFileSizeEx' undeclared here (not in a function)\nchecking FALLOCATE...........failed\n/tmp/discoverbbecea.c:24:2: error: #error CRTSCTS not defined\nchecking TTY_IOCTL...........failed\nchecking TTYNAME.............ok\nchecking CTERMID.............ok\nchecking PGID................ok\nchecking SETREUID............ok\nchecking FSYNC...............ok\n/tmp/discover26d71a.c:19: error: 'fdatasync' undeclared here (not in a function)\n/tmp/discover954b69.c:19:2: error: #error WIN32 not defined\n/tmp/discover954b69.c:21: error: 'FlushFileBuffers' undeclared here (not in a function)\nchecking FDATASYNC...........failed\nchecking REALPATH............ok\n/tmp/discoveraba4e8.c:19:26: error: sys/signalfd.h: No such file or directory\n/tmp/discoveraba4e8.c:20: error: 'signalfd' undeclared here (not in a function)\nchecking SIGNALFD............failed\nIn file included from /tmp/discover3253c5.c:18:\n/usr/include/sys/ptrace.h:94: error: expected declaration specifiers or '...' before 'caddr_t'\n/tmp/discover3253c5.c:20: error: 'PTRACE_TRACEME' undeclared here (not in a function)\n/tmp/discover3253c5.c:21: error: 'PTRACE_ATTACH' undeclared here (not in a function)\nchecking PTRACE..............failed\nchecking RESOURCE............ok\nchecking MLOCKALL............ok\nchecking STRTIME.............ok\nchecking PTS.................ok\nchecking FCNTL...............ok\nchecking TCPGRP..............ok\nchecking EXECINFO............ok\nchecking SETENV..............ok\n/tmp/discoverc7c726.c:19: error: 'clearenv' undeclared here (not in a function)\nchecking CLEARENV............failed\n/tmp/discover5f1867.c:19: error: 'mkdtemp' undeclared here (not in a function)\nchecking MKDTEMP.............failed\n/tmp/discover3b3bd3.c:19: error: 'timegm' undeclared here (not in a function)\nchecking TIMEGM..............failed\n/tmp/discover10d7c6.c:18:20: error: malloc.h: No such file or directory\n/tmp/discover10d7c6.c:19: error: 'malloc_info' undeclared here (not in a function)\nchecking MALLOC_INFO.........failed\n/tmp/discover112fa0.c:18:20: error: malloc.h: No such file or directory\n/tmp/discover112fa0.c:19: error: 'malloc_stats' undeclared here (not in a function)\nchecking MALLOC_STATS........failed\nchecking MEMALIGN............ok\n/tmp/discover8411dd.c:18:20: error: endian.h: No such file or directory\n/tmp/discover8411dd.c:20:2: error: #error htobe16 not defined\n/tmp/discover8411dd.c:23:2: error: #error htole16 not defined\n/tmp/discover8411dd.c:26:2: error: #error be16toh not defined\n/tmp/discover8411dd.c:29:2: error: #error le16toh not defined\n/tmp/discover8411dd.c:32:2: error: #error htobe32 not defined\n/tmp/discover8411dd.c:35:2: error: #error htole32 not defined\n/tmp/discover8411dd.c:38:2: error: #error be32toh not defined\n/tmp/discover8411dd.c:41:2: error: #error le32toh not defined\n/tmp/discover8411dd.c:44:2: error: #error htobe64 not defined\n/tmp/discover8411dd.c:47:2: error: #error htole64 not defined\n/tmp/discover8411dd.c:50:2: error: #error be64toh not defined\n/tmp/discover8411dd.c:53:2: error: #error le64toh not defined\nchecking ENDIAN..............failed\n/tmp/discover400c8f.c:21:2: error: #error SO_PEERCRED not defined\nchecking READ_CREDENTIALS....failed\n/tmp/discovercb44e7.c:19: error: 'fexecve' undeclared here (not in a function)\nchecking FEXECVE.............failed\n/tmp/discoverb663da.c:23:2: error: #error CMSG_SPACE not defined\n/tmp/discoverc58bc5.c:22: error: 'struct msghdr' has no member named 'msg_accrights'\n/tmp/discoverc58bc5.c:23: error: expected ',' or ';' before 'int'\nchecking SENDMSG.............failed\nchecking PREAD...............ok\nchecking PWRITE..............ok\nchecking READ................ok\nchecking WRITE...............ok\n/tmp/discover766e9a.c:19: error: 'mkstemps' undeclared here (not in a function)\nchecking MKSTEMPS............failed\n/tmp/discover3802ef.c:19: error: 'mkostemps' undeclared here (not in a function)\nchecking MKOSTEMPS...........failed\n/tmp/discover77b536.c:20: error: 'setresuid' undeclared here (not in a function)\n/tmp/discover77b536.c:21: error: 'setresgid' undeclared here (not in a function)\nchecking SETRESUID...........failed\n\nConfiguration: \nocamlfind: ........................................... /private/var/folders/f9/vtsr2sv53wn9h3fblk38vwdh0000gn/T/ocamlot/ocamlot.work.2013-06-26.203/opam-install/system/bin/ocamlfind\nocamlc: .............................................. /Users/avsm/ocamlot/worker/ocaml/4.01/bin/ocamlc.opt\nocamlopt: ............................................ /Users/avsm/ocamlot/worker/ocaml/4.01/bin/ocamlopt.opt\nocamlbuild: .......................................... /Users/avsm/ocamlot/worker/ocaml/4.01/bin/ocamlbuild\nPackage name: ........................................ extunix\nPackage version: ..................................... 0.0.6\nos_type: ............................................. Unix\nsystem: .............................................. macosx\narchitecture: ........................................ amd64\nccomp_type: .......................................... cc\nocaml_version: ....................................... 4.01.0\nstandard_library_default: ............................ /Users/avsm/ocamlot/worker/ocaml/4.01/lib/ocaml\nstandard_library: .................................... /Users/avsm/ocamlot/worker/ocaml/4.01/lib/ocaml\nstandard_runtime: .................................... /Users/avsm/ocamlot/worker/ocaml/4.01/bin/ocamlrun\nbytecomp_c_compiler: ................................. gcc -fno-defer-pop -Wall -D_FILE_OFFSET_BITS=64 -D_REENTRANT \nnative_c_compiler: ................................... gcc -D_FILE_OFFSET_BITS=64 -D_REENTRANT\nmodel: ............................................... default\next_obj: ............................................. .o\next_asm: ............................................. .s\next_lib: ............................................. .a\next_dll: ............................................. .so\ndefault_executable_name: ............................. a.out\nsysthread_supported: ................................. true\nInstall architecture-independent files dir: .......... /private/var/folders/f9/vtsr2sv53wn9h3fblk38vwdh0000gn/T/ocamlot/ocamlot.work.2013-06-26.203/opam-install/system\nInstall architecture-dependent files in dir: ......... $prefix\nUser executables: .................................... $exec_prefix/bin\nSystem admin executables: ............................ $exec_prefix/sbin\nProgram executables: ................................. $exec_prefix/libexec\nRead-only single-machine data: ....................... $prefix/etc\nModifiable architecture-independent data: ............ $prefix/com\nModifiable single-machine data: ...................... $prefix/var\nObject code libraries: ............................... $exec_prefix/lib\nRead-only arch-independent data root: ................ $prefix/share\nRead-only architecture-independent data: ............. $datarootdir\nInfo documentation: .................................. $datarootdir/info\nLocale-dependent data: ............................... $datarootdir/locale\nMan documentation: ................................... $datarootdir/man\nDocumentation root: .................................. $datarootdir/doc/$pkg_name\nHTML documentation: .................................. $docdir\nDVI documentation: ................................... $docdir\nPDF documentation: ................................... $docdir\nPS documentation: .................................... $docdir\nfindlib_version: ..................................... 1.3.3\nis_native: ........................................... true\nsuffix_program: ...................................... \nRemove a file.: ...................................... rm -f\nRemove a directory.: ................................. rm -rf\nTurn ocaml debug flag on: ............................ true\nTurn ocaml profile flag on: .......................... false\nCompiler support generation of .cmxs.: ............... true\nOCamlbuild additional flags: ......................... \nStrict compile-time checks: .......................... true\nCreate documentations: ............................... true\nCompile tests executable and library and run them: ... false\ncamlp4: .............................................. /Users/avsm/ocamlot/worker/ocaml/4.01/bin/camlp4\npkg_unix: ............................................ /Users/avsm/ocamlot/worker/ocaml/4.01/lib/ocaml\npkg_bigarray: ........................................ /Users/avsm/ocamlot/worker/ocaml/4.01/lib/ocaml\nocamldoc: ............................................ /Users/avsm/ocamlot/worker/ocaml/4.01/bin/ocamldoc\n\nW: Cannot find source file matching module 'ExtUnixAll' in library extunix\nW: Cannot find source file matching module 'ExtUnixSpecific' in library extunix\n/Users/avsm/ocamlot/worker/ocaml/4.01/bin/ocamlopt.opt -I /Users/avsm/ocamlot/worker/ocaml/4.01/lib/ocaml/ocamlbuild unix.cmxa /Users/avsm/ocamlot/worker/ocaml/4.01/lib/ocaml/ocamlbuild/ocamlbuildlib.cmxa myocamlbuild.ml /Users/avsm/ocamlot/worker/ocaml/4.01/lib/ocaml/ocamlbuild/ocamlbuild.cmx -o myocamlbuild\nocamlfind ocamlc -ccopt '-std=c89' -ccopt -pedantic -ccopt -Wno-long-long -ccopt -Wextra -c src/eventfd.c\nmv eventfd.o src/eventfd.o\nocamlfind ocamlc -ccopt '-std=c89' -ccopt -pedantic -ccopt -Wno-long-long -ccopt -Wextra -c src/dirfd.c\nmv dirfd.o src/dirfd.o\nocamlfind ocamlc -ccopt '-std=c89' -ccopt -pedantic -ccopt -Wno-long-long -ccopt -Wextra -c src/fsync.c\nmv fsync.o src/fsync.o\nocamlfind ocamlc -ccopt '-std=c89' -ccopt -pedantic -ccopt -Wno-long-long -ccopt -Wextra -c src/statvfs.c\nmv statvfs.o src/statvfs.o\nocamlfind ocamlc -ccopt '-std=c89' -ccopt -pedantic -ccopt -Wno-long-long -ccopt -Wextra -c src/atfile.c\nmv atfile.o src/atfile.o\nocamlfind ocamlc -ccopt '-std=c89' -ccopt -pedantic -ccopt -Wno-long-long -ccopt -Wextra -c src/ioctl_siocgifconf.c\nmv ioctl_siocgifconf.o src/ioctl_siocgifconf.o\nocamlfind ocamlc -ccopt '-std=c89' -ccopt -pedantic -ccopt -Wno-long-long -ccopt -Wextra -c src/uname.c\nmv uname.o src/uname.o\nocamlfind ocamlc -ccopt '-std=c89' -ccopt -pedantic -ccopt -Wno-long-long -ccopt -Wextra -c src/fadvise.c\nmv fadvise.o src/fadvise.o\nocamlfind ocamlc -ccopt '-std=c89' -ccopt -pedantic -ccopt -Wno-long-long -ccopt -Wextra -c src/fallocate.c\nmv fallocate.o src/fallocate.o\nocamlfind ocamlc -ccopt '-std=c89' -ccopt -pedantic -ccopt -Wno-long-long -ccopt -Wextra -c src/tty_ioctl.c\nmv tty_ioctl.o src/tty_ioctl.o\nocamlfind ocamlc -ccopt '-std=c89' -ccopt -pedantic -ccopt -Wno-long-long -ccopt -Wextra -c src/unistd.c\nmv unistd.o src/unistd.o\nocamlfind ocamlc -ccopt '-std=c89' -ccopt -pedantic -ccopt -Wno-long-long -ccopt -Wextra -c src/stdlib.c\nmv stdlib.o src/stdlib.o\nocamlfind ocamlc -ccopt '-std=c89' -ccopt -pedantic -ccopt -Wno-long-long -ccopt -Wextra -c src/signalfd.c\nmv signalfd.o src/signalfd.o\nocamlfind ocamlc -ccopt '-std=c89' -ccopt -pedantic -ccopt -Wno-long-long -ccopt -Wextra -c src/ptrace.c\nmv ptrace.o src/ptrace.o\nocamlfind ocamlc -ccopt '-std=c89' -ccopt -pedantic -ccopt -Wno-long-long -ccopt -Wextra -c src/resource.c\n+ ocamlfind ocamlc -ccopt '-std=c89' -ccopt -pedantic -ccopt -Wno-long-long -ccopt -Wextra -c src/resource.c\nsrc/resource.c:167: warning: expected [error|warning|ignored] after '#pragma GCC diagnostic'\nsrc/resource.c: In function 'caml_extunix_setrlimit':\nsrc/resource.c:173: warning: missing initializer\nsrc/resource.c:173: warning: (near initialization for 'rlmt.rlim_max')\nsrc/resource.c: At top level:\nsrc/resource.c:186: warning: expected [error|warning|ignored] after '#pragma GCC diagnostic'\nmv resource.o src/resource.o\nocamlfind ocamlc -ccopt '-std=c89' -ccopt -pedantic -ccopt -Wno-long-long -ccopt -Wextra -c src/mman.c\nmv mman.o src/mman.o\nocamlfind ocamlc -ccopt '-std=c89' -ccopt -pedantic -ccopt -Wno-long-long -ccopt -Wextra -c src/time.c\n+ ocamlfind ocamlc -ccopt '-std=c89' -ccopt -pedantic -ccopt -Wno-long-long -ccopt -Wextra -c src/time.c\nsrc/time.c:43: warning: expected [error|warning|ignored] after '#pragma GCC diagnostic'\nsrc/time.c: In function 'caml_extunix_strptime':\nsrc/time.c:48: warning: missing initializer\nsrc/time.c:48: warning: (near initialization for 'tm.tm_min')\nsrc/time.c: At top level:\nsrc/time.c:54: warning: expected [error|warning|ignored] after '#pragma GCC diagnostic'\nmv time.o src/time.o\nocamlfind ocamlc -ccopt '-std=c89' -ccopt -pedantic -ccopt -Wno-long-long -ccopt -Wextra -c src/pts.c\nmv pts.o src/pts.o\nocamlfind ocamlc -ccopt '-std=c89' -ccopt -pedantic -ccopt -Wno-long-long -ccopt -Wextra -c src/execinfo.c\nmv execinfo.o src/execinfo.o\nocamlfind ocamlc -ccopt '-std=c89' -ccopt -pedantic -ccopt -Wno-long-long -ccopt -Wextra -c src/malloc.c\nmv malloc.o src/malloc.o\nocamlfind ocamlc -ccopt '-std=c89' -ccopt -pedantic -ccopt -Wno-long-long -ccopt -Wextra -c src/endian.c\nmv endian.o src/endian.o\nocamlfind ocamlc -ccopt '-std=c89' -ccopt -pedantic -ccopt -Wno-long-long -ccopt -Wextra -c src/read_cred.c\nmv read_cred.o src/read_cred.o\nocamlfind ocamlc -ccopt '-std=c89' -ccopt -pedantic -ccopt -Wno-long-long -ccopt -Wextra -c src/fexecve.c\nmv fexecve.o src/fexecve.o\nocamlfind ocamlc -ccopt '-std=c89' -ccopt -pedantic -ccopt -Wno-long-long -ccopt -Wextra -c src/sendmsg.c\nmv sendmsg.o src/sendmsg.o\nocamlfind ocamlc -ccopt '-std=c89' -ccopt -pedantic -ccopt -Wno-long-long -ccopt -Wextra -c src/memalign.c\nmv memalign.o src/memalign.o\nocamlfind ocamlc -ccopt '-std=c89' -ccopt -pedantic -ccopt -Wno-long-long -ccopt -Wextra -c src/endianba.c\nmv endianba.o src/endianba.o\nocamlfind ocamlc -ccopt '-std=c89' -ccopt -pedantic -ccopt -Wno-long-long -ccopt -Wextra -c src/pread_pwrite_ba.c\nmv pread_pwrite_ba.o src/pread_pwrite_ba.o\nocamlfind ocamlc -ccopt '-std=c89' -ccopt -pedantic -ccopt -Wno-long-long -ccopt -Wextra -c src/bigarray.c\nmv bigarray.o src/bigarray.o\nocamlfind ocamlc -ccopt '-std=c89' -ccopt -pedantic -ccopt -Wno-long-long -ccopt -Wextra -c src/common.c\nmv common.o src/common.o\n/Users/avsm/ocamlot/worker/ocaml/4.01/bin/ocamlmklib -o src/extunix_stubs src/eventfd.o src/dirfd.o src/fsync.o src/statvfs.o src/atfile.o src/ioctl_siocgifconf.o src/uname.o src/fadvise.o src/fallocate.o src/tty_ioctl.o src/unistd.o src/stdlib.o src/signalfd.o src/ptrace.o src/resource.o src/mman.o src/time.o src/pts.o src/execinfo.o src/malloc.o src/endian.o src/read_cred.o src/fexecve.o src/sendmsg.o src/memalign.o src/endianba.o src/pread_pwrite_ba.o src/bigarray.o src/common.o\n+ /Users/avsm/ocamlot/worker/ocaml/4.01/bin/ocamlmklib -o src/extunix_stubs src/eventfd.o src/dirfd.o src/fsync.o src/statvfs.o src/atfile.o src/ioctl_siocgifconf.o src/uname.o src/fadvise.o src/fallocate.o src/tty_ioctl.o src/unistd.o src/stdlib.o src/signalfd.o src/ptrace.o src/resource.o src/mman.o src/time.o src/pts.o src/execinfo.o src/malloc.o src/endian.o src/read_cred.o src/fexecve.o src/sendmsg.o src/memalign.o src/endianba.o src/pread_pwrite_ba.o src/bigarray.o src/common.o\n/usr/bin/ranlib: file: src/libextunix_stubs.a(eventfd.o) has no symbols\n/usr/bin/ranlib: file: src/libextunix_stubs.a(atfile.o) has no symbols\n/usr/bin/ranlib: file: src/libextunix_stubs.a(fadvise.o) has no symbols\n/usr/bin/ranlib: file: src/libextunix_stubs.a(fallocate.o) has no symbols\n/usr/bin/ranlib: file: src/libextunix_stubs.a(tty_ioctl.o) has no symbols\n/usr/bin/ranlib: file: src/libextunix_stubs.a(signalfd.o) has no symbols\n/usr/bin/ranlib: file: src/libextunix_stubs.a(ptrace.o) has no symbols\n/usr/bin/ranlib: file: src/libextunix_stubs.a(malloc.o) has no symbols\n/usr/bin/ranlib: file: src/libextunix_stubs.a(read_cred.o) has no symbols\n/usr/bin/ranlib: file: src/libextunix_stubs.a(fexecve.o) has no symbols\n/usr/bin/ranlib: file: src/libextunix_stubs.a(sendmsg.o) has no symbols\nranlib: file: src/libextunix_stubs.a(eventfd.o) has no symbols\nranlib: file: src/libextunix_stubs.a(atfile.o) has no symbols\nranlib: file: src/libextunix_stubs.a(fadvise.o) has no symbols\nranlib: file: src/libextunix_stubs.a(fallocate.o) has no symbols\nranlib: file: src/libextunix_stubs.a(tty_ioctl.o) has no symbols\nranlib: file: src/libextunix_stubs.a(signalfd.o) has no symbols\nranlib: file: src/libextunix_stubs.a(ptrace.o) has no symbols\nranlib: file: src/libextunix_stubs.a(malloc.o) has no symbols\nranlib: file: src/libextunix_stubs.a(read_cred.o) has no symbols\nranlib: file: src/libextunix_stubs.a(fexecve.o) has no symbols\nranlib: file: src/libextunix_stubs.a(sendmsg.o) has no symbols\nocamlfind ocamldep -package unix -package bigarray -modules src/extUnix.ml > src/extUnix.ml.depends\nocamlfind ocamldep -package unix -package camlp4.quotations.r -package camlp4.extend -package bigarray -syntax camlp4o -modules src/pa_have.ml > src/pa_have.ml.depends\nocamlfind ocamldep -package unix -package bigarray -modules src/config.ml > src/config.ml.depends\nocamlfind ocamlc -c -g -ccopt '-std=c89' -ccopt -pedantic -ccopt -Wno-long-long -ccopt -Wextra -package unix -package bigarray -I src -o src/config.cmo src/config.ml\nocamlfind ocamlc -c -g -ccopt '-std=c89' -ccopt -pedantic -ccopt -Wno-long-long -ccopt -Wextra -package unix -package camlp4.quotations.r -package camlp4.extend -package bigarray -syntax camlp4o -I src -o src/pa_have.cmo src/pa_have.ml\ncamlp4o src/config.cmo src/pa_have.cmo pr_o.cmo -impl src/extUnix.mlpp -o src/extUnixAll.ml -gen-all\nocamlfind ocamldep -package unix -package bigarray -modules src/extUnixAll.ml > src/extUnixAll.ml.depends\ncamlp4o src/config.cmo src/pa_have.cmo pr_o.cmo -impl src/extUnix.mlpp -o src/extUnixSpecific.ml\nocamlfind ocamldep -package unix -package bigarray -modules src/extUnixSpecific.ml > src/extUnixSpecific.ml.depends\nocamlfind ocamlc -c -g -ccopt '-std=c89' -ccopt -pedantic -ccopt -Wno-long-long -ccopt -Wextra -package unix -package bigarray -I src -o src/extUnixAll.cmo src/extUnixAll.ml\nocamlfind ocamlc -c -g -ccopt '-std=c89' -ccopt -pedantic -ccopt -Wno-long-long -ccopt -Wextra -package unix -package bigarray -I src -o src/extUnixSpecific.cmo src/extUnixSpecific.ml\nocamlfind ocamlc -c -g -ccopt '-std=c89' -ccopt -pedantic -ccopt -Wno-long-long -ccopt -Wextra -package unix -package bigarray -I src -o src/extUnix.cmo src/extUnix.ml\nocamlfind ocamlc -a -dllib -lextunix_stubs -cclib -lextunix_stubs src/extUnixAll.cmo src/extUnixSpecific.cmo src/extUnix.cmo -o src/extunix.cma\nocamlfind ocamlopt -c -g -ccopt '-std=c89' -ccopt -pedantic -ccopt -Wno-long-long -ccopt -Wextra -package unix -package bigarray -I src -o src/extUnixAll.cmx src/extUnixAll.ml\nocamlfind ocamlopt -c -g -ccopt '-std=c89' -ccopt -pedantic -ccopt -Wno-long-long -ccopt -Wextra -package unix -package bigarray -I src -o src/extUnixSpecific.cmx src/extUnixSpecific.ml\nocamlfind ocamlopt -c -g -ccopt '-std=c89' -ccopt -pedantic -ccopt -Wno-long-long -ccopt -Wextra -package unix -package bigarray -I src -o src/extUnix.cmx src/extUnix.ml\nocamlfind ocamlopt -a -cclib -lextunix_stubs src/extUnixAll.cmx src/extUnixSpecific.cmx src/extUnix.cmx -o src/extunix.cmxa\nocamlfind ocamlopt -shared -linkall -I src/ src/extunix.cmxa -o src/extunix.cmxs\nInstalled /private/var/folders/f9/vtsr2sv53wn9h3fblk38vwdh0000gn/T/ocamlot/ocamlot.work.2013-06-26.203/opam-install/system/lib/extunix/extUnix.ml\nInstalled /private/var/folders/f9/vtsr2sv53wn9h3fblk38vwdh0000gn/T/ocamlot/ocamlot.work.2013-06-26.203/opam-install/system/lib/extunix/libextunix_stubs.a\nInstalled /private/var/folders/f9/vtsr2sv53wn9h3fblk38vwdh0000gn/T/ocamlot/ocamlot.work.2013-06-26.203/opam-install/system/lib/extunix/extunix.cma\nInstalled /private/var/folders/f9/vtsr2sv53wn9h3fblk38vwdh0000gn/T/ocamlot/ocamlot.work.2013-06-26.203/opam-install/system/lib/extunix/extunix.cmxa\nInstalled /private/var/folders/f9/vtsr2sv53wn9h3fblk38vwdh0000gn/T/ocamlot/ocamlot.work.2013-06-26.203/opam-install/system/lib/extunix/extunix.a\nInstalled /private/var/folders/f9/vtsr2sv53wn9h3fblk38vwdh0000gn/T/ocamlot/ocamlot.work.2013-06-26.203/opam-install/system/lib/extunix/extunix.cmxs\nInstalled /private/var/folders/f9/vtsr2sv53wn9h3fblk38vwdh0000gn/T/ocamlot/ocamlot.work.2013-06-26.203/opam-install/system/lib/extunix/extUnix.cmi\nInstalled /private/var/folders/f9/vtsr2sv53wn9h3fblk38vwdh0000gn/T/ocamlot/ocamlot.work.2013-06-26.203/opam-install/system/lib/extunix/extUnix.cmx\nInstalled /private/var/folders/f9/vtsr2sv53wn9h3fblk38vwdh0000gn/T/ocamlot/ocamlot.work.2013-06-26.203/opam-install/system/lib/extunix/extUnixAll.cmx\nInstalled /private/var/folders/f9/vtsr2sv53wn9h3fblk38vwdh0000gn/T/ocamlot/ocamlot.work.2013-06-26.203/opam-install/system/lib/extunix/extUnixSpecific.cmx\nInstalled /private/var/folders/f9/vtsr2sv53wn9h3fblk38vwdh0000gn/T/ocamlot/ocamlot.work.2013-06-26.203/opam-install/system/lib/extunix/META\nInstalled /private/var/folders/f9/vtsr2sv53wn9h3fblk38vwdh0000gn/T/ocamlot/ocamlot.work.2013-06-26.203/opam-install/system/lib/stublibs/dllextunix_stubs.so\nInstalled /private/var/folders/f9/vtsr2sv53wn9h3fblk38vwdh0000gn/T/ocamlot/ocamlot.work.2013-06-26.203/opam-install/system/lib/stublibs/dllextunix_stubs.so.owner\nocamlfind: [WARNING] You have installed DLLs but the directory /private/var/folders/f9/vtsr2sv53wn9h3fblk38vwdh0000gn/T/ocamlot/ocamlot.work.2013-06-26.203/opam-install/system/lib/stublibs is not mentioned in ld.conf\nInstalling extunix.0.0.6.\n")(r_stderr""))))(duration 131.96837902069091797)(info"Compiler: 4.01.0+dev18-2013-06-13\nOPAM: df84b0565f0709578c581c1dea82246688d2804f\nOCAMLRUNPARAM = b\nHOME = /var/folders/f9/vtsr2sv53wn9h3fblk38vwdh0000gn/T/ocamlot/ocamlot.work.2013-06-26.203\nPATH = /private/var/folders/f9/vtsr2sv53wn9h3fblk38vwdh0000gn/T/ocamlot/ocamlot.work.2013-06-26.203/opam-install/system/bin:/var/folders/f9/vtsr2sv53wn9h3fblk38vwdh0000gn/T/ocamlot/ocamlot.work.2013-06-26.203:/Users/avsm/ocamlot/worker/ocaml/4.01/bin:/usr/bin:/bin:/usr/sbin:/sbin:/usr/local/bin\nMANPATH = /private/var/folders/f9/vtsr2sv53wn9h3fblk38vwdh0000gn/T/ocamlot/ocamlot.work.2013-06-26.203/opam-install/system/man:\nOCAML_TOPLEVEL_PATH = /private/var/folders/f9/vtsr2sv53wn9h3fblk38vwdh0000gn/T/ocamlot/ocamlot.work.2013-06-26.203/opam-install/system/lib/toplevel\nOPAMROOT = /private/var/folders/f9/vtsr2sv53wn9h3fblk38vwdh0000gn/T/ocamlot/ocamlot.work.2013-06-26.203/opam-install\nCAML_LD_LIBRARY_PATH = /private/var/folders/f9/vtsr2sv53wn9h3fblk38vwdh0000gn/T/ocamlot/ocamlot.work.2013-06-26.203/opam-install/system/lib/stublibs:/Users/avsm/ocamlot/worker/ocaml/4.01/lib/ocaml/stublibs\n"))))(1372226545.1812551022(Checked_in 30))(1372226521.1606469154(Checked_in 30))(1372226497.1541259289(Checked_in 30))(1372226473.1477921009(Checked_in 30))(1372226449.1409339905(Checked_in 30))(1372226425.1230480671(Started 30))(1372200221.4125680923(Advertized((os Darwin)(arch X86_64))))))(host((os Darwin)(arch X86_64)))(job(Opam((diff(((repo((url"")(repo_url(URL git://github.com/OCamlPro/opam-repository.git))))(label OCamlPro/opam-repository:master)(reference(Ref master)))))(packages(extunix.0.0.6))(target((host((os Darwin)(arch X86_64)))(compiler((c_version 4.01.0)(c_build"")))))(action Build)))))