((href https://github.com/OCamlPro/opam-repository/blob/master/packages/ott.distro-0.21.2/opam)(log((1372132260.7768409252(Completed 137((status(Failed()))(duration 62.638128995895385742)(output((err"The compilation of ott.distro-0.21.2 failed.\n\n==== ERROR [while installing ott.distro-0.21.2] ====\n# opam-version    1.0.1 (df84b0565f0709578c581c1dea82246688d2804f)\n# os              freebsd\n# command         gmake world\n# path            /usr/home/avsm/ocamlot-build/ocamlot.work.2013-06-25.87/opam-install/system/build/ott.distro-0.21.2\n# compiler        system (4.01.0)\n# exit-code       2\n# env-file        /usr/home/avsm/ocamlot-build/ocamlot.work.2013-06-25.87/opam-install/system/build/ott.distro-0.21.2/ott-26741-60459a.env\n# stdout-file     /usr/home/avsm/ocamlot-build/ocamlot.work.2013-06-25.87/opam-install/system/build/ott.distro-0.21.2/ott-26741-60459a.out\n# stderr-file     /usr/home/avsm/ocamlot-build/ocamlot.work.2013-06-25.87/opam-install/system/build/ott.distro-0.21.2/ott-26741-60459a.err\n### stdout ###\ncd src; make install\n### stderr ###\n\"Makefile\", line 277: Could not find .depend\nmake: fatal errors encountered -- cannot continue\ngmake: *** [world] Error 1\n\n'opam install --verbose --yes ott.distro-0.21.2' failed.\n\nOCAMLOT After 62.64s Opam_task.run \"opam install --verbose --yes ott.distro-0.21.2\" failed (4) in 2.67s\n")(out"The following actions will be performed:\n - install ott.distro-0.21.2\n1 to install | 0 to reinstall | 0 to upgrade | 0 to downgrade | 0 to remove\n\n=-=-= Installing ott.distro-0.21.2 =-=-=\nDownloading http://www.cl.cam.ac.uk/~pes20/ott/ott_distro_0.21.2.tar.gz.\n  % Total    % Received % Xferd  Average Speed   Time    Time     Time  Current\n                                 Dload  Upload   Total   Spent    Left  Speed\n\r  0     0    0     0    0     0      0      0 --:--:-- --:--:-- --:--:--     0\r 12 2158k   12  264k    0     0  1249k      0  0:00:01 --:--:--  0:00:01 1288k\r100 2158k  100 2158k    0     0  1981k      0  0:00:01  0:00:01 --:--:-- 1994k\n200\nCopying ott.install.\nCreating /usr/home/avsm/ocamlot-build/ocamlot.work.2013-06-25.87/opam-install/repo/ocamlot/archives/ott.distro-0.21.2+opam.tar.gz.\nExtracting /usr/home/avsm/ocamlot-build/ocamlot.work.2013-06-25.87/opam-install/archives/ott.distro-0.21.2+opam.tar.gz.\nBuilding ott.distro-0.21.2:\n  gmake world\ncd src; make install\n\"Makefile\", line 277: Could not find .depend\nmake: fatal errors encountered -- cannot continue\ngmake: *** [world] Error 1\nUninstalling ott.distro-0.21.2.\n\n")(info"Compiler: 4.01.0+dev18-2013-06-13\nOPAM: df84b0565f0709578c581c1dea82246688d2804f\nOCAMLRUNPARAM = b\nHOME = /home/avsm/ocamlot-build/ocamlot.work.2013-06-25.87\nPATH = /usr/home/avsm/ocamlot-build/ocamlot.work.2013-06-25.87/opam-install/system/bin:/home/avsm/ocamlot-build/ocamlot.work.2013-06-25.87:/usr/home/avsm/src/git/avsm/worker/ocaml/4.01/bin:/usr/home/avsm/.opam/4.00.1/bin:/sbin:/bin:/usr/sbin:/usr/bin:/usr/games:/usr/local/sbin:/usr/local/bin:/home/avsm/bin\nMANPATH = /usr/home/avsm/ocamlot-build/ocamlot.work.2013-06-25.87/opam-install/system/man:\nOCAML_TOPLEVEL_PATH = /usr/home/avsm/ocamlot-build/ocamlot.work.2013-06-25.87/opam-install/system/lib/toplevel\nOPAMROOT = /usr/home/avsm/ocamlot-build/ocamlot.work.2013-06-25.87/opam-install\nCAML_LD_LIBRARY_PATH = /usr/home/avsm/ocamlot-build/ocamlot.work.2013-06-25.87/opam-install/system/lib/stublibs:/usr/home/avsm/src/git/avsm/worker/ocaml/4.01/lib/ocaml/stublibs\n"))))))(1372132243.9768579006(Checked_in 137))(1372132219.9581880569(Checked_in 137))(1372132195.9277009964(Started 137))(1372122666.8062989712(Advertized((os FreeBSD)(arch I386))))))(host((os FreeBSD)(arch I386)))(job(Opam((diff(((repo((url"")(repo_url(URL git://github.com/OCamlPro/opam-repository.git))))(label OCamlPro/opam-repository:master)(reference(Ref master)))))(packages(ott.distro-0.21.2))(target((host((os FreeBSD)(arch I386)))(compiler((c_version 4.01.0)(c_build"")))))(action Build)))))