((href https://github.com/OCamlPro/opam-repository/blob/master/packages/libvhd.0.9.0/opam)(log((1372132836.6217460632(Completed 143((status(Failed()))(duration 130.78080892562866211)(output((err"The compilation of libvhd.0.9.0 failed.\n\n==== ERROR [while installing libvhd.0.9.0] ====\n# opam-version    1.0.1 (df84b0565f0709578c581c1dea82246688d2804f)\n# os              darwin\n# command         make\n# path            /Volumes/ramdisk/ocamlot/ocamlot.work.2013-06-25.32/opam-install/system/build/libvhd.0.9.0\n# compiler        system (4.01.0)\n# exit-code       2\n# env-file        /Volumes/ramdisk/ocamlot/ocamlot.work.2013-06-25.32/opam-install/system/build/libvhd.0.9.0/libvhd-22946-2dea01.env\n# stdout-file     /Volumes/ramdisk/ocamlot/ocamlot.work.2013-06-25.32/opam-install/system/build/libvhd.0.9.0/libvhd-22946-2dea01.out\n# stderr-file     /Volumes/ramdisk/ocamlot/ocamlot.work.2013-06-25.32/opam-install/system/build/libvhd.0.9.0/libvhd-22946-2dea01.err\n### stdout ###\n...[truncated]\nlib/vhd_stubs.c:479: error: expected expression before ')' token\nlib/vhd_stubs.c:497: error: 'DD_BLK_UNUSED' undeclared (first use in this function)\nlib/vhd_stubs.c: In function 'stub_vhd_get_first_allocated_block':\nlib/vhd_stubs.c:533: error: 'vhd_context_t' undeclared (first use in this function)\nlib/vhd_stubs.c:533: error: 'context' undeclared (first use in this function)\nlib/vhd_stubs.c:533: error: expected expression before ')' token\nlib/vhd_stubs.c:534: error: 'uint64_t' undeclared (first use in this function)\nlib/vhd_stubs.c:534: error: expected ';' before 'firstblock'\nlib/vhd_stubs.c:541: error: 'firstblock' undeclared (first use in this function)\nCommand exited with code 2.\n### stderr ###\nE: Failure(\"Command ''/Users/avsm/ocamlot/worker/ocaml/4.01/bin/ocamlbuild' lib/liblibvhd_stubs.a lib/dlllibvhd_stubs.so lib/libvhd.cma lib/libvhd.cmxa lib/libvhd.a lib/libvhd.cmxs lib_test/open.byte -tag debug' terminated with error code 10\")\nmake: *** [build] Error 1\n\n'opam install --verbose --yes libvhd.0.9.0' failed.\n\nOCAMLOT After 130.78s Opam_task.run \"opam install --verbose --yes libvhd.0.9.0\" failed (4) in 49.87s\n")(out"The following actions will be performed:\n - install ocamlfind.1.3.3 [required by libvhd]\n - install libvhd.0.9.0\n2 to install | 0 to reinstall | 0 to upgrade | 0 to downgrade | 0 to remove\n\n=-=-= Installing ocamlfind.1.3.3 =-=-=\nDownloading http://download.camlcity.org/download/findlib-1.3.3.tar.gz.\n  % Total    % Received % Xferd  Average Speed   Time    Time     Time  Current\n                                 Dload  Upload   Total   Spent    Left  Speed\n\r  0     0    0     0    0     0      0      0 --:--:-- --:--:-- --:--:--     0\r100  225k  100  225k    0     0  1113k      0 --:--:-- --:--:-- --:--:-- 1313k\n200\nmv: /Volumes/ramdisk/ocamlot/ocamlot.work.2013-06-25.32/opam-install/repo/ocamlot/tmp/ocamlfind.1.3.3/findlib-1.3.3.tar.gz: set owner/group (was: 501/0): Operation not permitted\nCopying ocamlfind.install.\nCreating /Volumes/ramdisk/ocamlot/ocamlot.work.2013-06-25.32/opam-install/repo/ocamlot/archives/ocamlfind.1.3.3+opam.tar.gz.\nExtracting /Volumes/ramdisk/ocamlot/ocamlot.work.2013-06-25.32/opam-install/archives/ocamlfind.1.3.3+opam.tar.gz.\nBuilding ocamlfind.1.3.3:\n  ./configure -bindir /Volumes/ramdisk/ocamlot/ocamlot.work.2013-06-25.32/opam-install/system/bin -sitelib /Volumes/ramdisk/ocamlot/ocamlot.work.2013-06-25.32/opam-install/system/lib -mandir /Volumes/ramdisk/ocamlot/ocamlot.work.2013-06-25.32/opam-install/system/man -config /Volumes/ramdisk/ocamlot/ocamlot.work.2013-06-25.32/opam-install/system/lib/findlib.conf -no-topfind\n  make all\n  make opt\n  make install\n  ocamlfind remove dbm\nWelcome to findlib version 1.3.3\nConfiguring core...\nChecking for #remove_directory...\nTesting threading model...\nsysthread_supported: true\nTesting DLLs...\nConfiguring libraries...\nnative dynlink: found\nlabltk: not present\nocamlbuild: found\ncamlp4: using camlp4, style 310\ncompiler-libs: found\nConfiguration for dbm written to site-lib-src/dbm/META\nConfiguration for dynlink written to site-lib-src/dynlink/META\nConfiguration for graphics written to site-lib-src/graphics/META\nConfiguration for num written to site-lib-src/num/META\nConfiguration for num-top written to site-lib-src/num-top/META\nConfiguration for str written to site-lib-src/str/META\nConfiguration for threads written to site-lib-src/threads/META\nConfiguration for unix written to site-lib-src/unix/META\nConfiguration for stdlib written to site-lib-src/stdlib/META\nConfiguration for bigarray written to site-lib-src/bigarray/META\nConfiguration for camlp4 written to site-lib-src/camlp4/META\nConfiguration for ocamlbuild written to site-lib-src/ocamlbuild/META\nConfiguration for compiler-libs written to site-lib-src/compiler-libs/META\nDetecting compiler arguments: (extractor built) ok\n\nAbout the OCAML core installation:\n    Standard library:      /Users/avsm/ocamlot/worker/ocaml/4.01/lib/ocaml\n    Binaries:              /Users/avsm/ocamlot/worker/ocaml/4.01/bin\n    Manual pages:          /Users/avsm/ocamlot/worker/ocaml/4.01/man\n    Multi-threading type:  posix\nThe directory of site-specific packages will be\n    site-lib:              /Volumes/ramdisk/ocamlot/ocamlot.work.2013-06-25.32/opam-install/system/lib\nThe configuration file is written to:\n    findlib config file:   /Volumes/ramdisk/ocamlot/ocamlot.work.2013-06-25.32/opam-install/system/lib/findlib.conf\nSoftware will be installed:\n    Libraries:             in <site-lib>/findlib\n    Binaries:              /Volumes/ramdisk/ocamlot/ocamlot.work.2013-06-25.32/opam-install/system/bin\n    Manual pages:          /Volumes/ramdisk/ocamlot/ocamlot.work.2013-06-25.32/opam-install/system/man\n    topfind script:        omitted\nToolbox:                   no\n\nConfiguration has been written to Makefile.config\n\nYou can now do 'make all', and optionally 'make opt', to build ocamlfind.\nfor p in findlib; do ( cd src/$p; make all ); done\nocamllex fl_meta.mll\nMakefile:142: depend: No such file or directory\n22 states, 392 transitions, table size 1700 bytes\ncamlp4 pa_o.cmo pa_op.cmo pr_o.cmo -- -impl fl_metascanner.src -o fl_metascanner.ml\nocamldep *.ml *.mli >depend\nUSE_CYGPATH=\"0\"; \\\n\texport USE_CYGPATH; \\\n\tcat findlib_config.mlp | \\\n\t\t../../tools/patch '@CONFIGFILE@' '/Volumes/ramdisk/ocamlot/ocamlot.work.2013-06-25.32/opam-install/system/lib/findlib.conf' | \\\n\t\t../../tools/patch '@STDLIB@' '/Users/avsm/ocamlot/worker/ocaml/4.01/lib/ocaml' | \\\n\t\tsed -e 's;@AUTOLINK@;true;g' \\\n\t\t    -e 's;@SYSTEM@;macosx;g' \\\n\t\t     >findlib_config.ml\nocamlc -I +compiler-libs -g -c findlib_config.ml\nocamlc -I +compiler-libs -g -c fl_split.ml\nocamlc -I +compiler-libs -g -c fl_metatoken.ml\nocamlc -I +compiler-libs -g -c fl_meta.ml\nocamlc -I +compiler-libs -c fl_metascanner.mli\nocamlc -I +compiler-libs -g -c fl_metascanner.ml\nocamlc -I +compiler-libs -c fl_topo.mli\nocamlc -I +compiler-libs -g -c fl_topo.ml\nFile \"fl_topo.ml\", line 283, characters 10-22:\nWarning 26: unused variable in_direction.\nFile \"fl_topo.ml\", line 219, characters 36-37:\nWarning 3: deprecated feature: operator (&); you should use (&&) instead\nocamlc -I +compiler-libs -c fl_package_base.mli\nocamlc -I +compiler-libs -g -c fl_package_base.ml\nocamlc -I +compiler-libs -c findlib.mli\nocamlc -I +compiler-libs -g -c findlib.ml\nocamlc -I +compiler-libs -g -c fl_args.ml\nocamlc -I +compiler-libs -a -o findlib.cma findlib_config.cmo fl_split.cmo fl_metatoken.cmo fl_meta.cmo fl_metascanner.cmo fl_topo.cmo fl_package_base.cmo findlib.cmo fl_args.cmo\nocamlc -I +compiler-libs -g -c ocaml_args.ml\nocamlc -I +compiler-libs -g -c frontend.ml\nocamlc -I +compiler-libs -custom -o ocamlfind -g findlib.cma unix.cma \\\n\t           ocaml_args.cmo frontend.cmo\nocamlc -I +compiler-libs -c topfind.mli\nocamlc -I +compiler-libs -g -c topfind.ml\nFile \"topfind.ml\", line 53, characters 10-19:\nWarning 26: unused variable stdlibdir.\nFile \"topfind.ml\", line 97, characters 11-12:\nWarning 26: unused variable d.\nocamlc -I +compiler-libs -a -o findlib_top.cma topfind.cmo\nUSE_CYGPATH=\"0\"; \\\n\texport USE_CYGPATH; \\\n\tcat topfind_rd1.p | \\\n\t\t../../tools/patch '@SITELIB@' '/Volumes/ramdisk/ocamlot/ocamlot.work.2013-06-25.32/opam-install/system/lib' \\\n\t    \t    >topfind\nocamlc -I +compiler-libs -c num_top_printers.mli\nocamlc -I +compiler-libs -g -c num_top_printers.ml\nocamlc -I +compiler-libs -c num_top.mli\nocamlc -I +compiler-libs -g -c num_top.ml\nocamlc -I +compiler-libs -a -o num_top.cma num_top_printers.cmo num_top.cmo\nmake all-config\nUSE_CYGPATH=\"0\"; \\\n\texport USE_CYGPATH; \\\n\tcat findlib.conf.in | \\\n\t\ttools/patch '@SITELIB@' '/Volumes/ramdisk/ocamlot/ocamlot.work.2013-06-25.32/opam-install/system/lib' >findlib.conf\nif ocamlc.opt >/dev/null 2>&1; then \\\n\t\techo 'ocamlc=\"ocamlc.opt\"' >>findlib.conf; \\\n\tfi\nif ocamlopt.opt >/dev/null 2>&1; then \\\n\t\techo 'ocamlopt=\"ocamlopt.opt\"' >>findlib.conf; \\\n\tfi\nif ocamldep.opt >/dev/null 2>&1; then \\\n\t\techo 'ocamldep=\"ocamldep.opt\"' >>findlib.conf; \\\n\tfi\nfor p in findlib; do ( cd src/$p; make opt ); done\nocamlopt -I +compiler-libs -c findlib_config.ml\nocamlopt -I +compiler-libs -c fl_split.ml\nocamlopt -I +compiler-libs -c fl_metatoken.ml\nocamlopt -I +compiler-libs -c fl_meta.ml\nocamlopt -I +compiler-libs -c fl_metascanner.ml\nocamlopt -I +compiler-libs -c fl_topo.ml\nFile \"fl_topo.ml\", line 283, characters 10-22:\nWarning 26: unused variable in_direction.\nFile \"fl_topo.ml\", line 219, characters 36-37:\nWarning 3: deprecated feature: operator (&); you should use (&&) instead\nocamlopt -I +compiler-libs -c fl_package_base.ml\nocamlopt -I +compiler-libs -c findlib.ml\nocamlopt -I +compiler-libs -c fl_args.ml\nocamlopt -I +compiler-libs -a -o findlib.cmxa findlib_config.cmx fl_split.cmx fl_metatoken.cmx fl_meta.cmx fl_metascanner.cmx fl_topo.cmx fl_package_base.cmx findlib.cmx fl_args.cmx\nocamlopt -I +compiler-libs -c ocaml_args.ml\nocamlopt -I +compiler-libs -c frontend.ml\nocamlopt -I +compiler-libs -o ocamlfind_opt findlib.cmxa unix.cmxa \\\n\t\t   ocaml_args.cmx frontend.cmx\nmkdir -p \"/Volumes/ramdisk/ocamlot/ocamlot.work.2013-06-25.32/opam-install/system/bin\"\nmkdir -p \"/Volumes/ramdisk/ocamlot/ocamlot.work.2013-06-25.32/opam-install/system/man\"\nfor p in findlib; do ( cd src/$p; make install ); done\nmkdir -p \"/Volumes/ramdisk/ocamlot/ocamlot.work.2013-06-25.32/opam-install/system/lib/findlib\"\nmkdir -p \"/Volumes/ramdisk/ocamlot/ocamlot.work.2013-06-25.32/opam-install/system/bin\"\ntest 0 -eq 0 || cp topfind \"/Users/avsm/ocamlot/worker/ocaml/4.01/lib/ocaml\"\nfiles=`../../tools/collect_files ../../Makefile.config findlib.cmi findlib.mli findlib.cma topfind.cmi topfind.mli fl_package_base.mli fl_package_base.cmi fl_metascanner.mli fl_metascanner.cmi fl_metatoken.cmi findlib_top.cma findlib.cmxa findlib.a META` && \\\n\tcp $files \"/Volumes/ramdisk/ocamlot/ocamlot.work.2013-06-25.32/opam-install/system/lib/findlib\"\nf=\"ocamlfind\"; { test -f ocamlfind_opt && f=\"ocamlfind_opt\"; }; \\\n\tcp $f \"/Volumes/ramdisk/ocamlot/ocamlot.work.2013-06-25.32/opam-install/system/bin/ocamlfind\"\n# the following \"if\" block is only needed for 4.00beta2\nif [ 1 -eq 0 -a -f \"/Users/avsm/ocamlot/worker/ocaml/4.01/lib/ocaml/compiler-libs/topdirs.cmi\" ]; then \\\n\t    cd \"/Users/avsm/ocamlot/worker/ocaml/4.01/lib/ocaml/compiler-libs/\"; \\\n\t    cp topdirs.cmi toploop.cmi \"/Volumes/ramdisk/ocamlot/ocamlot.work.2013-06-25.32/opam-install/system/lib/findlib/\"; \\\n\tfi\nmake install-meta\nfor x in `ls site-lib-src`; do if [ \"$x\" != \"CVS\" -a -f \"site-lib-src/$x/META\" ]; then mkdir -p \"/Volumes/ramdisk/ocamlot/ocamlot.work.2013-06-25.32/opam-install/system/lib/$x\"; cp site-lib-src/$x/META \"/Volumes/ramdisk/ocamlot/ocamlot.work.2013-06-25.32/opam-install/system/lib/$x\"; fi; done\ncd src/findlib; make install-num-top\nmkdir -p \"/Volumes/ramdisk/ocamlot/ocamlot.work.2013-06-25.32/opam-install/system/lib/num-top\"\ncp num_top.cma num_top.cmi num_top_printers.cmi \\\n\t\t\"/Volumes/ramdisk/ocamlot/ocamlot.work.2013-06-25.32/opam-install/system/lib/num-top\"\nmake install-config\nmkdir -p \"`dirname \\\"/Volumes/ramdisk/ocamlot/ocamlot.work.2013-06-25.32/opam-install/system/lib/findlib.conf\\\"`\"\ntest -f \"/Volumes/ramdisk/ocamlot/ocamlot.work.2013-06-25.32/opam-install/system/lib/findlib.conf\" || cp findlib.conf \"/Volumes/ramdisk/ocamlot/ocamlot.work.2013-06-25.32/opam-install/system/lib/findlib.conf\"\ncp tools/safe_camlp4 \"/Volumes/ramdisk/ocamlot/ocamlot.work.2013-06-25.32/opam-install/system/bin\"\nmake install-doc\nmkdir -p /Volumes/ramdisk/ocamlot/ocamlot.work.2013-06-25.32/opam-install/system/man/man1 /Volumes/ramdisk/ocamlot/ocamlot.work.2013-06-25.32/opam-install/system/man/man3 /Volumes/ramdisk/ocamlot/ocamlot.work.2013-06-25.32/opam-install/system/man/man5\ncp doc/ref-man/ocamlfind.1 /Volumes/ramdisk/ocamlot/ocamlot.work.2013-06-25.32/opam-install/system/man/man1\ncp doc/ref-man/META.5 doc/ref-man/site-lib.5 doc/ref-man/findlib.conf.5 /Volumes/ramdisk/ocamlot/ocamlot.work.2013-06-25.32/opam-install/system/man/man5\nocamlfind: [WARNING] You are removing the package from /Volumes/ramdisk/ocamlot/ocamlot.work.2013-06-25.32/opam-install/system/lib/dbm but the currently visible package is at /Users/avsm/ocamlot/worker/ocaml/4.01/lib/ocaml; you may want to specify the -destdir option\nRemoved /Volumes/ramdisk/ocamlot/ocamlot.work.2013-06-25.32/opam-install/system/lib/dbm\nInstalling ocamlfind.1.3.3.\n\n=-=-= Installing libvhd.0.9.0 =-=-=\nDownloading https://github.com/xen-org/libvhd/archive/libvhd-0.9.0.tar.gz.\n  % Total    % Received % Xferd  Average Speed   Time    Time     Time  Current\n                                 Dload  Upload   Total   Spent    Left  Speed\n\r  0     0    0     0    0     0      0      0 --:--:-- --:--:-- --:--:--     0\r100   132  100   132    0     0    127      0  0:00:01  0:00:01 --:--:--   218\n\r100   133  100   133    0     0    117      0  0:00:01  0:00:01 --:--:--   117\n\r  0   133    0     0    0     0      0      0 --:--:--  0:00:01 --:--:--     0\r33089   133  33089 44009    0     0  22105      0 --:--:--  0:00:01 --:--:-- 78447\n200\nmv: /Volumes/ramdisk/ocamlot/ocamlot.work.2013-06-25.32/opam-install/repo/ocamlot/tmp/libvhd.0.9.0/libvhd-0.9.0.tar.gz: set owner/group (was: 501/0): Operation not permitted\nCreating /Volumes/ramdisk/ocamlot/ocamlot.work.2013-06-25.32/opam-install/repo/ocamlot/archives/libvhd.0.9.0+opam.tar.gz.\nExtracting /Volumes/ramdisk/ocamlot/ocamlot.work.2013-06-25.32/opam-install/archives/libvhd.0.9.0+opam.tar.gz.\nBuilding libvhd.0.9.0:\n  make\n  make install BINDIR=/Volumes/ramdisk/ocamlot/ocamlot.work.2013-06-25.32/opam-install/system/bin\nocaml setup.ml -configure \n\nConfiguration: \nocamlfind: ........................................... /Volumes/ramdisk/ocamlot/ocamlot.work.2013-06-25.32/opam-install/system/bin/ocamlfind\nocamlc: .............................................. /Users/avsm/ocamlot/worker/ocaml/4.01/bin/ocamlc.opt\nocamlopt: ............................................ /Users/avsm/ocamlot/worker/ocaml/4.01/bin/ocamlopt.opt\nocamlbuild: .......................................... /Users/avsm/ocamlot/worker/ocaml/4.01/bin/ocamlbuild\nPackage name: ........................................ libvhd\nPackage version: ..................................... 0.9.0\nos_type: ............................................. Unix\nsystem: .............................................. macosx\narchitecture: ........................................ amd64\nccomp_type: .......................................... cc\nocaml_version: ....................................... 4.01.0\nstandard_library_default: ............................ /Users/avsm/ocamlot/worker/ocaml/4.01/lib/ocaml\nstandard_library: .................................... /Users/avsm/ocamlot/worker/ocaml/4.01/lib/ocaml\nstandard_runtime: .................................... /Users/avsm/ocamlot/worker/ocaml/4.01/bin/ocamlrun\nbytecomp_c_compiler: ................................. gcc -fno-defer-pop -Wall -D_FILE_OFFSET_BITS=64 -D_REENTRANT \nnative_c_compiler: ................................... gcc -D_FILE_OFFSET_BITS=64 -D_REENTRANT\nmodel: ............................................... default\next_obj: ............................................. .o\next_asm: ............................................. .s\next_lib: ............................................. .a\next_dll: ............................................. .so\ndefault_executable_name: ............................. a.out\nsysthread_supported: ................................. true\nInstall architecture-independent files dir: .......... /usr/local\nInstall architecture-dependent files in dir: ......... $prefix\nUser executables: .................................... $exec_prefix/bin\nSystem admin executables: ............................ $exec_prefix/sbin\nProgram executables: ................................. $exec_prefix/libexec\nRead-only single-machine data: ....................... $prefix/etc\nModifiable architecture-independent data: ............ $prefix/com\nModifiable single-machine data: ...................... $prefix/var\nObject code libraries: ............................... $exec_prefix/lib\nRead-only arch-independent data root: ................ $prefix/share\nRead-only architecture-independent data: ............. $datarootdir\nInfo documentation: .................................. $datarootdir/info\nLocale-dependent data: ............................... $datarootdir/locale\nMan documentation: ................................... $datarootdir/man\nDocumentation root: .................................. $datarootdir/doc/$pkg_name\nHTML documentation: .................................. $docdir\nDVI documentation: ................................... $docdir\nPDF documentation: ................................... $docdir\nPS documentation: .................................... $docdir\nfindlib_version: ..................................... 1.3.3\nis_native: ........................................... true\nsuffix_program: ...................................... \nRemove a file.: ...................................... rm -f\nRemove a directory.: ................................. rm -rf\nTurn ocaml debug flag on: ............................ true\nTurn ocaml profile flag on: .......................... false\nCompiler support generation of .cmxs.: ............... true\nOCamlbuild additional flags: ......................... \nCreate documentations: ............................... true\nCompile tests executable and library and run them: ... false\n\nocaml setup.ml -build \n/Users/avsm/ocamlot/worker/ocaml/4.01/bin/ocamlopt.opt -I /Users/avsm/ocamlot/worker/ocaml/4.01/lib/ocaml/ocamlbuild unix.cmxa /Users/avsm/ocamlot/worker/ocaml/4.01/lib/ocaml/ocamlbuild/ocamlbuildlib.cmxa myocamlbuild.ml /Users/avsm/ocamlot/worker/ocaml/4.01/lib/ocaml/ocamlbuild/ocamlbuild.cmx -o myocamlbuild\nocamlfind ocamlc -c lib/vhd_stubs.c\n+ ocamlfind ocamlc -c lib/vhd_stubs.c\nlib/vhd_stubs.c:11:24: error: vhd/libvhd.h: No such file or directory\nlib/vhd_stubs.c:34: error: expected ')' before '*' token\nlib/vhd_stubs.c: In function 'stub_vhd_open':\nlib/vhd_stubs.c:45: error: 'vhd_context_t' undeclared (first use in this function)\nlib/vhd_stubs.c:45: error: (Each undeclared identifier is reported only once\nlib/vhd_stubs.c:45: error: for each function it appears in.)\nlib/vhd_stubs.c:45: error: 'context' undeclared (first use in this function)\nlib/vhd_stubs.c:45: error: expected expression before ')' token\nlib/vhd_stubs.c:46: warning: implicit declaration of function 'vhd_open'\nlib/vhd_stubs.c:50: warning: implicit declaration of function 'alloc_vhd'\nlib/vhd_stubs.c: In function 'stub_vhd_close':\nlib/vhd_stubs.c:57: error: 'vhd_context_t' undeclared (first use in this function)\nlib/vhd_stubs.c:57: error: 'context' undeclared (first use in this function)\nlib/vhd_stubs.c:57: error: expected expression before ')' token\nlib/vhd_stubs.c:58: warning: implicit declaration of function 'vhd_close'\nlib/vhd_stubs.c: In function 'stub_vhd_get_phys_size':\nlib/vhd_stubs.c:66: error: 'vhd_context_t' undeclared (first use in this function)\nlib/vhd_stubs.c:66: error: 'context' undeclared (first use in this function)\nlib/vhd_stubs.c:66: error: expected expression before ')' token\nlib/vhd_stubs.c:67: error: 'off64_t' undeclared (first use in this function)\nlib/vhd_stubs.c:67: error: expected ';' before 'phys_size'\nlib/vhd_stubs.c:68: warning: implicit declaration of function 'vhd_get_phys_size'\nlib/vhd_stubs.c:68: error: 'phys_size' undeclared (first use in this function)\nlib/vhd_stubs.c: In function 'stub_vhd_create':\nlib/vhd_stubs.c:75: warning: implicit declaration of function 'vhd_create'\nlib/vhd_stubs.c: In function 'stub_vhd_snapshot':\nlib/vhd_stubs.c:85: warning: implicit declaration of function 'vhd_snapshot'\nlib/vhd_stubs.c: In function 'stub_vhd_get_parent':\nlib/vhd_stubs.c:97: error: 'vhd_parent_locator_t' undeclared (first use in this function)\nlib/vhd_stubs.c:97: error: 'loc' undeclared (first use in this function)\nlib/vhd_stubs.c:99: error: 'vhd_context_t' undeclared (first use in this function)\nlib/vhd_stubs.c:99: error: 'context' undeclared (first use in this function)\nlib/vhd_stubs.c:99: error: expected expression before ')' token\nlib/vhd_stubs.c:101: error: 'HD_TYPE_DIFF' undeclared (first use in this function)\nlib/vhd_stubs.c:105: warning: implicit declaration of function 'vhd_parent_locator_count'\nlib/vhd_stubs.c:108: error: 'PLAT_CODE_MACX' undeclared (first use in this function)\nlib/vhd_stubs.c:109: warning: implicit declaration of function 'vhd_parent_locator_read'\nlib/vhd_stubs.c: In function 'stub_vhd_get_uid':\nlib/vhd_stubs.c:125: error: 'vhd_context_t' undeclared (first use in this function)\nlib/vhd_stubs.c:125: error: 'context' undeclared (first use in this function)\nlib/vhd_stubs.c:125: error: expected expression before ')' token\nlib/vhd_stubs.c:127: warning: implicit declaration of function 'uuid_unparse_lower'\nlib/vhd_stubs.c: In function 'stub_vhd_get_max_bat_size':\nlib/vhd_stubs.c:134: error: 'vhd_context_t' undeclared (first use in this function)\nlib/vhd_stubs.c:134: error: 'context' undeclared (first use in this function)\nlib/vhd_stubs.c:134: error: expected expression before ')' token\nlib/vhd_stubs.c: In function 'stub_vhd_get_parent_uid':\nlib/vhd_stubs.c:141: error: 'vhd_context_t' undeclared (first use in this function)\nlib/vhd_stubs.c:141: error: 'context' undeclared (first use in this function)\nlib/vhd_stubs.c:141: error: expected expression before ')' token\nlib/vhd_stubs.c:143: error: 'HD_TYPE_DIFF' undeclared (first use in this function)\nlib/vhd_stubs.c: In function 'stub_vhd_get_type':\nlib/vhd_stubs.c:153: error: 'vhd_context_t' undeclared (first use in this function)\nlib/vhd_stubs.c:153: error: 'context' undeclared (first use in this function)\nlib/vhd_stubs.c:153: error: expected expression before ')' token\nlib/vhd_stubs.c: In function 'stub_vhd_get_creator':\nlib/vhd_stubs.c:160: error: 'vhd_context_t' undeclared (first use in this function)\nlib/vhd_stubs.c:160: error: 'context' undeclared (first use in this function)\nlib/vhd_stubs.c:160: error: expected expression before ')' token\nlib/vhd_stubs.c:162: warning: implicit declaration of function 'strncpy'\nlib/vhd_stubs.c:162: warning: incompatible implicit declaration of built-in function 'strncpy'\nlib/vhd_stubs.c: In function 'stub_vhd_get_virtual_size':\nlib/vhd_stubs.c:170: error: 'vhd_context_t' undeclared (first use in this function)\nlib/vhd_stubs.c:170: error: 'context' undeclared (first use in this function)\nlib/vhd_stubs.c:170: error: expected expression before ')' token\nlib/vhd_stubs.c: In function 'stub_vhd_get_hidden':\nlib/vhd_stubs.c:178: error: 'vhd_context_t' undeclared (first use in this function)\nlib/vhd_stubs.c:178: error: 'context' undeclared (first use in this function)\nlib/vhd_stubs.c:178: error: expected expression before ')' token\nlib/vhd_stubs.c:179: warning: implicit declaration of function 'vhd_hidden'\nlib/vhd_stubs.c: In function 'stub_vhd_set_hidden':\nlib/vhd_stubs.c:186: error: 'vhd_context_t' undeclared (first use in this function)\nlib/vhd_stubs.c:186: error: 'context' undeclared (first use in this function)\nlib/vhd_stubs.c:186: error: expected expression before ')' token\nlib/vhd_stubs.c:188: warning: implicit declaration of function 'vhd_write_footer'\nlib/vhd_stubs.c: In function 'stub_vhd_set_phys_size':\nlib/vhd_stubs.c:200: error: 'vhd_context_t' undeclared (first use in this function)\nlib/vhd_stubs.c:200: error: 'context' undeclared (first use in this function)\nlib/vhd_stubs.c:200: error: expected expression before ')' token\nlib/vhd_stubs.c:201: error: 'uint64_t' undeclared (first use in this function)\nlib/vhd_stubs.c:201: error: expected ';' before 'newsize'\nlib/vhd_stubs.c:202: warning: implicit declaration of function 'vhd_set_phys_size'\nlib/vhd_stubs.c:202: error: 'newsize' undeclared (first use in this function)\nlib/vhd_stubs.c: In function 'stub_vhd_set_virt_size':\nlib/vhd_stubs.c:214: error: 'vhd_context_t' undeclared (first use in this function)\nlib/vhd_stubs.c:214: error: 'context' undeclared (first use in this function)\nlib/vhd_stubs.c:214: error: expected expression before ')' token\nlib/vhd_stubs.c:215: error: 'uint64_t' undeclared (first use in this function)\nlib/vhd_stubs.c:215: error: expected ';' before 'newsize'\nlib/vhd_stubs.c:216: warning: implicit declaration of function 'vhd_set_virt_size'\nlib/vhd_stubs.c:216: error: 'newsize' undeclared (first use in this function)\nlib/vhd_stubs.c: At top level:\nlib/vhd_stubs.c:225: error: expected declaration specifiers or '...' before 'uint64_t'\nlib/vhd_stubs.c:225: error: expected declaration specifiers or '...' before 'uint32_t'\nlib/vhd_stubs.c: In function '__raw_io_write':\nlib/vhd_stubs.c:227: error: 'off64_t' undeclared (first use in this function)\nlib/vhd_stubs.c:227: error: expected ';' before 'off'\nlib/vhd_stubs.c:231: error: 'off' undeclared (first use in this function)\nlib/vhd_stubs.c:231: warning: implicit declaration of function 'lseek64'\nlib/vhd_stubs.c:231: warning: implicit declaration of function 'vhd_sectors_to_bytes'\nlib/vhd_stubs.c:231: error: 'sec' undeclared (first use in this function)\nlib/vhd_stubs.c:233: error: expected ')' before 'PRIx64'\nlib/vhd_stubs.c:234: warning: conversion lacks type at end of format\nlib/vhd_stubs.c:234: warning: conversion lacks type at end of format\nlib/vhd_stubs.c:238: error: 'secs' undeclared (first use in this function)\nlib/vhd_stubs.c:242: error: expected ')' before 'PRIx64'\nlib/vhd_stubs.c:243: warning: spurious trailing '%' in format\nlib/vhd_stubs.c:243: warning: spurious trailing '%' in format\nlib/vhd_stubs.c: At top level:\nlib/vhd_stubs.c:251: error: expected ')' before '*' token\nlib/vhd_stubs.c: In function 'stub_vhd_coalesce':\nlib/vhd_stubs.c:318: error: 'vhd_context_t' undeclared (first use in this function)\nlib/vhd_stubs.c:318: error: 'context' undeclared (first use in this function)\nlib/vhd_stubs.c:318: error: expected expression before ')' token\nlib/vhd_stubs.c:319: error: expected ';' before 'parent'\nlib/vhd_stubs.c:325: error: 'parent' undeclared (first use in this function)\nlib/vhd_stubs.c:327: warning: implicit declaration of function 'uuid_unparse'\nlib/vhd_stubs.c:331: warning: implicit declaration of function 'vhd_parent_locator_get'\nlib/vhd_stubs.c:337: warning: implicit declaration of function 'vhd_parent_raw'\nlib/vhd_stubs.c:338: error: 'O_DIRECT' undeclared (first use in this function)\nlib/vhd_stubs.c:338: error: 'O_LARGEFILE' undeclared (first use in this function)\nlib/vhd_stubs.c:346: error: 'VHD_OPEN_RDWR' undeclared (first use in this function)\nlib/vhd_stubs.c:354: warning: implicit declaration of function 'vhd_get_bat'\nlib/vhd_stubs.c:358: warning: implicit declaration of function 'vhd_has_batmap'\nlib/vhd_stubs.c:359: warning: implicit declaration of function 'vhd_get_batmap'\nlib/vhd_stubs.c:365: warning: implicit declaration of function 'vhd_util_coalesce_block'\nlib/vhd_stubs.c: In function 'stub_vhd_write_sector':\nlib/vhd_stubs.c:387: error: 'uint64_t' undeclared (first use in this function)\nlib/vhd_stubs.c:387: error: expected ';' before 'sectorno'\nlib/vhd_stubs.c:390: error: 'vhd_context_t' undeclared (first use in this function)\nlib/vhd_stubs.c:390: error: 'context' undeclared (first use in this function)\nlib/vhd_stubs.c:390: error: expected expression before ')' token\nlib/vhd_stubs.c:401: warning: implicit declaration of function 'memcpy'\nlib/vhd_stubs.c:401: warning: incompatible implicit declaration of built-in function 'memcpy'\nlib/vhd_stubs.c:413: warning: implicit declaration of function 'vhd_io_write'\nlib/vhd_stubs.c:413: error: 'sectorno' undeclared (first use in this function)\nlib/vhd_stubs.c: In function 'stub_vhd_read_sector':\nlib/vhd_stubs.c:433: error: 'uint64_t' undeclared (first use in this function)\nlib/vhd_stubs.c:433: error: expected ';' before 'sectorno'\nlib/vhd_stubs.c:434: error: 'vhd_context_t' undeclared (first use in this function)\nlib/vhd_stubs.c:434: error: 'context' undeclared (first use in this function)\nlib/vhd_stubs.c:434: error: expected expression before ')' token\nlib/vhd_stubs.c:438: warning: implicit declaration of function 'vhd_io_read'\nlib/vhd_stubs.c:438: error: 'sectorno' undeclared (first use in this function)\nlib/vhd_stubs.c:442: warning: incompatible implicit declaration of built-in function 'memcpy'\nlib/vhd_stubs.c: In function 'stub_vhd_set_log_level':\nlib/vhd_stubs.c:449: warning: implicit declaration of function 'libvhd_set_log_level'\nlib/vhd_stubs.c: In function 'stub_vhd_set_parent':\nlib/vhd_stubs.c:456: warning: implicit declaration of function 'strdup'\nlib/vhd_stubs.c:456: warning: incompatible implicit declaration of built-in function 'strdup'\nlib/vhd_stubs.c:458: error: 'vhd_context_t' undeclared (first use in this function)\nlib/vhd_stubs.c:458: error: 'context' undeclared (first use in this function)\nlib/vhd_stubs.c:458: error: expected expression before ')' token\nlib/vhd_stubs.c:465: warning: implicit declaration of function 'vhd_change_parent'\nlib/vhd_stubs.c: In function 'stub_vhd_get_bat':\nlib/vhd_stubs.c:479: error: 'vhd_context_t' undeclared (first use in this function)\nlib/vhd_stubs.c:479: error: 'context' undeclared (first use in this function)\nlib/vhd_stubs.c:479: error: expected expression before ')' token\nlib/vhd_stubs.c:497: error: 'DD_BLK_UNUSED' undeclared (first use in this function)\nlib/vhd_stubs.c: In function 'stub_vhd_get_first_allocated_block':\nlib/vhd_stubs.c:533: error: 'vhd_context_t' undeclared (first use in this function)\nlib/vhd_stubs.c:533: error: 'context' undeclared (first use in this function)\nlib/vhd_stubs.c:533: error: expected expression before ')' token\nlib/vhd_stubs.c:534: error: 'uint64_t' undeclared (first use in this function)\nlib/vhd_stubs.c:534: error: expected ';' before 'firstblock'\nlib/vhd_stubs.c:541: error: 'firstblock' undeclared (first use in this function)\nCommand exited with code 2.\nE: Failure(\"Command ''/Users/avsm/ocamlot/worker/ocaml/4.01/bin/ocamlbuild' lib/liblibvhd_stubs.a lib/dlllibvhd_stubs.so lib/libvhd.cma lib/libvhd.cmxa lib/libvhd.a lib/libvhd.cmxs lib_test/open.byte -tag debug' terminated with error code 10\")\nmake: *** [build] Error 1\nUninstalling libvhd.0.9.0:\n  make uninstall BINDIR=/Volumes/ramdisk/ocamlot/ocamlot.work.2013-06-25.32/opam-install/system/bin\nocamlfind remove libxcpvhd\nocamlfind: [WARNING] No such directory: /Volumes/ramdisk/ocamlot/ocamlot.work.2013-06-25.32/opam-install/system/lib/libxcpvhd\n\n")(info"Compiler: 4.01.0+dev18-2013-06-13\nOPAM: df84b0565f0709578c581c1dea82246688d2804f\nOCAMLRUNPARAM = b\nHOME = /Volumes/ramdisk/ocamlot/ocamlot.work.2013-06-25.32\nPATH = /Volumes/ramdisk/ocamlot/ocamlot.work.2013-06-25.32/opam-install/system/bin:/Volumes/ramdisk/ocamlot/ocamlot.work.2013-06-25.32:/Users/avsm/ocamlot/worker/ocaml/4.01/bin:/usr/bin:/bin:/usr/sbin:/sbin:/usr/local/bin\nMANPATH = /Volumes/ramdisk/ocamlot/ocamlot.work.2013-06-25.32/opam-install/system/man:\nOCAML_TOPLEVEL_PATH = /Volumes/ramdisk/ocamlot/ocamlot.work.2013-06-25.32/opam-install/system/lib/toplevel\nOPAMROOT = /Volumes/ramdisk/ocamlot/ocamlot.work.2013-06-25.32/opam-install\nCAML_LD_LIBRARY_PATH = /Volumes/ramdisk/ocamlot/ocamlot.work.2013-06-25.32/opam-install/system/lib/stublibs:/Users/avsm/ocamlot/worker/ocaml/4.01/lib/ocaml/stublibs\n"))))))(1372132824.8367800713(Checked_in 143))(1372132800.8305039406(Checked_in 143))(1372132776.8245589733(Checked_in 143))(1372132752.8188760281(Checked_in 143))(1372132728.8124730587(Checked_in 143))(1372132704.8059170246(Started 143))(1372122666.8840939999(Advertized((os Darwin)(arch X86_64))))))(host((os Darwin)(arch X86_64)))(job(Opam((diff(((repo((url"")(repo_url(URL git://github.com/OCamlPro/opam-repository.git))))(label OCamlPro/opam-repository:master)(reference(Ref master)))))(packages(libvhd.0.9.0))(target((host((os Darwin)(arch X86_64)))(compiler((c_version 4.01.0)(c_build"")))))(action Build)))))