((href https://github.com/OCamlPro/opam-repository/blob/master/packages/ocamlspot.4.00.1.2.1.2/opam)(log((1372334333.8933119774(Completed 9((status(Failed()(Process(Exited 4)((r_cmd opam)(r_args(install --verbose --yes ocamlspot.4.00.1.2.1.2))(r_env(OCAMLRUNPARAM=b HOME=/home/ocamlot/ocamlot/worker/build/ocamlot/ocamlot.work.2013-06-27.34 PATH=/home/ocamlot/ocamlot/worker/build/ocamlot/ocamlot.work.2013-06-27.34/opam-install/system/bin:/home/ocamlot/ocamlot/worker/build/ocamlot/ocamlot.work.2013-06-27.34:/home/ocamlot/ocamlot/worker/ocaml/4.01/bin:/home/ocamlot/bin:/home/ocamlot/.opam/4.01.0dev+trunk/bin:/usr/local/sbin:/usr/local/bin:/usr/sbin:/usr/bin:/sbin:/bin:/usr/local/games:/usr/games MANPATH=/home/ocamlot/ocamlot/worker/build/ocamlot/ocamlot.work.2013-06-27.34/opam-install/system/man: OCAML_TOPLEVEL_PATH=/home/ocamlot/ocamlot/worker/build/ocamlot/ocamlot.work.2013-06-27.34/opam-install/system/lib/toplevel OPAMROOT=/home/ocamlot/ocamlot/worker/build/ocamlot/ocamlot.work.2013-06-27.34/opam-install CAML_LD_LIBRARY_PATH=/home/ocamlot/ocamlot/worker/build/ocamlot/ocamlot.work.2013-06-27.34/opam-install/system/lib/stublibs:/home/ocamlot/ocamlot/worker/ocaml/4.01/lib/ocaml/stublibs))(r_cwd /home/ocamlot/ocamlot/worker/build/ocamlot/ocamlot.work.2013-06-27.34)(r_duration 56.056746006011962891)(r_stdout"The following actions will be performed:\n - install ocamlspot.4.00.1.2.1.2\n1 to install | 0 to reinstall | 0 to upgrade | 0 to downgrade | 0 to remove\n\n=-=-= Installing ocamlspot.4.00.1.2.1.2 =-=-=\nDownloading https://bitbucket.org/camlspotter/ocamlspot/get/4.00.1.2.1.2.tar.gz.\n  % Total    % Received % Xferd  Average Speed   Time    Time     Time  Current\n                                 Dload  Upload   Total   Spent    Left  Speed\n\r  0     0    0     0    0     0      0      0 --:--:-- --:--:-- --:--:--     0\r  0     0    0     0    0     0      0      0 --:--:-- --:--:-- --:--:--     0\r100  170k  100  170k    0     0   138k      0  0:00:01  0:00:01 --:--:--  153k\n200\nCreating /home/ocamlot/ocamlot/worker/build/ocamlot/ocamlot.work.2013-06-27.34/opam-install/repo/ocamlot/archives/ocamlspot.4.00.1.2.1.2+opam.tar.gz.\nExtracting /home/ocamlot/ocamlot/worker/build/ocamlot/ocamlot.work.2013-06-27.34/opam-install/archives/ocamlspot.4.00.1.2.1.2+opam.tar.gz.\nBuilding ocamlspot.4.00.1.2.1.2:\n  make all opt install BINDIR=/home/ocamlot/ocamlot/worker/build/ocamlot/ocamlot.work.2013-06-27.34/opam-install/system/bin PREFIX=/home/ocamlot/ocamlot/worker/build/ocamlot/ocamlot.work.2013-06-27.34/opam-install/system\nocamlc -annot -bin-annot -w A-4-9 -warn-error A-4-9-32-33-34  -g -I +compiler-libs -I +unix -c utils.mli\nocamlc -annot -bin-annot -w A-4-9 -warn-error A-4-9-32-33-34  -g -I +compiler-libs -I +unix -c utils.ml\nFile \"utils.ml\", line 139, characters 4-9:\nWarning 32: unused value catch.\nocamlc -annot -bin-annot -w A-4-9 -warn-error A-4-9-32-33-34  -g -I +compiler-libs -I +unix -c checksum.ml\nocamlc -annot -bin-annot -w A-4-9 -warn-error A-4-9-32-33-34  -g -I +compiler-libs -I +unix -c fileident.mli\nocamlc -annot -bin-annot -w A-4-9 -warn-error A-4-9-32-33-34  -g -I +compiler-libs -I +unix -c fileident.ml\nocamlc -annot -bin-annot -w A-4-9 -warn-error A-4-9-32-33-34  -g -I +compiler-libs -I +unix -c filepath.mli\nocamlc -annot -bin-annot -w A-4-9 -warn-error A-4-9-32-33-34  -g -I +compiler-libs -I +unix -c filepath.ml\nocamlc -annot -bin-annot -w A-4-9 -warn-error A-4-9-32-33-34  -g -I +compiler-libs -I +unix -c dotfile.mli\nocamlc -annot -bin-annot -w A-4-9 -warn-error A-4-9-32-33-34  -g -I +compiler-libs -I +unix -c dotfile.ml\nocamlc -annot -bin-annot -w A-4-9 -warn-error A-4-9-32-33-34  -g -I +compiler-libs -I +unix -c compdir.mli\nocamlc -annot -bin-annot -w A-4-9 -warn-error A-4-9-32-33-34  -g -I +compiler-libs -I +unix -c compdir.ml\nocamlc -annot -bin-annot -w A-4-9 -warn-error A-4-9-32-33-34  -g -I +compiler-libs -I +unix -c xset.mli\nocamlc -annot -bin-annot -w A-4-9 -warn-error A-4-9-32-33-34  -g -I +compiler-libs -I +unix -c xset.ml\nocamlc -annot -bin-annot -w A-4-9 -warn-error A-4-9-32-33-34  -g -I +compiler-libs -I +unix -c treeset.mli\nocamlc -annot -bin-annot -w A-4-9 -warn-error A-4-9-32-33-34  -g -I +compiler-libs -I +unix -c treeset.ml\nocamlc -annot -bin-annot -w A-4-9 -warn-error A-4-9-32-33-34  -g -I +compiler-libs -I +unix -c command.mli\nocamlc -annot -bin-annot -w A-4-9 -warn-error A-4-9-32-33-34  -g -I +compiler-libs -I +unix -c command.ml\nocamlc -annot -bin-annot -w A-4-9 -warn-error A-4-9-32-33-34  -g -I +compiler-libs -I +unix -c typeexpand.mli\nocamlc -annot -bin-annot -w A-4-9 -warn-error A-4-9-32-33-34  -g -I +compiler-libs -I +unix -c typeexpand.ml\nocamlc -annot -bin-annot -w A-4-9 -warn-error A-4-9-32-33-34  -g -I +compiler-libs -I +unix -c xlongident.mli\nocamlc -annot -bin-annot -w A-4-9 -warn-error A-4-9-32-33-34  -g -I +compiler-libs -I +unix -c xlongident.ml\nocamlc -annot -bin-annot -w A-4-9 -warn-error A-4-9-32-33-34  -g -I +compiler-libs -I +unix -c name.mli\nocamlc -annot -bin-annot -w A-4-9 -warn-error A-4-9-32-33-34  -g -I +compiler-libs -I +unix -c name.ml\nocamlc -annot -bin-annot -w A-4-9 -warn-error A-4-9-32-33-34  -g -I +compiler-libs -I +unix -c xident.mli\nocamlc -annot -bin-annot -w A-4-9 -warn-error A-4-9-32-33-34  -g -I +compiler-libs -I +unix -c xident.ml\nocamlc -annot -bin-annot -w A-4-9 -warn-error A-4-9-32-33-34  -g -I +compiler-libs -I +unix -c xpath.mli\nocamlc -annot -bin-annot -w A-4-9 -warn-error A-4-9-32-33-34  -g -I +compiler-libs -I +unix -c xpath.ml\nocamlc -annot -bin-annot -w A-4-9 -warn-error A-4-9-32-33-34  -g -I +compiler-libs -I +unix -c locident.mli\nocamlc -annot -bin-annot -w A-4-9 -warn-error A-4-9-32-33-34  -g -I +compiler-libs -I +unix -c locident.ml\nocamlc -annot -bin-annot -w A-4-9 -warn-error A-4-9-32-33-34  -g -I +compiler-libs -I +unix -c typeFix.mli\nocamlc -annot -bin-annot -w A-4-9 -warn-error A-4-9-32-33-34  -g -I +compiler-libs -I +unix -c typeFix.ml\nocamlc -annot -bin-annot -w A-4-9 -warn-error A-4-9-32-33-34  -g -I +compiler-libs -I +unix -c xprinttyp.mli\nocamlc -annot -bin-annot -w A-4-9 -warn-error A-4-9-32-33-34  -g -I +compiler-libs -I +unix -c xprinttyp.ml\nocamlc -annot -bin-annot -w A-4-9 -warn-error A-4-9-32-33-34  -g -I +compiler-libs -I +unix -c ext.ml\nocamlc -annot -bin-annot -w A-4-9 -warn-error A-4-9-32-33-34  -g -I +compiler-libs -I +unix -c ttfold.ml\nFile \"ttfold.ml\", line 16, characters 0-14:\nWarning 44: this open statement shadows the type identifier module_type (which is later used)\nFile \"ttfold.ml\", line 16, characters 0-14:\nWarning 44: this open statement shadows the type identifier signature (which is later used)\nFile \"ttfold.ml\", line 16, characters 0-14:\nWarning 44: this open statement shadows the type identifier signature_item (which is later used)\nFile \"ttfold.ml\", line 16, characters 0-14:\nWarning 44: this open statement shadows the type identifier modtype_declaration (which is later used)\nFile \"ttfold.ml\", line 16, characters 0-14:\nWarning 44: this open statement shadows the type identifier row_field (which is later used)\nFile \"ttfold.ml\", line 16, characters 0-14:\nWarning 44: this open statement shadows the type identifier value_description (which is later used)\nFile \"ttfold.ml\", line 16, characters 0-14:\nWarning 44: this open statement shadows the type identifier type_declaration (which is later used)\nFile \"ttfold.ml\", line 16, characters 0-14:\nWarning 44: this open statement shadows the type identifier type_kind (which is later used)\nFile \"ttfold.ml\", line 16, characters 0-14:\nWarning 44: this open statement shadows the type identifier exception_declaration (which is later used)\nFile \"ttfold.ml\", line 16, characters 0-14:\nWarning 44: this open statement shadows the type identifier class_type (which is later used)\nFile \"ttfold.ml\", line 16, characters 0-14:\nWarning 44: this open statement shadows the type identifier class_signature (which is later used)\nFile \"ttfold.ml\", line 16, characters 0-14:\nWarning 44: this open statement shadows the type identifier class_declaration (which is later used)\nFile \"ttfold.ml\", line 16, characters 0-14:\nWarning 44: this open statement shadows the type identifier class_type_declaration (which is later used)\nFile \"ttfold.ml\", line 52, characters 10-55:\nError: The constructor Tpat_construct expects 4 argument(s),\n       but is applied here to 5 argument(s)\nmake: *** [ttfold.cmo] Error 2\nUninstalling ocamlspot.4.00.1.2.1.2:\n  make uninstall BINDIR=/home/ocamlot/ocamlot/worker/build/ocamlot/ocamlot.work.2013-06-27.34/opam-install/system/bin PREFIX=/home/ocamlot/ocamlot/worker/build/ocamlot/ocamlot.work.2013-06-27.34/opam-install/system\nrm -f /home/ocamlot/ocamlot/worker/build/ocamlot/ocamlot.work.2013-06-27.34/opam-install/system/bin/ocamlspot\nrm -f /home/ocamlot/ocamlot/worker/build/ocamlot/ocamlot.work.2013-06-27.34/opam-install/system/bin/ocamlspot.opt\n\n")(r_stderr"The compilation of ocamlspot.4.00.1.2.1.2 failed.\n\n==== ERROR [while installing ocamlspot.4.00.1.2.1.2] ====\n# opam-version    1.0.1 (906148762451b31968ec457dad29a02c3e94c903)\n# os              linux\n# command         make all opt install BINDIR=/home/ocamlot/ocamlot/worker/build/ocamlot/ocamlot.work.2013-06-27.34/opam-install/system/bin PREFIX=/home/ocamlot/ocamlot/worker/build/ocamlot/ocamlot.work.2013-06-27.34/opam-install/system\n# path            /home/ocamlot/ocamlot/worker/build/ocamlot/ocamlot.work.2013-06-27.34/opam-install/system/build/ocamlspot.4.00.1.2.1.2\n# compiler        system (4.01.0)\n# exit-code       2\n# env-file        /home/ocamlot/ocamlot/worker/build/ocamlot/ocamlot.work.2013-06-27.34/opam-install/system/build/ocamlspot.4.00.1.2.1.2/ocamlspot-7557-335865.env\n# stdout-file     /home/ocamlot/ocamlot/worker/build/ocamlot/ocamlot.work.2013-06-27.34/opam-install/system/build/ocamlspot.4.00.1.2.1.2/ocamlspot-7557-335865.out\n# stderr-file     /home/ocamlot/ocamlot/worker/build/ocamlot/ocamlot.work.2013-06-27.34/opam-install/system/build/ocamlspot.4.00.1.2.1.2/ocamlspot-7557-335865.err\n### stdout ###\n...[truncated]\nocamlc -annot -bin-annot -w A-4-9 -warn-error A-4-9-32-33-34  -g -I +compiler-libs -I +unix -c xpath.mli\nocamlc -annot -bin-annot -w A-4-9 -warn-error A-4-9-32-33-34  -g -I +compiler-libs -I +unix -c xpath.ml\nocamlc -annot -bin-annot -w A-4-9 -warn-error A-4-9-32-33-34  -g -I +compiler-libs -I +unix -c locident.mli\nocamlc -annot -bin-annot -w A-4-9 -warn-error A-4-9-32-33-34  -g -I +compiler-libs -I +unix -c locident.ml\nocamlc -annot -bin-annot -w A-4-9 -warn-error A-4-9-32-33-34  -g -I +compiler-libs -I +unix -c typeFix.mli\nocamlc -annot -bin-annot -w A-4-9 -warn-error A-4-9-32-33-34  -g -I +compiler-libs -I +unix -c typeFix.ml\nocamlc -annot -bin-annot -w A-4-9 -warn-error A-4-9-32-33-34  -g -I +compiler-libs -I +unix -c xprinttyp.mli\nocamlc -annot -bin-annot -w A-4-9 -warn-error A-4-9-32-33-34  -g -I +compiler-libs -I +unix -c xprinttyp.ml\nocamlc -annot -bin-annot -w A-4-9 -warn-error A-4-9-32-33-34  -g -I +compiler-libs -I +unix -c ext.ml\nocamlc -annot -bin-annot -w A-4-9 -warn-error A-4-9-32-33-34  -g -I +compiler-libs -I +unix -c ttfold.ml\n### stderr ###\n...[truncated]\nFile \"ttfold.ml\", line 16, characters 0-14:\nWarning 44: this open statement shadows the type identifier class_signature (which is later used)\nFile \"ttfold.ml\", line 16, characters 0-14:\nWarning 44: this open statement shadows the type identifier class_declaration (which is later used)\nFile \"ttfold.ml\", line 16, characters 0-14:\nWarning 44: this open statement shadows the type identifier class_type_declaration (which is later used)\nFile \"ttfold.ml\", line 52, characters 10-55:\nError: The constructor Tpat_construct expects 4 argument(s),\n       but is applied here to 5 argument(s)\nmake: *** [ttfold.cmo] Error 2\n\n'/home/ocamlot/bin/opam install --verbose --yes ocamlspot.4.00.1.2.1.2' failed.\n")))))(duration 791.5464940071105957)(info"Compiler: 4.01.0+dev18-2013-06-13\nOPAM: 906148762451b31968ec457dad29a02c3e94c903\nOCAMLRUNPARAM = b\nHOME = /home/ocamlot/ocamlot/worker/build/ocamlot/ocamlot.work.2013-06-27.34\nPATH = /home/ocamlot/ocamlot/worker/build/ocamlot/ocamlot.work.2013-06-27.34/opam-install/system/bin:/home/ocamlot/ocamlot/worker/build/ocamlot/ocamlot.work.2013-06-27.34:/home/ocamlot/ocamlot/worker/ocaml/4.01/bin:/home/ocamlot/bin:/home/ocamlot/.opam/4.01.0dev+trunk/bin:/usr/local/sbin:/usr/local/bin:/usr/sbin:/usr/bin:/sbin:/bin:/usr/local/games:/usr/games\nMANPATH = /home/ocamlot/ocamlot/worker/build/ocamlot/ocamlot.work.2013-06-27.34/opam-install/system/man:\nOCAML_TOPLEVEL_PATH = /home/ocamlot/ocamlot/worker/build/ocamlot/ocamlot.work.2013-06-27.34/opam-install/system/lib/toplevel\nOPAMROOT = /home/ocamlot/ocamlot/worker/build/ocamlot/ocamlot.work.2013-06-27.34/opam-install\nCAML_LD_LIBRARY_PATH = /home/ocamlot/ocamlot/worker/build/ocamlot/ocamlot.work.2013-06-27.34/opam-install/system/lib/stublibs:/home/ocamlot/ocamlot/worker/ocaml/4.01/lib/ocaml/stublibs\n"))))(1372334331.9826309681(Checked_in 9))(1372334307.9529800415(Checked_in 9))(1372334283.9042160511(Checked_in 9))(1372334259.8739409447(Checked_in 9))(1372334235.8427290916(Checked_in 9))(1372334211.815764904(Checked_in 9))(1372334187.7880010605(Checked_in 9))(1372334163.7377490997(Checked_in 9))(1372334139.7091100216(Checked_in 9))(1372334115.6455340385(Checked_in 9))(1372334091.6013429165(Checked_in 9))(1372334067.559212923(Checked_in 9))(1372334043.5126769543(Checked_in 9))(1372334019.4538309574(Checked_in 9))(1372333995.4049239159(Checked_in 9))(1372333971.3555350304(Checked_in 9))(1372333947.327078104(Checked_in 9))(1372333923.2706580162(Checked_in 9))(1372333899.2381269932(Checked_in 9))(1372333875.1898579597(Checked_in 9))(1372333851.1396899223(Checked_in 9))(1372333827.0912139416(Checked_in 9))(1372333803.042167902(Checked_in 9))(1372333779.0135419369(Checked_in 9))(1372333754.9709050655(Checked_in 9))(1372333730.9518749714(Checked_in 9))(1372333706.9128398895(Checked_in 9))(1372333682.884223938(Checked_in 9))(1372333658.8570599556(Checked_in 9))(1372333634.808382988(Checked_in 9))(1372333610.7599179745(Checked_in 9))(1372333586.7108271122(Checked_in 9))(1372333562.6824998856(Checked_in 9))(1372333538.6211769581(Started 9))(1372294299.0767989159(Advertized((os Linux)(arch Armv6l))))))(host((os Linux)(arch Armv6l)))(job(Opam((diff(((repo((url"")(repo_url(URL git://github.com/OCamlPro/opam-repository.git))))(label OCamlPro/opam-repository:master)(reference(Ref master)))))(packages(ocamlspot.4.00.1.2.1.2))(target((host((os Linux)(arch Armv6l)))(compiler((c_version 4.01.0)(c_build"")))))(action Build)))))