((href https://github.com/OCamlPro/opam-repository/blob/master/packages/archimedes.0.4.15/opam)(log((1377915313.9035670757(Completed 10((status(Failed((Dep_error lablgtk.2.16.0()))(Process(Exited 4)((r_cmd opam)(r_args(install --verbose --yes archimedes.0.4.15))(r_env(OCAMLRUNPARAM=b HOME=/tmp/ocamlot/ocamlot.work.2013-08-31.12 PATH=/tmp/ocamlot/ocamlot.work.2013-08-31.12/opam-install/system/bin:/tmp/ocamlot/ocamlot.work.2013-08-31.12:/home/avsm/worker/ocaml/4.01/bin:/home/avsm/.opam/4.01.0beta1/bin:/home/avsm/inst/bin:/home/avsm/inst/bin:/usr/local/bin:/usr/bin:/bin:/usr/local/games:/usr/games MANPATH=/tmp/ocamlot/ocamlot.work.2013-08-31.12/opam-install/system/man: OCAML_TOPLEVEL_PATH=/tmp/ocamlot/ocamlot.work.2013-08-31.12/opam-install/system/lib/toplevel PERL5LIB=/tmp/ocamlot/ocamlot.work.2013-08-31.12/opam-install/system/lib/perl5 OPAMROOT=/tmp/ocamlot/ocamlot.work.2013-08-31.12/opam-install CAML_LD_LIBRARY_PATH=/tmp/ocamlot/ocamlot.work.2013-08-31.12/opam-install/system/lib/stublibs:/home/avsm/worker/ocaml/4.01/lib/ocaml/stublibs))(r_cwd /tmp/ocamlot/ocamlot.work.2013-08-31.12)(r_duration 81.838090896606445312)(r_stdout"The following actions will be performed:\n - install ocamlfind.1.4.0 [required by archimedes]\n - install lablgtk.2.16.0 [required by archimedes]\n - install cairo2.0.4.5 [required by archimedes]\n - install archimedes.0.4.15\n4 to install | 0 to reinstall | 0 to upgrade | 0 to downgrade | 0 to remove\n\n=-=-= Installing ocamlfind.1.4.0 =-=-=\nocamlfind.1.4.0 Downloading http://download.camlcity.org/download/findlib-1.4.tar.gz\n  % Total    % Received % Xferd  Average Speed   Time    Time     Time  Current\n                                 Dload  Upload   Total   Spent    Left  Speed\n\r  0     0    0     0    0     0      0      0 --:--:-- --:--:-- --:--:--     0\r100  226k  100  226k    0     0   792k      0 --:--:-- --:--:-- --:--:--  200\n879k\nCopying /tmp/ocamlot/ocamlot.work.2013-08-31.12/opam-install/packages/ocamlfind/ocamlfind.1.4.0/files/ocamlfind.install to /tmp/ocamlot/ocamlot.work.2013-08-31.12/opam-install/system/build/ocamlfind.1.4.0/\nBuilding ocamlfind.1.4.0:\n  ./configure -bindir /tmp/ocamlot/ocamlot.work.2013-08-31.12/opam-install/system/bin -sitelib /tmp/ocamlot/ocamlot.work.2013-08-31.12/opam-install/system/lib -mandir /tmp/ocamlot/ocamlot.work.2013-08-31.12/opam-install/system/man -config /tmp/ocamlot/ocamlot.work.2013-08-31.12/opam-install/system/lib/findlib.conf -no-topfind\n  make all\n  make opt\n  make install\nWelcome to findlib version 1.4\nConfiguring core...\nChecking for #remove_directory...\nTesting threading model...\nsysthread_supported: true\nTesting DLLs...\nConfiguring libraries...\nnative dynlink: found\nlabltk: not present\nocamlbuild: found\ncamlp4: using camlp4, style 310\ncompiler-libs: found\ndbm: not present (normal since OCaml-4.00)\nConfiguration for dynlink written to site-lib-src/dynlink/META\nConfiguration for graphics written to site-lib-src/graphics/META\nConfiguration for num written to site-lib-src/num/META\nConfiguration for num-top written to site-lib-src/num-top/META\nConfiguration for str written to site-lib-src/str/META\nConfiguration for threads written to site-lib-src/threads/META\nConfiguration for unix written to site-lib-src/unix/META\nConfiguration for stdlib written to site-lib-src/stdlib/META\nConfiguration for bigarray written to site-lib-src/bigarray/META\nConfiguration for camlp4 written to site-lib-src/camlp4/META\nConfiguration for ocamlbuild written to site-lib-src/ocamlbuild/META\nConfiguration for compiler-libs written to site-lib-src/compiler-libs/META\nDetecting compiler arguments: (extractor built) ok\n\nAbout the OCAML core installation:\n    Standard library:      /home/avsm/worker/ocaml/4.01/lib/ocaml\n    Binaries:              /home/avsm/worker/ocaml/4.01/bin\n    Manual pages:          /home/avsm/worker/ocaml/4.01/man\n    Multi-threading type:  posix\nThe directory of site-specific packages will be\n    site-lib:              /tmp/ocamlot/ocamlot.work.2013-08-31.12/opam-install/system/lib\nThe configuration file is written to:\n    findlib config file:   /tmp/ocamlot/ocamlot.work.2013-08-31.12/opam-install/system/lib/findlib.conf\nSoftware will be installed:\n    Libraries:             in <site-lib>/findlib\n    Binaries:              /tmp/ocamlot/ocamlot.work.2013-08-31.12/opam-install/system/bin\n    Manual pages:          /tmp/ocamlot/ocamlot.work.2013-08-31.12/opam-install/system/man\n    topfind script:        omitted\nToolbox:                   no\nLink custom runtime:       yes\n\nConfiguration has been written to Makefile.config\n\nYou can now do 'make all', and optionally 'make opt', to build ocamlfind.\nfor p in findlib; do ( cd src/$p; make all ); done\nmake[1]: Entering directory `/tmp/ocamlot/ocamlot.work.2013-08-31.12/opam-install/system/build/ocamlfind.1.4.0/src/findlib'\nMakefile:147: depend: No such file or directory\nocamllex fl_meta.mll\n22 states, 392 transitions, table size 1700 bytes\nocamldep *.ml *.mli >depend\nmake[1]: Leaving directory `/tmp/ocamlot/ocamlot.work.2013-08-31.12/opam-install/system/build/ocamlfind.1.4.0/src/findlib'\nmake[1]: Entering directory `/tmp/ocamlot/ocamlot.work.2013-08-31.12/opam-install/system/build/ocamlfind.1.4.0/src/findlib'\nUSE_CYGPATH=\"0\"; \\\n\texport USE_CYGPATH; \\\n\tcat findlib_config.mlp | \\\n\t\t../../tools/patch '@CONFIGFILE@' '/tmp/ocamlot/ocamlot.work.2013-08-31.12/opam-install/system/lib/findlib.conf' | \\\n\t\t../../tools/patch '@STDLIB@' '/home/avsm/worker/ocaml/4.01/lib/ocaml' | \\\n\t\tsed -e 's;@AUTOLINK@;true;g' \\\n\t\t    -e 's;@SYSTEM@;linux_eabi;g' \\\n\t\t     >findlib_config.ml\nocamlc -I +compiler-libs -g -c findlib_config.ml\nocamlc -I +compiler-libs -g -c fl_split.ml\nocamlc -I +compiler-libs -g -c fl_metatoken.ml\nocamlc -I +compiler-libs -g -c fl_meta.ml\nocamlc -I +compiler-libs -c fl_metascanner.mli\nocamlc -I +compiler-libs -g -c fl_metascanner.ml\nocamlc -I +compiler-libs -c fl_topo.mli\nocamlc -I +compiler-libs -g -c fl_topo.ml\nFile \"fl_topo.ml\", line 283, characters 10-22:\nWarning 26: unused variable in_direction.\nFile \"fl_topo.ml\", line 219, characters 36-37:\nWarning 3: deprecated feature: operator (&); you should use (&&) instead\nocamlc -I +compiler-libs -c fl_package_base.mli\nocamlc -I +compiler-libs -g -c fl_package_base.ml\nocamlc -I +compiler-libs -c findlib.mli\nocamlc -I +compiler-libs -g -c findlib.ml\nocamlc -I +compiler-libs -g -c fl_args.ml\nocamlc -I +compiler-libs -a -o findlib.cma findlib_config.cmo fl_split.cmo fl_metatoken.cmo fl_meta.cmo fl_metascanner.cmo fl_topo.cmo fl_package_base.cmo findlib.cmo fl_args.cmo\nocamlc -I +compiler-libs -g -c ocaml_args.ml\nocamlc -I +compiler-libs -g -c frontend.ml\nocamlc -I +compiler-libs -custom -o ocamlfind -g findlib.cma unix.cma \\\n\t           ocaml_args.cmo frontend.cmo\nocamlc -I +compiler-libs -c topfind.mli\nocamlc -I +compiler-libs -g -c topfind.ml\nFile \"topfind.ml\", line 54, characters 10-19:\nWarning 26: unused variable stdlibdir.\nFile \"topfind.ml\", line 97, characters 11-12:\nWarning 26: unused variable d.\nocamlc -I +compiler-libs -a -o findlib_top.cma topfind.cmo\nUSE_CYGPATH=\"0\"; \\\n\texport USE_CYGPATH; \\\n\tcat topfind_rd1.p | \\\n\t\t../../tools/patch '@SITELIB@' '/tmp/ocamlot/ocamlot.work.2013-08-31.12/opam-install/system/lib' \\\n\t    \t    >topfind\nocamlc -I +compiler-libs -c num_top_printers.mli\nocamlc -I +compiler-libs -g -c num_top_printers.ml\nocamlc -I +compiler-libs -c num_top.mli\nocamlc -I +compiler-libs -g -c num_top.ml\nocamlc -I +compiler-libs -a -o num_top.cma num_top_printers.cmo num_top.cmo\nmake[1]: Leaving directory `/tmp/ocamlot/ocamlot.work.2013-08-31.12/opam-install/system/build/ocamlfind.1.4.0/src/findlib'\nmake all-config\nmake[1]: Entering directory `/tmp/ocamlot/ocamlot.work.2013-08-31.12/opam-install/system/build/ocamlfind.1.4.0'\nUSE_CYGPATH=\"0\"; \\\n\texport USE_CYGPATH; \\\n\tcat findlib.conf.in | \\\n\t\ttools/patch '@SITELIB@' '/tmp/ocamlot/ocamlot.work.2013-08-31.12/opam-install/system/lib' >findlib.conf\nif ocamlc.opt >/dev/null 2>&1; then \\\n\t\techo 'ocamlc=\"ocamlc.opt\"' >>findlib.conf; \\\n\tfi\nif ocamlopt.opt >/dev/null 2>&1; then \\\n\t\techo 'ocamlopt=\"ocamlopt.opt\"' >>findlib.conf; \\\n\tfi\nif ocamldep.opt >/dev/null 2>&1; then \\\n\t\techo 'ocamldep=\"ocamldep.opt\"' >>findlib.conf; \\\n\tfi\nif ocamldoc.opt >/dev/null 2>&1; then \\\n\t\techo 'ocamldoc=\"ocamldoc.opt\"' >>findlib.conf; \\\n\tfi\nmake[1]: Leaving directory `/tmp/ocamlot/ocamlot.work.2013-08-31.12/opam-install/system/build/ocamlfind.1.4.0'\nfor p in findlib; do ( cd src/$p; make opt ); done\nmake[1]: Entering directory `/tmp/ocamlot/ocamlot.work.2013-08-31.12/opam-install/system/build/ocamlfind.1.4.0/src/findlib'\nocamlopt -I +compiler-libs -c findlib_config.ml\nocamlopt -I +compiler-libs -c fl_split.ml\nocamlopt -I +compiler-libs -c fl_metatoken.ml\nocamlopt -I +compiler-libs -c fl_meta.ml\nocamlopt -I +compiler-libs -c fl_metascanner.ml\nocamlopt -I +compiler-libs -c fl_topo.ml\nFile \"fl_topo.ml\", line 283, characters 10-22:\nWarning 26: unused variable in_direction.\nFile \"fl_topo.ml\", line 219, characters 36-37:\nWarning 3: deprecated feature: operator (&); you should use (&&) instead\nocamlopt -I +compiler-libs -c fl_package_base.ml\nocamlopt -I +compiler-libs -c findlib.ml\nocamlopt -I +compiler-libs -c fl_args.ml\nocamlopt -I +compiler-libs -a -o findlib.cmxa findlib_config.cmx fl_split.cmx fl_metatoken.cmx fl_meta.cmx fl_metascanner.cmx fl_topo.cmx fl_package_base.cmx findlib.cmx fl_args.cmx\nocamlopt -I +compiler-libs -c ocaml_args.ml\nocamlopt -I +compiler-libs -c frontend.ml\nocamlopt -I +compiler-libs -o ocamlfind_opt findlib.cmxa unix.cmxa \\\n\t\t   ocaml_args.cmx frontend.cmx\nmake[1]: Leaving directory `/tmp/ocamlot/ocamlot.work.2013-08-31.12/opam-install/system/build/ocamlfind.1.4.0/src/findlib'\nmkdir -p \"/tmp/ocamlot/ocamlot.work.2013-08-31.12/opam-install/system/bin\"\nmkdir -p \"/tmp/ocamlot/ocamlot.work.2013-08-31.12/opam-install/system/man\"\nfor p in findlib; do ( cd src/$p; make install ); done\nmake[1]: Entering directory `/tmp/ocamlot/ocamlot.work.2013-08-31.12/opam-install/system/build/ocamlfind.1.4.0/src/findlib'\nmkdir -p \"/tmp/ocamlot/ocamlot.work.2013-08-31.12/opam-install/system/lib/findlib\"\nmkdir -p \"/tmp/ocamlot/ocamlot.work.2013-08-31.12/opam-install/system/bin\"\ntest 0 -eq 0 || cp topfind \"/home/avsm/worker/ocaml/4.01/lib/ocaml\"\nfiles=`../../tools/collect_files ../../Makefile.config findlib.cmi findlib.mli findlib.cma topfind.cmi topfind.mli fl_package_base.mli fl_package_base.cmi fl_metascanner.mli fl_metascanner.cmi fl_metatoken.cmi findlib_top.cma findlib.cmxa findlib.a META` && \\\n\tcp $files \"/tmp/ocamlot/ocamlot.work.2013-08-31.12/opam-install/system/lib/findlib\"\nf=\"ocamlfind\"; { test -f ocamlfind_opt && f=\"ocamlfind_opt\"; }; \\\n\tcp $f \"/tmp/ocamlot/ocamlot.work.2013-08-31.12/opam-install/system/bin/ocamlfind\"\n# the following \"if\" block is only needed for 4.00beta2\nif [ 1 -eq 0 -a -f \"/home/avsm/worker/ocaml/4.01/lib/ocaml/compiler-libs/topdirs.cmi\" ]; then \\\n\t    cd \"/home/avsm/worker/ocaml/4.01/lib/ocaml/compiler-libs/\"; \\\n\t    cp topdirs.cmi toploop.cmi \"/tmp/ocamlot/ocamlot.work.2013-08-31.12/opam-install/system/lib/findlib/\"; \\\n\tfi\nmake[1]: Leaving directory `/tmp/ocamlot/ocamlot.work.2013-08-31.12/opam-install/system/build/ocamlfind.1.4.0/src/findlib'\nmake install-meta\nmake[1]: Entering directory `/tmp/ocamlot/ocamlot.work.2013-08-31.12/opam-install/system/build/ocamlfind.1.4.0'\nfor x in `ls site-lib-src`; do if [ \"$x\" != \"CVS\" -a -f \"site-lib-src/$x/META\" ]; then mkdir -p \"/tmp/ocamlot/ocamlot.work.2013-08-31.12/opam-install/system/lib/$x\"; cp site-lib-src/$x/META \"/tmp/ocamlot/ocamlot.work.2013-08-31.12/opam-install/system/lib/$x\"; fi; done\nmake[1]: Leaving directory `/tmp/ocamlot/ocamlot.work.2013-08-31.12/opam-install/system/build/ocamlfind.1.4.0'\ncd src/findlib; make install-num-top\nmake[1]: Entering directory `/tmp/ocamlot/ocamlot.work.2013-08-31.12/opam-install/system/build/ocamlfind.1.4.0/src/findlib'\nmkdir -p \"/tmp/ocamlot/ocamlot.work.2013-08-31.12/opam-install/system/lib/num-top\"\ncp num_top.cma num_top.cmi num_top_printers.cmi \\\n\t\t\"/tmp/ocamlot/ocamlot.work.2013-08-31.12/opam-install/system/lib/num-top\"\nmake[1]: Leaving directory `/tmp/ocamlot/ocamlot.work.2013-08-31.12/opam-install/system/build/ocamlfind.1.4.0/src/findlib'\nmake install-config\nmake[1]: Entering directory `/tmp/ocamlot/ocamlot.work.2013-08-31.12/opam-install/system/build/ocamlfind.1.4.0'\nmkdir -p \"`dirname \\\"/tmp/ocamlot/ocamlot.work.2013-08-31.12/opam-install/system/lib/findlib.conf\\\"`\"\ntest -f \"/tmp/ocamlot/ocamlot.work.2013-08-31.12/opam-install/system/lib/findlib.conf\" || cp findlib.conf \"/tmp/ocamlot/ocamlot.work.2013-08-31.12/opam-install/system/lib/findlib.conf\"\nmake[1]: Leaving directory `/tmp/ocamlot/ocamlot.work.2013-08-31.12/opam-install/system/build/ocamlfind.1.4.0'\ncp tools/safe_camlp4 \"/tmp/ocamlot/ocamlot.work.2013-08-31.12/opam-install/system/bin\"\nmake install-doc\nmake[1]: Entering directory `/tmp/ocamlot/ocamlot.work.2013-08-31.12/opam-install/system/build/ocamlfind.1.4.0'\nmkdir -p /tmp/ocamlot/ocamlot.work.2013-08-31.12/opam-install/system/man/man1 /tmp/ocamlot/ocamlot.work.2013-08-31.12/opam-install/system/man/man3 /tmp/ocamlot/ocamlot.work.2013-08-31.12/opam-install/system/man/man5\ncp doc/ref-man/ocamlfind.1 /tmp/ocamlot/ocamlot.work.2013-08-31.12/opam-install/system/man/man1\ncp doc/ref-man/META.5 doc/ref-man/site-lib.5 doc/ref-man/findlib.conf.5 /tmp/ocamlot/ocamlot.work.2013-08-31.12/opam-install/system/man/man5\nmake[1]: Leaving directory `/tmp/ocamlot/ocamlot.work.2013-08-31.12/opam-install/system/build/ocamlfind.1.4.0'\nInstalling ocamlfind.1.4.0.\n\n=-=-= Installing lablgtk.2.16.0 =-=-=\nlablgtk.2.16.0 Downloading https://forge.ocamlcore.org/frs/download.php/979/lablgtk-2.16.0.tar.gz\n  % Total    % Received % Xferd  Average Speed   Time    Time     Time  Current\n                                 Dload  Upload   Total   Spent    Left  Speed\n\r  0     0    0     0    0     0      0      0 --:--:-- --:--:-- --:--:--     0\r100  768k  100  768k    0     0  1150k      0 --:--:-- --:--:-- --:--:-- 1175k\n200\nCopying /tmp/ocamlot/ocamlot.work.2013-08-31.12/opam-install/packages/lablgtk/lablgtk.2.16.0/files/lablgtk.install to /tmp/ocamlot/ocamlot.work.2013-08-31.12/opam-install/system/build/lablgtk.2.16.0/\nCopying /tmp/ocamlot/ocamlot.work.2013-08-31.12/opam-install/packages/lablgtk/lablgtk.2.16.0/files/lablgldir.patch to /tmp/ocamlot/ocamlot.work.2013-08-31.12/opam-install/system/build/lablgtk.2.16.0/\nApplying lablgldir.patch.\npatching file configure\nBuilding lablgtk.2.16.0:\n  ./configure --prefix /tmp/ocamlot/ocamlot.work.2013-08-31.12/opam-install/system LABLGLDIR=/tmp/ocamlot/ocamlot.work.2013-08-31.12/opam-install/system/lib/lablgl\n  make world\n  make install\nchecking for ocamlc... ocamlc\nocaml version is 4.01.0+dev22-2013-08-20\nocaml library path is /home/avsm/worker/ocaml/4.01/lib/ocaml\nDefault install dirs are : /home/avsm/worker/ocaml/4.01/lib/ocaml/lablgtk2 and /home/avsm/worker/ocaml/4.01/lib/ocaml/stublibs\nCompile with ocamlc -I +lablgtk2\nchecking for ocamlopt... ocamlopt\nchecking ocamlopt version... ok\nchecking for ocamlc.opt... ocamlc.opt\nchecking ocamlc.opt version... ok\nchecking for ocamlopt.opt... ocamlopt.opt\nchecking ocamlc.opt version... ok\nchecking for ocamlrun... ocamlrun\nchecking for ocamldep... ocamldep\nchecking for ocamldoc... ocamldoc\nchecking for ocamllex... ocamllex\nchecking for ocamlyacc... ocamlyacc\nchecking for ocamlmktop... ocamlmktop\nchecking for ocamlmklib... ocamlmklib\nchecking for camlp4o... camlp4o\nchecking for ocaml threads... use system threads\nchecking for ocaml dll support... yes\nchecking for ranlib... ranlib\nOCaml uses gcc to compile C files\nchecking for gcc... gcc\nchecking whether the C compiler works... yes\nchecking for C compiler default output file name... a.out\nchecking for suffix of executables... \nchecking whether we are cross compiling... no\nchecking for suffix of object files... o\nchecking whether we are using the GNU C compiler... yes\nchecking whether gcc accepts -g... yes\nchecking for gcc option to accept ISO C89... none needed\nchecking platform... Unix\nchecking native dynlink... checking for pkg-config... /usr/bin/pkg-config\nchecking for GTK+ - version >= 2.0.0... no\n*** Could not run GTK+ test program, checking why...\n*** The test program failed to compile or link. See the file config.log for the\n*** exact error that occured. This usually means GTK+ is incorrectly installed.\nconfigure: error: GTK+ is required\nRemoving lablgtk.2.16.0.\n  ocamlfind remove lablgtk2\nocamlfind: [WARNING] No such directory: /tmp/ocamlot/ocamlot.work.2013-08-31.12/opam-install/system/lib/lablgtk2\n\n")(r_stderr"The compilation of lablgtk.2.16.0 failed.\nDue to some errors while processing lablgtk.2.16.0, the following actions will NOT be proceeded:\n - install cairo2.0.4.5\n - install archimedes.0.4.15\n\n==== ERROR [while installing lablgtk.2.16.0] ====\n# opam-version    1.1.0 (2f1b7c3da3f044c616c0f2fdc63eb669bb46fbc7)\n# os              linux\n# command         ./configure --prefix /tmp/ocamlot/ocamlot.work.2013-08-31.12/opam-install/system LABLGLDIR=/tmp/ocamlot/ocamlot.work.2013-08-31.12/opam-install/system/lib/lablgl\n# path            /tmp/ocamlot/ocamlot.work.2013-08-31.12/opam-install/system/build/lablgtk.2.16.0\n# compiler        system (4.01.0)\n# exit-code       1\n# env-file        /tmp/ocamlot/ocamlot.work.2013-08-31.12/opam-install/system/build/lablgtk.2.16.0/lablgtk-27392-2dea01.env\n# stdout-file     /tmp/ocamlot/ocamlot.work.2013-08-31.12/opam-install/system/build/lablgtk.2.16.0/lablgtk-27392-2dea01.out\n# stderr-file     /tmp/ocamlot/ocamlot.work.2013-08-31.12/opam-install/system/build/lablgtk.2.16.0/lablgtk-27392-2dea01.err\n### stdout ###\n...[truncated]\nchecking for suffix of object files... o\nchecking whether we are using the GNU C compiler... yes\nchecking whether gcc accepts -g... yes\nchecking for gcc option to accept ISO C89... none needed\nchecking platform... Unix\nchecking native dynlink... checking for pkg-config... /usr/bin/pkg-config\nchecking for GTK+ - version >= 2.0.0... no\n*** Could not run GTK+ test program, checking why...\n*** The test program failed to compile or link. See the file config.log for the\n*** exact error that occured. This usually means GTK+ is incorrectly installed.\n### stderr ###\nconfigure: error: GTK+ is required\n\n'opam install --verbose --yes archimedes.0.4.15' failed.\n")))))(duration 601.61946702003479004)(info"Compiler: 4.01.0+dev22-2013-08-20\nOPAM: 2f1b7c3da3f044c616c0f2fdc63eb669bb46fbc7\nOCAMLRUNPARAM = b\nHOME = /tmp/ocamlot/ocamlot.work.2013-08-31.12\nPATH = /tmp/ocamlot/ocamlot.work.2013-08-31.12/opam-install/system/bin:/tmp/ocamlot/ocamlot.work.2013-08-31.12:/home/avsm/worker/ocaml/4.01/bin:/home/avsm/.opam/4.01.0beta1/bin:/home/avsm/inst/bin:/home/avsm/inst/bin:/usr/local/bin:/usr/bin:/bin:/usr/local/games:/usr/games\nMANPATH = /tmp/ocamlot/ocamlot.work.2013-08-31.12/opam-install/system/man:\nOCAML_TOPLEVEL_PATH = /tmp/ocamlot/ocamlot.work.2013-08-31.12/opam-install/system/lib/toplevel\nPERL5LIB = /tmp/ocamlot/ocamlot.work.2013-08-31.12/opam-install/system/lib/perl5\nOPAMROOT = /tmp/ocamlot/ocamlot.work.2013-08-31.12/opam-install\nCAML_LD_LIBRARY_PATH = /tmp/ocamlot/ocamlot.work.2013-08-31.12/opam-install/system/lib/stublibs:/home/avsm/worker/ocaml/4.01/lib/ocaml/stublibs\n"))))(1377915296.5701460838(Checked_in 10))(1377915272.1272749901(Checked_in 10))(1377915247.7039151192(Checked_in 10))(1377915223.2327530384(Checked_in 10))(1377915198.655436039(Checked_in 10))(1377915174.2208230495(Checked_in 10))(1377915149.782337904(Checked_in 10))(1377915125.3387720585(Checked_in 10))(1377915100.9037709236(Checked_in 10))(1377915076.4547259808(Checked_in 10))(1377915052.0063910484(Checked_in 10))(1377915027.5390739441(Checked_in 10))(1377915003.0986549854(Checked_in 10))(1377914978.6444981098(Checked_in 10))(1377914954.1962769032(Checked_in 10))(1377914929.7477319241(Checked_in 10))(1377914905.2957029343(Checked_in 10))(1377914880.8430850506(Checked_in 10))(1377914856.4000980854(Checked_in 10))(1377914831.957998991(Checked_in 10))(1377914807.5034520626(Checked_in 10))(1377914783.0546870232(Checked_in 10))(1377914758.5993568897(Checked_in 10))(1377914734.1686370373(Checked_in 10))(1377914709.7059180737(Started 10))(1377910058.62885499(Advertized((os Linux)(arch Armv5tel))))))(host((os Linux)(arch Armv5tel)))(job(Opam((diff(((repo((url"")(repo_url(URL git://github.com/OCamlPro/opam-repository.git))))(label OCamlPro/opam-repository:master)(reference(Ref master)))))(packages(archimedes.0.4.15))(target((host((os Linux)(arch Armv5tel)))(compiler((c_version 4.01.0)(c_build"")))))(action Build)))))