((href https://github.com/OCamlPro/opam-repository/blob/master/packages/ocaml-buddy.0.6.1/opam)(log((1372171925.0046980381(Completed 0((status(Failed()))(duration 76.37788701057434082)(output((err"The compilation of ocaml-buddy.0.6.1 failed.\n\n==== ERROR [while installing ocaml-buddy.0.6.1] ====\n# opam-version    1.0.1 (df84b0565f0709578c581c1dea82246688d2804f)\n# os              freebsd\n# command         gmake all\n# path            /usr/home/avsm/ocamlot-build/ocamlot.work.2013-06-25.405/opam-install/system/build/ocaml-buddy.0.6.1\n# compiler        system (4.01.0)\n# exit-code       2\n# env-file        /usr/home/avsm/ocamlot-build/ocamlot.work.2013-06-25.405/opam-install/system/build/ocaml-buddy.0.6.1/ocaml-buddy-57056-2dea01.env\n# stdout-file     /usr/home/avsm/ocamlot-build/ocamlot.work.2013-06-25.405/opam-install/system/build/ocaml-buddy.0.6.1/ocaml-buddy-57056-2dea01.out\n# stderr-file     /usr/home/avsm/ocamlot-build/ocamlot.work.2013-06-25.405/opam-install/system/build/ocaml-buddy.0.6.1/ocaml-buddy-57056-2dea01.err\n### stdout ###\n...[truncated]\nlibbuddy_stubs.c:485: error: expected ';' before 'z'\nlibbuddy_stubs.c:485: error: 'x' undeclared (first use in this function)\nlibbuddy_stubs.c:485: error: 'y' undeclared (first use in this function)\nlibbuddy_stubs.c:485: error: 'z' undeclared (first use in this function)\nlibbuddy_stubs.c:485: error: too many arguments to function '_makebdd'\nlibbuddy_stubs.c: In function 'wrapper_bdd_addvarblock':\nlibbuddy_stubs.c:487: error: 'BDD' undeclared (first use in this function)\nlibbuddy_stubs.c:487: error: expected ';' before 'x'\nlibbuddy_stubs.c:487: error: 'x' undeclared (first use in this function)\nCommand exited with code 2.\n### stderr ###\ngmake: *** [_build/buddy.cma] Error 10\n\n'opam install --verbose --yes ocaml-buddy.0.6.1' failed.\n\nOCAMLOT After 76.38s Opam_task.run \"opam install --verbose --yes ocaml-buddy.0.6.1\" failed (4) in 8.65s\n")(out"The following actions will be performed:\n - install ocamlfind.1.3.3 [required by ocaml-buddy]\n - install ocaml-buddy.0.6.1\n2 to install | 0 to reinstall | 0 to upgrade | 0 to downgrade | 0 to remove\n\n=-=-= Installing ocamlfind.1.3.3 =-=-=\nDownloading http://download.camlcity.org/download/findlib-1.3.3.tar.gz.\n  % Total    % Received % Xferd  Average Speed   Time    Time     Time  Current\n                                 Dload  Upload   Total   Spent    Left  Speed\n\r  0     0    0     0    0     0      0      0 --:--:-- --:--:-- --:--:--     0\r200\n100  225k  100  225k    0     0   805k      0 --:--:-- --:--:-- --:--:--  879k\nCopying ocamlfind.install.\nCreating /usr/home/avsm/ocamlot-build/ocamlot.work.2013-06-25.405/opam-install/repo/ocamlot/archives/ocamlfind.1.3.3+opam.tar.gz.\nExtracting /usr/home/avsm/ocamlot-build/ocamlot.work.2013-06-25.405/opam-install/archives/ocamlfind.1.3.3+opam.tar.gz.\nBuilding ocamlfind.1.3.3:\n  ./configure -bindir /usr/home/avsm/ocamlot-build/ocamlot.work.2013-06-25.405/opam-install/system/bin -sitelib /usr/home/avsm/ocamlot-build/ocamlot.work.2013-06-25.405/opam-install/system/lib -mandir /usr/home/avsm/ocamlot-build/ocamlot.work.2013-06-25.405/opam-install/system/man -config /usr/home/avsm/ocamlot-build/ocamlot.work.2013-06-25.405/opam-install/system/lib/findlib.conf -no-topfind\n  gmake all\n  gmake opt\n  gmake install\n  ocamlfind remove dbm\nWelcome to findlib version 1.3.3\nConfiguring core...\nChecking for #remove_directory...\nTesting threading model...\nsysthread_supported: true\nTesting DLLs...\nConfiguring libraries...\nnative dynlink: found\nlabltk: found\nocamlbuild: found\ncamlp4: using camlp4, style 310\ncompiler-libs: found\nConfiguration for dbm written to site-lib-src/dbm/META\nConfiguration for dynlink written to site-lib-src/dynlink/META\nConfiguration for graphics written to site-lib-src/graphics/META\nConfiguration for num written to site-lib-src/num/META\nConfiguration for num-top written to site-lib-src/num-top/META\nConfiguration for str written to site-lib-src/str/META\nConfiguration for threads written to site-lib-src/threads/META\nConfiguration for unix written to site-lib-src/unix/META\nConfiguration for stdlib written to site-lib-src/stdlib/META\nConfiguration for bigarray written to site-lib-src/bigarray/META\nConfiguration for labltk written to site-lib-src/labltk/META\nConfiguration for camlp4 written to site-lib-src/camlp4/META\nConfiguration for ocamlbuild written to site-lib-src/ocamlbuild/META\nConfiguration for compiler-libs written to site-lib-src/compiler-libs/META\nDetecting compiler arguments: (extractor built) ok\n\nAbout the OCAML core installation:\n    Standard library:      /usr/home/avsm/src/git/avsm/worker/ocaml/4.01/lib/ocaml\n    Binaries:              /usr/home/avsm/src/git/avsm/worker/ocaml/4.01/bin\n    Manual pages:          /usr/home/avsm/src/git/avsm/worker/ocaml/4.01/man\n    Multi-threading type:  posix\nThe directory of site-specific packages will be\n    site-lib:              /usr/home/avsm/ocamlot-build/ocamlot.work.2013-06-25.405/opam-install/system/lib\nThe configuration file is written to:\n    findlib config file:   /usr/home/avsm/ocamlot-build/ocamlot.work.2013-06-25.405/opam-install/system/lib/findlib.conf\nSoftware will be installed:\n    Libraries:             in <site-lib>/findlib\n    Binaries:              /usr/home/avsm/ocamlot-build/ocamlot.work.2013-06-25.405/opam-install/system/bin\n    Manual pages:          /usr/home/avsm/ocamlot-build/ocamlot.work.2013-06-25.405/opam-install/system/man\n    topfind script:        omitted\nToolbox:                   no\n\nConfiguration has been written to Makefile.config\n\nYou can now do 'make all', and optionally 'make opt', to build ocamlfind.\nfor p in findlib; do ( cd src/$p; gmake all ); done\ngmake[1]: Entering directory `/usr/home/avsm/ocamlot-build/ocamlot.work.2013-06-25.405/opam-install/system/build/ocamlfind.1.3.3/src/findlib'\nMakefile:142: depend: No such file or directory\nocamllex fl_meta.mll\n22 states, 392 transitions, table size 1700 bytes\ncamlp4 pa_o.cmo pa_op.cmo pr_o.cmo -- -impl fl_metascanner.src -o fl_metascanner.ml\nocamldep *.ml *.mli >depend\ngmake[1]: Leaving directory `/usr/home/avsm/ocamlot-build/ocamlot.work.2013-06-25.405/opam-install/system/build/ocamlfind.1.3.3/src/findlib'\ngmake[1]: Entering directory `/usr/home/avsm/ocamlot-build/ocamlot.work.2013-06-25.405/opam-install/system/build/ocamlfind.1.3.3/src/findlib'\nUSE_CYGPATH=\"0\"; \\\nexport USE_CYGPATH; \\\ncat findlib_config.mlp | \\\n\t../../tools/patch '@CONFIGFILE@' '/usr/home/avsm/ocamlot-build/ocamlot.work.2013-06-25.405/opam-install/system/lib/findlib.conf' | \\\n\t../../tools/patch '@STDLIB@' '/usr/home/avsm/src/git/avsm/worker/ocaml/4.01/lib/ocaml' | \\\n\tsed -e 's;@AUTOLINK@;true;g' \\\n\t    -e 's;@SYSTEM@;bsd_elf;g' \\\n\t     >findlib_config.ml\nocamlc -I +compiler-libs -g -c findlib_config.ml\nocamlc -I +compiler-libs -g -c fl_split.ml\nocamlc -I +compiler-libs -g -c fl_metatoken.ml\nocamlc -I +compiler-libs -g -c fl_meta.ml\nocamlc -I +compiler-libs -c fl_metascanner.mli\nocamlc -I +compiler-libs -g -c fl_metascanner.ml\nocamlc -I +compiler-libs -c fl_topo.mli\nocamlc -I +compiler-libs -g -c fl_topo.ml\nFile \"fl_topo.ml\", line 283, characters 10-22:\nWarning 26: unused variable in_direction.\nFile \"fl_topo.ml\", line 219, characters 36-37:\nWarning 3: deprecated feature: operator (&); you should use (&&) instead\nocamlc -I +compiler-libs -c fl_package_base.mli\nocamlc -I +compiler-libs -g -c fl_package_base.ml\nocamlc -I +compiler-libs -c findlib.mli\nocamlc -I +compiler-libs -g -c findlib.ml\nocamlc -I +compiler-libs -g -c fl_args.ml\nocamlc -I +compiler-libs -a -o findlib.cma findlib_config.cmo fl_split.cmo fl_metatoken.cmo fl_meta.cmo fl_metascanner.cmo fl_topo.cmo fl_package_base.cmo findlib.cmo fl_args.cmo\nocamlc -I +compiler-libs -g -c ocaml_args.ml\nocamlc -I +compiler-libs -g -c frontend.ml\nocamlc -I +compiler-libs -custom -o ocamlfind -g findlib.cma unix.cma \\\n           ocaml_args.cmo frontend.cmo\nocamlc -I +compiler-libs -c topfind.mli\nocamlc -I +compiler-libs -g -c topfind.ml\nFile \"topfind.ml\", line 53, characters 10-19:\nWarning 26: unused variable stdlibdir.\nFile \"topfind.ml\", line 97, characters 11-12:\nWarning 26: unused variable d.\nocamlc -I +compiler-libs -a -o findlib_top.cma topfind.cmo\nUSE_CYGPATH=\"0\"; \\\nexport USE_CYGPATH; \\\ncat topfind_rd1.p | \\\n\t../../tools/patch '@SITELIB@' '/usr/home/avsm/ocamlot-build/ocamlot.work.2013-06-25.405/opam-install/system/lib' \\\n    \t    >topfind\nocamlc -I +compiler-libs -c num_top_printers.mli\nocamlc -I +compiler-libs -g -c num_top_printers.ml\nocamlc -I +compiler-libs -c num_top.mli\nocamlc -I +compiler-libs -g -c num_top.ml\nocamlc -I +compiler-libs -a -o num_top.cma num_top_printers.cmo num_top.cmo\ngmake[1]: Leaving directory `/usr/home/avsm/ocamlot-build/ocamlot.work.2013-06-25.405/opam-install/system/build/ocamlfind.1.3.3/src/findlib'\ngmake all-config\ngmake[1]: Entering directory `/usr/home/avsm/ocamlot-build/ocamlot.work.2013-06-25.405/opam-install/system/build/ocamlfind.1.3.3'\nUSE_CYGPATH=\"0\"; \\\nexport USE_CYGPATH; \\\ncat findlib.conf.in | \\\n\ttools/patch '@SITELIB@' '/usr/home/avsm/ocamlot-build/ocamlot.work.2013-06-25.405/opam-install/system/lib' >findlib.conf\nif ocamlc.opt >/dev/null 2>&1; then \\\n\techo 'ocamlc=\"ocamlc.opt\"' >>findlib.conf; \\\nfi\nif ocamlopt.opt >/dev/null 2>&1; then \\\n\techo 'ocamlopt=\"ocamlopt.opt\"' >>findlib.conf; \\\nfi\nif ocamldep.opt >/dev/null 2>&1; then \\\n\techo 'ocamldep=\"ocamldep.opt\"' >>findlib.conf; \\\nfi\ngmake[1]: Leaving directory `/usr/home/avsm/ocamlot-build/ocamlot.work.2013-06-25.405/opam-install/system/build/ocamlfind.1.3.3'\nfor p in findlib; do ( cd src/$p; gmake opt ); done\ngmake[1]: Entering directory `/usr/home/avsm/ocamlot-build/ocamlot.work.2013-06-25.405/opam-install/system/build/ocamlfind.1.3.3/src/findlib'\nocamlopt -I +compiler-libs -c findlib_config.ml\nocamlopt -I +compiler-libs -c fl_split.ml\nocamlopt -I +compiler-libs -c fl_metatoken.ml\nocamlopt -I +compiler-libs -c fl_meta.ml\nocamlopt -I +compiler-libs -c fl_metascanner.ml\nocamlopt -I +compiler-libs -c fl_topo.ml\nFile \"fl_topo.ml\", line 283, characters 10-22:\nWarning 26: unused variable in_direction.\nFile \"fl_topo.ml\", line 219, characters 36-37:\nWarning 3: deprecated feature: operator (&); you should use (&&) instead\nocamlopt -I +compiler-libs -c fl_package_base.ml\nocamlopt -I +compiler-libs -c findlib.ml\nocamlopt -I +compiler-libs -c fl_args.ml\nocamlopt -I +compiler-libs -a -o findlib.cmxa findlib_config.cmx fl_split.cmx fl_metatoken.cmx fl_meta.cmx fl_metascanner.cmx fl_topo.cmx fl_package_base.cmx findlib.cmx fl_args.cmx\nocamlopt -I +compiler-libs -c ocaml_args.ml\nocamlopt -I +compiler-libs -c frontend.ml\nocamlopt -I +compiler-libs -o ocamlfind_opt findlib.cmxa unix.cmxa \\\n\t   ocaml_args.cmx frontend.cmx\ngmake[1]: Leaving directory `/usr/home/avsm/ocamlot-build/ocamlot.work.2013-06-25.405/opam-install/system/build/ocamlfind.1.3.3/src/findlib'\nmkdir -p \"/usr/home/avsm/ocamlot-build/ocamlot.work.2013-06-25.405/opam-install/system/bin\"\nmkdir -p \"/usr/home/avsm/ocamlot-build/ocamlot.work.2013-06-25.405/opam-install/system/man\"\nfor p in findlib; do ( cd src/$p; gmake install ); done\ngmake[1]: Entering directory `/usr/home/avsm/ocamlot-build/ocamlot.work.2013-06-25.405/opam-install/system/build/ocamlfind.1.3.3/src/findlib'\nmkdir -p \"/usr/home/avsm/ocamlot-build/ocamlot.work.2013-06-25.405/opam-install/system/lib/findlib\"\nmkdir -p \"/usr/home/avsm/ocamlot-build/ocamlot.work.2013-06-25.405/opam-install/system/bin\"\ntest 0 -eq 0 || cp topfind \"/usr/home/avsm/src/git/avsm/worker/ocaml/4.01/lib/ocaml\"\nfiles=`../../tools/collect_files ../../Makefile.config findlib.cmi findlib.mli findlib.cma topfind.cmi topfind.mli fl_package_base.mli fl_package_base.cmi fl_metascanner.mli fl_metascanner.cmi fl_metatoken.cmi findlib_top.cma findlib.cmxa findlib.a META` && \\\ncp $files \"/usr/home/avsm/ocamlot-build/ocamlot.work.2013-06-25.405/opam-install/system/lib/findlib\"\nf=\"ocamlfind\"; { test -f ocamlfind_opt && f=\"ocamlfind_opt\"; }; \\\ncp $f \"/usr/home/avsm/ocamlot-build/ocamlot.work.2013-06-25.405/opam-install/system/bin/ocamlfind\"\n# the following \"if\" block is only needed for 4.00beta2\nif [ 1 -eq 0 -a -f \"/usr/home/avsm/src/git/avsm/worker/ocaml/4.01/lib/ocaml/compiler-libs/topdirs.cmi\" ]; then \\\n    cd \"/usr/home/avsm/src/git/avsm/worker/ocaml/4.01/lib/ocaml/compiler-libs/\"; \\\n    cp topdirs.cmi toploop.cmi \"/usr/home/avsm/ocamlot-build/ocamlot.work.2013-06-25.405/opam-install/system/lib/findlib/\"; \\\nfi\ngmake[1]: Leaving directory `/usr/home/avsm/ocamlot-build/ocamlot.work.2013-06-25.405/opam-install/system/build/ocamlfind.1.3.3/src/findlib'\ngmake install-meta\ngmake[1]: Entering directory `/usr/home/avsm/ocamlot-build/ocamlot.work.2013-06-25.405/opam-install/system/build/ocamlfind.1.3.3'\nfor x in `ls site-lib-src`; do if [ \"$x\" != \"CVS\" -a -f \"site-lib-src/$x/META\" ]; then mkdir -p \"/usr/home/avsm/ocamlot-build/ocamlot.work.2013-06-25.405/opam-install/system/lib/$x\"; cp site-lib-src/$x/META \"/usr/home/avsm/ocamlot-build/ocamlot.work.2013-06-25.405/opam-install/system/lib/$x\"; fi; done\ngmake[1]: Leaving directory `/usr/home/avsm/ocamlot-build/ocamlot.work.2013-06-25.405/opam-install/system/build/ocamlfind.1.3.3'\ncd src/findlib; gmake install-num-top\ngmake[1]: Entering directory `/usr/home/avsm/ocamlot-build/ocamlot.work.2013-06-25.405/opam-install/system/build/ocamlfind.1.3.3/src/findlib'\nmkdir -p \"/usr/home/avsm/ocamlot-build/ocamlot.work.2013-06-25.405/opam-install/system/lib/num-top\"\ncp num_top.cma num_top.cmi num_top_printers.cmi \\\n\t\"/usr/home/avsm/ocamlot-build/ocamlot.work.2013-06-25.405/opam-install/system/lib/num-top\"\ngmake[1]: Leaving directory `/usr/home/avsm/ocamlot-build/ocamlot.work.2013-06-25.405/opam-install/system/build/ocamlfind.1.3.3/src/findlib'\ngmake install-config\ngmake[1]: Entering directory `/usr/home/avsm/ocamlot-build/ocamlot.work.2013-06-25.405/opam-install/system/build/ocamlfind.1.3.3'\nmkdir -p \"`dirname \\\"/usr/home/avsm/ocamlot-build/ocamlot.work.2013-06-25.405/opam-install/system/lib/findlib.conf\\\"`\"\ntest -f \"/usr/home/avsm/ocamlot-build/ocamlot.work.2013-06-25.405/opam-install/system/lib/findlib.conf\" || cp findlib.conf \"/usr/home/avsm/ocamlot-build/ocamlot.work.2013-06-25.405/opam-install/system/lib/findlib.conf\"\ngmake[1]: Leaving directory `/usr/home/avsm/ocamlot-build/ocamlot.work.2013-06-25.405/opam-install/system/build/ocamlfind.1.3.3'\ncp tools/safe_camlp4 \"/usr/home/avsm/ocamlot-build/ocamlot.work.2013-06-25.405/opam-install/system/bin\"\ngmake install-doc\ngmake[1]: Entering directory `/usr/home/avsm/ocamlot-build/ocamlot.work.2013-06-25.405/opam-install/system/build/ocamlfind.1.3.3'\nmkdir -p /usr/home/avsm/ocamlot-build/ocamlot.work.2013-06-25.405/opam-install/system/man/man1 /usr/home/avsm/ocamlot-build/ocamlot.work.2013-06-25.405/opam-install/system/man/man3 /usr/home/avsm/ocamlot-build/ocamlot.work.2013-06-25.405/opam-install/system/man/man5\ncp doc/ref-man/ocamlfind.1 /usr/home/avsm/ocamlot-build/ocamlot.work.2013-06-25.405/opam-install/system/man/man1\ncp doc/ref-man/META.5 doc/ref-man/site-lib.5 doc/ref-man/findlib.conf.5 /usr/home/avsm/ocamlot-build/ocamlot.work.2013-06-25.405/opam-install/system/man/man5\ngmake[1]: Leaving directory `/usr/home/avsm/ocamlot-build/ocamlot.work.2013-06-25.405/opam-install/system/build/ocamlfind.1.3.3'\nocamlfind: [WARNING] You are removing the package from /usr/home/avsm/ocamlot-build/ocamlot.work.2013-06-25.405/opam-install/system/lib/dbm but the currently visible package is at /usr/home/avsm/src/git/avsm/worker/ocaml/4.01/lib/ocaml; you may want to specify the -destdir option\nRemoved /usr/home/avsm/ocamlot-build/ocamlot.work.2013-06-25.405/opam-install/system/lib/dbm\nInstalling ocamlfind.1.3.3.\n\n=-=-= Installing ocaml-buddy.0.6.1 =-=-=\nDownloading https://github.com/abate/ocaml-buddy/archive/0.6.1.tar.gz.\n  % Total    % Received % Xferd  Average Speed   Time    Time     Time  Current\n                                 Dload  Upload   Total   Spent    Left  Speed\n\r  0     0    0     0    0     0      0      0 --:--:-- --:--:-- --:--:--     0\r100   124  100   124    0     0    243      0 --:--:-- --:--:-- --:--:--   311\n\r  0   124    0     0    0     0      0      0 --:--:--  0:00:01 --:--:--     0\r100 15079  100 15079    0     0   9367      0  0:00:01  0:00:01 --:--:-- 26641\n200\nCreating /usr/home/avsm/ocamlot-build/ocamlot.work.2013-06-25.405/opam-install/repo/ocamlot/archives/ocaml-buddy.0.6.1+opam.tar.gz.\nExtracting /usr/home/avsm/ocamlot-build/ocamlot.work.2013-06-25.405/opam-install/archives/ocaml-buddy.0.6.1+opam.tar.gz.\nBuilding ocaml-buddy.0.6.1:\n  gmake all\n  gmake opt\n  gmake install\nocamlbuild -classic-display -use-ocamlfind buddy.cma\nocamlfind ocamlopt -I /usr/home/avsm/src/git/avsm/worker/ocaml/4.01/lib/ocaml/ocamlbuild unix.cmxa /usr/home/avsm/src/git/avsm/worker/ocaml/4.01/lib/ocaml/ocamlbuild/ocamlbuildlib.cmxa myocamlbuild.ml /usr/home/avsm/src/git/avsm/worker/ocaml/4.01/lib/ocaml/ocamlbuild/ocamlbuild.cmx -o myocamlbuild\nocamlfind ocamlc -cc gcc -ccopt -fPIC -c libbuddy_stubs.c\n+ ocamlfind ocamlc -cc gcc -ccopt -fPIC -c libbuddy_stubs.c\nlibbuddy_stubs.c:22:17: error: bdd.h: No such file or directory\nlibbuddy_stubs.c:88: error: expected declaration specifiers or '...' before 'BDD'\nlibbuddy_stubs.c: In function '_makebdd':\nlibbuddy_stubs.c:89: error: 'x' undeclared (first use in this function)\nlibbuddy_stubs.c:89: error: (Each undeclared identifier is reported only once\nlibbuddy_stubs.c:89: error: for each function it appears in.)\nlibbuddy_stubs.c:91: error: 'BDD' undeclared (first use in this function)\nlibbuddy_stubs.c:92: error: expected expression before ')' token\nlibbuddy_stubs.c: In function '_deletebdd':\nlibbuddy_stubs.c:96: error: 'BDD' undeclared (first use in this function)\nlibbuddy_stubs.c:96: error: expected ';' before 'x'\nlibbuddy_stubs.c:97: error: 'x' undeclared (first use in this function)\nlibbuddy_stubs.c: In function '_comparebdd':\nlibbuddy_stubs.c:101: error: 'BDD' undeclared (first use in this function)\nlibbuddy_stubs.c:101: error: expected ';' before 'p1'\nlibbuddy_stubs.c:102: error: expected ';' before 'p2'\nlibbuddy_stubs.c:103: error: 'p1' undeclared (first use in this function)\nlibbuddy_stubs.c:103: error: 'p2' undeclared (first use in this function)\nlibbuddy_stubs.c: In function '_hashbdd':\nlibbuddy_stubs.c:109: error: 'BDD' undeclared (first use in this function)\nlibbuddy_stubs.c:109: error: expected expression before ')' token\nlibbuddy_stubs.c: In function '_deletebddpair':\nlibbuddy_stubs.c:115: error: 'bddPair' undeclared (first use in this function)\nlibbuddy_stubs.c:115: error: 'x' undeclared (first use in this function)\nlibbuddy_stubs.c:115: error: expected expression before ')' token\nlibbuddy_stubs.c: In function 'wrapper_bdd_newpair':\nlibbuddy_stubs.c:192: error: 'bddPair' undeclared (first use in this function)\nlibbuddy_stubs.c:192: error: 'shifter' undeclared (first use in this function)\nlibbuddy_stubs.c:193: error: expected expression before ')' token\nlibbuddy_stubs.c:195: error: expected expression before ')' token\nlibbuddy_stubs.c: In function 'wrapper_bdd_fprinttable':\nlibbuddy_stubs.c:201: error: 'BDD' undeclared (first use in this function)\nlibbuddy_stubs.c:201: error: expected ';' before 'x'\nlibbuddy_stubs.c:203: error: 'x' undeclared (first use in this function)\nlibbuddy_stubs.c: In function 'wrapper_bdd_fprintset':\nlibbuddy_stubs.c:210: error: 'BDD' undeclared (first use in this function)\nlibbuddy_stubs.c:210: error: expected ';' before 'x'\nlibbuddy_stubs.c:212: error: 'x' undeclared (first use in this function)\nlibbuddy_stubs.c: In function 'wrapper_bdd_fprintdot':\nlibbuddy_stubs.c:219: error: 'BDD' undeclared (first use in this function)\nlibbuddy_stubs.c:219: error: expected ';' before 'x'\nlibbuddy_stubs.c:221: error: 'x' undeclared (first use in this function)\nlibbuddy_stubs.c: In function 'wrapper_bdd_save':\nlibbuddy_stubs.c:236: error: 'BDD' undeclared (first use in this function)\nlibbuddy_stubs.c:236: error: expected ';' before 'x'\nlibbuddy_stubs.c:238: error: 'x' undeclared (first use in this function)\nlibbuddy_stubs.c: In function 'wrapper_bdd_load':\nlibbuddy_stubs.c:248: error: 'BDD' undeclared (first use in this function)\nlibbuddy_stubs.c:248: error: expected ';' before 'x'\nlibbuddy_stubs.c:249: error: 'x' undeclared (first use in this function)\nlibbuddy_stubs.c:252: error: too many arguments to function '_makebdd'\nlibbuddy_stubs.c: In function 'wrapper_bdd_bigapply':\nlibbuddy_stubs.c:280: error: 'BDD' undeclared (first use in this function)\nlibbuddy_stubs.c:280: error: expected ';' before 'x'\nlibbuddy_stubs.c:284: error: expected ';' before 'bdd'\nlibbuddy_stubs.c:287: error: 'x' undeclared (first use in this function)\nlibbuddy_stubs.c:287: error: expected expression before ')' token\nlibbuddy_stubs.c:288: error: 'bdd' undeclared (first use in this function)\nlibbuddy_stubs.c:291: error: too many arguments to function '_makebdd'\nlibbuddy_stubs.c: In function 'wrapper_bdd_makeset':\nlibbuddy_stubs.c:299: error: 'BDD' undeclared (first use in this function)\nlibbuddy_stubs.c:299: error: expected ';' before 'bdd'\nlibbuddy_stubs.c:310: error: 'bdd' undeclared (first use in this function)\nlibbuddy_stubs.c:311: error: too many arguments to function '_makebdd'\nlibbuddy_stubs.c: In function 'wrapper_bdd_allsat':\nlibbuddy_stubs.c:318: error: 'BDD' undeclared (first use in this function)\nlibbuddy_stubs.c:318: error: expected ';' before 'bdd'\nlibbuddy_stubs.c:341: error: 'bdd' undeclared (first use in this function)\nlibbuddy_stubs.c: In function 'wrapper_bdd_createset':\nlibbuddy_stubs.c:354: error: 'BDD' undeclared (first use in this function)\nlibbuddy_stubs.c:354: error: expected ';' before 'd'\nlibbuddy_stubs.c:355: error: 'd' undeclared (first use in this function)\nlibbuddy_stubs.c:362: error: 'e' undeclared (first use in this function)\nlibbuddy_stubs.c:368: error: too many arguments to function '_makebdd'\nlibbuddy_stubs.c: In function 'wrapper_bdd_true':\nlibbuddy_stubs.c:460: error: too many arguments to function '_makebdd'\nlibbuddy_stubs.c: In function 'wrapper_bdd_false':\nlibbuddy_stubs.c:461: error: too many arguments to function '_makebdd'\nlibbuddy_stubs.c: In function 'wrapper_bdd_ithvar':\nlibbuddy_stubs.c:462: error: too many arguments to function '_makebdd'\nlibbuddy_stubs.c: In function 'wrapper_bdd_nithvar':\nlibbuddy_stubs.c:463: error: too many arguments to function '_makebdd'\nlibbuddy_stubs.c: In function 'wrapper_bdd_not':\nlibbuddy_stubs.c:464: error: 'BDD' undeclared (first use in this function)\nlibbuddy_stubs.c:464: error: expected ';' before 'x'\nlibbuddy_stubs.c:464: error: 'x' undeclared (first use in this function)\nlibbuddy_stubs.c:464: error: too many arguments to function '_makebdd'\nlibbuddy_stubs.c: In function 'wrapper_bdd_and':\nlibbuddy_stubs.c:465: error: 'BDD' undeclared (first use in this function)\nlibbuddy_stubs.c:465: error: expected ';' before 'x'\nlibbuddy_stubs.c:465: error: expected ';' before 'y'\nlibbuddy_stubs.c:465: error: 'x' undeclared (first use in this function)\nlibbuddy_stubs.c:465: error: 'y' undeclared (first use in this function)\nlibbuddy_stubs.c:465: error: too many arguments to function '_makebdd'\nlibbuddy_stubs.c: In function 'wrapper_bdd_or':\nlibbuddy_stubs.c:466: error: 'BDD' undeclared (first use in this function)\nlibbuddy_stubs.c:466: error: expected ';' before 'x'\nlibbuddy_stubs.c:466: error: expected ';' before 'y'\nlibbuddy_stubs.c:466: error: 'x' undeclared (first use in this function)\nlibbuddy_stubs.c:466: error: 'y' undeclared (first use in this function)\nlibbuddy_stubs.c:466: error: too many arguments to function '_makebdd'\nlibbuddy_stubs.c: In function 'wrapper_bdd_xor':\nlibbuddy_stubs.c:467: error: 'BDD' undeclared (first use in this function)\nlibbuddy_stubs.c:467: error: expected ';' before 'x'\nlibbuddy_stubs.c:467: error: expected ';' before 'y'\nlibbuddy_stubs.c:467: error: 'x' undeclared (first use in this function)\nlibbuddy_stubs.c:467: error: 'y' undeclared (first use in this function)\nlibbuddy_stubs.c:467: error: too many arguments to function '_makebdd'\nlibbuddy_stubs.c: In function 'wrapper_bdd_imp':\nlibbuddy_stubs.c:468: error: 'BDD' undeclared (first use in this function)\nlibbuddy_stubs.c:468: error: expected ';' before 'x'\nlibbuddy_stubs.c:468: error: expected ';' before 'y'\nlibbuddy_stubs.c:468: error: 'x' undeclared (first use in this function)\nlibbuddy_stubs.c:468: error: 'y' undeclared (first use in this function)\nlibbuddy_stubs.c:468: error: too many arguments to function '_makebdd'\nlibbuddy_stubs.c: In function 'wrapper_bdd_biimp':\nlibbuddy_stubs.c:469: error: 'BDD' undeclared (first use in this function)\nlibbuddy_stubs.c:469: error: expected ';' before 'x'\nlibbuddy_stubs.c:469: error: expected ';' before 'y'\nlibbuddy_stubs.c:469: error: 'x' undeclared (first use in this function)\nlibbuddy_stubs.c:469: error: 'y' undeclared (first use in this function)\nlibbuddy_stubs.c:469: error: too many arguments to function '_makebdd'\nlibbuddy_stubs.c: In function 'wrapper_bdd_ite':\nlibbuddy_stubs.c:470: error: 'BDD' undeclared (first use in this function)\nlibbuddy_stubs.c:470: error: expected ';' before 'x'\nlibbuddy_stubs.c:470: error: expected ';' before 'y'\nlibbuddy_stubs.c:470: error: expected ';' before 'z'\nlibbuddy_stubs.c:470: error: 'x' undeclared (first use in this function)\nlibbuddy_stubs.c:470: error: 'y' undeclared (first use in this function)\nlibbuddy_stubs.c:470: error: 'z' undeclared (first use in this function)\nlibbuddy_stubs.c:470: error: too many arguments to function '_makebdd'\nlibbuddy_stubs.c: In function 'wrapper_bdd_appex':\nlibbuddy_stubs.c:471: error: 'BDD' undeclared (first use in this function)\nlibbuddy_stubs.c:471: error: expected ';' before 'x'\nlibbuddy_stubs.c:471: error: expected ';' before 'y'\nlibbuddy_stubs.c:471: error: expected ';' before 'w'\nlibbuddy_stubs.c:471: error: 'x' undeclared (first use in this function)\nlibbuddy_stubs.c:471: error: 'y' undeclared (first use in this function)\nlibbuddy_stubs.c:471: error: 'w' undeclared (first use in this function)\nlibbuddy_stubs.c:471: error: too many arguments to function '_makebdd'\nlibbuddy_stubs.c: In function 'wrapper_bdd_satone':\nlibbuddy_stubs.c:472: error: 'BDD' undeclared (first use in this function)\nlibbuddy_stubs.c:472: error: expected ';' before 'x'\nlibbuddy_stubs.c:472: error: 'x' undeclared (first use in this function)\nlibbuddy_stubs.c:472: error: too many arguments to function '_makebdd'\nlibbuddy_stubs.c: In function 'wrapper_bdd_satoneset':\nlibbuddy_stubs.c:473: error: 'BDD' undeclared (first use in this function)\nlibbuddy_stubs.c:473: error: expected ';' before 'x'\nlibbuddy_stubs.c:473: error: expected ';' before 'y'\nlibbuddy_stubs.c:473: error: expected ';' before 'z'\nlibbuddy_stubs.c:473: error: 'x' undeclared (first use in this function)\nlibbuddy_stubs.c:473: error: 'y' undeclared (first use in this function)\nlibbuddy_stubs.c:473: error: 'z' undeclared (first use in this function)\nlibbuddy_stubs.c:473: error: too many arguments to function '_makebdd'\nlibbuddy_stubs.c: In function 'wrapper_bdd_restrict':\nlibbuddy_stubs.c:474: error: 'BDD' undeclared (first use in this function)\nlibbuddy_stubs.c:474: error: expected ';' before 'x'\nlibbuddy_stubs.c:474: error: expected ';' before 'y'\nlibbuddy_stubs.c:474: error: 'x' undeclared (first use in this function)\nlibbuddy_stubs.c:474: error: 'y' undeclared (first use in this function)\nlibbuddy_stubs.c:474: error: too many arguments to function '_makebdd'\nlibbuddy_stubs.c: In function 'wrapper_bdd_simplify':\nlibbuddy_stubs.c:475: error: 'BDD' undeclared (first use in this function)\nlibbuddy_stubs.c:475: error: expected ';' before 'x'\nlibbuddy_stubs.c:475: error: expected ';' before 'y'\nlibbuddy_stubs.c:475: error: 'x' undeclared (first use in this function)\nlibbuddy_stubs.c:475: error: 'y' undeclared (first use in this function)\nlibbuddy_stubs.c:475: error: too many arguments to function '_makebdd'\nlibbuddy_stubs.c: In function 'wrapper_bdd_var':\nlibbuddy_stubs.c:476: error: 'BDD' undeclared (first use in this function)\nlibbuddy_stubs.c:476: error: expected ';' before 'x'\nlibbuddy_stubs.c:476: error: 'x' undeclared (first use in this function)\nlibbuddy_stubs.c: In function 'wrapper_bdd_high':\nlibbuddy_stubs.c:477: error: 'BDD' undeclared (first use in this function)\nlibbuddy_stubs.c:477: error: expected ';' before 'x'\nlibbuddy_stubs.c:477: error: 'x' undeclared (first use in this function)\nlibbuddy_stubs.c:477: error: too many arguments to function '_makebdd'\nlibbuddy_stubs.c: In function 'wrapper_bdd_low':\nlibbuddy_stubs.c:478: error: 'BDD' undeclared (first use in this function)\nlibbuddy_stubs.c:478: error: expected ';' before 'x'\nlibbuddy_stubs.c:478: error: 'x' undeclared (first use in this function)\nlibbuddy_stubs.c:478: error: too many arguments to function '_makebdd'\nlibbuddy_stubs.c: In function 'wrapper_bdd_support':\nlibbuddy_stubs.c:479: error: 'BDD' undeclared (first use in this function)\nlibbuddy_stubs.c:479: error: expected ';' before 'x'\nlibbuddy_stubs.c:479: error: 'x' undeclared (first use in this function)\nlibbuddy_stubs.c:479: error: too many arguments to function '_makebdd'\nlibbuddy_stubs.c: In function 'wrapper_bdd_nodecount':\nlibbuddy_stubs.c:480: error: 'BDD' undeclared (first use in this function)\nlibbuddy_stubs.c:480: error: expected ';' before 'x'\nlibbuddy_stubs.c:480: error: 'x' undeclared (first use in this function)\nlibbuddy_stubs.c: In function 'wrapper_bdd_satcount':\nlibbuddy_stubs.c:481: error: 'BDD' undeclared (first use in this function)\nlibbuddy_stubs.c:481: error: expected ';' before 'x'\nlibbuddy_stubs.c:481: error: 'x' undeclared (first use in this function)\nlibbuddy_stubs.c: In function 'wrapper_bdd_satcountln':\nlibbuddy_stubs.c:482: error: 'BDD' undeclared (first use in this function)\nlibbuddy_stubs.c:482: error: expected ';' before 'x'\nlibbuddy_stubs.c:482: error: 'x' undeclared (first use in this function)\nlibbuddy_stubs.c: In function 'wrapper_bdd_setpair':\nlibbuddy_stubs.c:483: error: 'bddPair' undeclared (first use in this function)\nlibbuddy_stubs.c:483: error: 'x' undeclared (first use in this function)\nlibbuddy_stubs.c:483: error: expected expression before ')' token\nlibbuddy_stubs.c: In function 'wrapper_bdd_replace':\nlibbuddy_stubs.c:484: error: 'BDD' undeclared (first use in this function)\nlibbuddy_stubs.c:484: error: expected ';' before 'x'\nlibbuddy_stubs.c:484: error: 'bddPair' undeclared (first use in this function)\nlibbuddy_stubs.c:484: error: 'y' undeclared (first use in this function)\nlibbuddy_stubs.c:484: error: expected expression before ')' token\nlibbuddy_stubs.c:484: error: 'x' undeclared (first use in this function)\nlibbuddy_stubs.c:484: error: too many arguments to function '_makebdd'\nlibbuddy_stubs.c: In function 'wrapper_bdd_compose':\nlibbuddy_stubs.c:485: error: 'BDD' undeclared (first use in this function)\nlibbuddy_stubs.c:485: error: expected ';' before 'x'\nlibbuddy_stubs.c:485: error: expected ';' before 'y'\nlibbuddy_stubs.c:485: error: expected ';' before 'z'\nlibbuddy_stubs.c:485: error: 'x' undeclared (first use in this function)\nlibbuddy_stubs.c:485: error: 'y' undeclared (first use in this function)\nlibbuddy_stubs.c:485: error: 'z' undeclared (first use in this function)\nlibbuddy_stubs.c:485: error: too many arguments to function '_makebdd'\nlibbuddy_stubs.c: In function 'wrapper_bdd_addvarblock':\nlibbuddy_stubs.c:487: error: 'BDD' undeclared (first use in this function)\nlibbuddy_stubs.c:487: error: expected ';' before 'x'\nlibbuddy_stubs.c:487: error: 'x' undeclared (first use in this function)\nCommand exited with code 2.\ngmake: *** [_build/buddy.cma] Error 10\nUninstalling ocaml-buddy.0.6.1:\n  gmake uninstall\nocamlfind remove buddy\nocamlfind: [WARNING] No such directory: /usr/home/avsm/ocamlot-build/ocamlot.work.2013-06-25.405/opam-install/system/lib/buddy\n\n")(info"Compiler: 4.01.0+dev18-2013-06-13\nOPAM: df84b0565f0709578c581c1dea82246688d2804f\nOCAMLRUNPARAM = b\nHOME = /home/avsm/ocamlot-build/ocamlot.work.2013-06-25.405\nPATH = /usr/home/avsm/ocamlot-build/ocamlot.work.2013-06-25.405/opam-install/system/bin:/home/avsm/ocamlot-build/ocamlot.work.2013-06-25.405:/usr/home/avsm/src/git/avsm/worker/ocaml/4.01/bin:/usr/home/avsm/.opam/4.00.1/bin:/sbin:/bin:/usr/sbin:/usr/bin:/usr/games:/usr/local/sbin:/usr/local/bin:/home/avsm/bin\nMANPATH = /usr/home/avsm/ocamlot-build/ocamlot.work.2013-06-25.405/opam-install/system/man:\nOCAML_TOPLEVEL_PATH = /usr/home/avsm/ocamlot-build/ocamlot.work.2013-06-25.405/opam-install/system/lib/toplevel\nOPAMROOT = /usr/home/avsm/ocamlot-build/ocamlot.work.2013-06-25.405/opam-install\nCAML_LD_LIBRARY_PATH = /usr/home/avsm/ocamlot-build/ocamlot.work.2013-06-25.405/opam-install/system/lib/stublibs:/usr/home/avsm/src/git/avsm/worker/ocaml/4.01/lib/ocaml/stublibs\n"))))))(1372171918.3425529003(Checked_in 0))(1372171894.3132090569(Checked_in 0))(1372171870.2937350273(Checked_in 0))(1372171846.2768449783(Started 0))(1372167658.9255609512(Advertized((os FreeBSD)(arch I386))))))(host((os FreeBSD)(arch I386)))(job(Opam((diff(((repo((url"")(repo_url(URL git://github.com/OCamlPro/opam-repository.git))))(label OCamlPro/opam-repository:master)(reference(Ref master)))))(packages(ocaml-buddy.0.6.1))(target((host((os FreeBSD)(arch I386)))(compiler((c_version 4.01.0)(c_build"")))))(action Build)))))