((href https://github.com/OCamlPro/opam-repository/blob/master/packages/ocaml-extunix.0.0.4/opam)(log((1377918295.1753940582(Completed 28((status(Failed((Header_dep_ext endian))(Process(Exited 4)((r_cmd opam)(r_args(install --verbose --yes ocaml-extunix.0.0.4))(r_env(OCAMLRUNPARAM=b HOME=/var/folders/f9/vtsr2sv53wn9h3fblk38vwdh0000gn/T/ocamlot/ocamlot.work.2013-08-31.79 PATH=/var/folders/f9/vtsr2sv53wn9h3fblk38vwdh0000gn/T/ocamlot/ocamlot.work.2013-08-31.79/opam-install/system/bin:/var/folders/f9/vtsr2sv53wn9h3fblk38vwdh0000gn/T/ocamlot/ocamlot.work.2013-08-31.79:/Users/avsm/x/worker/ocaml/4.01/bin:/Users/avsm/x/.opam/system/bin:/Users/avsm/x/inst/bin:/usr/bin:/bin:/usr/sbin:/sbin:/usr/local/bin MANPATH=/var/folders/f9/vtsr2sv53wn9h3fblk38vwdh0000gn/T/ocamlot/ocamlot.work.2013-08-31.79/opam-install/system/man: OCAML_TOPLEVEL_PATH=/var/folders/f9/vtsr2sv53wn9h3fblk38vwdh0000gn/T/ocamlot/ocamlot.work.2013-08-31.79/opam-install/system/lib/toplevel PERL5LIB=/var/folders/f9/vtsr2sv53wn9h3fblk38vwdh0000gn/T/ocamlot/ocamlot.work.2013-08-31.79/opam-install/system/lib/perl5 OPAMROOT=/var/folders/f9/vtsr2sv53wn9h3fblk38vwdh0000gn/T/ocamlot/ocamlot.work.2013-08-31.79/opam-install CAML_LD_LIBRARY_PATH=/var/folders/f9/vtsr2sv53wn9h3fblk38vwdh0000gn/T/ocamlot/ocamlot.work.2013-08-31.79/opam-install/system/lib/stublibs:/Users/avsm/x/worker/ocaml/4.01/lib/ocaml/stublibs))(r_cwd /var/folders/f9/vtsr2sv53wn9h3fblk38vwdh0000gn/T/ocamlot/ocamlot.work.2013-08-31.79)(r_duration 35.576587915420532227)(r_stdout"The following actions will be performed:\n - install ocamlfind.1.4.0 [required by ocaml-extunix]\n - install ounit.1.1.2 [required by ocaml-extunix]\n - install ocaml-extunix.0.0.4\n3 to install | 0 to reinstall | 0 to upgrade | 0 to downgrade | 0 to remove\n\n=-=-= Installing ocamlfind.1.4.0 =-=-=\nocamlfind.1.4.0 Downloading http://download.camlcity.org/download/findlib-1.4.tar.gz\n  % Total    % Received % Xferd  Average Speed   Time    Time     Time  Current\n                                 Dload  Upload   Total   Spent    Left  Speed\n\r  0     0    0     0    0     0      0      0 --:--:-- --:--:-- --:--:--     0\r 87  226k   87  198k    0     0   640k      0 --:--:-- --:--:-- --:--:--  696k\r100  226k  100  226k    0     0   681k      0 --:--:-- --:--:-- --:--:--  736k\n200\nCopying /var/folders/f9/vtsr2sv53wn9h3fblk38vwdh0000gn/T/ocamlot/ocamlot.work.2013-08-31.79/opam-install/packages/ocamlfind/ocamlfind.1.4.0/files/ocamlfind.install to /var/folders/f9/vtsr2sv53wn9h3fblk38vwdh0000gn/T/ocamlot/ocamlot.work.2013-08-31.79/opam-install/system/build/ocamlfind.1.4.0/\nBuilding ocamlfind.1.4.0:\n  ./configure -bindir /var/folders/f9/vtsr2sv53wn9h3fblk38vwdh0000gn/T/ocamlot/ocamlot.work.2013-08-31.79/opam-install/system/bin -sitelib /var/folders/f9/vtsr2sv53wn9h3fblk38vwdh0000gn/T/ocamlot/ocamlot.work.2013-08-31.79/opam-install/system/lib -mandir /var/folders/f9/vtsr2sv53wn9h3fblk38vwdh0000gn/T/ocamlot/ocamlot.work.2013-08-31.79/opam-install/system/man -config /var/folders/f9/vtsr2sv53wn9h3fblk38vwdh0000gn/T/ocamlot/ocamlot.work.2013-08-31.79/opam-install/system/lib/findlib.conf -no-topfind\n  make all\n  make opt\n  make install\nWelcome to findlib version 1.4\nConfiguring core...\nChecking for #remove_directory...\nTesting threading model...\nsysthread_supported: true\nTesting DLLs...\nConfiguring libraries...\nnative dynlink: found\nlabltk: not present\nocamlbuild: found\ncamlp4: using camlp4, style 310\ncompiler-libs: found\ndbm: not present (normal since OCaml-4.00)\nConfiguration for dynlink written to site-lib-src/dynlink/META\nConfiguration for graphics written to site-lib-src/graphics/META\nConfiguration for num written to site-lib-src/num/META\nConfiguration for num-top written to site-lib-src/num-top/META\nConfiguration for str written to site-lib-src/str/META\nConfiguration for threads written to site-lib-src/threads/META\nConfiguration for unix written to site-lib-src/unix/META\nConfiguration for stdlib written to site-lib-src/stdlib/META\nConfiguration for bigarray written to site-lib-src/bigarray/META\nConfiguration for camlp4 written to site-lib-src/camlp4/META\nConfiguration for ocamlbuild written to site-lib-src/ocamlbuild/META\nConfiguration for compiler-libs written to site-lib-src/compiler-libs/META\nDetecting compiler arguments: (extractor built) ok\n\nAbout the OCAML core installation:\n    Standard library:      /Users/avsm/x/worker/ocaml/4.01/lib/ocaml\n    Binaries:              /Users/avsm/x/worker/ocaml/4.01/bin\n    Manual pages:          /Users/avsm/x/worker/ocaml/4.01/man\n    Multi-threading type:  posix\nThe directory of site-specific packages will be\n    site-lib:              /var/folders/f9/vtsr2sv53wn9h3fblk38vwdh0000gn/T/ocamlot/ocamlot.work.2013-08-31.79/opam-install/system/lib\nThe configuration file is written to:\n    findlib config file:   /var/folders/f9/vtsr2sv53wn9h3fblk38vwdh0000gn/T/ocamlot/ocamlot.work.2013-08-31.79/opam-install/system/lib/findlib.conf\nSoftware will be installed:\n    Libraries:             in <site-lib>/findlib\n    Binaries:              /var/folders/f9/vtsr2sv53wn9h3fblk38vwdh0000gn/T/ocamlot/ocamlot.work.2013-08-31.79/opam-install/system/bin\n    Manual pages:          /var/folders/f9/vtsr2sv53wn9h3fblk38vwdh0000gn/T/ocamlot/ocamlot.work.2013-08-31.79/opam-install/system/man\n    topfind script:        omitted\nToolbox:                   no\nLink custom runtime:       yes\n\nConfiguration has been written to Makefile.config\n\nYou can now do 'make all', and optionally 'make opt', to build ocamlfind.\nfor p in findlib; do ( cd src/$p; make all ); done\nMakefile:147: depend: No such file or directory\nocamllex fl_meta.mll\n22 states, 392 transitions, table size 1700 bytes\nocamldep *.ml *.mli >depend\nUSE_CYGPATH=\"0\"; \\\n\texport USE_CYGPATH; \\\n\tcat findlib_config.mlp | \\\n\t\t../../tools/patch '@CONFIGFILE@' '/var/folders/f9/vtsr2sv53wn9h3fblk38vwdh0000gn/T/ocamlot/ocamlot.work.2013-08-31.79/opam-install/system/lib/findlib.conf' | \\\n\t\t../../tools/patch '@STDLIB@' '/Users/avsm/x/worker/ocaml/4.01/lib/ocaml' | \\\n\t\tsed -e 's;@AUTOLINK@;true;g' \\\n\t\t    -e 's;@SYSTEM@;macosx;g' \\\n\t\t     >findlib_config.ml\nocamlc -I +compiler-libs -g -c findlib_config.ml\nocamlc -I +compiler-libs -g -c fl_split.ml\nocamlc -I +compiler-libs -g -c fl_metatoken.ml\nocamlc -I +compiler-libs -g -c fl_meta.ml\nocamlc -I +compiler-libs -c fl_metascanner.mli\nocamlc -I +compiler-libs -g -c fl_metascanner.ml\nocamlc -I +compiler-libs -c fl_topo.mli\nocamlc -I +compiler-libs -g -c fl_topo.ml\nFile \"fl_topo.ml\", line 283, characters 10-22:\nWarning 26: unused variable in_direction.\nFile \"fl_topo.ml\", line 219, characters 36-37:\nWarning 3: deprecated feature: operator (&); you should use (&&) instead\nocamlc -I +compiler-libs -c fl_package_base.mli\nocamlc -I +compiler-libs -g -c fl_package_base.ml\nocamlc -I +compiler-libs -c findlib.mli\nocamlc -I +compiler-libs -g -c findlib.ml\nocamlc -I +compiler-libs -g -c fl_args.ml\nocamlc -I +compiler-libs -a -o findlib.cma findlib_config.cmo fl_split.cmo fl_metatoken.cmo fl_meta.cmo fl_metascanner.cmo fl_topo.cmo fl_package_base.cmo findlib.cmo fl_args.cmo\nocamlc -I +compiler-libs -g -c ocaml_args.ml\nocamlc -I +compiler-libs -g -c frontend.ml\nocamlc -I +compiler-libs -custom -o ocamlfind -g findlib.cma unix.cma \\\n\t           ocaml_args.cmo frontend.cmo\nocamlc -I +compiler-libs -c topfind.mli\nocamlc -I +compiler-libs -g -c topfind.ml\nFile \"topfind.ml\", line 54, characters 10-19:\nWarning 26: unused variable stdlibdir.\nFile \"topfind.ml\", line 97, characters 11-12:\nWarning 26: unused variable d.\nocamlc -I +compiler-libs -a -o findlib_top.cma topfind.cmo\nUSE_CYGPATH=\"0\"; \\\n\texport USE_CYGPATH; \\\n\tcat topfind_rd1.p | \\\n\t\t../../tools/patch '@SITELIB@' '/var/folders/f9/vtsr2sv53wn9h3fblk38vwdh0000gn/T/ocamlot/ocamlot.work.2013-08-31.79/opam-install/system/lib' \\\n\t    \t    >topfind\nocamlc -I +compiler-libs -c num_top_printers.mli\nocamlc -I +compiler-libs -g -c num_top_printers.ml\nocamlc -I +compiler-libs -c num_top.mli\nocamlc -I +compiler-libs -g -c num_top.ml\nocamlc -I +compiler-libs -a -o num_top.cma num_top_printers.cmo num_top.cmo\nmake all-config\nUSE_CYGPATH=\"0\"; \\\n\texport USE_CYGPATH; \\\n\tcat findlib.conf.in | \\\n\t\ttools/patch '@SITELIB@' '/var/folders/f9/vtsr2sv53wn9h3fblk38vwdh0000gn/T/ocamlot/ocamlot.work.2013-08-31.79/opam-install/system/lib' >findlib.conf\nif ocamlc.opt >/dev/null 2>&1; then \\\n\t\techo 'ocamlc=\"ocamlc.opt\"' >>findlib.conf; \\\n\tfi\nif ocamlopt.opt >/dev/null 2>&1; then \\\n\t\techo 'ocamlopt=\"ocamlopt.opt\"' >>findlib.conf; \\\n\tfi\nif ocamldep.opt >/dev/null 2>&1; then \\\n\t\techo 'ocamldep=\"ocamldep.opt\"' >>findlib.conf; \\\n\tfi\nif ocamldoc.opt >/dev/null 2>&1; then \\\n\t\techo 'ocamldoc=\"ocamldoc.opt\"' >>findlib.conf; \\\n\tfi\nfor p in findlib; do ( cd src/$p; make opt ); done\nocamlopt -I +compiler-libs -c findlib_config.ml\nocamlopt -I +compiler-libs -c fl_split.ml\nocamlopt -I +compiler-libs -c fl_metatoken.ml\nocamlopt -I +compiler-libs -c fl_meta.ml\nocamlopt -I +compiler-libs -c fl_metascanner.ml\nocamlopt -I +compiler-libs -c fl_topo.ml\nFile \"fl_topo.ml\", line 283, characters 10-22:\nWarning 26: unused variable in_direction.\nFile \"fl_topo.ml\", line 219, characters 36-37:\nWarning 3: deprecated feature: operator (&); you should use (&&) instead\nocamlopt -I +compiler-libs -c fl_package_base.ml\nocamlopt -I +compiler-libs -c findlib.ml\nocamlopt -I +compiler-libs -c fl_args.ml\nocamlopt -I +compiler-libs -a -o findlib.cmxa findlib_config.cmx fl_split.cmx fl_metatoken.cmx fl_meta.cmx fl_metascanner.cmx fl_topo.cmx fl_package_base.cmx findlib.cmx fl_args.cmx\nocamlopt -I +compiler-libs -c ocaml_args.ml\nocamlopt -I +compiler-libs -c frontend.ml\nocamlopt -I +compiler-libs -o ocamlfind_opt findlib.cmxa unix.cmxa \\\n\t\t   ocaml_args.cmx frontend.cmx\nmkdir -p \"/var/folders/f9/vtsr2sv53wn9h3fblk38vwdh0000gn/T/ocamlot/ocamlot.work.2013-08-31.79/opam-install/system/bin\"\nmkdir -p \"/var/folders/f9/vtsr2sv53wn9h3fblk38vwdh0000gn/T/ocamlot/ocamlot.work.2013-08-31.79/opam-install/system/man\"\nfor p in findlib; do ( cd src/$p; make install ); done\nmkdir -p \"/var/folders/f9/vtsr2sv53wn9h3fblk38vwdh0000gn/T/ocamlot/ocamlot.work.2013-08-31.79/opam-install/system/lib/findlib\"\nmkdir -p \"/var/folders/f9/vtsr2sv53wn9h3fblk38vwdh0000gn/T/ocamlot/ocamlot.work.2013-08-31.79/opam-install/system/bin\"\ntest 0 -eq 0 || cp topfind \"/Users/avsm/x/worker/ocaml/4.01/lib/ocaml\"\nfiles=`../../tools/collect_files ../../Makefile.config findlib.cmi findlib.mli findlib.cma topfind.cmi topfind.mli fl_package_base.mli fl_package_base.cmi fl_metascanner.mli fl_metascanner.cmi fl_metatoken.cmi findlib_top.cma findlib.cmxa findlib.a META` && \\\n\tcp $files \"/var/folders/f9/vtsr2sv53wn9h3fblk38vwdh0000gn/T/ocamlot/ocamlot.work.2013-08-31.79/opam-install/system/lib/findlib\"\nf=\"ocamlfind\"; { test -f ocamlfind_opt && f=\"ocamlfind_opt\"; }; \\\n\tcp $f \"/var/folders/f9/vtsr2sv53wn9h3fblk38vwdh0000gn/T/ocamlot/ocamlot.work.2013-08-31.79/opam-install/system/bin/ocamlfind\"\n# the following \"if\" block is only needed for 4.00beta2\nif [ 1 -eq 0 -a -f \"/Users/avsm/x/worker/ocaml/4.01/lib/ocaml/compiler-libs/topdirs.cmi\" ]; then \\\n\t    cd \"/Users/avsm/x/worker/ocaml/4.01/lib/ocaml/compiler-libs/\"; \\\n\t    cp topdirs.cmi toploop.cmi \"/var/folders/f9/vtsr2sv53wn9h3fblk38vwdh0000gn/T/ocamlot/ocamlot.work.2013-08-31.79/opam-install/system/lib/findlib/\"; \\\n\tfi\nmake install-meta\nfor x in `ls site-lib-src`; do if [ \"$x\" != \"CVS\" -a -f \"site-lib-src/$x/META\" ]; then mkdir -p \"/var/folders/f9/vtsr2sv53wn9h3fblk38vwdh0000gn/T/ocamlot/ocamlot.work.2013-08-31.79/opam-install/system/lib/$x\"; cp site-lib-src/$x/META \"/var/folders/f9/vtsr2sv53wn9h3fblk38vwdh0000gn/T/ocamlot/ocamlot.work.2013-08-31.79/opam-install/system/lib/$x\"; fi; done\ncd src/findlib; make install-num-top\nmkdir -p \"/var/folders/f9/vtsr2sv53wn9h3fblk38vwdh0000gn/T/ocamlot/ocamlot.work.2013-08-31.79/opam-install/system/lib/num-top\"\ncp num_top.cma num_top.cmi num_top_printers.cmi \\\n\t\t\"/var/folders/f9/vtsr2sv53wn9h3fblk38vwdh0000gn/T/ocamlot/ocamlot.work.2013-08-31.79/opam-install/system/lib/num-top\"\nmake install-config\nmkdir -p \"`dirname \\\"/var/folders/f9/vtsr2sv53wn9h3fblk38vwdh0000gn/T/ocamlot/ocamlot.work.2013-08-31.79/opam-install/system/lib/findlib.conf\\\"`\"\ntest -f \"/var/folders/f9/vtsr2sv53wn9h3fblk38vwdh0000gn/T/ocamlot/ocamlot.work.2013-08-31.79/opam-install/system/lib/findlib.conf\" || cp findlib.conf \"/var/folders/f9/vtsr2sv53wn9h3fblk38vwdh0000gn/T/ocamlot/ocamlot.work.2013-08-31.79/opam-install/system/lib/findlib.conf\"\ncp tools/safe_camlp4 \"/var/folders/f9/vtsr2sv53wn9h3fblk38vwdh0000gn/T/ocamlot/ocamlot.work.2013-08-31.79/opam-install/system/bin\"\nmake install-doc\nmkdir -p /var/folders/f9/vtsr2sv53wn9h3fblk38vwdh0000gn/T/ocamlot/ocamlot.work.2013-08-31.79/opam-install/system/man/man1 /var/folders/f9/vtsr2sv53wn9h3fblk38vwdh0000gn/T/ocamlot/ocamlot.work.2013-08-31.79/opam-install/system/man/man3 /var/folders/f9/vtsr2sv53wn9h3fblk38vwdh0000gn/T/ocamlot/ocamlot.work.2013-08-31.79/opam-install/system/man/man5\ncp doc/ref-man/ocamlfind.1 /var/folders/f9/vtsr2sv53wn9h3fblk38vwdh0000gn/T/ocamlot/ocamlot.work.2013-08-31.79/opam-install/system/man/man1\ncp doc/ref-man/META.5 doc/ref-man/site-lib.5 doc/ref-man/findlib.conf.5 /var/folders/f9/vtsr2sv53wn9h3fblk38vwdh0000gn/T/ocamlot/ocamlot.work.2013-08-31.79/opam-install/system/man/man5\nInstalling ocamlfind.1.4.0.\n\n=-=-= Installing ounit.1.1.2 =-=-=\nounit.1.1.2 Downloading http://forge.ocamlcore.org/frs/download.php/886/ounit-1.1.2.tar.gz\n  % Total    % Received % Xferd  Average Speed   Time    Time     Time  Current\n                                 Dload  Upload   Total   Spent    Left  Speed\n\r  0     0    0     0    0     0      0      0 --:--:-- --:--:-- --:--:--     0\r100 58055  100 58055    0     0   106k      0 --:--:-- --:--:-- --:--:--  304k\n200\nBuilding ounit.1.1.2:\n  make build\n  make install\nocaml setup.ml -configure \n\nConfiguration: \nocamlfind: ..................................... /var/folders/f9/vtsr2sv53wn9h3fblk38vwdh0000gn/T/ocamlot/ocamlot.work.2013-08-31.79/opam-install/system/bin/ocamlfind\nocamlc: ........................................ /Users/avsm/x/worker/ocaml/4.01/bin/ocamlc.opt\nocamlopt: ...................................... /Users/avsm/x/worker/ocaml/4.01/bin/ocamlopt.opt\nocamlbuild: .................................... /Users/avsm/x/worker/ocaml/4.01/bin/ocamlbuild\nPackage name: .................................. ounit\nPackage version: ............................... 1.1.2\nos_type: ....................................... Unix\nsystem: ........................................ macosx\narchitecture: .................................. amd64\nccomp_type: .................................... cc\nocaml_version: ................................. 4.01.0\nstandard_library_default: ...................... /Users/avsm/x/worker/ocaml/4.01/lib/ocaml\nstandard_library: .............................. /Users/avsm/x/worker/ocaml/4.01/lib/ocaml\nstandard_runtime: .............................. /Users/avsm/x/worker/ocaml/4.01/bin/ocamlrun\nbytecomp_c_compiler: ........................... gcc -fno-defer-pop -Wall -D_FILE_OFFSET_BITS=64 -D_REENTRANT \nnative_c_compiler: ............................. gcc -D_FILE_OFFSET_BITS=64 -D_REENTRANT\nmodel: ......................................... default\next_obj: ....................................... .o\next_asm: ....................................... .s\next_lib: ....................................... .a\next_dll: ....................................... .so\ndefault_executable_name: ....................... a.out\nsysthread_supported: ........................... true\nInstall architecture-independent files dir: .... /usr/local\nInstall architecture-dependent files in dir: ... $prefix\nUser executables: .............................. $exec_prefix/bin\nSystem admin executables: ...................... $exec_prefix/sbin\nProgram executables: ........................... $exec_prefix/libexec\nRead-only single-machine data: ................. $prefix/etc\nModifiable architecture-independent data: ...... $prefix/com\nModifiable single-machine data: ................ $prefix/var\nObject code libraries: ......................... $exec_prefix/lib\nRead-only arch-independent data root: .......... $prefix/share\nRead-only architecture-independent data: ....... $datarootdir\nInfo documentation: ............................ $datarootdir/info\nLocale-dependent data: ......................... $datarootdir/locale\nMan documentation: ............................. $datarootdir/man\nDocumentation root: ............................ $datarootdir/doc/$pkg_name\nHTML documentation: ............................ $docdir\nDVI documentation: ............................. $docdir\nPDF documentation: ............................. $docdir\nPS documentation: .............................. $docdir\nfindlib_version: ............................... 1.4\nis_native: ..................................... true\nsuffix_program: ................................ \nRemove a file.: ................................ rm -f\nRemove a directory.: ........................... rm -rf\nTurn ocaml debug flag on: ...................... true\nTurn ocaml profile flag on: .................... false\nCompiler support generation of .cmxs.: ......... true\nOCamlbuild additional flags: ................... \nEnable backtrace display in exception: ......... true\ncamlp4: ........................................ /Users/avsm/x/worker/ocaml/4.01/bin/camlp4\npkg_unix: ...................................... /Users/avsm/x/worker/ocaml/4.01/lib/ocaml\nocamldoc: ...................................... /Users/avsm/x/worker/ocaml/4.01/bin/ocamldoc\n\nocaml setup.ml -build \n/Users/avsm/x/worker/ocaml/4.01/bin/ocamlopt.opt -I /Users/avsm/x/worker/ocaml/4.01/lib/ocaml/ocamlbuild unix.cmxa /Users/avsm/x/worker/ocaml/4.01/lib/ocaml/ocamlbuild/ocamlbuildlib.cmxa myocamlbuild.ml /Users/avsm/x/worker/ocaml/4.01/lib/ocaml/ocamlbuild/ocamlbuild.cmx -o myocamlbuild\nocamlfind ocamldep -package unix -modules src/oUnit.mli > src/oUnit.mli.depends\nocamlfind ocamlc -c -g -ppopt -DBACKTRACE -package unix -I src -o src/oUnit.cmi src/oUnit.mli\nocamlfind ocamldep -package unix -package camlp4.macro -syntax camlp4o -modules src/oUnit.ml > src/oUnit.ml.depends\nocamlfind ocamldep -package unix -modules src/oUnitDiff.mli > src/oUnitDiff.mli.depends\nocamlfind ocamlc -c -g -ppopt -DBACKTRACE -package unix -I src -o src/oUnitDiff.cmi src/oUnitDiff.mli\nocamlfind ocamldep -package unix -modules src/oUnitDiff.ml > src/oUnitDiff.ml.depends\nocamlfind ocamlc -c -g -ppopt -DBACKTRACE -package unix -package camlp4.macro -syntax camlp4o -I src -o src/oUnit.cmo src/oUnit.ml\nocamlfind ocamlc -c -g -ppopt -DBACKTRACE -package unix -I src -o src/oUnitDiff.cmo src/oUnitDiff.ml\nocamlfind ocamlc -a -ppopt -DBACKTRACE src/oUnit.cmo src/oUnitDiff.cmo -o src/oUnit.cma\nocamlfind ocamlopt -c -g -ppopt -DBACKTRACE -package unix -package camlp4.macro -syntax camlp4o -I src -o src/oUnit.cmx src/oUnit.ml\nocamlfind ocamlopt -shared src/oUnit.cmx -o src/oUnit.cmxs\nocamlfind ocamlopt -c -g -ppopt -DBACKTRACE -package unix -I src -o src/oUnitDiff.cmx src/oUnitDiff.ml\nocamlfind ocamlopt -a -ppopt -DBACKTRACE src/oUnit.cmx src/oUnitDiff.cmx -o src/oUnit.cmxa\nocamlfind ocamldep -package unix -modules test/test.ml > test/test.ml.depends\nocamlfind ocamlc -c -g -I src -package unix -I test -I src -o test/test.cmo test/test.ml\nocamlfind ocamlc -g -linkpkg -package unix src/oUnit.cma test/test.cmo -o test/test.byte\nocaml setup.ml -install \nInstalled /var/folders/f9/vtsr2sv53wn9h3fblk38vwdh0000gn/T/ocamlot/ocamlot.work.2013-08-31.79/opam-install/system/lib/oUnit/oUnit.mli\nInstalled /var/folders/f9/vtsr2sv53wn9h3fblk38vwdh0000gn/T/ocamlot/ocamlot.work.2013-08-31.79/opam-install/system/lib/oUnit/oUnitDiff.mli\nInstalled /var/folders/f9/vtsr2sv53wn9h3fblk38vwdh0000gn/T/ocamlot/ocamlot.work.2013-08-31.79/opam-install/system/lib/oUnit/oUnit.cma\nInstalled /var/folders/f9/vtsr2sv53wn9h3fblk38vwdh0000gn/T/ocamlot/ocamlot.work.2013-08-31.79/opam-install/system/lib/oUnit/oUnit.cmxs\nInstalled /var/folders/f9/vtsr2sv53wn9h3fblk38vwdh0000gn/T/ocamlot/ocamlot.work.2013-08-31.79/opam-install/system/lib/oUnit/oUnit.cmxa\nInstalled /var/folders/f9/vtsr2sv53wn9h3fblk38vwdh0000gn/T/ocamlot/ocamlot.work.2013-08-31.79/opam-install/system/lib/oUnit/oUnit.a\nInstalled /var/folders/f9/vtsr2sv53wn9h3fblk38vwdh0000gn/T/ocamlot/ocamlot.work.2013-08-31.79/opam-install/system/lib/oUnit/oUnit.cmi\nInstalled /var/folders/f9/vtsr2sv53wn9h3fblk38vwdh0000gn/T/ocamlot/ocamlot.work.2013-08-31.79/opam-install/system/lib/oUnit/oUnitDiff.cmi\nInstalled /var/folders/f9/vtsr2sv53wn9h3fblk38vwdh0000gn/T/ocamlot/ocamlot.work.2013-08-31.79/opam-install/system/lib/oUnit/oUnit.cmx\nInstalled /var/folders/f9/vtsr2sv53wn9h3fblk38vwdh0000gn/T/ocamlot/ocamlot.work.2013-08-31.79/opam-install/system/lib/oUnit/oUnitDiff.cmx\nInstalled /var/folders/f9/vtsr2sv53wn9h3fblk38vwdh0000gn/T/ocamlot/ocamlot.work.2013-08-31.79/opam-install/system/lib/oUnit/META\nInstalling ounit.1.1.2.\n\n=-=-= Installing ocaml-extunix.0.0.4 =-=-=\nocaml-extunix.0.0.4 Downloading https://forge.ocamlcore.org/frs/download.php/878/ocaml-extunix-0.0.4.tar.gz\n  % Total    % Received % Xferd  Average Speed   Time    Time     Time  Current\n                                 Dload  Upload   Total   Spent    Left  Speed\n\r  0     0    0     0    0     0      0      0 --:--:-- --:--:-- --:--:--     0\r  0 80005    0     0    0     0      0      0 --:--:-- --:--:-- --:--:--     0\r100 80005  100 80005    0     0   226k      0 --:--:-- --:--:-- --:--:--  233k\n200\nBuilding ocaml-extunix.0.0.4:\n  ocaml setup.ml -configure --prefix /var/folders/f9/vtsr2sv53wn9h3fblk38vwdh0000gn/T/ocamlot/ocamlot.work.2013-08-31.79/opam-install/system\n  ocaml setup.ml -build\n  ocaml setup.ml -install\n/tmp/discoverd30c7e.c:18:25: error: sys/eventfd.h: No such file or directory\n/tmp/discoverd30c7e.c:19: error: expected '=', ',', ';', 'asm' or '__attribute__' before 'var_1'\n/tmp/discoverd30c7e.c:20: error: 'eventfd' undeclared here (not in a function)\n/tmp/discoverd30c7e.c:21: error: 'eventfd_read' undeclared here (not in a function)\n/tmp/discoverd30c7e.c:22: error: 'eventfd_write' undeclared here (not in a function)\nchecking EVENTFD.............failed\n/tmp/discoverc1effa.c:27: error: 'fstatat' undeclared here (not in a function)\n/tmp/discoverc1effa.c:28: error: 'openat' undeclared here (not in a function)\n/tmp/discoverc1effa.c:29: error: 'unlinkat' undeclared here (not in a function)\n/tmp/discoverc1effa.c:30: error: 'renameat' undeclared here (not in a function)\n/tmp/discoverc1effa.c:31: error: 'mkdirat' undeclared here (not in a function)\n/tmp/discoverc1effa.c:32: error: 'linkat' undeclared here (not in a function)\n/tmp/discoverc1effa.c:33: error: 'symlinkat' undeclared here (not in a function)\nchecking ATFILE..............failed\nchecking DIRFD...............ok\nchecking STATVFS.............ok\n/tmp/discovera50f58.c:24: error: storage size of 'var_2' isn't known\nchecking SIOCGIFCONF.........failed\nchecking INET_NTOA...........ok\nchecking UNAME...............ok\n/tmp/discover41b45d.c:19: error: 'posix_fadvise' undeclared here (not in a function)\n/tmp/discover41b45d.c:20: error: 'posix_fadvise64' undeclared here (not in a function)\n/tmp/discover41b45d.c:22:2: error: #error POSIX_FADV_NORMAL not defined\nchecking FADVISE.............failed\n/tmp/discover9cc07a.c:19: error: 'posix_fallocate' undeclared here (not in a function)\n/tmp/discover9cc07a.c:20: error: 'posix_fallocate64' undeclared here (not in a function)\n/tmp/discover1c46c9.c:19:2: error: #error WIN32 not defined\n/tmp/discover1c46c9.c:21: error: 'GetFileSizeEx' undeclared here (not in a function)\nchecking FALLOCATE...........failed\n/tmp/discoverf30d68.c:24:2: error: #error CRTSCTS not defined\nchecking TTY_IOCTL...........failed\nchecking TTYNAME.............ok\nchecking CTERMID.............ok\nchecking PGID................ok\nchecking SETREUID............ok\nchecking FSYNC...............ok\n/tmp/discover119126.c:19: error: 'fdatasync' undeclared here (not in a function)\n/tmp/discovere4e5a1.c:19:2: error: #error WIN32 not defined\n/tmp/discovere4e5a1.c:21: error: 'FlushFileBuffers' undeclared here (not in a function)\nchecking FDATASYNC...........failed\nchecking REALPATH............ok\n/tmp/discover39336b.c:19:26: error: sys/signalfd.h: No such file or directory\n/tmp/discover39336b.c:20: error: 'signalfd' undeclared here (not in a function)\nchecking SIGNALFD............failed\nIn file included from /tmp/discoverd5818c.c:18:\n/usr/include/sys/ptrace.h:94: error: expected declaration specifiers or '...' before 'caddr_t'\n/tmp/discoverd5818c.c:20: error: 'PTRACE_TRACEME' undeclared here (not in a function)\n/tmp/discoverd5818c.c:21: error: 'PTRACE_ATTACH' undeclared here (not in a function)\nchecking PTRACE..............failed\nchecking RESOURCE............ok\nchecking MLOCKALL............ok\nchecking STRTIME.............ok\nchecking PTS.................ok\nchecking FCNTL...............ok\nchecking TCPGRP..............ok\nchecking EXECINFO............ok\nchecking SETENV..............ok\n/tmp/discover89546d.c:19: error: 'clearenv' undeclared here (not in a function)\nchecking CLEARENV............failed\n/tmp/discover6caf77.c:19: error: 'mkdtemp' undeclared here (not in a function)\nchecking MKDTEMP.............failed\n/tmp/discover51ec5d.c:19: error: 'timegm' undeclared here (not in a function)\nchecking TIMEGM..............failed\n/tmp/discover630a04.c:18:20: error: malloc.h: No such file or directory\n/tmp/discover630a04.c:19: error: 'malloc_info' undeclared here (not in a function)\nchecking MALLOC_INFO.........failed\n/tmp/discover83b504.c:18:20: error: malloc.h: No such file or directory\n/tmp/discover83b504.c:19: error: 'malloc_stats' undeclared here (not in a function)\nchecking MALLOC_STATS........failed\nchecking MEMALIGN............ok\n/tmp/discovera24300.c:18:20: error: endian.h: No such file or directory\n/tmp/discovera24300.c:20:2: error: #error htobe16 not defined\n/tmp/discovera24300.c:23:2: error: #error htole16 not defined\n/tmp/discovera24300.c:26:2: error: #error be16toh not defined\n/tmp/discovera24300.c:29:2: error: #error le16toh not defined\n/tmp/discovera24300.c:32:2: error: #error htobe32 not defined\n/tmp/discovera24300.c:35:2: error: #error htole32 not defined\n/tmp/discovera24300.c:38:2: error: #error be32toh not defined\n/tmp/discovera24300.c:41:2: error: #error le32toh not defined\n/tmp/discovera24300.c:44:2: error: #error htobe64 not defined\n/tmp/discovera24300.c:47:2: error: #error htole64 not defined\n/tmp/discovera24300.c:50:2: error: #error be64toh not defined\n/tmp/discovera24300.c:53:2: error: #error le64toh not defined\nchecking ENDIAN..............failed\n/tmp/discoverbf0ba7.c:21:2: error: #error SO_PEERCRED not defined\nchecking READ_CREDENTIALS....failed\n/tmp/discover0bbf37.c:19: error: 'fexecve' undeclared here (not in a function)\nchecking FEXECVE.............failed\nchecking SENDMSG.............ok\nchecking PREAD...............ok\nchecking PWRITE..............ok\nchecking READ................ok\nchecking WRITE...............ok\n/tmp/discoverabf053.c:19: error: 'mkstemps' undeclared here (not in a function)\nchecking MKSTEMPS............failed\n/tmp/discoverb587af.c:19: error: 'mkostemps' undeclared here (not in a function)\nchecking MKOSTEMPS...........failed\n/tmp/discover8f9a12.c:20: error: 'setresuid' undeclared here (not in a function)\n/tmp/discover8f9a12.c:21: error: 'setresgid' undeclared here (not in a function)\nchecking SETRESUID...........failed\n\nConfiguration: \nocamlfind: ..................................... /var/folders/f9/vtsr2sv53wn9h3fblk38vwdh0000gn/T/ocamlot/ocamlot.work.2013-08-31.79/opam-install/system/bin/ocamlfind\nocamlc: ........................................ /Users/avsm/x/worker/ocaml/4.01/bin/ocamlc.opt\nocamlopt: ...................................... /Users/avsm/x/worker/ocaml/4.01/bin/ocamlopt.opt\nocamlbuild: .................................... /Users/avsm/x/worker/ocaml/4.01/bin/ocamlbuild\nPackage name: .................................. extunix\nPackage version: ............................... 0.0.4\nos_type: ....................................... Unix\nsystem: ........................................ macosx\narchitecture: .................................. amd64\nccomp_type: .................................... cc\nocaml_version: ................................. 4.01.0\nstandard_library_default: ...................... /Users/avsm/x/worker/ocaml/4.01/lib/ocaml\nstandard_library: .............................. /Users/avsm/x/worker/ocaml/4.01/lib/ocaml\nstandard_runtime: .............................. /Users/avsm/x/worker/ocaml/4.01/bin/ocamlrun\nbytecomp_c_compiler: ........................... gcc -fno-defer-pop -Wall -D_FILE_OFFSET_BITS=64 -D_REENTRANT \nnative_c_compiler: ............................. gcc -D_FILE_OFFSET_BITS=64 -D_REENTRANT\nmodel: ......................................... default\next_obj: ....................................... .o\next_asm: ....................................... .s\next_lib: ....................................... .a\next_dll: ....................................... .so\ndefault_executable_name: ....................... a.out\nsysthread_supported: ........................... true\nInstall architecture-independent files dir: .... /var/folders/f9/vtsr2sv53wn9h3fblk38vwdh0000gn/T/ocamlot/ocamlot.work.2013-08-31.79/opam-install/system\nInstall architecture-dependent files in dir: ... $prefix\nUser executables: .............................. $exec_prefix/bin\nSystem admin executables: ...................... $exec_prefix/sbin\nProgram executables: ........................... $exec_prefix/libexec\nRead-only single-machine data: ................. $prefix/etc\nModifiable architecture-independent data: ...... $prefix/com\nModifiable single-machine data: ................ $prefix/var\nObject code libraries: ......................... $exec_prefix/lib\nRead-only arch-independent data root: .......... $prefix/share\nRead-only architecture-independent data: ....... $datarootdir\nInfo documentation: ............................ $datarootdir/info\nLocale-dependent data: ......................... $datarootdir/locale\nMan documentation: ............................. $datarootdir/man\nDocumentation root: ............................ $datarootdir/doc/$pkg_name\nHTML documentation: ............................ $docdir\nDVI documentation: ............................. $docdir\nPDF documentation: ............................. $docdir\nPS documentation: .............................. $docdir\nfindlib_version: ............................... 1.4\nis_native: ..................................... true\nsuffix_program: ................................ \nRemove a file.: ................................ rm -f\nRemove a directory.: ........................... rm -rf\nTurn ocaml debug flag on: ...................... true\nTurn ocaml profile flag on: .................... false\nCompiler support generation of .cmxs.: ......... true\nOCamlbuild additional flags: ................... \nStrict compile-time checks: .................... true\ncamlp4: ........................................ /Users/avsm/x/worker/ocaml/4.01/bin/camlp4\npkg_unix: ...................................... /Users/avsm/x/worker/ocaml/4.01/lib/ocaml\npkg_bigarray: .................................. /Users/avsm/x/worker/ocaml/4.01/lib/ocaml\npkg_ounit: ..................................... /var/folders/f9/vtsr2sv53wn9h3fblk38vwdh0000gn/T/ocamlot/ocamlot.work.2013-08-31.79/opam-install/system/lib/oUnit\nocamldoc: ...................................... /Users/avsm/x/worker/ocaml/4.01/bin/ocamldoc\n\nW: Cannot find source file matching module 'ExtUnixAll' in library extunix\nW: Cannot find source file matching module 'ExtUnixSpecific' in library extunix\n/Users/avsm/x/worker/ocaml/4.01/bin/ocamlopt.opt -I /Users/avsm/x/worker/ocaml/4.01/lib/ocaml/ocamlbuild unix.cmxa /Users/avsm/x/worker/ocaml/4.01/lib/ocaml/ocamlbuild/ocamlbuildlib.cmxa myocamlbuild.ml /Users/avsm/x/worker/ocaml/4.01/lib/ocaml/ocamlbuild/ocamlbuild.cmx -o myocamlbuild\nocamlfind ocamlc -ccopt '-std=c89' -ccopt -pedantic -ccopt -Wno-long-long -ccopt -Wextra -c src/eventfd.c\nmv eventfd.o src/eventfd.o\nocamlfind ocamlc -ccopt '-std=c89' -ccopt -pedantic -ccopt -Wno-long-long -ccopt -Wextra -c src/dirfd.c\nmv dirfd.o src/dirfd.o\nocamlfind ocamlc -ccopt '-std=c89' -ccopt -pedantic -ccopt -Wno-long-long -ccopt -Wextra -c src/fsync.c\nmv fsync.o src/fsync.o\nocamlfind ocamlc -ccopt '-std=c89' -ccopt -pedantic -ccopt -Wno-long-long -ccopt -Wextra -c src/statvfs.c\nmv statvfs.o src/statvfs.o\nocamlfind ocamlc -ccopt '-std=c89' -ccopt -pedantic -ccopt -Wno-long-long -ccopt -Wextra -c src/atfile.c\nmv atfile.o src/atfile.o\nocamlfind ocamlc -ccopt '-std=c89' -ccopt -pedantic -ccopt -Wno-long-long -ccopt -Wextra -c src/ioctl_siocgifconf.c\nmv ioctl_siocgifconf.o src/ioctl_siocgifconf.o\nocamlfind ocamlc -ccopt '-std=c89' -ccopt -pedantic -ccopt -Wno-long-long -ccopt -Wextra -c src/uname.c\nmv uname.o src/uname.o\nocamlfind ocamlc -ccopt '-std=c89' -ccopt -pedantic -ccopt -Wno-long-long -ccopt -Wextra -c src/fadvise.c\nmv fadvise.o src/fadvise.o\nocamlfind ocamlc -ccopt '-std=c89' -ccopt -pedantic -ccopt -Wno-long-long -ccopt -Wextra -c src/fallocate.c\nmv fallocate.o src/fallocate.o\nocamlfind ocamlc -ccopt '-std=c89' -ccopt -pedantic -ccopt -Wno-long-long -ccopt -Wextra -c src/tty_ioctl.c\nmv tty_ioctl.o src/tty_ioctl.o\nocamlfind ocamlc -ccopt '-std=c89' -ccopt -pedantic -ccopt -Wno-long-long -ccopt -Wextra -c src/unistd.c\nmv unistd.o src/unistd.o\nocamlfind ocamlc -ccopt '-std=c89' -ccopt -pedantic -ccopt -Wno-long-long -ccopt -Wextra -c src/stdlib.c\nmv stdlib.o src/stdlib.o\nocamlfind ocamlc -ccopt '-std=c89' -ccopt -pedantic -ccopt -Wno-long-long -ccopt -Wextra -c src/signalfd.c\nmv signalfd.o src/signalfd.o\nocamlfind ocamlc -ccopt '-std=c89' -ccopt -pedantic -ccopt -Wno-long-long -ccopt -Wextra -c src/ptrace.c\nmv ptrace.o src/ptrace.o\nocamlfind ocamlc -ccopt '-std=c89' -ccopt -pedantic -ccopt -Wno-long-long -ccopt -Wextra -c src/resource.c\n+ ocamlfind ocamlc -ccopt '-std=c89' -ccopt -pedantic -ccopt -Wno-long-long -ccopt -Wextra -c src/resource.c\nsrc/resource.c:167: warning: expected [error|warning|ignored] after '#pragma GCC diagnostic'\nsrc/resource.c: In function 'caml_extunix_setrlimit':\nsrc/resource.c:173: warning: missing initializer\nsrc/resource.c:173: warning: (near initialization for 'rlmt.rlim_max')\nsrc/resource.c: At top level:\nsrc/resource.c:186: warning: expected [error|warning|ignored] after '#pragma GCC diagnostic'\nmv resource.o src/resource.o\nocamlfind ocamlc -ccopt '-std=c89' -ccopt -pedantic -ccopt -Wno-long-long -ccopt -Wextra -c src/mman.c\nmv mman.o src/mman.o\nocamlfind ocamlc -ccopt '-std=c89' -ccopt -pedantic -ccopt -Wno-long-long -ccopt -Wextra -c src/time.c\n+ ocamlfind ocamlc -ccopt '-std=c89' -ccopt -pedantic -ccopt -Wno-long-long -ccopt -Wextra -c src/time.c\nsrc/time.c:43: warning: expected [error|warning|ignored] after '#pragma GCC diagnostic'\nsrc/time.c: In function 'caml_extunix_strptime':\nsrc/time.c:48: warning: missing initializer\nsrc/time.c:48: warning: (near initialization for 'tm.tm_min')\nsrc/time.c: At top level:\nsrc/time.c:54: warning: expected [error|warning|ignored] after '#pragma GCC diagnostic'\nmv time.o src/time.o\nocamlfind ocamlc -ccopt '-std=c89' -ccopt -pedantic -ccopt -Wno-long-long -ccopt -Wextra -c src/pts.c\nmv pts.o src/pts.o\nocamlfind ocamlc -ccopt '-std=c89' -ccopt -pedantic -ccopt -Wno-long-long -ccopt -Wextra -c src/execinfo.c\nmv execinfo.o src/execinfo.o\nocamlfind ocamlc -ccopt '-std=c89' -ccopt -pedantic -ccopt -Wno-long-long -ccopt -Wextra -c src/malloc.c\nmv malloc.o src/malloc.o\nocamlfind ocamlc -ccopt '-std=c89' -ccopt -pedantic -ccopt -Wno-long-long -ccopt -Wextra -c src/endian.c\nmv endian.o src/endian.o\nocamlfind ocamlc -ccopt '-std=c89' -ccopt -pedantic -ccopt -Wno-long-long -ccopt -Wextra -c src/read_cred.c\nmv read_cred.o src/read_cred.o\nocamlfind ocamlc -ccopt '-std=c89' -ccopt -pedantic -ccopt -Wno-long-long -ccopt -Wextra -c src/fexecve.c\nmv fexecve.o src/fexecve.o\nocamlfind ocamlc -ccopt '-std=c89' -ccopt -pedantic -ccopt -Wno-long-long -ccopt -Wextra -c src/sendmsg.c\n+ ocamlfind ocamlc -ccopt '-std=c89' -ccopt -pedantic -ccopt -Wno-long-long -ccopt -Wextra -c src/sendmsg.c\nsrc/sendmsg.c: In function 'caml_extunix_sendmsg':\nsrc/sendmsg.c:50: error: 'struct msghdr' has no member named 'msg_accrights'\nsrc/sendmsg.c:51: error: 'struct msghdr' has no member named 'msg_accrightslen'\nsrc/sendmsg.c: In function 'caml_extunix_recvmsg':\nsrc/sendmsg.c:98: error: 'struct msghdr' has no member named 'msg_accrights'\nsrc/sendmsg.c:99: error: 'struct msghdr' has no member named 'msg_accrightslen'\nsrc/sendmsg.c:131: error: 'struct msghdr' has no member named 'msg_accrightslen'\nCommand exited with code 2.\nE: Failure(\"Command '/Users/avsm/x/worker/ocaml/4.01/bin/ocamlbuild src/libextunix_stubs.a src/dllextunix_stubs.so src/extunix.cma src/extunix.cmxs src/extunix.cmxa src/extunix.a test/test.native test/testba.native -tag debug' terminated with error code 10\")\nRemoving ocaml-extunix.0.0.4.\n  ocamlfind remove extunix\nocamlfind: [WARNING] No such directory: /var/folders/f9/vtsr2sv53wn9h3fblk38vwdh0000gn/T/ocamlot/ocamlot.work.2013-08-31.79/opam-install/system/lib/extunix\n\n")(r_stderr"The compilation of ocaml-extunix.0.0.4 failed.\n\n==== ERROR [while installing ocaml-extunix.0.0.4] ====\n# opam-version    1.1.0 (2f1b7c3da3f044c616c0f2fdc63eb669bb46fbc7)\n# os              darwin\n# command         ocaml setup.ml -build\n# path            /private/var/folders/f9/vtsr2sv53wn9h3fblk38vwdh0000gn/T/ocamlot/ocamlot.work.2013-08-31.79/opam-install/system/build/ocaml-extunix.0.0.4\n# compiler        system (4.01.0)\n# exit-code       1\n# env-file        /private/var/folders/f9/vtsr2sv53wn9h3fblk38vwdh0000gn/T/ocamlot/ocamlot.work.2013-08-31.79/opam-install/system/build/ocaml-extunix.0.0.4/ocaml-extunix-52583-d0f245.env\n# stdout-file     /private/var/folders/f9/vtsr2sv53wn9h3fblk38vwdh0000gn/T/ocamlot/ocamlot.work.2013-08-31.79/opam-install/system/build/ocaml-extunix.0.0.4/ocaml-extunix-52583-d0f245.out\n# stderr-file     /private/var/folders/f9/vtsr2sv53wn9h3fblk38vwdh0000gn/T/ocamlot/ocamlot.work.2013-08-31.79/opam-install/system/build/ocaml-extunix.0.0.4/ocaml-extunix-52583-d0f245.err\n### stdout ###\n...[truncated]\nocamlfind ocamlc -ccopt '-std=c89' -ccopt -pedantic -ccopt -Wno-long-long -ccopt -Wextra -c src/sendmsg.c\n+ ocamlfind ocamlc -ccopt '-std=c89' -ccopt -pedantic -ccopt -Wno-long-long -ccopt -Wextra -c src/sendmsg.c\nsrc/sendmsg.c: In function 'caml_extunix_sendmsg':\nsrc/sendmsg.c:50: error: 'struct msghdr' has no member named 'msg_accrights'\nsrc/sendmsg.c:51: error: 'struct msghdr' has no member named 'msg_accrightslen'\nsrc/sendmsg.c: In function 'caml_extunix_recvmsg':\nsrc/sendmsg.c:98: error: 'struct msghdr' has no member named 'msg_accrights'\nsrc/sendmsg.c:99: error: 'struct msghdr' has no member named 'msg_accrightslen'\nsrc/sendmsg.c:131: error: 'struct msghdr' has no member named 'msg_accrightslen'\nCommand exited with code 2.\n### stderr ###\nW: Cannot find source file matching module 'ExtUnixAll' in library extunix\nW: Cannot find source file matching module 'ExtUnixSpecific' in library extunix\nE: Failure(\"Command '/Users/avsm/x/worker/ocaml/4.01/bin/ocamlbuild src/libextunix_stubs.a src/dllextunix_stubs.so src/extunix.cma src/extunix.cmxs src/extunix.cmxa src/extunix.a test/test.native test/testba.native -tag debug' terminated with error code 10\")\n\n'opam install --verbose --yes ocaml-extunix.0.0.4' failed.\n")))))(duration 105.51623106002807617)(info"Compiler: 4.01.0+dev22-2013-08-20\nOPAM: 2f1b7c3da3f044c616c0f2fdc63eb669bb46fbc7\nOCAMLRUNPARAM = b\nHOME = /var/folders/f9/vtsr2sv53wn9h3fblk38vwdh0000gn/T/ocamlot/ocamlot.work.2013-08-31.79\nPATH = /var/folders/f9/vtsr2sv53wn9h3fblk38vwdh0000gn/T/ocamlot/ocamlot.work.2013-08-31.79/opam-install/system/bin:/var/folders/f9/vtsr2sv53wn9h3fblk38vwdh0000gn/T/ocamlot/ocamlot.work.2013-08-31.79:/Users/avsm/x/worker/ocaml/4.01/bin:/Users/avsm/x/.opam/system/bin:/Users/avsm/x/inst/bin:/usr/bin:/bin:/usr/sbin:/sbin:/usr/local/bin\nMANPATH = /var/folders/f9/vtsr2sv53wn9h3fblk38vwdh0000gn/T/ocamlot/ocamlot.work.2013-08-31.79/opam-install/system/man:\nOCAML_TOPLEVEL_PATH = /var/folders/f9/vtsr2sv53wn9h3fblk38vwdh0000gn/T/ocamlot/ocamlot.work.2013-08-31.79/opam-install/system/lib/toplevel\nPERL5LIB = /var/folders/f9/vtsr2sv53wn9h3fblk38vwdh0000gn/T/ocamlot/ocamlot.work.2013-08-31.79/opam-install/system/lib/perl5\nOPAMROOT = /var/folders/f9/vtsr2sv53wn9h3fblk38vwdh0000gn/T/ocamlot/ocamlot.work.2013-08-31.79/opam-install\nCAML_LD_LIBRARY_PATH = /var/folders/f9/vtsr2sv53wn9h3fblk38vwdh0000gn/T/ocamlot/ocamlot.work.2013-08-31.79/opam-install/system/lib/stublibs:/Users/avsm/x/worker/ocaml/4.01/lib/ocaml/stublibs\n"))))(1377918284.3927800655(Checked_in 28))(1377918259.9784801006(Checked_in 28))(1377918235.5571129322(Checked_in 28))(1377918211.1415069103(Checked_in 28))(1377918186.7252988815(Started 28))(1377910058.6479299068(Advertized((os Darwin)(arch X86_64))))))(host((os Darwin)(arch X86_64)))(job(Opam((diff(((repo((url"")(repo_url(URL git://github.com/OCamlPro/opam-repository.git))))(label OCamlPro/opam-repository:master)(reference(Ref master)))))(packages(ocaml-extunix.0.0.4))(target((host((os Darwin)(arch X86_64)))(compiler((c_version 4.01.0)(c_build"")))))(action Build)))))