((href https://github.com/OCamlPro/opam-repository/blob/master/packages/spf.1.0.1/opam)(log((1372169893.2367799282(Completed 0((status(Failed()))(duration 71.192085981369018555)(output((err"The compilation of spf.1.0.1 failed.\n\n==== ERROR [while installing spf.1.0.1] ====\n# opam-version    1.0.1 (df84b0565f0709578c581c1dea82246688d2804f)\n# os              freebsd\n# command         ocaml setup.ml -build\n# path            /usr/home/avsm/ocamlot-build/ocamlot.work.2013-06-25.385/opam-install/system/build/spf.1.0.1\n# compiler        system (4.01.0)\n# exit-code       1\n# env-file        /usr/home/avsm/ocamlot-build/ocamlot.work.2013-06-25.385/opam-install/system/build/spf.1.0.1/spf-34540-b76d46.env\n# stdout-file     /usr/home/avsm/ocamlot-build/ocamlot.work.2013-06-25.385/opam-install/system/build/spf.1.0.1/spf-34540-b76d46.out\n# stderr-file     /usr/home/avsm/ocamlot-build/ocamlot.work.2013-06-25.385/opam-install/system/build/spf.1.0.1/spf-34540-b76d46.err\n### stdout ###\n...[truncated]\nlib/spf_stubs.c:247: warning: assignment makes pointer from integer without a cast\nlib/spf_stubs.c:249: warning: implicit declaration of function 'SPF_response_get_received_spf_value'\nlib/spf_stubs.c:249: warning: assignment makes pointer from integer without a cast\nlib/spf_stubs.c:251: warning: implicit declaration of function 'SPF_response_get_header_comment'\nlib/spf_stubs.c:251: warning: assignment makes pointer from integer without a cast\nlib/spf_stubs.c:254: warning: implicit declaration of function 'SPF_response_free'\nlib/spf_stubs.c: In function 'caml_spf_strreason':\nlib/spf_stubs.c:263: warning: implicit declaration of function 'SPF_strreason'\nlib/spf_stubs.c:263: warning: passing argument 1 of 'caml_copy_string' makes pointer from integer without a cast\nCommand exited with code 2.\n### stderr ###\nE: Failure(\"Command ''/usr/home/avsm/src/git/avsm/worker/ocaml/4.01/bin/ocamlbuild' lib/libspf_stubs.a lib/dllspf_stubs.so lib/spf.cma lib/spf.cmxa lib/spf.a lib/spf.cmxs lib_test/test.native -tag debug' terminated with error code 10\")\n\n'opam install --verbose --yes spf.1.0.1' failed.\n\nOCAMLOT After 71.19s Opam_task.run \"opam install --verbose --yes spf.1.0.1\" failed (4) in 9.53s\n")(out"The following actions will be performed:\n - install ocamlfind.1.3.3 [required by spf]\n - install spf.1.0.1\n2 to install | 0 to reinstall | 0 to upgrade | 0 to downgrade | 0 to remove\n\n=-=-= Installing ocamlfind.1.3.3 =-=-=\nDownloading http://download.camlcity.org/download/findlib-1.3.3.tar.gz.\n  % Total    % Received % Xferd  Average Speed   Time    Time     Time  Current\n                                 Dload  Upload   Total   Spent    Left  Speed\n\r  0     0    0     0    0     0      0      0 --:--:-- --:--:-- --:--:--     0\r100  225k  100  225k    0     0   781k      0 --:--:-- --:--:-- --:--:--  849k\n200\nCopying ocamlfind.install.\nCreating /usr/home/avsm/ocamlot-build/ocamlot.work.2013-06-25.385/opam-install/repo/ocamlot/archives/ocamlfind.1.3.3+opam.tar.gz.\nExtracting /usr/home/avsm/ocamlot-build/ocamlot.work.2013-06-25.385/opam-install/archives/ocamlfind.1.3.3+opam.tar.gz.\nBuilding ocamlfind.1.3.3:\n  ./configure -bindir /usr/home/avsm/ocamlot-build/ocamlot.work.2013-06-25.385/opam-install/system/bin -sitelib /usr/home/avsm/ocamlot-build/ocamlot.work.2013-06-25.385/opam-install/system/lib -mandir /usr/home/avsm/ocamlot-build/ocamlot.work.2013-06-25.385/opam-install/system/man -config /usr/home/avsm/ocamlot-build/ocamlot.work.2013-06-25.385/opam-install/system/lib/findlib.conf -no-topfind\n  gmake all\n  gmake opt\n  gmake install\n  ocamlfind remove dbm\nWelcome to findlib version 1.3.3\nConfiguring core...\nChecking for #remove_directory...\nTesting threading model...\nsysthread_supported: true\nTesting DLLs...\nConfiguring libraries...\nnative dynlink: found\nlabltk: found\nocamlbuild: found\ncamlp4: using camlp4, style 310\ncompiler-libs: found\nConfiguration for dbm written to site-lib-src/dbm/META\nConfiguration for dynlink written to site-lib-src/dynlink/META\nConfiguration for graphics written to site-lib-src/graphics/META\nConfiguration for num written to site-lib-src/num/META\nConfiguration for num-top written to site-lib-src/num-top/META\nConfiguration for str written to site-lib-src/str/META\nConfiguration for threads written to site-lib-src/threads/META\nConfiguration for unix written to site-lib-src/unix/META\nConfiguration for stdlib written to site-lib-src/stdlib/META\nConfiguration for bigarray written to site-lib-src/bigarray/META\nConfiguration for labltk written to site-lib-src/labltk/META\nConfiguration for camlp4 written to site-lib-src/camlp4/META\nConfiguration for ocamlbuild written to site-lib-src/ocamlbuild/META\nConfiguration for compiler-libs written to site-lib-src/compiler-libs/META\nDetecting compiler arguments: (extractor built) ok\n\nAbout the OCAML core installation:\n    Standard library:      /usr/home/avsm/src/git/avsm/worker/ocaml/4.01/lib/ocaml\n    Binaries:              /usr/home/avsm/src/git/avsm/worker/ocaml/4.01/bin\n    Manual pages:          /usr/home/avsm/src/git/avsm/worker/ocaml/4.01/man\n    Multi-threading type:  posix\nThe directory of site-specific packages will be\n    site-lib:              /usr/home/avsm/ocamlot-build/ocamlot.work.2013-06-25.385/opam-install/system/lib\nThe configuration file is written to:\n    findlib config file:   /usr/home/avsm/ocamlot-build/ocamlot.work.2013-06-25.385/opam-install/system/lib/findlib.conf\nSoftware will be installed:\n    Libraries:             in <site-lib>/findlib\n    Binaries:              /usr/home/avsm/ocamlot-build/ocamlot.work.2013-06-25.385/opam-install/system/bin\n    Manual pages:          /usr/home/avsm/ocamlot-build/ocamlot.work.2013-06-25.385/opam-install/system/man\n    topfind script:        omitted\nToolbox:                   no\n\nConfiguration has been written to Makefile.config\n\nYou can now do 'make all', and optionally 'make opt', to build ocamlfind.\nfor p in findlib; do ( cd src/$p; gmake all ); done\ngmake[1]: Entering directory `/usr/home/avsm/ocamlot-build/ocamlot.work.2013-06-25.385/opam-install/system/build/ocamlfind.1.3.3/src/findlib'\nMakefile:142: depend: No such file or directory\nocamllex fl_meta.mll\n22 states, 392 transitions, table size 1700 bytes\ncamlp4 pa_o.cmo pa_op.cmo pr_o.cmo -- -impl fl_metascanner.src -o fl_metascanner.ml\nocamldep *.ml *.mli >depend\ngmake[1]: Leaving directory `/usr/home/avsm/ocamlot-build/ocamlot.work.2013-06-25.385/opam-install/system/build/ocamlfind.1.3.3/src/findlib'\ngmake[1]: Entering directory `/usr/home/avsm/ocamlot-build/ocamlot.work.2013-06-25.385/opam-install/system/build/ocamlfind.1.3.3/src/findlib'\nUSE_CYGPATH=\"0\"; \\\nexport USE_CYGPATH; \\\ncat findlib_config.mlp | \\\n\t../../tools/patch '@CONFIGFILE@' '/usr/home/avsm/ocamlot-build/ocamlot.work.2013-06-25.385/opam-install/system/lib/findlib.conf' | \\\n\t../../tools/patch '@STDLIB@' '/usr/home/avsm/src/git/avsm/worker/ocaml/4.01/lib/ocaml' | \\\n\tsed -e 's;@AUTOLINK@;true;g' \\\n\t    -e 's;@SYSTEM@;bsd_elf;g' \\\n\t     >findlib_config.ml\nocamlc -I +compiler-libs -g -c findlib_config.ml\nocamlc -I +compiler-libs -g -c fl_split.ml\nocamlc -I +compiler-libs -g -c fl_metatoken.ml\nocamlc -I +compiler-libs -g -c fl_meta.ml\nocamlc -I +compiler-libs -c fl_metascanner.mli\nocamlc -I +compiler-libs -g -c fl_metascanner.ml\nocamlc -I +compiler-libs -c fl_topo.mli\nocamlc -I +compiler-libs -g -c fl_topo.ml\nFile \"fl_topo.ml\", line 283, characters 10-22:\nWarning 26: unused variable in_direction.\nFile \"fl_topo.ml\", line 219, characters 36-37:\nWarning 3: deprecated feature: operator (&); you should use (&&) instead\nocamlc -I +compiler-libs -c fl_package_base.mli\nocamlc -I +compiler-libs -g -c fl_package_base.ml\nocamlc -I +compiler-libs -c findlib.mli\nocamlc -I +compiler-libs -g -c findlib.ml\nocamlc -I +compiler-libs -g -c fl_args.ml\nocamlc -I +compiler-libs -a -o findlib.cma findlib_config.cmo fl_split.cmo fl_metatoken.cmo fl_meta.cmo fl_metascanner.cmo fl_topo.cmo fl_package_base.cmo findlib.cmo fl_args.cmo\nocamlc -I +compiler-libs -g -c ocaml_args.ml\nocamlc -I +compiler-libs -g -c frontend.ml\nocamlc -I +compiler-libs -custom -o ocamlfind -g findlib.cma unix.cma \\\n           ocaml_args.cmo frontend.cmo\nocamlc -I +compiler-libs -c topfind.mli\nocamlc -I +compiler-libs -g -c topfind.ml\nFile \"topfind.ml\", line 53, characters 10-19:\nWarning 26: unused variable stdlibdir.\nFile \"topfind.ml\", line 97, characters 11-12:\nWarning 26: unused variable d.\nocamlc -I +compiler-libs -a -o findlib_top.cma topfind.cmo\nUSE_CYGPATH=\"0\"; \\\nexport USE_CYGPATH; \\\ncat topfind_rd1.p | \\\n\t../../tools/patch '@SITELIB@' '/usr/home/avsm/ocamlot-build/ocamlot.work.2013-06-25.385/opam-install/system/lib' \\\n    \t    >topfind\nocamlc -I +compiler-libs -c num_top_printers.mli\nocamlc -I +compiler-libs -g -c num_top_printers.ml\nocamlc -I +compiler-libs -c num_top.mli\nocamlc -I +compiler-libs -g -c num_top.ml\nocamlc -I +compiler-libs -a -o num_top.cma num_top_printers.cmo num_top.cmo\ngmake[1]: Leaving directory `/usr/home/avsm/ocamlot-build/ocamlot.work.2013-06-25.385/opam-install/system/build/ocamlfind.1.3.3/src/findlib'\ngmake all-config\ngmake[1]: Entering directory `/usr/home/avsm/ocamlot-build/ocamlot.work.2013-06-25.385/opam-install/system/build/ocamlfind.1.3.3'\nUSE_CYGPATH=\"0\"; \\\nexport USE_CYGPATH; \\\ncat findlib.conf.in | \\\n\ttools/patch '@SITELIB@' '/usr/home/avsm/ocamlot-build/ocamlot.work.2013-06-25.385/opam-install/system/lib' >findlib.conf\nif ocamlc.opt >/dev/null 2>&1; then \\\n\techo 'ocamlc=\"ocamlc.opt\"' >>findlib.conf; \\\nfi\nif ocamlopt.opt >/dev/null 2>&1; then \\\n\techo 'ocamlopt=\"ocamlopt.opt\"' >>findlib.conf; \\\nfi\nif ocamldep.opt >/dev/null 2>&1; then \\\n\techo 'ocamldep=\"ocamldep.opt\"' >>findlib.conf; \\\nfi\ngmake[1]: Leaving directory `/usr/home/avsm/ocamlot-build/ocamlot.work.2013-06-25.385/opam-install/system/build/ocamlfind.1.3.3'\nfor p in findlib; do ( cd src/$p; gmake opt ); done\ngmake[1]: Entering directory `/usr/home/avsm/ocamlot-build/ocamlot.work.2013-06-25.385/opam-install/system/build/ocamlfind.1.3.3/src/findlib'\nocamlopt -I +compiler-libs -c findlib_config.ml\nocamlopt -I +compiler-libs -c fl_split.ml\nocamlopt -I +compiler-libs -c fl_metatoken.ml\nocamlopt -I +compiler-libs -c fl_meta.ml\nocamlopt -I +compiler-libs -c fl_metascanner.ml\nocamlopt -I +compiler-libs -c fl_topo.ml\nFile \"fl_topo.ml\", line 283, characters 10-22:\nWarning 26: unused variable in_direction.\nFile \"fl_topo.ml\", line 219, characters 36-37:\nWarning 3: deprecated feature: operator (&); you should use (&&) instead\nocamlopt -I +compiler-libs -c fl_package_base.ml\nocamlopt -I +compiler-libs -c findlib.ml\nocamlopt -I +compiler-libs -c fl_args.ml\nocamlopt -I +compiler-libs -a -o findlib.cmxa findlib_config.cmx fl_split.cmx fl_metatoken.cmx fl_meta.cmx fl_metascanner.cmx fl_topo.cmx fl_package_base.cmx findlib.cmx fl_args.cmx\nocamlopt -I +compiler-libs -c ocaml_args.ml\nocamlopt -I +compiler-libs -c frontend.ml\nocamlopt -I +compiler-libs -o ocamlfind_opt findlib.cmxa unix.cmxa \\\n\t   ocaml_args.cmx frontend.cmx\ngmake[1]: Leaving directory `/usr/home/avsm/ocamlot-build/ocamlot.work.2013-06-25.385/opam-install/system/build/ocamlfind.1.3.3/src/findlib'\nmkdir -p \"/usr/home/avsm/ocamlot-build/ocamlot.work.2013-06-25.385/opam-install/system/bin\"\nmkdir -p \"/usr/home/avsm/ocamlot-build/ocamlot.work.2013-06-25.385/opam-install/system/man\"\nfor p in findlib; do ( cd src/$p; gmake install ); done\ngmake[1]: Entering directory `/usr/home/avsm/ocamlot-build/ocamlot.work.2013-06-25.385/opam-install/system/build/ocamlfind.1.3.3/src/findlib'\nmkdir -p \"/usr/home/avsm/ocamlot-build/ocamlot.work.2013-06-25.385/opam-install/system/lib/findlib\"\nmkdir -p \"/usr/home/avsm/ocamlot-build/ocamlot.work.2013-06-25.385/opam-install/system/bin\"\ntest 0 -eq 0 || cp topfind \"/usr/home/avsm/src/git/avsm/worker/ocaml/4.01/lib/ocaml\"\nfiles=`../../tools/collect_files ../../Makefile.config findlib.cmi findlib.mli findlib.cma topfind.cmi topfind.mli fl_package_base.mli fl_package_base.cmi fl_metascanner.mli fl_metascanner.cmi fl_metatoken.cmi findlib_top.cma findlib.cmxa findlib.a META` && \\\ncp $files \"/usr/home/avsm/ocamlot-build/ocamlot.work.2013-06-25.385/opam-install/system/lib/findlib\"\nf=\"ocamlfind\"; { test -f ocamlfind_opt && f=\"ocamlfind_opt\"; }; \\\ncp $f \"/usr/home/avsm/ocamlot-build/ocamlot.work.2013-06-25.385/opam-install/system/bin/ocamlfind\"\n# the following \"if\" block is only needed for 4.00beta2\nif [ 1 -eq 0 -a -f \"/usr/home/avsm/src/git/avsm/worker/ocaml/4.01/lib/ocaml/compiler-libs/topdirs.cmi\" ]; then \\\n    cd \"/usr/home/avsm/src/git/avsm/worker/ocaml/4.01/lib/ocaml/compiler-libs/\"; \\\n    cp topdirs.cmi toploop.cmi \"/usr/home/avsm/ocamlot-build/ocamlot.work.2013-06-25.385/opam-install/system/lib/findlib/\"; \\\nfi\ngmake[1]: Leaving directory `/usr/home/avsm/ocamlot-build/ocamlot.work.2013-06-25.385/opam-install/system/build/ocamlfind.1.3.3/src/findlib'\ngmake install-meta\ngmake[1]: Entering directory `/usr/home/avsm/ocamlot-build/ocamlot.work.2013-06-25.385/opam-install/system/build/ocamlfind.1.3.3'\nfor x in `ls site-lib-src`; do if [ \"$x\" != \"CVS\" -a -f \"site-lib-src/$x/META\" ]; then mkdir -p \"/usr/home/avsm/ocamlot-build/ocamlot.work.2013-06-25.385/opam-install/system/lib/$x\"; cp site-lib-src/$x/META \"/usr/home/avsm/ocamlot-build/ocamlot.work.2013-06-25.385/opam-install/system/lib/$x\"; fi; done\ngmake[1]: Leaving directory `/usr/home/avsm/ocamlot-build/ocamlot.work.2013-06-25.385/opam-install/system/build/ocamlfind.1.3.3'\ncd src/findlib; gmake install-num-top\ngmake[1]: Entering directory `/usr/home/avsm/ocamlot-build/ocamlot.work.2013-06-25.385/opam-install/system/build/ocamlfind.1.3.3/src/findlib'\nmkdir -p \"/usr/home/avsm/ocamlot-build/ocamlot.work.2013-06-25.385/opam-install/system/lib/num-top\"\ncp num_top.cma num_top.cmi num_top_printers.cmi \\\n\t\"/usr/home/avsm/ocamlot-build/ocamlot.work.2013-06-25.385/opam-install/system/lib/num-top\"\ngmake[1]: Leaving directory `/usr/home/avsm/ocamlot-build/ocamlot.work.2013-06-25.385/opam-install/system/build/ocamlfind.1.3.3/src/findlib'\ngmake install-config\ngmake[1]: Entering directory `/usr/home/avsm/ocamlot-build/ocamlot.work.2013-06-25.385/opam-install/system/build/ocamlfind.1.3.3'\nmkdir -p \"`dirname \\\"/usr/home/avsm/ocamlot-build/ocamlot.work.2013-06-25.385/opam-install/system/lib/findlib.conf\\\"`\"\ntest -f \"/usr/home/avsm/ocamlot-build/ocamlot.work.2013-06-25.385/opam-install/system/lib/findlib.conf\" || cp findlib.conf \"/usr/home/avsm/ocamlot-build/ocamlot.work.2013-06-25.385/opam-install/system/lib/findlib.conf\"\ngmake[1]: Leaving directory `/usr/home/avsm/ocamlot-build/ocamlot.work.2013-06-25.385/opam-install/system/build/ocamlfind.1.3.3'\ncp tools/safe_camlp4 \"/usr/home/avsm/ocamlot-build/ocamlot.work.2013-06-25.385/opam-install/system/bin\"\ngmake install-doc\ngmake[1]: Entering directory `/usr/home/avsm/ocamlot-build/ocamlot.work.2013-06-25.385/opam-install/system/build/ocamlfind.1.3.3'\nmkdir -p /usr/home/avsm/ocamlot-build/ocamlot.work.2013-06-25.385/opam-install/system/man/man1 /usr/home/avsm/ocamlot-build/ocamlot.work.2013-06-25.385/opam-install/system/man/man3 /usr/home/avsm/ocamlot-build/ocamlot.work.2013-06-25.385/opam-install/system/man/man5\ncp doc/ref-man/ocamlfind.1 /usr/home/avsm/ocamlot-build/ocamlot.work.2013-06-25.385/opam-install/system/man/man1\ncp doc/ref-man/META.5 doc/ref-man/site-lib.5 doc/ref-man/findlib.conf.5 /usr/home/avsm/ocamlot-build/ocamlot.work.2013-06-25.385/opam-install/system/man/man5\ngmake[1]: Leaving directory `/usr/home/avsm/ocamlot-build/ocamlot.work.2013-06-25.385/opam-install/system/build/ocamlfind.1.3.3'\nocamlfind: [WARNING] You are removing the package from /usr/home/avsm/ocamlot-build/ocamlot.work.2013-06-25.385/opam-install/system/lib/dbm but the currently visible package is at /usr/home/avsm/src/git/avsm/worker/ocaml/4.01/lib/ocaml; you may want to specify the -destdir option\nRemoved /usr/home/avsm/ocamlot-build/ocamlot.work.2013-06-25.385/opam-install/system/lib/dbm\nInstalling ocamlfind.1.3.3.\n\n=-=-= Installing spf.1.0.1 =-=-=\nDownloading https://forge.ocamlcore.org/frs/download.php/1112/ocaml-spf-1.0.1.tar.gz.\n  % Total    % Received % Xferd  Average Speed   Time    Time     Time  Current\n                                 Dload  Upload   Total   Spent    Left  Speed\n\r  0     0    0     0    0     0      0      0 --:--:-- --:--:-- --:--:--     0\r  0 42451    0     0    0     0      0      0 --:--:-- --:--:-- --:--:--     0\r100 42451  100 42451    0     0  52367      0 --:--:-- --:--:-- --:--:-- 52931\n200\nCreating /usr/home/avsm/ocamlot-build/ocamlot.work.2013-06-25.385/opam-install/repo/ocamlot/archives/spf.1.0.1+opam.tar.gz.\nExtracting /usr/home/avsm/ocamlot-build/ocamlot.work.2013-06-25.385/opam-install/archives/spf.1.0.1+opam.tar.gz.\nBuilding spf.1.0.1:\n  ocaml setup.ml -configure --prefix /usr/home/avsm/ocamlot-build/ocamlot.work.2013-06-25.385/opam-install/system\n  ocaml setup.ml -build\n  ocaml setup.ml -install\n\nConfiguration: \nocamlfind: ........................................... /usr/home/avsm/ocamlot-build/ocamlot.work.2013-06-25.385/opam-install/system/bin/ocamlfind\nocamlc: .............................................. /usr/home/avsm/src/git/avsm/worker/ocaml/4.01/bin/ocamlc.opt\nocamlopt: ............................................ /usr/home/avsm/src/git/avsm/worker/ocaml/4.01/bin/ocamlopt.opt\nocamlbuild: .......................................... /usr/home/avsm/src/git/avsm/worker/ocaml/4.01/bin/ocamlbuild\nPackage name: ........................................ spf\nPackage version: ..................................... 1.0.0\nos_type: ............................................. Unix\nsystem: .............................................. bsd_elf\narchitecture: ........................................ i386\nccomp_type: .......................................... cc\nocaml_version: ....................................... 4.01.0\nstandard_library_default: ............................ /usr/home/avsm/src/git/avsm/worker/ocaml/4.01/lib/ocaml\nstandard_library: .................................... /usr/home/avsm/src/git/avsm/worker/ocaml/4.01/lib/ocaml\nstandard_runtime: .................................... /usr/home/avsm/src/git/avsm/worker/ocaml/4.01/bin/ocamlrun\nbytecomp_c_compiler: ................................. gcc -fno-defer-pop -Wall -D_FILE_OFFSET_BITS=64 -D_REENTRANT -D_THREAD_SAFE -fPIC\nnative_c_compiler: ................................... gcc -Wall -D_FILE_OFFSET_BITS=64 -D_REENTRANT -D_THREAD_SAFE\nmodel: ............................................... default\next_obj: ............................................. .o\next_asm: ............................................. .s\next_lib: ............................................. .a\next_dll: ............................................. .so\ndefault_executable_name: ............................. a.out\nsysthread_supported: ................................. true\nInstall architecture-independent files dir: .......... /usr/home/avsm/ocamlot-build/ocamlot.work.2013-06-25.385/opam-install/system\nInstall architecture-dependent files in dir: ......... $prefix\nUser executables: .................................... $exec_prefix/bin\nSystem admin executables: ............................ $exec_prefix/sbin\nProgram executables: ................................. $exec_prefix/libexec\nRead-only single-machine data: ....................... $prefix/etc\nModifiable architecture-independent data: ............ $prefix/com\nModifiable single-machine data: ...................... $prefix/var\nObject code libraries: ............................... $exec_prefix/lib\nRead-only arch-independent data root: ................ $prefix/share\nRead-only architecture-independent data: ............. $datarootdir\nInfo documentation: .................................. $datarootdir/info\nLocale-dependent data: ............................... $datarootdir/locale\nMan documentation: ................................... $datarootdir/man\nDocumentation root: .................................. $datarootdir/doc/$pkg_name\nHTML documentation: .................................. $docdir\nDVI documentation: ................................... $docdir\nPDF documentation: ................................... $docdir\nPS documentation: .................................... $docdir\nfindlib_version: ..................................... 1.3.3\nis_native: ........................................... true\nsuffix_program: ...................................... \nRemove a file.: ...................................... rm -f\nRemove a directory.: ................................. rm -rf\nTurn ocaml debug flag on: ............................ true\nTurn ocaml profile flag on: .......................... false\nCompiler support generation of .cmxs.: ............... true\nOCamlbuild additional flags: ......................... \nCreate documentations: ............................... true\nCompile tests executable and library and run them: ... false\npkg_unix: ............................................ /usr/home/avsm/src/git/avsm/worker/ocaml/4.01/lib/ocaml\nocamldoc: ............................................ /usr/home/avsm/src/git/avsm/worker/ocaml/4.01/bin/ocamldoc\n\n/usr/home/avsm/src/git/avsm/worker/ocaml/4.01/bin/ocamlopt.opt -I /usr/home/avsm/src/git/avsm/worker/ocaml/4.01/lib/ocaml/ocamlbuild unix.cmxa /usr/home/avsm/src/git/avsm/worker/ocaml/4.01/lib/ocaml/ocamlbuild/ocamlbuildlib.cmxa myocamlbuild.ml /usr/home/avsm/src/git/avsm/worker/ocaml/4.01/lib/ocaml/ocamlbuild/ocamlbuild.cmx -o myocamlbuild\nocamlfind ocamlc -ccopt -Wall -ccopt -Werror -c lib/spf_stubs.c\n+ ocamlfind ocamlc -ccopt -Wall -ccopt -Werror -c lib/spf_stubs.c\nlib/spf_stubs.c:8:22: error: spf2/spf.h: No such file or directory\nlib/spf_stubs.c:9:29: error: spf2/spf_server.h: No such file or directory\nlib/spf_stubs.c:10:30: error: spf2/spf_request.h: No such file or directory\nlib/spf_stubs.c:11:31: error: spf2/spf_response.h: No such file or directory\nlib/spf_stubs.c:12:26: error: spf2/spf_dns.h: No such file or directory\nlib/spf_stubs.c:13:26: error: spf2/spf_log.h: No such file or directory\nlib/spf_stubs.c: In function 'dns_type_of_val':\nlib/spf_stubs.c:31: error: 'SPF_DNS_RESOLV' undeclared (first use in this function)\nlib/spf_stubs.c:31: error: (Each undeclared identifier is reported only once\nlib/spf_stubs.c:31: error: for each function it appears in.)\nlib/spf_stubs.c:33: error: 'SPF_DNS_CACHE' undeclared (first use in this function)\nlib/spf_stubs.c:35: error: 'SPF_DNS_ZONE' undeclared (first use in this function)\nlib/spf_stubs.c: In function 'caml_spf_server_new':\nlib/spf_stubs.c:53: error: 'SPF_server_t' undeclared (first use in this function)\nlib/spf_stubs.c:53: error: 'server' undeclared (first use in this function)\ncc1: warnings being treated as errors\nlib/spf_stubs.c:61: warning: implicit declaration of function 'SPF_server_new'\nlib/spf_stubs.c: In function 'caml_spf_server_free':\nlib/spf_stubs.c:72: error: 'SPF_server_t' undeclared (first use in this function)\nlib/spf_stubs.c:72: error: 'server' undeclared (first use in this function)\nlib/spf_stubs.c:72: error: expected expression before ')' token\nlib/spf_stubs.c:73: warning: implicit declaration of function 'SPF_server_free'\nlib/spf_stubs.c: In function 'caml_spf_request_new':\nlib/spf_stubs.c:81: error: 'SPF_server_t' undeclared (first use in this function)\nlib/spf_stubs.c:81: error: 'server' undeclared (first use in this function)\nlib/spf_stubs.c:81: error: expected expression before ')' token\nlib/spf_stubs.c:82: error: 'SPF_request_t' undeclared (first use in this function)\nlib/spf_stubs.c:82: error: 'req' undeclared (first use in this function)\nlib/spf_stubs.c:84: warning: implicit declaration of function 'SPF_request_new'\nlib/spf_stubs.c: In function 'caml_spf_request_free':\nlib/spf_stubs.c:95: error: 'SPF_request_t' undeclared (first use in this function)\nlib/spf_stubs.c:95: error: 'req' undeclared (first use in this function)\nlib/spf_stubs.c:95: error: expected expression before ')' token\nlib/spf_stubs.c:96: warning: implicit declaration of function 'SPF_request_free'\nlib/spf_stubs.c: In function 'spf_get_sockaddr':\nlib/spf_stubs.c:110: error: 'AF_INET' undeclared (first use in this function)\nlib/spf_stubs.c:118: error: 'AF_INET6' undeclared (first use in this function)\nlib/spf_stubs.c: In function 'caml_spf_request_set_inet_addr':\nlib/spf_stubs.c:132: error: 'SPF_request_t' undeclared (first use in this function)\nlib/spf_stubs.c:132: error: 'req' undeclared (first use in this function)\nlib/spf_stubs.c:132: error: expected expression before ')' token\nlib/spf_stubs.c:135: error: 'SPF_errcode_t' undeclared (first use in this function)\nlib/spf_stubs.c:135: error: expected ';' before 'e'\nlib/spf_stubs.c:139: error: 'AF_INET' undeclared (first use in this function)\nlib/spf_stubs.c:140: error: 'e' undeclared (first use in this function)\nlib/spf_stubs.c:140: warning: implicit declaration of function 'SPF_request_set_ipv4'\nlib/spf_stubs.c:142: error: 'AF_INET6' undeclared (first use in this function)\nlib/spf_stubs.c:143: warning: implicit declaration of function 'SPF_request_set_ipv6'\nlib/spf_stubs.c:146: error: 'SPF_E_SUCCESS' undeclared (first use in this function)\nlib/spf_stubs.c:147: warning: implicit declaration of function 'SPF_strerror'\nlib/spf_stubs.c:147: warning: passing argument 1 of 'spf_error' makes pointer from integer without a cast\nlib/spf_stubs.c: In function 'caml_spf_request_set_ipv4_str':\nlib/spf_stubs.c:167: error: 'SPF_request_t' undeclared (first use in this function)\nlib/spf_stubs.c:167: error: 'req' undeclared (first use in this function)\nlib/spf_stubs.c:167: error: expected expression before ')' token\nlib/spf_stubs.c:167: error: 'SPF_errcode_t' undeclared (first use in this function)\nlib/spf_stubs.c:167: error: expected ';' before 'err'\nlib/spf_stubs.c:167: error: 'err' undeclared (first use in this function)\nlib/spf_stubs.c:167: warning: implicit declaration of function 'SPF_request_set_ipv4_str'\nlib/spf_stubs.c:167: error: 'SPF_E_SUCCESS' undeclared (first use in this function)\nlib/spf_stubs.c:167: warning: passing argument 1 of 'spf_error' makes pointer from integer without a cast\nlib/spf_stubs.c: In function 'caml_spf_request_set_ipv6_str':\nlib/spf_stubs.c:168: error: 'SPF_request_t' undeclared (first use in this function)\nlib/spf_stubs.c:168: error: 'req' undeclared (first use in this function)\nlib/spf_stubs.c:168: error: expected expression before ')' token\nlib/spf_stubs.c:168: error: 'SPF_errcode_t' undeclared (first use in this function)\nlib/spf_stubs.c:168: error: expected ';' before 'err'\nlib/spf_stubs.c:168: error: 'err' undeclared (first use in this function)\nlib/spf_stubs.c:168: warning: implicit declaration of function 'SPF_request_set_ipv6_str'\nlib/spf_stubs.c:168: error: 'SPF_E_SUCCESS' undeclared (first use in this function)\nlib/spf_stubs.c:168: warning: passing argument 1 of 'spf_error' makes pointer from integer without a cast\nlib/spf_stubs.c: In function 'caml_spf_request_set_helo_dom':\nlib/spf_stubs.c:169: error: 'SPF_request_t' undeclared (first use in this function)\nlib/spf_stubs.c:169: error: 'req' undeclared (first use in this function)\nlib/spf_stubs.c:169: error: expected expression before ')' token\nlib/spf_stubs.c:169: error: 'SPF_errcode_t' undeclared (first use in this function)\nlib/spf_stubs.c:169: error: expected ';' before 'err'\nlib/spf_stubs.c:169: error: 'err' undeclared (first use in this function)\nlib/spf_stubs.c:169: warning: implicit declaration of function 'SPF_request_set_helo_dom'\nlib/spf_stubs.c:169: error: 'SPF_E_SUCCESS' undeclared (first use in this function)\nlib/spf_stubs.c:169: warning: passing argument 1 of 'spf_error' makes pointer from integer without a cast\nlib/spf_stubs.c: In function 'caml_spf_request_set_env_from':\nlib/spf_stubs.c:170: error: 'SPF_request_t' undeclared (first use in this function)\nlib/spf_stubs.c:170: error: 'req' undeclared (first use in this function)\nlib/spf_stubs.c:170: error: expected expression before ')' token\nlib/spf_stubs.c:170: error: 'SPF_errcode_t' undeclared (first use in this function)\nlib/spf_stubs.c:170: error: expected ';' before 'err'\nlib/spf_stubs.c:170: error: 'err' undeclared (first use in this function)\nlib/spf_stubs.c:170: warning: implicit declaration of function 'SPF_request_set_env_from'\nlib/spf_stubs.c:170: error: 'SPF_E_SUCCESS' undeclared (first use in this function)\nlib/spf_stubs.c:170: warning: passing argument 1 of 'spf_error' makes pointer from integer without a cast\nlib/spf_stubs.c: At top level:\nlib/spf_stubs.c:173: error: expected ')' before 'r'\nlib/spf_stubs.c: In function 'caml_spf_request_query_mailfrom':\nlib/spf_stubs.c:205: error: 'SPF_request_t' undeclared (first use in this function)\nlib/spf_stubs.c:205: error: 'req' undeclared (first use in this function)\nlib/spf_stubs.c:205: error: expected expression before ')' token\nlib/spf_stubs.c:206: error: 'SPF_response_t' undeclared (first use in this function)\nlib/spf_stubs.c:206: error: 'resp' undeclared (first use in this function)\nlib/spf_stubs.c:207: error: 'SPF_result_t' undeclared (first use in this function)\nlib/spf_stubs.c:207: error: expected ';' before 'result'\nlib/spf_stubs.c:210: warning: implicit declaration of function 'SPF_request_query_mailfrom'\nlib/spf_stubs.c:215: error: 'result' undeclared (first use in this function)\nlib/spf_stubs.c:215: warning: implicit declaration of function 'SPF_response_result'\nlib/spf_stubs.c:216: warning: implicit declaration of function 'tag_of_result'\nlib/spf_stubs.c:219: error: 'SPF_RESULT_FAIL' undeclared (first use in this function)\nlib/spf_stubs.c:220: error: 'SPF_RESULT_SOFTFAIL' undeclared (first use in this function)\nlib/spf_stubs.c:221: error: 'SPF_RESULT_NEUTRAL' undeclared (first use in this function)\nlib/spf_stubs.c:223: warning: implicit declaration of function 'SPF_response_get_smtp_comment'\nlib/spf_stubs.c:223: warning: passing argument 1 of 'caml_copy_string' makes pointer from integer without a cast\nlib/spf_stubs.c:225: warning: implicit declaration of function 'SPF_response_get_explanation'\nlib/spf_stubs.c:225: warning: passing argument 1 of 'caml_copy_string' makes pointer from integer without a cast\nlib/spf_stubs.c:231: error: 'SPF_RESULT_INVALID' undeclared (first use in this function)\nlib/spf_stubs.c:232: error: 'SPF_RESULT_PASS' undeclared (first use in this function)\nlib/spf_stubs.c:233: error: 'SPF_RESULT_TEMPERROR' undeclared (first use in this function)\nlib/spf_stubs.c:234: error: 'SPF_RESULT_PERMERROR' undeclared (first use in this function)\nlib/spf_stubs.c:235: error: 'SPF_RESULT_NONE' undeclared (first use in this function)\nlib/spf_stubs.c:240: warning: implicit declaration of function 'SPF_response_reason'\nlib/spf_stubs.c:247: warning: implicit declaration of function 'SPF_response_get_received_spf'\nlib/spf_stubs.c:247: warning: assignment makes pointer from integer without a cast\nlib/spf_stubs.c:249: warning: implicit declaration of function 'SPF_response_get_received_spf_value'\nlib/spf_stubs.c:249: warning: assignment makes pointer from integer without a cast\nlib/spf_stubs.c:251: warning: implicit declaration of function 'SPF_response_get_header_comment'\nlib/spf_stubs.c:251: warning: assignment makes pointer from integer without a cast\nlib/spf_stubs.c:254: warning: implicit declaration of function 'SPF_response_free'\nlib/spf_stubs.c: In function 'caml_spf_strreason':\nlib/spf_stubs.c:263: warning: implicit declaration of function 'SPF_strreason'\nlib/spf_stubs.c:263: warning: passing argument 1 of 'caml_copy_string' makes pointer from integer without a cast\nCommand exited with code 2.\nE: Failure(\"Command ''/usr/home/avsm/src/git/avsm/worker/ocaml/4.01/bin/ocamlbuild' lib/libspf_stubs.a lib/dllspf_stubs.so lib/spf.cma lib/spf.cmxa lib/spf.a lib/spf.cmxs lib_test/test.native -tag debug' terminated with error code 10\")\nUninstalling spf.1.0.1:\n  ocamlfind remove spf\nocamlfind: [WARNING] No such directory: /usr/home/avsm/ocamlot-build/ocamlot.work.2013-06-25.385/opam-install/system/lib/spf\n\n")(info"Compiler: 4.01.0+dev18-2013-06-13\nOPAM: df84b0565f0709578c581c1dea82246688d2804f\nOCAMLRUNPARAM = b\nHOME = /home/avsm/ocamlot-build/ocamlot.work.2013-06-25.385\nPATH = /usr/home/avsm/ocamlot-build/ocamlot.work.2013-06-25.385/opam-install/system/bin:/home/avsm/ocamlot-build/ocamlot.work.2013-06-25.385:/usr/home/avsm/src/git/avsm/worker/ocaml/4.01/bin:/usr/home/avsm/.opam/4.00.1/bin:/sbin:/bin:/usr/sbin:/usr/bin:/usr/games:/usr/local/sbin:/usr/local/bin:/home/avsm/bin\nMANPATH = /usr/home/avsm/ocamlot-build/ocamlot.work.2013-06-25.385/opam-install/system/man:\nOCAML_TOPLEVEL_PATH = /usr/home/avsm/ocamlot-build/ocamlot.work.2013-06-25.385/opam-install/system/lib/toplevel\nOPAMROOT = /usr/home/avsm/ocamlot-build/ocamlot.work.2013-06-25.385/opam-install\nCAML_LD_LIBRARY_PATH = /usr/home/avsm/ocamlot-build/ocamlot.work.2013-06-25.385/opam-install/system/lib/stublibs:/usr/home/avsm/src/git/avsm/worker/ocaml/4.01/lib/ocaml/stublibs\n"))))))(1372169891.8318889141(Checked_in 0))(1372169867.8116350174(Checked_in 0))(1372169843.7916660309(Checked_in 0))(1372169819.7741429806(Started 0))(1372167659.2086439133(Advertized((os FreeBSD)(arch I386))))))(host((os FreeBSD)(arch I386)))(job(Opam((diff(((repo((url"")(repo_url(URL git://github.com/OCamlPro/opam-repository.git))))(label OCamlPro/opam-repository:master)(reference(Ref master)))))(packages(spf.1.0.1))(target((host((os FreeBSD)(arch I386)))(compiler((c_version 4.01.0)(c_build"")))))(action Build)))))