((href https://github.com/OCamlPro/opam-repository/blob/master/packages/ocamlspot.4.00.1.2.1.2/opam)(log((1372170754.9399108887(Completed 0((status(Failed()))(duration 69.233072042465209961)(output((err"The compilation of ocamlspot.4.00.1.2.1.2 failed.\n\n==== ERROR [while installing ocamlspot.4.00.1.2.1.2] ====\n# opam-version    1.0.1 (df84b0565f0709578c581c1dea82246688d2804f)\n# os              freebsd\n# command         gmake all opt install BINDIR=/usr/home/avsm/ocamlot-build/ocamlot.work.2013-06-25.392/opam-install/system/bin PREFIX=/usr/home/avsm/ocamlot-build/ocamlot.work.2013-06-25.392/opam-install/system\n# path            /usr/home/avsm/ocamlot-build/ocamlot.work.2013-06-25.392/opam-install/system/build/ocamlspot.4.00.1.2.1.2\n# compiler        system (4.01.0)\n# exit-code       2\n# env-file        /usr/home/avsm/ocamlot-build/ocamlot.work.2013-06-25.392/opam-install/system/build/ocamlspot.4.00.1.2.1.2/ocamlspot-83118-335865.env\n# stdout-file     /usr/home/avsm/ocamlot-build/ocamlot.work.2013-06-25.392/opam-install/system/build/ocamlspot.4.00.1.2.1.2/ocamlspot-83118-335865.out\n# stderr-file     /usr/home/avsm/ocamlot-build/ocamlot.work.2013-06-25.392/opam-install/system/build/ocamlspot.4.00.1.2.1.2/ocamlspot-83118-335865.err\n### stdout ###\n...[truncated]\nocamlc -annot -bin-annot -w A-4-9 -warn-error A-4-9-32-33-34  -g -I +compiler-libs -I +unix -c xpath.mli\nocamlc -annot -bin-annot -w A-4-9 -warn-error A-4-9-32-33-34  -g -I +compiler-libs -I +unix -c xpath.ml\nocamlc -annot -bin-annot -w A-4-9 -warn-error A-4-9-32-33-34  -g -I +compiler-libs -I +unix -c locident.mli\nocamlc -annot -bin-annot -w A-4-9 -warn-error A-4-9-32-33-34  -g -I +compiler-libs -I +unix -c locident.ml\nocamlc -annot -bin-annot -w A-4-9 -warn-error A-4-9-32-33-34  -g -I +compiler-libs -I +unix -c typeFix.mli\nocamlc -annot -bin-annot -w A-4-9 -warn-error A-4-9-32-33-34  -g -I +compiler-libs -I +unix -c typeFix.ml\nocamlc -annot -bin-annot -w A-4-9 -warn-error A-4-9-32-33-34  -g -I +compiler-libs -I +unix -c xprinttyp.mli\nocamlc -annot -bin-annot -w A-4-9 -warn-error A-4-9-32-33-34  -g -I +compiler-libs -I +unix -c xprinttyp.ml\nocamlc -annot -bin-annot -w A-4-9 -warn-error A-4-9-32-33-34  -g -I +compiler-libs -I +unix -c ext.ml\nocamlc -annot -bin-annot -w A-4-9 -warn-error A-4-9-32-33-34  -g -I +compiler-libs -I +unix -c ttfold.ml\n### stderr ###\n...[truncated]\nFile \"ttfold.ml\", line 16, characters 0-14:\nWarning 44: this open statement shadows the type identifier class_signature (which is later used)\nFile \"ttfold.ml\", line 16, characters 0-14:\nWarning 44: this open statement shadows the type identifier class_declaration (which is later used)\nFile \"ttfold.ml\", line 16, characters 0-14:\nWarning 44: this open statement shadows the type identifier class_type_declaration (which is later used)\nFile \"ttfold.ml\", line 52, characters 10-55:\nError: The constructor Tpat_construct expects 4 argument(s),\n       but is applied here to 5 argument(s)\ngmake: *** [ttfold.cmo] Error 2\n\n'opam install --verbose --yes ocamlspot.4.00.1.2.1.2' failed.\n\nOCAMLOT After 69.23s Opam_task.run \"opam install --verbose --yes ocamlspot.4.00.1.2.1.2\" failed (4) in 5.94s\n")(out"The following actions will be performed:\n - install ocamlspot.4.00.1.2.1.2\n1 to install | 0 to reinstall | 0 to upgrade | 0 to downgrade | 0 to remove\n\n=-=-= Installing ocamlspot.4.00.1.2.1.2 =-=-=\nDownloading https://bitbucket.org/camlspotter/ocamlspot/get/4.00.1.2.1.2.tar.gz.\n  % Total    % Received % Xferd  Average Speed   Time    Time     Time  Current\n                                 Dload  Upload   Total   Spent    Left  Speed\n\r  0     0    0     0    0     0      0      0 --:--:-- --:--:-- --:--:--     0\r  0     0    0     0    0     0      0      0 --:--:-- --:--:-- --:--:--     0\r100 32330    0 32330    0     0  16395      0 --:--:--  0:00:01 --:--:-- 17589\r100 81458    0 81458    0     0  28911      0 --:--:--  0:00:02 --:--:-- 30360\r100  170k    0  170k    0     0  53470      0 --:--:--  0:00:03 --:--:-- 55776\n200\nCreating /usr/home/avsm/ocamlot-build/ocamlot.work.2013-06-25.392/opam-install/repo/ocamlot/archives/ocamlspot.4.00.1.2.1.2+opam.tar.gz.\nExtracting /usr/home/avsm/ocamlot-build/ocamlot.work.2013-06-25.392/opam-install/archives/ocamlspot.4.00.1.2.1.2+opam.tar.gz.\nBuilding ocamlspot.4.00.1.2.1.2:\n  gmake all opt install BINDIR=/usr/home/avsm/ocamlot-build/ocamlot.work.2013-06-25.392/opam-install/system/bin PREFIX=/usr/home/avsm/ocamlot-build/ocamlot.work.2013-06-25.392/opam-install/system\nocamlc -annot -bin-annot -w A-4-9 -warn-error A-4-9-32-33-34  -g -I +compiler-libs -I +unix -c utils.mli\nocamlc -annot -bin-annot -w A-4-9 -warn-error A-4-9-32-33-34  -g -I +compiler-libs -I +unix -c utils.ml\nFile \"utils.ml\", line 139, characters 4-9:\nWarning 32: unused value catch.\nocamlc -annot -bin-annot -w A-4-9 -warn-error A-4-9-32-33-34  -g -I +compiler-libs -I +unix -c checksum.ml\nocamlc -annot -bin-annot -w A-4-9 -warn-error A-4-9-32-33-34  -g -I +compiler-libs -I +unix -c fileident.mli\nocamlc -annot -bin-annot -w A-4-9 -warn-error A-4-9-32-33-34  -g -I +compiler-libs -I +unix -c fileident.ml\nocamlc -annot -bin-annot -w A-4-9 -warn-error A-4-9-32-33-34  -g -I +compiler-libs -I +unix -c filepath.mli\nocamlc -annot -bin-annot -w A-4-9 -warn-error A-4-9-32-33-34  -g -I +compiler-libs -I +unix -c filepath.ml\nocamlc -annot -bin-annot -w A-4-9 -warn-error A-4-9-32-33-34  -g -I +compiler-libs -I +unix -c dotfile.mli\nocamlc -annot -bin-annot -w A-4-9 -warn-error A-4-9-32-33-34  -g -I +compiler-libs -I +unix -c dotfile.ml\nocamlc -annot -bin-annot -w A-4-9 -warn-error A-4-9-32-33-34  -g -I +compiler-libs -I +unix -c compdir.mli\nocamlc -annot -bin-annot -w A-4-9 -warn-error A-4-9-32-33-34  -g -I +compiler-libs -I +unix -c compdir.ml\nocamlc -annot -bin-annot -w A-4-9 -warn-error A-4-9-32-33-34  -g -I +compiler-libs -I +unix -c xset.mli\nocamlc -annot -bin-annot -w A-4-9 -warn-error A-4-9-32-33-34  -g -I +compiler-libs -I +unix -c xset.ml\nocamlc -annot -bin-annot -w A-4-9 -warn-error A-4-9-32-33-34  -g -I +compiler-libs -I +unix -c treeset.mli\nocamlc -annot -bin-annot -w A-4-9 -warn-error A-4-9-32-33-34  -g -I +compiler-libs -I +unix -c treeset.ml\nocamlc -annot -bin-annot -w A-4-9 -warn-error A-4-9-32-33-34  -g -I +compiler-libs -I +unix -c command.mli\nocamlc -annot -bin-annot -w A-4-9 -warn-error A-4-9-32-33-34  -g -I +compiler-libs -I +unix -c command.ml\nocamlc -annot -bin-annot -w A-4-9 -warn-error A-4-9-32-33-34  -g -I +compiler-libs -I +unix -c typeexpand.mli\nocamlc -annot -bin-annot -w A-4-9 -warn-error A-4-9-32-33-34  -g -I +compiler-libs -I +unix -c typeexpand.ml\nocamlc -annot -bin-annot -w A-4-9 -warn-error A-4-9-32-33-34  -g -I +compiler-libs -I +unix -c xlongident.mli\nocamlc -annot -bin-annot -w A-4-9 -warn-error A-4-9-32-33-34  -g -I +compiler-libs -I +unix -c xlongident.ml\nocamlc -annot -bin-annot -w A-4-9 -warn-error A-4-9-32-33-34  -g -I +compiler-libs -I +unix -c name.mli\nocamlc -annot -bin-annot -w A-4-9 -warn-error A-4-9-32-33-34  -g -I +compiler-libs -I +unix -c name.ml\nocamlc -annot -bin-annot -w A-4-9 -warn-error A-4-9-32-33-34  -g -I +compiler-libs -I +unix -c xident.mli\nocamlc -annot -bin-annot -w A-4-9 -warn-error A-4-9-32-33-34  -g -I +compiler-libs -I +unix -c xident.ml\nocamlc -annot -bin-annot -w A-4-9 -warn-error A-4-9-32-33-34  -g -I +compiler-libs -I +unix -c xpath.mli\nocamlc -annot -bin-annot -w A-4-9 -warn-error A-4-9-32-33-34  -g -I +compiler-libs -I +unix -c xpath.ml\nocamlc -annot -bin-annot -w A-4-9 -warn-error A-4-9-32-33-34  -g -I +compiler-libs -I +unix -c locident.mli\nocamlc -annot -bin-annot -w A-4-9 -warn-error A-4-9-32-33-34  -g -I +compiler-libs -I +unix -c locident.ml\nocamlc -annot -bin-annot -w A-4-9 -warn-error A-4-9-32-33-34  -g -I +compiler-libs -I +unix -c typeFix.mli\nocamlc -annot -bin-annot -w A-4-9 -warn-error A-4-9-32-33-34  -g -I +compiler-libs -I +unix -c typeFix.ml\nocamlc -annot -bin-annot -w A-4-9 -warn-error A-4-9-32-33-34  -g -I +compiler-libs -I +unix -c xprinttyp.mli\nocamlc -annot -bin-annot -w A-4-9 -warn-error A-4-9-32-33-34  -g -I +compiler-libs -I +unix -c xprinttyp.ml\nocamlc -annot -bin-annot -w A-4-9 -warn-error A-4-9-32-33-34  -g -I +compiler-libs -I +unix -c ext.ml\nocamlc -annot -bin-annot -w A-4-9 -warn-error A-4-9-32-33-34  -g -I +compiler-libs -I +unix -c ttfold.ml\nFile \"ttfold.ml\", line 16, characters 0-14:\nWarning 44: this open statement shadows the type identifier module_type (which is later used)\nFile \"ttfold.ml\", line 16, characters 0-14:\nWarning 44: this open statement shadows the type identifier signature (which is later used)\nFile \"ttfold.ml\", line 16, characters 0-14:\nWarning 44: this open statement shadows the type identifier signature_item (which is later used)\nFile \"ttfold.ml\", line 16, characters 0-14:\nWarning 44: this open statement shadows the type identifier modtype_declaration (which is later used)\nFile \"ttfold.ml\", line 16, characters 0-14:\nWarning 44: this open statement shadows the type identifier row_field (which is later used)\nFile \"ttfold.ml\", line 16, characters 0-14:\nWarning 44: this open statement shadows the type identifier value_description (which is later used)\nFile \"ttfold.ml\", line 16, characters 0-14:\nWarning 44: this open statement shadows the type identifier type_declaration (which is later used)\nFile \"ttfold.ml\", line 16, characters 0-14:\nWarning 44: this open statement shadows the type identifier type_kind (which is later used)\nFile \"ttfold.ml\", line 16, characters 0-14:\nWarning 44: this open statement shadows the type identifier exception_declaration (which is later used)\nFile \"ttfold.ml\", line 16, characters 0-14:\nWarning 44: this open statement shadows the type identifier class_type (which is later used)\nFile \"ttfold.ml\", line 16, characters 0-14:\nWarning 44: this open statement shadows the type identifier class_signature (which is later used)\nFile \"ttfold.ml\", line 16, characters 0-14:\nWarning 44: this open statement shadows the type identifier class_declaration (which is later used)\nFile \"ttfold.ml\", line 16, characters 0-14:\nWarning 44: this open statement shadows the type identifier class_type_declaration (which is later used)\nFile \"ttfold.ml\", line 52, characters 10-55:\nError: The constructor Tpat_construct expects 4 argument(s),\n       but is applied here to 5 argument(s)\ngmake: *** [ttfold.cmo] Error 2\nUninstalling ocamlspot.4.00.1.2.1.2:\n  gmake uninstall BINDIR=/usr/home/avsm/ocamlot-build/ocamlot.work.2013-06-25.392/opam-install/system/bin PREFIX=/usr/home/avsm/ocamlot-build/ocamlot.work.2013-06-25.392/opam-install/system\nrm -f /usr/home/avsm/ocamlot-build/ocamlot.work.2013-06-25.392/opam-install/system/bin/ocamlspot\nrm -f /usr/home/avsm/ocamlot-build/ocamlot.work.2013-06-25.392/opam-install/system/bin/ocamlspot.opt\n\n")(info"Compiler: 4.01.0+dev18-2013-06-13\nOPAM: df84b0565f0709578c581c1dea82246688d2804f\nOCAMLRUNPARAM = b\nHOME = /home/avsm/ocamlot-build/ocamlot.work.2013-06-25.392\nPATH = /usr/home/avsm/ocamlot-build/ocamlot.work.2013-06-25.392/opam-install/system/bin:/home/avsm/ocamlot-build/ocamlot.work.2013-06-25.392:/usr/home/avsm/src/git/avsm/worker/ocaml/4.01/bin:/usr/home/avsm/.opam/4.00.1/bin:/sbin:/bin:/usr/sbin:/usr/bin:/usr/games:/usr/local/sbin:/usr/local/bin:/home/avsm/bin\nMANPATH = /usr/home/avsm/ocamlot-build/ocamlot.work.2013-06-25.392/opam-install/system/man:\nOCAML_TOPLEVEL_PATH = /usr/home/avsm/ocamlot-build/ocamlot.work.2013-06-25.392/opam-install/system/lib/toplevel\nOPAMROOT = /usr/home/avsm/ocamlot-build/ocamlot.work.2013-06-25.392/opam-install\nCAML_LD_LIBRARY_PATH = /usr/home/avsm/ocamlot-build/ocamlot.work.2013-06-25.392/opam-install/system/lib/stublibs:/usr/home/avsm/src/git/avsm/worker/ocaml/4.01/lib/ocaml/stublibs\n"))))))(1372170731.5988841057(Checked_in 0))(1372170707.5784270763(Checked_in 0))(1372170683.5525729656(Started 0))(1372167659.2427940369(Advertized((os FreeBSD)(arch I386))))))(host((os FreeBSD)(arch I386)))(job(Opam((diff(((repo((url"")(repo_url(URL git://github.com/OCamlPro/opam-repository.git))))(label OCamlPro/opam-repository:master)(reference(Ref master)))))(packages(ocamlspot.4.00.1.2.1.2))(target((host((os FreeBSD)(arch I386)))(compiler((c_version 4.01.0)(c_build"")))))(action Build)))))