((href https://github.com/OCamlPro/opam-repository/blob/master/packages/freetds.0.5.1/opam)(log((1377854918.9991540909(Completed 80((status(Failed((Header_dep_ext cspublic))(Process(Exited 4)((r_cmd opam)(r_args(install --verbose --yes freetds.0.5.1))(r_env(OCAMLRUNPARAM=b HOME=/tmp/ocamlot/ocamlot.work.2013-08-30.150 PATH=/tmp/ocamlot/ocamlot.work.2013-08-30.150/opam-install/system/bin:/tmp/ocamlot/ocamlot.work.2013-08-30.150:/root/worker/ocaml/4.01/bin:/sbin:/bin:/usr/sbin:/usr/bin:/usr/games:/usr/local/sbin:/usr/local/bin:/root/bin MANPATH=/tmp/ocamlot/ocamlot.work.2013-08-30.150/opam-install/system/man: OCAML_TOPLEVEL_PATH=/tmp/ocamlot/ocamlot.work.2013-08-30.150/opam-install/system/lib/toplevel PERL5LIB=/tmp/ocamlot/ocamlot.work.2013-08-30.150/opam-install/system/lib/perl5 OPAMROOT=/tmp/ocamlot/ocamlot.work.2013-08-30.150/opam-install CAML_LD_LIBRARY_PATH=/tmp/ocamlot/ocamlot.work.2013-08-30.150/opam-install/system/lib/stublibs:/root/worker/ocaml/4.01/lib/ocaml/stublibs))(r_cwd /tmp/ocamlot/ocamlot.work.2013-08-30.150)(r_duration 90.217386960983276367)(r_stdout"The following actions will be performed:\n - install ocamlfind.1.4.0 [required by freetds]\n - install freetds.0.5.1\n2 to install | 0 to reinstall | 0 to upgrade | 0 to downgrade | 0 to remove\n\n=-=-= Installing ocamlfind.1.4.0 =-=-=\nocamlfind.1.4.0 Downloading http://download.camlcity.org/download/findlib-1.4.tar.gz\n  % Total    % Received % Xferd  Average Speed   Time    Time     Time  Current\n                                 Dload  Upload   Total   Spent    Left  Speed\n\r  0     0    0     0    0     0      0      0 --:--:--  0:00:01 --:--:--     0\r  0     0    0     0    0     0      0      0 --:--:--  0:00:02 --:--:--     0\r  0     0    0     0    0     0      0      0 --:--:--  0:00:03 --:--:--     0\r  0     0    0     0    0     0      0      0 --:--:--  0:00:04 --:--:--     0\r  0     0    0     0    0     0      0      0 --:--:--  0:00:05 --:--:--     0\r  0     0    0     0    0     0      0      0 --:--:--  0:00:06 --:--:--     0\r  0     0    0     0    0     0      0      0 --:--:--  0:00:07 --:--:--     0\r  0     0    0     0    0     0      0      0 --:--:--  0:00:08 --:--:--     0\r  0     0    0     0    0     0      0      0 --:--:--  0:00:09 --:--:--     0\r  0     0    0     0    0     0      0      0 --:--:--  0:00:10 --:--:--     0\r  0     0    0     0    0     0      0      0 --:--:--  0:00:11 --:--:--     0\r  0     0    0     0    0     0      0      0 --:--:--  0:00:12 --:--:--     0\r  0     0    0     0    0     0      0      0 --:--:--  0:00:13 --:--:--     0\r  0     0    0     0    0     0      0      0 --:--:--  0:00:14 --:--:--     0\r  0     0    0     0    0     0      0      0 --:--:--  0:00:15 --:--:--     0\r  0     0    0     0    0     0      0      0 --:--:--  0:00:16 --:--:--     0\r  0     0    0     0    0     0      0      0 --:--:--  0:00:17 --:--:--     0\r  0     0    0     0    0     0      0      0 --:--:--  0:00:18 --:--:--     0\r  0     0    0     0    0     0      0      0 --:--:--  0:00:19 --:--:--     0\r  0     0    0     0    0     0      0      0 --:--:--  0:00:20 --:--:--     0\r  0     0    0     0    0     0      0      0 --:--:--  0:00:21 --:--:--     0\r  0     0    0     0    0     0      0      0 --:--:--  0:00:22 --:--:--     0\r  0     0    0     0    0     0      0      0 --:--:--  0:00:23 --:--:--     0\r  0     0    0     0    0     0      0      0 --:--:--  0:00:24 --:--:--     0\r  0     0    0     0    0     0      0      0 --:--:--  0:00:25 --:--:--     0\r  0     0    0     0    0     0      0      0 --:--:--  0:00:26 --:--:--     0\r  0     0    0     0    0     0      0      0 --:--:--  0:00:27 --:--:--     0\r  0     0    0     0    0     0      0      0 --:--:--  0:00:28 --:--:--     0\r  0     0    0     0    0     0      0      0 --:--:--  0:00:29 --:--:--     0\r  0     0    0     0    0     0      0      0 --:--:--  0:00:30 --:--:--     0\r  0     0    0     0    0     0      0      0 --:--:--  0:00:31 --:--:--     0\r  0     0    0     0    0     0      0      0 --:--:--  0:00:32 --:--:--     0\r  0     0    0     0    0     0      0      0 --:--:--  0:00:33 --:--:--     0\r  0     0    0     0    0     0      0      0 --:--:--  0:00:34 --:--:--     0\r  0     0    0     0    0     0      0      0 --:--:--  0:00:35 --:--:--     0\r  0     0    0     0    0     0      0      0 --:--:--  0:00:36 --:--:--     0\r  0     0    0     0    0     0      0      0 --:--:--  0:00:37 --:--:--     0\r  0     0    0     0    0     0      0      0 --:--:--  0:00:38 --:--:--     0\r  0     0    0     0    0     0      0      0 --:--:--  0:00:39 --:--:--     0\r  0     0    0     0    0     0      0      0 --:--:--  0:00:40 --:--:--     0\r  0     0    0     0    0     0      0      0 --:--:--  0:00:41 --:--:--     0\r  0     0    0     0    0     0      0      0 --:--:--  0:00:42 --:--:--     0\r  0     0    0     0    0     0      0      0 --:--:--  0:00:43 --:--:--     0\r  0     0    0     0    0     0      0      0 --:--:--  0:00:44 --:--:--     0\r  0     0    0     0    0     0      0      0 --:--:--  0:00:45 --:--:--     0\r  0     0    0     0    0     0      0      0 --:--:--  0:00:46 --:--:--     0\r  0     0    0     0    0     0      0      0 --:--:--  0:00:47 --:--:--     0\r  0     0    0     0    0     0      0      0 --:--:--  0:00:48 --:--:--     0\r  0     0    0     0    0     0      0      0 --:--:--  0:00:49 --:--:--     0\r  0     0    0     0    0     0      0      0 --:--:--  0:00:50 --:--:--     0\r  0     0    0     0    0     0      0      0 --:--:--  0:00:51 --:--:--     0\r  0     0    0     0    0     0      0      0 --:--:--  0:00:52 --:--:--     0\r  0     0    0     0    0     0      0      0 --:--:--  0:00:53 --:--:--     0\r  0     0    0     0    0     0      0      0 --:--:--  0:00:54 --:--:--     0\r  0     0    0     0    0     0      0      0 --:--:--  0:00:55 --:--:--     0\r  0     0    0     0    0     0      0      0 --:--:--  0:00:56 --:--:--     0\r  0     0    0     0    0     0      0      0 --:--:--  0:00:57 --:--:--     0\r  0     0    0     0    0     0      0      0 --:--:--  0:00:58 --:--:--     0\r  0     0    0     0    0     0      0      0 --:--:--  0:00:59 --:--:--     0\r  0     0    0     0    0     0      0      0 --:--:--  0:01:00 --:--:--     0\r  0     0    0     0    0     0      0      0 --:--:--  0:01:01 --:--:--     0\r  0     0    0     0    0     0      0      0 --:--:--  0:01:02 --:--:--     0\r  0     0    0     0    0     0      0      0 --:--:--  0:01:03 --:--:--     0\r  0     0    0     0    0     0      0      0 --:--:--  0:01:04 --:--:--     0\r  0     0    0     0    0     0      0      0 --:--:--  0:01:05 --:--:--     0\r  0     0    0     0    0     0      0      0 --:--:--  0:01:06 --:--:--     0\r  0     0    0     0    0     0      0      0 --:--:--  0:01:07 --:--:--     0\r  0     0    0     0    0     0      0      0 --:--:--  0:01:08 --:--:--     0\r  0     0    0     0    0     0      0      0 --:--:--  0:01:09 --:--:--     0\r  0     0    0     0    0     0      0      0 --:--:--  0:01:10 --:--:--     0\r  0     0    0     0    0     0      0      0 --:--:--  0:01:11 --:--:--     0\r  0     0    0     0    0     0      0      0 --:--:--  0:01:12 --:--:--     0\r  0     0    0     0    0     0      0      0 --:--:--  0:01:13 --:--:--     0\r  0     0    0     0    0     0      0      0 --:--:--  0:01:14 --:--:--     0\r  0  226k    0  1042    0     0     13      0  4:56:49  0:01:15  4:55:34   231\r100  226k  100  226k    0     0   3037      0  0:01:16  0:01:16 --:--:-- 52180\n200\nCopying /tmp/ocamlot/ocamlot.work.2013-08-30.150/opam-install/packages/ocamlfind/ocamlfind.1.4.0/files/ocamlfind.install to /tmp/ocamlot/ocamlot.work.2013-08-30.150/opam-install/system/build/ocamlfind.1.4.0/\nBuilding ocamlfind.1.4.0:\n  ./configure -bindir /tmp/ocamlot/ocamlot.work.2013-08-30.150/opam-install/system/bin -sitelib /tmp/ocamlot/ocamlot.work.2013-08-30.150/opam-install/system/lib -mandir /tmp/ocamlot/ocamlot.work.2013-08-30.150/opam-install/system/man -config /tmp/ocamlot/ocamlot.work.2013-08-30.150/opam-install/system/lib/findlib.conf -no-topfind\n  gmake all\n  gmake opt\n  gmake install\nWelcome to findlib version 1.4\nConfiguring core...\nChecking for #remove_directory...\nTesting threading model...\nsysthread_supported: true\nTesting DLLs...\nConfiguring libraries...\nnative dynlink: found\nlabltk: found\nocamlbuild: found\ncamlp4: using camlp4, style 310\ncompiler-libs: found\ndbm: not present (normal since OCaml-4.00)\nConfiguration for dynlink written to site-lib-src/dynlink/META\nConfiguration for graphics written to site-lib-src/graphics/META\nConfiguration for num written to site-lib-src/num/META\nConfiguration for num-top written to site-lib-src/num-top/META\nConfiguration for str written to site-lib-src/str/META\nConfiguration for threads written to site-lib-src/threads/META\nConfiguration for unix written to site-lib-src/unix/META\nConfiguration for stdlib written to site-lib-src/stdlib/META\nConfiguration for bigarray written to site-lib-src/bigarray/META\nConfiguration for labltk written to site-lib-src/labltk/META\nConfiguration for camlp4 written to site-lib-src/camlp4/META\nConfiguration for ocamlbuild written to site-lib-src/ocamlbuild/META\nConfiguration for compiler-libs written to site-lib-src/compiler-libs/META\nDetecting compiler arguments: (extractor built) ok\n\nAbout the OCAML core installation:\n    Standard library:      /root/worker/ocaml/4.01/lib/ocaml\n    Binaries:              /root/worker/ocaml/4.01/bin\n    Manual pages:          /root/worker/ocaml/4.01/man\n    Multi-threading type:  posix\nThe directory of site-specific packages will be\n    site-lib:              /tmp/ocamlot/ocamlot.work.2013-08-30.150/opam-install/system/lib\nThe configuration file is written to:\n    findlib config file:   /tmp/ocamlot/ocamlot.work.2013-08-30.150/opam-install/system/lib/findlib.conf\nSoftware will be installed:\n    Libraries:             in <site-lib>/findlib\n    Binaries:              /tmp/ocamlot/ocamlot.work.2013-08-30.150/opam-install/system/bin\n    Manual pages:          /tmp/ocamlot/ocamlot.work.2013-08-30.150/opam-install/system/man\n    topfind script:        omitted\nToolbox:                   no\nLink custom runtime:       yes\n\nConfiguration has been written to Makefile.config\n\nYou can now do 'make all', and optionally 'make opt', to build ocamlfind.\nfor p in findlib; do ( cd src/$p; gmake all ); done\ngmake[1]: Entering directory `/tmp/ocamlot/ocamlot.work.2013-08-30.150/opam-install/system/build/ocamlfind.1.4.0/src/findlib'\nMakefile:147: ocamllex fl_meta.mll\ndepend: No such file or directory\n22 states, 392 transitions, table size 1700 bytes\nocamldep *.ml *.mli >depend\ngmake[1]: Leaving directory `/tmp/ocamlot/ocamlot.work.2013-08-30.150/opam-install/system/build/ocamlfind.1.4.0/src/findlib'\ngmake[1]: Entering directory `/tmp/ocamlot/ocamlot.work.2013-08-30.150/opam-install/system/build/ocamlfind.1.4.0/src/findlib'\nUSE_CYGPATH=\"0\"; \\\nexport USE_CYGPATH; \\\ncat findlib_config.mlp | \\\n\t../../tools/patch '@CONFIGFILE@' '/tmp/ocamlot/ocamlot.work.2013-08-30.150/opam-install/system/lib/findlib.conf' | \\\n\t../../tools/patch '@STDLIB@' '/root/worker/ocaml/4.01/lib/ocaml' | \\\n\tsed -e 's;@AUTOLINK@;true;g' \\\n\t    -e 's;@SYSTEM@;freebsd;g' \\\n\t     >findlib_config.ml\nocamlc -I +compiler-libs -g -c findlib_config.ml\nocamlc -I +compiler-libs -g -c fl_split.ml\nocamlc -I +compiler-libs -g -c fl_metatoken.ml\nocamlc -I +compiler-libs -g -c fl_meta.ml\nocamlc -I +compiler-libs -c fl_metascanner.mli\nocamlc -I +compiler-libs -g -c fl_metascanner.ml\nocamlc -I +compiler-libs -c fl_topo.mli\nocamlc -I +compiler-libs -g -c fl_topo.ml\nFile \"fl_topo.ml\", line 283, characters 10-22:\nWarning 26: unused variable in_direction.\nFile \"fl_topo.ml\", line 219, characters 36-37:\nWarning 3: deprecated feature: operator (&); you should use (&&) instead\nocamlc -I +compiler-libs -c fl_package_base.mli\nocamlc -I +compiler-libs -g -c fl_package_base.ml\nocamlc -I +compiler-libs -c findlib.mli\nocamlc -I +compiler-libs -g -c findlib.ml\nocamlc -I +compiler-libs -g -c fl_args.ml\nocamlc -I +compiler-libs -a -o findlib.cma findlib_config.cmo fl_split.cmo fl_metatoken.cmo fl_meta.cmo fl_metascanner.cmo fl_topo.cmo fl_package_base.cmo findlib.cmo fl_args.cmo\nocamlc -I +compiler-libs -g -c ocaml_args.ml\nocamlc -I +compiler-libs -g -c frontend.ml\nocamlc -I +compiler-libs -custom -o ocamlfind -g findlib.cma unix.cma \\\n           ocaml_args.cmo frontend.cmo\nocamlc -I +compiler-libs -c topfind.mli\nocamlc -I +compiler-libs -g -c topfind.ml\nFile \"topfind.ml\", line 54, characters 10-19:\nWarning 26: unused variable stdlibdir.\nFile \"topfind.ml\", line 97, characters 11-12:\nWarning 26: unused variable d.\nocamlc -I +compiler-libs -a -o findlib_top.cma topfind.cmo\nUSE_CYGPATH=\"0\"; \\\nexport USE_CYGPATH; \\\ncat topfind_rd1.p | \\\n\t../../tools/patch '@SITELIB@' '/tmp/ocamlot/ocamlot.work.2013-08-30.150/opam-install/system/lib' \\\n    \t    >topfind\nocamlc -I +compiler-libs -c num_top_printers.mli\nocamlc -I +compiler-libs -g -c num_top_printers.ml\nocamlc -I +compiler-libs -c num_top.mli\nocamlc -I +compiler-libs -g -c num_top.ml\nocamlc -I +compiler-libs -a -o num_top.cma num_top_printers.cmo num_top.cmo\ngmake[1]: Leaving directory `/tmp/ocamlot/ocamlot.work.2013-08-30.150/opam-install/system/build/ocamlfind.1.4.0/src/findlib'\ngmake all-config\ngmake[1]: Entering directory `/tmp/ocamlot/ocamlot.work.2013-08-30.150/opam-install/system/build/ocamlfind.1.4.0'\nUSE_CYGPATH=\"0\"; \\\nexport USE_CYGPATH; \\\ncat findlib.conf.in | \\\n\ttools/patch '@SITELIB@' '/tmp/ocamlot/ocamlot.work.2013-08-30.150/opam-install/system/lib' >findlib.conf\nif ocamlc.opt >/dev/null 2>&1; then \\\n\techo 'ocamlc=\"ocamlc.opt\"' >>findlib.conf; \\\nfi\nif ocamlopt.opt >/dev/null 2>&1; then \\\n\techo 'ocamlopt=\"ocamlopt.opt\"' >>findlib.conf; \\\nfi\nif ocamldep.opt >/dev/null 2>&1; then \\\n\techo 'ocamldep=\"ocamldep.opt\"' >>findlib.conf; \\\nfi\nif ocamldoc.opt >/dev/null 2>&1; then \\\n\techo 'ocamldoc=\"ocamldoc.opt\"' >>findlib.conf; \\\nfi\ngmake[1]: Leaving directory `/tmp/ocamlot/ocamlot.work.2013-08-30.150/opam-install/system/build/ocamlfind.1.4.0'\nfor p in findlib; do ( cd src/$p; gmake opt ); done\ngmake[1]: Entering directory `/tmp/ocamlot/ocamlot.work.2013-08-30.150/opam-install/system/build/ocamlfind.1.4.0/src/findlib'\nocamldep *.ml *.mli >depend\ngmake[1]: Leaving directory `/tmp/ocamlot/ocamlot.work.2013-08-30.150/opam-install/system/build/ocamlfind.1.4.0/src/findlib'\ngmake[1]: Entering directory `/tmp/ocamlot/ocamlot.work.2013-08-30.150/opam-install/system/build/ocamlfind.1.4.0/src/findlib'\nocamlopt -I +compiler-libs -c findlib_config.ml\nocamlopt -I +compiler-libs -c fl_split.ml\nocamlopt -I +compiler-libs -c fl_metatoken.ml\nocamlopt -I +compiler-libs -c fl_meta.ml\nocamlopt -I +compiler-libs -c fl_metascanner.ml\nocamlopt -I +compiler-libs -c fl_topo.ml\nFile \"fl_topo.ml\", line 283, characters 10-22:\nWarning 26: unused variable in_direction.\nFile \"fl_topo.ml\", line 219, characters 36-37:\nWarning 3: deprecated feature: operator (&); you should use (&&) instead\nocamlopt -I +compiler-libs -c fl_package_base.ml\nocamlopt -I +compiler-libs -c findlib.ml\nocamlopt -I +compiler-libs -c fl_args.ml\nocamlopt -I +compiler-libs -a -o findlib.cmxa findlib_config.cmx fl_split.cmx fl_metatoken.cmx fl_meta.cmx fl_metascanner.cmx fl_topo.cmx fl_package_base.cmx findlib.cmx fl_args.cmx\nocamlopt -I +compiler-libs -c ocaml_args.ml\nocamlopt -I +compiler-libs -c frontend.ml\nocamlopt -I +compiler-libs -o ocamlfind_opt findlib.cmxa unix.cmxa \\\n\t   ocaml_args.cmx frontend.cmx\ngmake[1]: Leaving directory `/tmp/ocamlot/ocamlot.work.2013-08-30.150/opam-install/system/build/ocamlfind.1.4.0/src/findlib'\nmkdir -p \"/tmp/ocamlot/ocamlot.work.2013-08-30.150/opam-install/system/bin\"\nmkdir -p \"/tmp/ocamlot/ocamlot.work.2013-08-30.150/opam-install/system/man\"\nfor p in findlib; do ( cd src/$p; gmake install ); done\ngmake[1]: Entering directory `/tmp/ocamlot/ocamlot.work.2013-08-30.150/opam-install/system/build/ocamlfind.1.4.0/src/findlib'\nmkdir -p \"/tmp/ocamlot/ocamlot.work.2013-08-30.150/opam-install/system/lib/findlib\"\nmkdir -p \"/tmp/ocamlot/ocamlot.work.2013-08-30.150/opam-install/system/bin\"\ntest 0 -eq 0 || cp topfind \"/root/worker/ocaml/4.01/lib/ocaml\"\nfiles=`../../tools/collect_files ../../Makefile.config findlib.cmi findlib.mli findlib.cma topfind.cmi topfind.mli fl_package_base.mli fl_package_base.cmi fl_metascanner.mli fl_metascanner.cmi fl_metatoken.cmi findlib_top.cma findlib.cmxa findlib.a META` && \\\ncp $files \"/tmp/ocamlot/ocamlot.work.2013-08-30.150/opam-install/system/lib/findlib\"\nf=\"ocamlfind\"; { test -f ocamlfind_opt && f=\"ocamlfind_opt\"; }; \\\ncp $f \"/tmp/ocamlot/ocamlot.work.2013-08-30.150/opam-install/system/bin/ocamlfind\"\n# the following \"if\" block is only needed for 4.00beta2\nif [ 1 -eq 0 -a -f \"/root/worker/ocaml/4.01/lib/ocaml/compiler-libs/topdirs.cmi\" ]; then \\\n    cd \"/root/worker/ocaml/4.01/lib/ocaml/compiler-libs/\"; \\\n    cp topdirs.cmi toploop.cmi \"/tmp/ocamlot/ocamlot.work.2013-08-30.150/opam-install/system/lib/findlib/\"; \\\nfi\ngmake[1]: Leaving directory `/tmp/ocamlot/ocamlot.work.2013-08-30.150/opam-install/system/build/ocamlfind.1.4.0/src/findlib'\ngmake install-meta\ngmake[1]: Entering directory `/tmp/ocamlot/ocamlot.work.2013-08-30.150/opam-install/system/build/ocamlfind.1.4.0'\nfor x in `ls site-lib-src`; do if [ \"$x\" != \"CVS\" -a -f \"site-lib-src/$x/META\" ]; then mkdir -p \"/tmp/ocamlot/ocamlot.work.2013-08-30.150/opam-install/system/lib/$x\"; cp site-lib-src/$x/META \"/tmp/ocamlot/ocamlot.work.2013-08-30.150/opam-install/system/lib/$x\"; fi; done\ngmake[1]: Leaving directory `/tmp/ocamlot/ocamlot.work.2013-08-30.150/opam-install/system/build/ocamlfind.1.4.0'\ncd src/findlib; gmake install-num-top\ngmake[1]: Entering directory `/tmp/ocamlot/ocamlot.work.2013-08-30.150/opam-install/system/build/ocamlfind.1.4.0/src/findlib'\nmkdir -p \"/tmp/ocamlot/ocamlot.work.2013-08-30.150/opam-install/system/lib/num-top\"\ncp num_top.cma num_top.cmi num_top_printers.cmi \\\n\t\"/tmp/ocamlot/ocamlot.work.2013-08-30.150/opam-install/system/lib/num-top\"\ngmake[1]: Leaving directory `/tmp/ocamlot/ocamlot.work.2013-08-30.150/opam-install/system/build/ocamlfind.1.4.0/src/findlib'\ngmake install-config\ngmake[1]: Entering directory `/tmp/ocamlot/ocamlot.work.2013-08-30.150/opam-install/system/build/ocamlfind.1.4.0'\nmkdir -p \"`dirname \\\"/tmp/ocamlot/ocamlot.work.2013-08-30.150/opam-install/system/lib/findlib.conf\\\"`\"\ntest -f \"/tmp/ocamlot/ocamlot.work.2013-08-30.150/opam-install/system/lib/findlib.conf\" || cp findlib.conf \"/tmp/ocamlot/ocamlot.work.2013-08-30.150/opam-install/system/lib/findlib.conf\"\ngmake[1]: Leaving directory `/tmp/ocamlot/ocamlot.work.2013-08-30.150/opam-install/system/build/ocamlfind.1.4.0'\ncp tools/safe_camlp4 \"/tmp/ocamlot/ocamlot.work.2013-08-30.150/opam-install/system/bin\"\ngmake install-doc\ngmake[1]: Entering directory `/tmp/ocamlot/ocamlot.work.2013-08-30.150/opam-install/system/build/ocamlfind.1.4.0'\nmkdir -p /tmp/ocamlot/ocamlot.work.2013-08-30.150/opam-install/system/man/man1 /tmp/ocamlot/ocamlot.work.2013-08-30.150/opam-install/system/man/man3 /tmp/ocamlot/ocamlot.work.2013-08-30.150/opam-install/system/man/man5\ncp doc/ref-man/ocamlfind.1 /tmp/ocamlot/ocamlot.work.2013-08-30.150/opam-install/system/man/man1\ncp doc/ref-man/META.5 doc/ref-man/site-lib.5 doc/ref-man/findlib.conf.5 /tmp/ocamlot/ocamlot.work.2013-08-30.150/opam-install/system/man/man5\ngmake[1]: Leaving directory `/tmp/ocamlot/ocamlot.work.2013-08-30.150/opam-install/system/build/ocamlfind.1.4.0'\nInstalling ocamlfind.1.4.0.\n\n=-=-= Installing freetds.0.5.1 =-=-=\nfreetds.0.5.1 Downloading https://forge.ocamlcore.org/frs/download.php/1171/freetds-0.5.1.tar.gz\n  % Total    % Received % Xferd  Average Speed   Time    Time     Time  Current\n                                 Dload  Upload   Total   Spent    Left  Speed\n\r  0     0    0     0    0     0      0      0 --:--:-- --:--:-- --:--:--     0\r 49 66642   49 32768    0     0  32407      0  0:00:02  0:00:01  0:00:01 42890\r100 66642  100 66642    0     0  60216      0  0:00:01  0:00:01 --:--:-- 77490\n200\nBuilding freetds.0.5.1:\n  ./configure --prefix /tmp/ocamlot/ocamlot.work.2013-08-30.150/opam-install/system --sbindir=/tmp/ocamlot/ocamlot.work.2013-08-30.150/opam-install/system/lib/freetds/sbin --libexecdir=/tmp/ocamlot/ocamlot.work.2013-08-30.150/opam-install/system/lib/freetds/libexec --sysconfdir=/tmp/ocamlot/ocamlot.work.2013-08-30.150/opam-install/system/lib/freetds/etc --sharedstatedir=/tmp/ocamlot/ocamlot.work.2013-08-30.150/opam-install/system/lib/freetds/com --localstatedir=/tmp/ocamlot/ocamlot.work.2013-08-30.150/opam-install/system/lib/freetds/var --libdir=/tmp/ocamlot/ocamlot.work.2013-08-30.150/opam-install/system/lib/freetds/lib --includedir=/tmp/ocamlot/ocamlot.work.2013-08-30.150/opam-install/system/lib/freetds/include --datarootdir=/tmp/ocamlot/ocamlot.work.2013-08-30.150/opam-install/system/lib/freetds/share\n  gmake\n  gmake install\nconfiguring freetds 0.5.1\nchecking for ocamlc... ocamlc\nOCaml version is 4.01.0+dev22-2013-08-20\nOCaml library path is /root/worker/ocaml/4.01/lib/ocaml\nchecking for ocamlopt... ocamlopt\nchecking for ocamlc.opt... ocamlc.opt\nchecking for ocamlopt.opt... ocamlopt.opt\nchecking for ocaml... ocaml\nchecking for ocamldep... ocamldep\nchecking for ocamlmktop... ocamlmktop\nchecking for ocamlmklib... ocamlmklib\nchecking for ocamldoc... ocamldoc\nchecking for ocamlbuild... ocamlbuild\nchecking for ocamlfind... ocamlfind\nchecking for OCaml compiler word size... 64\nchecking for gcc... gcc\nchecking whether the C compiler works... yes\nchecking for C compiler default output file name... a.out\nchecking for suffix of executables... \nchecking whether we are cross compiling... no\nchecking for suffix of object files... o\nchecking whether we are using the GNU C compiler... yes\nchecking whether gcc accepts -g... yes\nchecking for gcc option to accept ISO C89... none needed\nchecking for dbopen in -lsybdb... no\nchecking for ct_init in -lct... no\nconfigure: creating ./config.status\nconfig.status: creating Makefile.ocaml\nconfig.status: creating src/META\nconfig.status: creating Makefile\nconfig.status: creating src/Makefile\ngmake -C src byte\ngmake[1]: Entering directory `/tmp/ocamlot/ocamlot.work.2013-08-30.150/opam-install/system/build/freetds.0.5.1/src'\n../Makefile.ocaml:52: .depend.ocaml: No such file or directory\nBuilding .depend.ocaml ... \ngmake[1]: Leaving directory `/tmp/ocamlot/ocamlot.work.2013-08-30.150/opam-install/system/build/freetds.0.5.1/src'\ngmake[1]: Entering directory `/tmp/ocamlot/ocamlot.work.2013-08-30.150/opam-install/system/build/freetds.0.5.1/src'\nocamlc.opt  -dtypes -g   -c ct.mli\nocamlc.opt  -dtypes -g   -c ct.ml\nocamlc.opt  -dtypes -g   -c dblib.mli\nocamlc.opt  -dtypes -g   -c dblib.ml\nFile \"dblib.ml\", line 61, characters 10-14:\nocamlc.opt -pack -o freetds.cmo ct.cmo dblib.cmo\nWarning 43: the label user is not optional.\nFile \"dblib.ml\", line 61, characters 16-24:\nWarning 43: the label password is not optional.\nFile \"dblib.ml\", line 61, characters 26-33:\nWarning 43: the label charset is not optional.\nFile \"dblib.ml\", line 61, characters 35-43:\nWarning 43: the label language is not optional.\nFile \"dblib.ml\", line 61, characters 45-56:\nWarning 43: the label application is not optional.\ncc -Wall -fPIC -DOCAML_WORD_SIZE=64 -I'/root/worker/ocaml/4.01/lib/ocaml'   -c -o ct_c.o ct_c.c\nct_c.c:20:22: error: ctpublic.h: No such file or directory\nct_c.c:21:22: error: cspublic.h: No such file or directory\nct_c.c:55: error: expected specifier-qualifier-list before 'CS_DATAFMT'\nct_c.c:65: error: expected declaration specifiers or '...' before 'CS_RETCODE'\nct_c.c: In function 'retval_inspect':\nct_c.c:67: error: 'retval' undeclared (first use in this function)\nct_c.c:67: error: (Each undeclared identifier is reported only once\nct_c.c:67: error: for each function it appears in.)\nct_c.c:69: error: 'CS_SUCCEED' undeclared (first use in this function)\nct_c.c:71: error: 'CS_FAIL' undeclared (first use in this function)\nct_c.c:80: error: 'CS_END_RESULTS' undeclared (first use in this function)\nct_c.c:82: error: 'CS_END_DATA' undeclared (first use in this function)\nct_c.c:84: error: 'CS_CANCELED' undeclared (first use in this function)\nct_c.c: At top level:\nct_c.c:95: error: expected '=', ',', ';', 'asm' or '__attribute__' before 'conprop_of_value'\nct_c.c:104: error: expected '=', ',', ';', 'asm' or '__attribute__' before 'cmdtype_of_value'\nct_c.c: In function 'datatype_of_value':\nct_c.c:118: error: 'CS_CHAR_TYPE' undeclared (first use in this function)\nct_c.c:119: error: 'CS_INT_TYPE' undeclared (first use in this function)\nct_c.c:120: error: 'CS_SMALLINT_TYPE' undeclared (first use in this function)\nct_c.c:121: error: 'CS_TINYINT_TYPE' undeclared (first use in this function)\nct_c.c:122: error: 'CS_MONEY_TYPE' undeclared (first use in this function)\nct_c.c:123: error: 'CS_DATETIME_TYPE' undeclared (first use in this function)\nct_c.c:124: error: 'CS_NUMERIC_TYPE' undeclared (first use in this function)\nct_c.c:125: error: 'CS_DECIMAL_TYPE' undeclared (first use in this function)\nct_c.c:126: error: 'CS_DATETIME4_TYPE' undeclared (first use in this function)\nct_c.c:127: error: 'CS_MONEY4_TYPE' undeclared (first use in this function)\nct_c.c:128: error: 'CS_IMAGE_TYPE' undeclared (first use in this function)\nct_c.c:129: error: 'CS_BINARY_TYPE' undeclared (first use in this function)\nct_c.c:130: error: 'CS_BIT_TYPE' undeclared (first use in this function)\nct_c.c:131: error: 'CS_REAL_TYPE' undeclared (first use in this function)\nct_c.c:132: error: 'CS_FLOAT_TYPE' undeclared (first use in this function)\nct_c.c:133: error: 'CS_TEXT_TYPE' undeclared (first use in this function)\nct_c.c:134: error: 'CS_VARCHAR_TYPE' undeclared (first use in this function)\nct_c.c:135: error: 'CS_VARBINARY_TYPE' undeclared (first use in this function)\nct_c.c:136: error: 'CS_LONGCHAR_TYPE' undeclared (first use in this function)\nct_c.c:137: error: 'CS_LONGBINARY_TYPE' undeclared (first use in this function)\nct_c.c:138: error: 'CS_LONG_TYPE' undeclared (first use in this function)\nct_c.c:139: error: 'CS_ILLEGAL_TYPE' undeclared (first use in this function)\nct_c.c:140: error: 'CS_SENSITIVITY_TYPE' undeclared (first use in this function)\nct_c.c:141: error: 'CS_BOUNDARY_TYPE' undeclared (first use in this function)\nct_c.c:142: error: 'CS_VOID_TYPE' undeclared (first use in this function)\nct_c.c:143: error: 'CS_USHORT_TYPE' undeclared (first use in this function)\nct_c.c: At top level:\nct_c.c:153: error: expected ')' before 'indicator'\nct_c.c: In function 'value_of_datatype':\nct_c.c:172: error: 'CS_CHAR_TYPE' undeclared (first use in this function)\nct_c.c:173: error: 'CS_INT_TYPE' undeclared (first use in this function)\nct_c.c:174: error: 'CS_SMALLINT_TYPE' undeclared (first use in this function)\nct_c.c:175: error: 'CS_TINYINT_TYPE' undeclared (first use in this function)\nct_c.c:176: error: 'CS_MONEY_TYPE' undeclared (first use in this function)\nct_c.c:177: error: 'CS_DATETIME_TYPE' undeclared (first use in this function)\nct_c.c:178: error: 'CS_NUMERIC_TYPE' undeclared (first use in this function)\nct_c.c:179: error: 'CS_DECIMAL_TYPE' undeclared (first use in this function)\nct_c.c:180: error: 'CS_DATETIME4_TYPE' undeclared (first use in this function)\nct_c.c:181: error: 'CS_MONEY4_TYPE' undeclared (first use in this function)\nct_c.c:182: error: 'CS_IMAGE_TYPE' undeclared (first use in this function)\nct_c.c:183: error: 'CS_BINARY_TYPE' undeclared (first use in this function)\nct_c.c:184: error: 'CS_BIT_TYPE' undeclared (first use in this function)\nct_c.c:185: error: 'CS_REAL_TYPE' undeclared (first use in this function)\nct_c.c:186: error: 'CS_FLOAT_TYPE' undeclared (first use in this function)\nct_c.c:187: error: 'CS_TEXT_TYPE' undeclared (first use in this function)\nct_c.c:188: error: 'CS_VARCHAR_TYPE' undeclared (first use in this function)\nct_c.c:189: error: 'CS_VARBINARY_TYPE' undeclared (first use in this function)\nct_c.c:190: error: 'CS_LONGCHAR_TYPE' undeclared (first use in this function)\nct_c.c:191: error: 'CS_LONGBINARY_TYPE' undeclared (first use in this function)\nct_c.c:192: error: 'CS_LONG_TYPE' undeclared (first use in this function)\nct_c.c:193: error: 'CS_ILLEGAL_TYPE' undeclared (first use in this function)\nct_c.c:194: error: 'CS_SENSITIVITY_TYPE' undeclared (first use in this function)\nct_c.c:195: error: 'CS_BOUNDARY_TYPE' undeclared (first use in this function)\nct_c.c:196: error: 'CS_VOID_TYPE' undeclared (first use in this function)\nct_c.c:197: error: 'CS_USHORT_TYPE' undeclared (first use in this function)\nct_c.c: At top level:\nct_c.c:208: error: expected ')' before 'severity'\nct_c.c:239: error: expected ')' before 'restype'\nct_c.c: In function 'resinfo_type_of_value':\nct_c.c:266: error: 'CS_ROW_COUNT' undeclared (first use in this function)\nct_c.c:268: error: 'CS_CMD_NUMBER' undeclared (first use in this function)\nct_c.c:270: error: 'CS_NUMDATA' undeclared (first use in this function)\nct_c.c: At top level:\nct_c.c:329: error: expected ')' before 'status'\nct_c.c:351: error: expected '=', ',', ';', 'asm' or '__attribute__' before 'status_of_value'\nct_c.c: In function 'column_of_buffer':\nct_c.c:390: error: 'struct binding_buffer' has no member named 'fmt'\nct_c.c:391: warning: implicit declaration of function 'value_of_status_bitmask'\nct_c.c:391: error: 'struct binding_buffer' has no member named 'fmt'\nct_c.c: In function 'mltds_cs_ctx_create':\nct_c.c:405: error: 'CS_CONTEXT' undeclared (first use in this function)\nct_c.c:405: error: 'context' undeclared (first use in this function)\nct_c.c:408: warning: implicit declaration of function 'cs_ctx_alloc'\nct_c.c:408: error: 'CS_VERSION_100' undeclared (first use in this function)\nct_c.c:408: error: too many arguments to function 'retval_inspect'\nct_c.c:409: warning: implicit declaration of function 'ct_init'\nct_c.c:409: error: too many arguments to function 'retval_inspect'\nct_c.c:411: error: expected expression before ')' token\nct_c.c:412: error: expected expression before ')' token\nct_c.c: In function 'mltds_ct_con_alloc':\nct_c.c:420: error: 'CS_CONNECTION' undeclared (first use in this function)\nct_c.c:420: error: 'conn' undeclared (first use in this function)\nct_c.c:423: warning: implicit declaration of function 'ct_con_alloc'\nct_c.c:423: error: 'CS_CONTEXT' undeclared (first use in this function)\nct_c.c:423: error: expected expression before ')' token\nct_c.c:423: error: too many arguments to function 'retval_inspect'\nct_c.c:426: warning: implicit declaration of function 'ct_diag'\nct_c.c:426: error: 'CS_INIT' undeclared (first use in this function)\nct_c.c:426: error: 'CS_UNUSED' undeclared (first use in this function)\nct_c.c:426: error: too many arguments to function 'retval_inspect'\nct_c.c:428: error: expected expression before ')' token\nct_c.c:429: error: expected expression before ')' token\nct_c.c: In function 'mltds_ct_cmd_alloc':\nct_c.c:437: error: 'CS_COMMAND' undeclared (first use in this function)\nct_c.c:437: error: 'command' undeclared (first use in this function)\nct_c.c:441: warning: implicit declaration of function 'ct_cmd_alloc'\nct_c.c:441: error: 'CS_CONNECTION' undeclared (first use in this function)\nct_c.c:441: error: expected expression before ')' token\nct_c.c:441: error: too many arguments to function 'retval_inspect'\nct_c.c:443: error: expected expression before ')' token\nct_c.c:444: error: expected expression before ')' token\nct_c.c: In function 'mltds_ct_con_setstring':\nct_c.c:457: warning: implicit declaration of function 'ct_con_props'\nct_c.c:457: error: 'CS_CONNECTION' undeclared (first use in this function)\nct_c.c:457: error: expected expression before ')' token\nct_c.c:458: error: 'CS_SET' undeclared (first use in this function)\nct_c.c:459: warning: implicit declaration of function 'conprop_of_value'\nct_c.c:462: error: too many arguments to function 'retval_inspect'\nct_c.c: In function 'mltds_ct_connect':\nct_c.c:472: warning: implicit declaration of function 'ct_connect'\nct_c.c:472: error: 'CS_CONNECTION' undeclared (first use in this function)\nct_c.c:472: error: expected expression before ')' token\nct_c.c:474: error: too many arguments to function 'retval_inspect'\nct_c.c: In function 'mltds_ct_command':\nct_c.c:486: warning: implicit declaration of function 'ct_command'\nct_c.c:486: error: 'CS_COMMAND' undeclared (first use in this function)\nct_c.c:486: error: expected expression before ')' token\nct_c.c:487: warning: implicit declaration of function 'cmdtype_of_value'\nct_c.c:490: error: 'CS_UNUSED' undeclared (first use in this function)\nct_c.c:490: error: too many arguments to function 'retval_inspect'\nct_c.c: In function 'mltds_ct_send':\nct_c.c:498: warning: implicit declaration of function 'ct_send'\nct_c.c:498: error: 'CS_COMMAND' undeclared (first use in this function)\nct_c.c:498: error: expected expression before ')' token\nct_c.c:498: error: too many arguments to function 'retval_inspect'\nct_c.c: In function 'mltds_ct_results':\nct_c.c:505: error: 'CS_INT' undeclared (first use in this function)\nct_c.c:505: error: expected ';' before 'restype'\nct_c.c:507: warning: implicit declaration of function 'ct_results'\nct_c.c:507: error: 'CS_COMMAND' undeclared (first use in this function)\nct_c.c:507: error: expected expression before ')' token\nct_c.c:507: error: 'restype' undeclared (first use in this function)\nct_c.c:507: error: too many arguments to function 'retval_inspect'\nct_c.c:509: warning: implicit declaration of function 'value_of_restype'\nct_c.c: In function 'mltds_ct_res_info':\nct_c.c:515: error: 'CS_INT' undeclared (first use in this function)\nct_c.c:515: error: expected ';' before 'resinfo'\nct_c.c:517: warning: implicit declaration of function 'ct_res_info'\nct_c.c:517: error: 'CS_COMMAND' undeclared (first use in this function)\nct_c.c:517: error: expected expression before ')' token\nct_c.c:519: error: 'resinfo' undeclared (first use in this function)\nct_c.c:520: error: 'CS_UNUSED' undeclared (first use in this function)\nct_c.c:521: error: too many arguments to function 'retval_inspect'\nct_c.c: In function 'mltds_ct_bind':\nct_c.c:529: error: 'CS_DATAFMT' undeclared (first use in this function)\nct_c.c:529: error: expected ';' before 'fmt'\nct_c.c:531: error: 'struct binding_buffer' has no member named 'fmt'\nct_c.c:531: error: 'fmt' undeclared (first use in this function)\nct_c.c:534: warning: implicit declaration of function 'ct_describe'\nct_c.c:534: error: 'CS_COMMAND' undeclared (first use in this function)\nct_c.c:534: error: expected expression before ')' token\nct_c.c:534: error: 'struct binding_buffer' has no member named 'fmt'\nct_c.c:534: error: too many arguments to function 'retval_inspect'\nct_c.c:539: error: 'struct binding_buffer' has no member named 'real_type'\nct_c.c:539: error: 'struct binding_buffer' has no member named 'fmt'\nct_c.c:541: error: 'struct binding_buffer' has no member named 'fmt'\nct_c.c:543: error: 'CS_BIT_TYPE' undeclared (first use in this function)\nct_c.c:547: error: 'CS_TINYINT_TYPE' undeclared (first use in this function)\nct_c.c:548: error: 'CS_SMALLINT_TYPE' undeclared (first use in this function)\nct_c.c:549: error: 'CS_INT_TYPE' undeclared (first use in this function)\nct_c.c:551: error: 'struct binding_buffer' has no member named 'fmt'\nct_c.c:554: error: 'CS_REAL_TYPE' undeclared (first use in this function)\nct_c.c:555: error: 'CS_FLOAT_TYPE' undeclared (first use in this function)\nct_c.c:556: error: 'struct binding_buffer' has no member named 'fmt'\nct_c.c:559: error: 'CS_DATETIME_TYPE' undeclared (first use in this function)\nct_c.c:560: error: 'CS_DATETIME4_TYPE' undeclared (first use in this function)\nct_c.c:561: error: 'CS_MONEY_TYPE' undeclared (first use in this function)\nct_c.c:562: error: 'CS_MONEY4_TYPE' undeclared (first use in this function)\nct_c.c:563: error: 'CS_NUMERIC_TYPE' undeclared (first use in this function)\nct_c.c:564: error: 'CS_DECIMAL_TYPE' undeclared (first use in this function)\nct_c.c:567: error: 'CS_TEXT_TYPE' undeclared (first use in this function)\nct_c.c:568: error: 'CS_CHAR_TYPE' undeclared (first use in this function)\nct_c.c:569: error: 'CS_VARCHAR_TYPE' undeclared (first use in this function)\nct_c.c:570: error: 'struct binding_buffer' has no member named 'fmt'\nct_c.c:571: error: 'struct binding_buffer' has no member named 'fmt'\nct_c.c:574: error: 'CS_IMAGE_TYPE' undeclared (first use in this function)\nct_c.c:575: error: 'CS_BINARY_TYPE' undeclared (first use in this function)\nct_c.c:576: error: 'CS_VARBINARY_TYPE' undeclared (first use in this function)\nct_c.c:577: error: 'struct binding_buffer' has no member named 'fmt'\nct_c.c:578: error: 'struct binding_buffer' has no member named 'fmt'\nct_c.c:582: error: 'struct binding_buffer' has no member named 'data'\nct_c.c:585: warning: implicit declaration of function 'ct_bind'\nct_c.c:585: error: expected expression before ')' token\nct_c.c:587: error: 'struct binding_buffer' has no member named 'fmt'\nct_c.c:588: error: 'struct binding_buffer' has no member named 'data'\nct_c.c:589: error: 'struct binding_buffer' has no member named 'copied'\nct_c.c:590: error: 'struct binding_buffer' has no member named 'indicator'\nct_c.c:590: error: too many arguments to function 'retval_inspect'\nct_c.c: In function 'mltds_buffer_contents':\nct_c.c:603: error: 'struct binding_buffer' has no member named 'indicator'\nct_c.c:603: error: 'CS_NULLDATA' undeclared (first use in this function)\nct_c.c:611: error: 'struct binding_buffer' has no member named 'fmt'\nct_c.c:613: error: 'CS_BIT_TYPE' undeclared (first use in this function)\nct_c.c:616: error: 'CS_BIT' undeclared (first use in this function)\nct_c.c:616: error: expected expression before ')' token\nct_c.c:616: error: 'struct binding_buffer' has no member named 'data'\nct_c.c:619: error: 'CS_TINYINT_TYPE' undeclared (first use in this function)\nct_c.c:622: error: 'CS_TINYINT' undeclared (first use in this function)\nct_c.c:622: error: expected expression before ')' token\nct_c.c:622: error: 'struct binding_buffer' has no member named 'data'\nct_c.c:625: error: 'CS_SMALLINT_TYPE' undeclared (first use in this function)\nct_c.c:628: error: 'CS_SMALLINT' undeclared (first use in this function)\nct_c.c:628: error: expected expression before ')' token\nct_c.c:628: error: 'struct binding_buffer' has no member named 'data'\nct_c.c:631: error: 'CS_INT_TYPE' undeclared (first use in this function)\nct_c.c:634: error: 'CS_INT' undeclared (first use in this function)\nct_c.c:634: error: expected expression before ')' token\nct_c.c:634: error: 'struct binding_buffer' has no member named 'data'\nct_c.c:637: error: 'CS_FLOAT_TYPE' undeclared (first use in this function)\nct_c.c:640: error: 'CS_FLOAT' undeclared (first use in this function)\nct_c.c:640: error: expected expression before ')' token\nct_c.c:640: error: 'struct binding_buffer' has no member named 'data'\nct_c.c:643: error: 'CS_REAL_TYPE' undeclared (first use in this function)\nct_c.c:646: error: 'CS_REAL' undeclared (first use in this function)\nct_c.c:646: error: expected expression before ')' token\nct_c.c:646: error: 'struct binding_buffer' has no member named 'data'\nct_c.c:649: error: 'CS_TEXT_TYPE' undeclared (first use in this function)\nct_c.c:650: error: 'CS_CHAR_TYPE' undeclared (first use in this function)\nct_c.c:651: error: 'CS_VARCHAR_TYPE' undeclared (first use in this function)\nct_c.c:652: error: 'struct binding_buffer' has no member named 'real_type'\nct_c.c:654: error: 'CS_MONEY_TYPE' undeclared (first use in this function)\nct_c.c:655: error: 'CS_MONEY4_TYPE' undeclared (first use in this function)\nct_c.c:656: error: 'CS_NUMERIC_TYPE' undeclared (first use in this function)\nct_c.c:657: error: 'CS_DECIMAL_TYPE' undeclared (first use in this function)\nct_c.c:660: error: 'struct binding_buffer' has no member named 'copied'\nct_c.c:661: error: 'struct binding_buffer' has no member named 'data'\nct_c.c:661: error: 'struct binding_buffer' has no member named 'copied'\nct_c.c:672: error: 'struct binding_buffer' has no member named 'copied'\nct_c.c:673: error: 'struct binding_buffer' has no member named 'data'\nct_c.c:673: error: 'struct binding_buffer' has no member named 'copied'\nct_c.c:683: error: 'CS_IMAGE_TYPE' undeclared (first use in this function)\nct_c.c:684: error: 'CS_BINARY_TYPE' undeclared (first use in this function)\nct_c.c:685: error: 'CS_VARBINARY_TYPE' undeclared (first use in this function)\nct_c.c:686: error: 'CS_DATETIME_TYPE' undeclared (first use in this function)\nct_c.c:687: error: 'CS_DATETIME4_TYPE' undeclared (first use in this function)\nct_c.c:693: error: 'struct binding_buffer' has no member named 'copied'\nct_c.c:694: error: 'struct binding_buffer' has no member named 'data'\nct_c.c:694: error: 'struct binding_buffer' has no member named 'copied'\nct_c.c:701: warning: control reaches end of non-void function\nct_c.c: In function 'mltds_ct_fetch':\nct_c.c:706: error: 'CS_INT' undeclared (first use in this function)\nct_c.c:706: error: expected ';' before 'rows_read'\nct_c.c:710: warning: implicit declaration of function 'ct_fetch'\nct_c.c:710: error: 'CS_COMMAND' undeclared (first use in this function)\nct_c.c:710: error: expected expression before ')' token\nct_c.c:711: error: 'CS_UNUSED' undeclared (first use in this function)\nct_c.c:714: error: 'rows_read' undeclared (first use in this function)\nct_c.c:714: error: too many arguments to function 'retval_inspect'\nct_c.c: In function 'mltds_ct_close':\nct_c.c:723: error: 'CS_INT' undeclared (first use in this function)\nct_c.c:723: error: expected ';' before 'option'\nct_c.c:724: error: 'option' undeclared (first use in this function)\nct_c.c:724: error: 'CS_FORCE_CLOSE' undeclared (first use in this function)\nct_c.c:727: warning: implicit declaration of function 'ct_close'\nct_c.c:727: error: 'CS_CONNECTION' undeclared (first use in this function)\nct_c.c:727: error: expected expression before ')' token\nct_c.c:728: error: too many arguments to function 'retval_inspect'\nct_c.c: At top level:\nct_c.c:734: error: expected ')' before '*' token\nct_c.c:753: error: expected ')' before '*' token\nct_c.c: In function 'mltds_get_messages':\nct_c.c:790: error: 'CS_CONNECTION' undeclared (first use in this function)\nct_c.c:790: error: 'conn' undeclared (first use in this function)\nct_c.c:790: error: expected expression before ')' token\nct_c.c:791: error: 'CS_INT' undeclared (first use in this function)\nct_c.c:791: error: expected ';' before 'msgcount'\nct_c.c:792: error: expected ';' before 'msgno'\nct_c.c:799: error: 'CS_STATUS' undeclared (first use in this function)\nct_c.c:799: error: 'CS_CLIENTMSG_TYPE' undeclared (first use in this function)\nct_c.c:799: error: 'CS_UNUSED' undeclared (first use in this function)\nct_c.c:799: error: 'msgcount' undeclared (first use in this function)\nct_c.c:799: error: too many arguments to function 'retval_inspect'\nct_c.c:801: error: 'msgno' undeclared (first use in this function)\nct_c.c:802: warning: implicit declaration of function 'get_client_message'\nct_c.c:805: error: 'CS_CLEAR' undeclared (first use in this function)\nct_c.c:805: error: too many arguments to function 'retval_inspect'\nct_c.c:811: error: 'CS_SERVERMSG_TYPE' undeclared (first use in this function)\nct_c.c:811: error: too many arguments to function 'retval_inspect'\nct_c.c:814: warning: implicit declaration of function 'get_server_message'\nct_c.c:817: error: too many arguments to function 'retval_inspect'\ngmake[1]: Leaving directory `/tmp/ocamlot/ocamlot.work.2013-08-30.150/opam-install/system/build/freetds.0.5.1/src'\nct_c.c: In function 'mltds_ct_ctx_finalize':\nct_c.c:829: error: 'CS_CONTEXT' undeclared (first use in this function)\nct_c.c:829: error: 'ctx' undeclared (first use in this function)\nct_c.c:831: warning: implicit declaration of function 'ct_exit'\nct_c.c:831: error: 'CS_FORCE_EXIT' undeclared (first use in this function)\nct_c.c:832: warning: implicit declaration of function 'cs_ctx_drop'\nct_c.c: In function 'mltds_ct_con_finalize':\nct_c.c:837: error: 'CS_CONNECTION' undeclared (first use in this function)\nct_c.c:837: error: 'conn' undeclared (first use in this function)\nct_c.c:839: error: 'CS_FORCE_CLOSE' undeclared (first use in this function)\nct_c.c:840: warning: implicit declaration of function 'ct_con_drop'\nct_c.c: In function 'mltds_ct_cmd_finalize':\nct_c.c:845: warning: implicit declaration of function 'ct_cmd_drop'\nct_c.c: In function 'mltds_binding_buffer_finalize':\nct_c.c:851: error: 'struct binding_buffer' has no member named 'data'\ngmake[1]: *** [ct_c.o] Error 1\ngmake: *** [byte] Error 2\nRemoving freetds.0.5.1.\n  ocamlfind remove freetds\nocamlfind: [WARNING] No such directory: /tmp/ocamlot/ocamlot.work.2013-08-30.150/opam-install/system/lib/freetds\n\n")(r_stderr"The compilation of freetds.0.5.1 failed.\n\n==== ERROR [while installing freetds.0.5.1] ====\n# opam-version    1.1.0 (34a478af7c6a03e24d87964e422c0c03f7b8eb61)\n# os              freebsd\n# command         gmake\n# path            /tmp/ocamlot/ocamlot.work.2013-08-30.150/opam-install/system/build/freetds.0.5.1\n# compiler        system (4.01.0)\n# exit-code       2\n# env-file        /tmp/ocamlot/ocamlot.work.2013-08-30.150/opam-install/system/build/freetds.0.5.1/freetds-68596-a00279.env\n# stdout-file     /tmp/ocamlot/ocamlot.work.2013-08-30.150/opam-install/system/build/freetds.0.5.1/freetds-68596-a00279.out\n# stderr-file     /tmp/ocamlot/ocamlot.work.2013-08-30.150/opam-install/system/build/freetds.0.5.1/freetds-68596-a00279.err\n### stdout ###\n...[truncated]\nBuilding .depend.ocaml ... \ngmake[1]: Leaving directory `/tmp/ocamlot/ocamlot.work.2013-08-30.150/opam-install/system/build/freetds.0.5.1/src'\ngmake[1]: Entering directory `/tmp/ocamlot/ocamlot.work.2013-08-30.150/opam-install/system/build/freetds.0.5.1/src'\nocamlc.opt  -dtypes -g   -c ct.mli\nocamlc.opt  -dtypes -g   -c ct.ml\nocamlc.opt  -dtypes -g   -c dblib.mli\nocamlc.opt  -dtypes -g   -c dblib.ml\nocamlc.opt -pack -o freetds.cmo ct.cmo dblib.cmo\ncc -Wall -fPIC -DOCAML_WORD_SIZE=64 -I'/root/worker/ocaml/4.01/lib/ocaml'   -c -o ct_c.o ct_c.c\ngmake[1]: Leaving directory `/tmp/ocamlot/ocamlot.work.2013-08-30.150/opam-install/system/build/freetds.0.5.1/src'\n### stderr ###\n...[truncated]\nct_c.c:837: error: 'CS_CONNECTION' undeclared (first use in this function)\nct_c.c:837: error: 'conn' undeclared (first use in this function)\nct_c.c:839: error: 'CS_FORCE_CLOSE' undeclared (first use in this function)\nct_c.c:840: warning: implicit declaration of function 'ct_con_drop'\nct_c.c: In function 'mltds_ct_cmd_finalize':\nct_c.c:845: warning: implicit declaration of function 'ct_cmd_drop'\nct_c.c: In function 'mltds_binding_buffer_finalize':\nct_c.c:851: error: 'struct binding_buffer' has no member named 'data'\ngmake[1]: *** [ct_c.o] Error 1\ngmake: *** [byte] Error 2\n\n'opam install --verbose --yes freetds.0.5.1' failed.\n")))))(duration 158.00712394714355469)(info"Compiler: 4.01.0+dev22-2013-08-20\nOPAM: 34a478af7c6a03e24d87964e422c0c03f7b8eb61\nOCAMLRUNPARAM = b\nHOME = /tmp/ocamlot/ocamlot.work.2013-08-30.150\nPATH = /tmp/ocamlot/ocamlot.work.2013-08-30.150/opam-install/system/bin:/tmp/ocamlot/ocamlot.work.2013-08-30.150:/root/worker/ocaml/4.01/bin:/sbin:/bin:/usr/sbin:/usr/bin:/usr/games:/usr/local/sbin:/usr/local/bin:/root/bin\nMANPATH = /tmp/ocamlot/ocamlot.work.2013-08-30.150/opam-install/system/man:\nOCAML_TOPLEVEL_PATH = /tmp/ocamlot/ocamlot.work.2013-08-30.150/opam-install/system/lib/toplevel\nPERL5LIB = /tmp/ocamlot/ocamlot.work.2013-08-30.150/opam-install/system/lib/perl5\nOPAMROOT = /tmp/ocamlot/ocamlot.work.2013-08-30.150/opam-install\nCAML_LD_LIBRARY_PATH = /tmp/ocamlot/ocamlot.work.2013-08-30.150/opam-install/system/lib/stublibs:/root/worker/ocaml/4.01/lib/ocaml/stublibs\n"))))(1377854902.0122630596(Checked_in 80))(1377854877.9922010899(Checked_in 80))(1377854853.9724209309(Checked_in 80))(1377854829.942084074(Checked_in 80))(1377854805.920183897(Checked_in 80))(1377854781.9026370049(Checked_in 80))(1377854757.8643538952(Started 80))(1377735450.0269060135(Timed_out 58 30.000436067581176758))(1377735420.0262920856(Checked_in 58))(1377735395.5660140514(Checked_in 58))(1377735369.5023980141(Checked_in 58))(1377735344.2194499969(Checked_in 58))(1377735320.1425700188(Checked_in 58))(1377735296.0341329575(Checked_in 58))(1377735271.9038488865(Started 58))(1377726781.7997710705(Advertized((os FreeBSD)(arch X86_64))))))(host((os FreeBSD)(arch X86_64)))(job(Opam((diff(((repo((url"")(repo_url(URL git://github.com/OCamlPro/opam-repository.git))))(label OCamlPro/opam-repository:master)(reference(Ref master)))))(packages(freetds.0.5.1))(target((host((os FreeBSD)(arch X86_64)))(compiler((c_version 4.01.0)(c_build"")))))(action Build)))))