((href https://github.com/OCamlPro/opam-repository/blob/master/packages/spf.1.0.1/opam)(log((1372257778.3300549984(Completed 44((status(Failed((Header_dep_ext spf2/spf_log))(Process(Exited 4)((r_cmd opam)(r_args(install --verbose --yes spf.1.0.1))(r_env(OCAMLRUNPARAM=b HOME=/var/folders/f9/vtsr2sv53wn9h3fblk38vwdh0000gn/T/ocamlot/ocamlot.work.2013-06-26.334 PATH=/private/var/folders/f9/vtsr2sv53wn9h3fblk38vwdh0000gn/T/ocamlot/ocamlot.work.2013-06-26.334/opam-install/system/bin:/var/folders/f9/vtsr2sv53wn9h3fblk38vwdh0000gn/T/ocamlot/ocamlot.work.2013-06-26.334:/Users/avsm/ocamlot/worker/ocaml/4.01/bin:/usr/bin:/bin:/usr/sbin:/sbin:/usr/local/bin MANPATH=/private/var/folders/f9/vtsr2sv53wn9h3fblk38vwdh0000gn/T/ocamlot/ocamlot.work.2013-06-26.334/opam-install/system/man: OCAML_TOPLEVEL_PATH=/private/var/folders/f9/vtsr2sv53wn9h3fblk38vwdh0000gn/T/ocamlot/ocamlot.work.2013-06-26.334/opam-install/system/lib/toplevel OPAMROOT=/private/var/folders/f9/vtsr2sv53wn9h3fblk38vwdh0000gn/T/ocamlot/ocamlot.work.2013-06-26.334/opam-install CAML_LD_LIBRARY_PATH=/private/var/folders/f9/vtsr2sv53wn9h3fblk38vwdh0000gn/T/ocamlot/ocamlot.work.2013-06-26.334/opam-install/system/lib/stublibs:/Users/avsm/ocamlot/worker/ocaml/4.01/lib/ocaml/stublibs))(r_cwd /var/folders/f9/vtsr2sv53wn9h3fblk38vwdh0000gn/T/ocamlot/ocamlot.work.2013-06-26.334)(r_duration 73.692357063293457031)(r_stdout"The following actions will be performed:\n - install ocamlfind.1.3.3 [required by spf]\n - install spf.1.0.1\n2 to install | 0 to reinstall | 0 to upgrade | 0 to downgrade | 0 to remove\n\n=-=-= Installing ocamlfind.1.3.3 =-=-=\nDownloading http://download.camlcity.org/download/findlib-1.3.3.tar.gz.\n  % Total    % Received % Xferd  Average Speed   Time    Time     Time  Current\n                                 Dload  Upload   Total   Spent    Left  Speed\n\r  0     0    0     0    0     0      0      0 --:--:-- --:--:-- --:--:--     0200\n\r100  225k  100  225k    0     0  1013k      0 --:--:-- --:--:-- --:--:-- 1177k\nCopying ocamlfind.install.\nCreating /private/var/folders/f9/vtsr2sv53wn9h3fblk38vwdh0000gn/T/ocamlot/ocamlot.work.2013-06-26.334/opam-install/repo/ocamlot/archives/ocamlfind.1.3.3+opam.tar.gz.\nExtracting /private/var/folders/f9/vtsr2sv53wn9h3fblk38vwdh0000gn/T/ocamlot/ocamlot.work.2013-06-26.334/opam-install/archives/ocamlfind.1.3.3+opam.tar.gz.\nBuilding ocamlfind.1.3.3:\n  ./configure -bindir /private/var/folders/f9/vtsr2sv53wn9h3fblk38vwdh0000gn/T/ocamlot/ocamlot.work.2013-06-26.334/opam-install/system/bin -sitelib /private/var/folders/f9/vtsr2sv53wn9h3fblk38vwdh0000gn/T/ocamlot/ocamlot.work.2013-06-26.334/opam-install/system/lib -mandir /private/var/folders/f9/vtsr2sv53wn9h3fblk38vwdh0000gn/T/ocamlot/ocamlot.work.2013-06-26.334/opam-install/system/man -config /private/var/folders/f9/vtsr2sv53wn9h3fblk38vwdh0000gn/T/ocamlot/ocamlot.work.2013-06-26.334/opam-install/system/lib/findlib.conf -no-topfind\n  make all\n  make opt\n  make install\n  ocamlfind remove dbm\nWelcome to findlib version 1.3.3\nConfiguring core...\nChecking for #remove_directory...\nTesting threading model...\nsysthread_supported: true\nTesting DLLs...\nConfiguring libraries...\nnative dynlink: found\nlabltk: not present\nocamlbuild: found\ncamlp4: using camlp4, style 310\ncompiler-libs: found\nConfiguration for dbm written to site-lib-src/dbm/META\nConfiguration for dynlink written to site-lib-src/dynlink/META\nConfiguration for graphics written to site-lib-src/graphics/META\nConfiguration for num written to site-lib-src/num/META\nConfiguration for num-top written to site-lib-src/num-top/META\nConfiguration for str written to site-lib-src/str/META\nConfiguration for threads written to site-lib-src/threads/META\nConfiguration for unix written to site-lib-src/unix/META\nConfiguration for stdlib written to site-lib-src/stdlib/META\nConfiguration for bigarray written to site-lib-src/bigarray/META\nConfiguration for camlp4 written to site-lib-src/camlp4/META\nConfiguration for ocamlbuild written to site-lib-src/ocamlbuild/META\nConfiguration for compiler-libs written to site-lib-src/compiler-libs/META\nDetecting compiler arguments: (extractor built) ok\n\nAbout the OCAML core installation:\n    Standard library:      /Users/avsm/ocamlot/worker/ocaml/4.01/lib/ocaml\n    Binaries:              /Users/avsm/ocamlot/worker/ocaml/4.01/bin\n    Manual pages:          /Users/avsm/ocamlot/worker/ocaml/4.01/man\n    Multi-threading type:  posix\nThe directory of site-specific packages will be\n    site-lib:              /private/var/folders/f9/vtsr2sv53wn9h3fblk38vwdh0000gn/T/ocamlot/ocamlot.work.2013-06-26.334/opam-install/system/lib\nThe configuration file is written to:\n    findlib config file:   /private/var/folders/f9/vtsr2sv53wn9h3fblk38vwdh0000gn/T/ocamlot/ocamlot.work.2013-06-26.334/opam-install/system/lib/findlib.conf\nSoftware will be installed:\n    Libraries:             in <site-lib>/findlib\n    Binaries:              /private/var/folders/f9/vtsr2sv53wn9h3fblk38vwdh0000gn/T/ocamlot/ocamlot.work.2013-06-26.334/opam-install/system/bin\n    Manual pages:          /private/var/folders/f9/vtsr2sv53wn9h3fblk38vwdh0000gn/T/ocamlot/ocamlot.work.2013-06-26.334/opam-install/system/man\n    topfind script:        omitted\nToolbox:                   no\n\nConfiguration has been written to Makefile.config\n\nYou can now do 'make all', and optionally 'make opt', to build ocamlfind.\nfor p in findlib; do ( cd src/$p; make all ); done\nMakefile:142: depend: No such file or directory\nocamllex fl_meta.mll\n22 states, 392 transitions, table size 1700 bytes\ncamlp4 pa_o.cmo pa_op.cmo pr_o.cmo -- -impl fl_metascanner.src -o fl_metascanner.ml\nocamldep *.ml *.mli >depend\nUSE_CYGPATH=\"0\"; \\\n\texport USE_CYGPATH; \\\n\tcat findlib_config.mlp | \\\n\t\t../../tools/patch '@CONFIGFILE@' '/private/var/folders/f9/vtsr2sv53wn9h3fblk38vwdh0000gn/T/ocamlot/ocamlot.work.2013-06-26.334/opam-install/system/lib/findlib.conf' | \\\n\t\t../../tools/patch '@STDLIB@' '/Users/avsm/ocamlot/worker/ocaml/4.01/lib/ocaml' | \\\n\t\tsed -e 's;@AUTOLINK@;true;g' \\\n\t\t    -e 's;@SYSTEM@;macosx;g' \\\n\t\t     >findlib_config.ml\nocamlc -I +compiler-libs -g -c findlib_config.ml\nocamlc -I +compiler-libs -g -c fl_split.ml\nocamlc -I +compiler-libs -g -c fl_metatoken.ml\nocamlc -I +compiler-libs -g -c fl_meta.ml\nocamlc -I +compiler-libs -c fl_metascanner.mli\nocamlc -I +compiler-libs -g -c fl_metascanner.ml\nocamlc -I +compiler-libs -c fl_topo.mli\nocamlc -I +compiler-libs -g -c fl_topo.ml\nFile \"fl_topo.ml\", line 283, characters 10-22:\nWarning 26: unused variable in_direction.\nFile \"fl_topo.ml\", line 219, characters 36-37:\nWarning 3: deprecated feature: operator (&); you should use (&&) instead\nocamlc -I +compiler-libs -c fl_package_base.mli\nocamlc -I +compiler-libs -g -c fl_package_base.ml\nocamlc -I +compiler-libs -c findlib.mli\nocamlc -I +compiler-libs -g -c findlib.ml\nocamlc -I +compiler-libs -g -c fl_args.ml\nocamlc -I +compiler-libs -a -o findlib.cma findlib_config.cmo fl_split.cmo fl_metatoken.cmo fl_meta.cmo fl_metascanner.cmo fl_topo.cmo fl_package_base.cmo findlib.cmo fl_args.cmo\nocamlc -I +compiler-libs -g -c ocaml_args.ml\nocamlc -I +compiler-libs -g -c frontend.ml\nocamlc -I +compiler-libs -custom -o ocamlfind -g findlib.cma unix.cma \\\n\t           ocaml_args.cmo frontend.cmo\nocamlc -I +compiler-libs -c topfind.mli\nocamlc -I +compiler-libs -g -c topfind.ml\nFile \"topfind.ml\", line 53, characters 10-19:\nWarning 26: unused variable stdlibdir.\nFile \"topfind.ml\", line 97, characters 11-12:\nWarning 26: unused variable d.\nocamlc -I +compiler-libs -a -o findlib_top.cma topfind.cmo\nUSE_CYGPATH=\"0\"; \\\n\texport USE_CYGPATH; \\\n\tcat topfind_rd1.p | \\\n\t\t../../tools/patch '@SITELIB@' '/private/var/folders/f9/vtsr2sv53wn9h3fblk38vwdh0000gn/T/ocamlot/ocamlot.work.2013-06-26.334/opam-install/system/lib' \\\n\t    \t    >topfind\nocamlc -I +compiler-libs -c num_top_printers.mli\nocamlc -I +compiler-libs -g -c num_top_printers.ml\nocamlc -I +compiler-libs -c num_top.mli\nocamlc -I +compiler-libs -g -c num_top.ml\nocamlc -I +compiler-libs -a -o num_top.cma num_top_printers.cmo num_top.cmo\nmake all-config\nUSE_CYGPATH=\"0\"; \\\n\texport USE_CYGPATH; \\\n\tcat findlib.conf.in | \\\n\t\ttools/patch '@SITELIB@' '/private/var/folders/f9/vtsr2sv53wn9h3fblk38vwdh0000gn/T/ocamlot/ocamlot.work.2013-06-26.334/opam-install/system/lib' >findlib.conf\nif ocamlc.opt >/dev/null 2>&1; then \\\n\t\techo 'ocamlc=\"ocamlc.opt\"' >>findlib.conf; \\\n\tfi\nif ocamlopt.opt >/dev/null 2>&1; then \\\n\t\techo 'ocamlopt=\"ocamlopt.opt\"' >>findlib.conf; \\\n\tfi\nif ocamldep.opt >/dev/null 2>&1; then \\\n\t\techo 'ocamldep=\"ocamldep.opt\"' >>findlib.conf; \\\n\tfi\nfor p in findlib; do ( cd src/$p; make opt ); done\nocamlopt -I +compiler-libs -c findlib_config.ml\nocamlopt -I +compiler-libs -c fl_split.ml\nocamlopt -I +compiler-libs -c fl_metatoken.ml\nocamlopt -I +compiler-libs -c fl_meta.ml\nocamlopt -I +compiler-libs -c fl_metascanner.ml\nocamlopt -I +compiler-libs -c fl_topo.ml\nFile \"fl_topo.ml\", line 283, characters 10-22:\nWarning 26: unused variable in_direction.\nFile \"fl_topo.ml\", line 219, characters 36-37:\nWarning 3: deprecated feature: operator (&); you should use (&&) instead\nocamlopt -I +compiler-libs -c fl_package_base.ml\nocamlopt -I +compiler-libs -c findlib.ml\nocamlopt -I +compiler-libs -c fl_args.ml\nocamlopt -I +compiler-libs -a -o findlib.cmxa findlib_config.cmx fl_split.cmx fl_metatoken.cmx fl_meta.cmx fl_metascanner.cmx fl_topo.cmx fl_package_base.cmx findlib.cmx fl_args.cmx\nocamlopt -I +compiler-libs -c ocaml_args.ml\nocamlopt -I +compiler-libs -c frontend.ml\nocamlopt -I +compiler-libs -o ocamlfind_opt findlib.cmxa unix.cmxa \\\n\t\t   ocaml_args.cmx frontend.cmx\nmkdir -p \"/private/var/folders/f9/vtsr2sv53wn9h3fblk38vwdh0000gn/T/ocamlot/ocamlot.work.2013-06-26.334/opam-install/system/bin\"\nmkdir -p \"/private/var/folders/f9/vtsr2sv53wn9h3fblk38vwdh0000gn/T/ocamlot/ocamlot.work.2013-06-26.334/opam-install/system/man\"\nfor p in findlib; do ( cd src/$p; make install ); done\nmkdir -p \"/private/var/folders/f9/vtsr2sv53wn9h3fblk38vwdh0000gn/T/ocamlot/ocamlot.work.2013-06-26.334/opam-install/system/lib/findlib\"\nmkdir -p \"/private/var/folders/f9/vtsr2sv53wn9h3fblk38vwdh0000gn/T/ocamlot/ocamlot.work.2013-06-26.334/opam-install/system/bin\"\ntest 0 -eq 0 || cp topfind \"/Users/avsm/ocamlot/worker/ocaml/4.01/lib/ocaml\"\nfiles=`../../tools/collect_files ../../Makefile.config findlib.cmi findlib.mli findlib.cma topfind.cmi topfind.mli fl_package_base.mli fl_package_base.cmi fl_metascanner.mli fl_metascanner.cmi fl_metatoken.cmi findlib_top.cma findlib.cmxa findlib.a META` && \\\n\tcp $files \"/private/var/folders/f9/vtsr2sv53wn9h3fblk38vwdh0000gn/T/ocamlot/ocamlot.work.2013-06-26.334/opam-install/system/lib/findlib\"\nf=\"ocamlfind\"; { test -f ocamlfind_opt && f=\"ocamlfind_opt\"; }; \\\n\tcp $f \"/private/var/folders/f9/vtsr2sv53wn9h3fblk38vwdh0000gn/T/ocamlot/ocamlot.work.2013-06-26.334/opam-install/system/bin/ocamlfind\"\n# the following \"if\" block is only needed for 4.00beta2\nif [ 1 -eq 0 -a -f \"/Users/avsm/ocamlot/worker/ocaml/4.01/lib/ocaml/compiler-libs/topdirs.cmi\" ]; then \\\n\t    cd \"/Users/avsm/ocamlot/worker/ocaml/4.01/lib/ocaml/compiler-libs/\"; \\\n\t    cp topdirs.cmi toploop.cmi \"/private/var/folders/f9/vtsr2sv53wn9h3fblk38vwdh0000gn/T/ocamlot/ocamlot.work.2013-06-26.334/opam-install/system/lib/findlib/\"; \\\n\tfi\nmake install-meta\nfor x in `ls site-lib-src`; do if [ \"$x\" != \"CVS\" -a -f \"site-lib-src/$x/META\" ]; then mkdir -p \"/private/var/folders/f9/vtsr2sv53wn9h3fblk38vwdh0000gn/T/ocamlot/ocamlot.work.2013-06-26.334/opam-install/system/lib/$x\"; cp site-lib-src/$x/META \"/private/var/folders/f9/vtsr2sv53wn9h3fblk38vwdh0000gn/T/ocamlot/ocamlot.work.2013-06-26.334/opam-install/system/lib/$x\"; fi; done\ncd src/findlib; make install-num-top\nmkdir -p \"/private/var/folders/f9/vtsr2sv53wn9h3fblk38vwdh0000gn/T/ocamlot/ocamlot.work.2013-06-26.334/opam-install/system/lib/num-top\"\ncp num_top.cma num_top.cmi num_top_printers.cmi \\\n\t\t\"/private/var/folders/f9/vtsr2sv53wn9h3fblk38vwdh0000gn/T/ocamlot/ocamlot.work.2013-06-26.334/opam-install/system/lib/num-top\"\nmake install-config\nmkdir -p \"`dirname \\\"/private/var/folders/f9/vtsr2sv53wn9h3fblk38vwdh0000gn/T/ocamlot/ocamlot.work.2013-06-26.334/opam-install/system/lib/findlib.conf\\\"`\"\ntest -f \"/private/var/folders/f9/vtsr2sv53wn9h3fblk38vwdh0000gn/T/ocamlot/ocamlot.work.2013-06-26.334/opam-install/system/lib/findlib.conf\" || cp findlib.conf \"/private/var/folders/f9/vtsr2sv53wn9h3fblk38vwdh0000gn/T/ocamlot/ocamlot.work.2013-06-26.334/opam-install/system/lib/findlib.conf\"\ncp tools/safe_camlp4 \"/private/var/folders/f9/vtsr2sv53wn9h3fblk38vwdh0000gn/T/ocamlot/ocamlot.work.2013-06-26.334/opam-install/system/bin\"\nmake install-doc\nmkdir -p /private/var/folders/f9/vtsr2sv53wn9h3fblk38vwdh0000gn/T/ocamlot/ocamlot.work.2013-06-26.334/opam-install/system/man/man1 /private/var/folders/f9/vtsr2sv53wn9h3fblk38vwdh0000gn/T/ocamlot/ocamlot.work.2013-06-26.334/opam-install/system/man/man3 /private/var/folders/f9/vtsr2sv53wn9h3fblk38vwdh0000gn/T/ocamlot/ocamlot.work.2013-06-26.334/opam-install/system/man/man5\ncp doc/ref-man/ocamlfind.1 /private/var/folders/f9/vtsr2sv53wn9h3fblk38vwdh0000gn/T/ocamlot/ocamlot.work.2013-06-26.334/opam-install/system/man/man1\ncp doc/ref-man/META.5 doc/ref-man/site-lib.5 doc/ref-man/findlib.conf.5 /private/var/folders/f9/vtsr2sv53wn9h3fblk38vwdh0000gn/T/ocamlot/ocamlot.work.2013-06-26.334/opam-install/system/man/man5\nocamlfind: [WARNING] You are removing the package from /private/var/folders/f9/vtsr2sv53wn9h3fblk38vwdh0000gn/T/ocamlot/ocamlot.work.2013-06-26.334/opam-install/system/lib/dbm but the currently visible package is at /Users/avsm/ocamlot/worker/ocaml/4.01/lib/ocaml; you may want to specify the -destdir option\nRemoved /private/var/folders/f9/vtsr2sv53wn9h3fblk38vwdh0000gn/T/ocamlot/ocamlot.work.2013-06-26.334/opam-install/system/lib/dbm\nInstalling ocamlfind.1.3.3.\n\n=-=-= Installing spf.1.0.1 =-=-=\nDownloading https://forge.ocamlcore.org/frs/download.php/1112/ocaml-spf-1.0.1.tar.gz.\n  % Total    % Received % Xferd  Average Speed   Time    Time     Time  Current\n                                 Dload  Upload   Total   Spent    Left  Speed\n\r  0     0    0     0    0     0      0      0 --:--:-- --:--:-- --:--:--     0\r100 42451  100 42451    0     0  59304      0 --:--:-- --:--:-- --:--:--  111k\n200\nCreating /private/var/folders/f9/vtsr2sv53wn9h3fblk38vwdh0000gn/T/ocamlot/ocamlot.work.2013-06-26.334/opam-install/repo/ocamlot/archives/spf.1.0.1+opam.tar.gz.\nExtracting /private/var/folders/f9/vtsr2sv53wn9h3fblk38vwdh0000gn/T/ocamlot/ocamlot.work.2013-06-26.334/opam-install/archives/spf.1.0.1+opam.tar.gz.\nBuilding spf.1.0.1:\n  ocaml setup.ml -configure --prefix /private/var/folders/f9/vtsr2sv53wn9h3fblk38vwdh0000gn/T/ocamlot/ocamlot.work.2013-06-26.334/opam-install/system\n  ocaml setup.ml -build\n  ocaml setup.ml -install\n\nConfiguration: \nocamlfind: ........................................... /private/var/folders/f9/vtsr2sv53wn9h3fblk38vwdh0000gn/T/ocamlot/ocamlot.work.2013-06-26.334/opam-install/system/bin/ocamlfind\nocamlc: .............................................. /Users/avsm/ocamlot/worker/ocaml/4.01/bin/ocamlc.opt\nocamlopt: ............................................ /Users/avsm/ocamlot/worker/ocaml/4.01/bin/ocamlopt.opt\nocamlbuild: .......................................... /Users/avsm/ocamlot/worker/ocaml/4.01/bin/ocamlbuild\nPackage name: ........................................ spf\nPackage version: ..................................... 1.0.0\nos_type: ............................................. Unix\nsystem: .............................................. macosx\narchitecture: ........................................ amd64\nccomp_type: .......................................... cc\nocaml_version: ....................................... 4.01.0\nstandard_library_default: ............................ /Users/avsm/ocamlot/worker/ocaml/4.01/lib/ocaml\nstandard_library: .................................... /Users/avsm/ocamlot/worker/ocaml/4.01/lib/ocaml\nstandard_runtime: .................................... /Users/avsm/ocamlot/worker/ocaml/4.01/bin/ocamlrun\nbytecomp_c_compiler: ................................. gcc -fno-defer-pop -Wall -D_FILE_OFFSET_BITS=64 -D_REENTRANT \nnative_c_compiler: ................................... gcc -D_FILE_OFFSET_BITS=64 -D_REENTRANT\nmodel: ............................................... default\next_obj: ............................................. .o\next_asm: ............................................. .s\next_lib: ............................................. .a\next_dll: ............................................. .so\ndefault_executable_name: ............................. a.out\nsysthread_supported: ................................. true\nInstall architecture-independent files dir: .......... /private/var/folders/f9/vtsr2sv53wn9h3fblk38vwdh0000gn/T/ocamlot/ocamlot.work.2013-06-26.334/opam-install/system\nInstall architecture-dependent files in dir: ......... $prefix\nUser executables: .................................... $exec_prefix/bin\nSystem admin executables: ............................ $exec_prefix/sbin\nProgram executables: ................................. $exec_prefix/libexec\nRead-only single-machine data: ....................... $prefix/etc\nModifiable architecture-independent data: ............ $prefix/com\nModifiable single-machine data: ...................... $prefix/var\nObject code libraries: ............................... $exec_prefix/lib\nRead-only arch-independent data root: ................ $prefix/share\nRead-only architecture-independent data: ............. $datarootdir\nInfo documentation: .................................. $datarootdir/info\nLocale-dependent data: ............................... $datarootdir/locale\nMan documentation: ................................... $datarootdir/man\nDocumentation root: .................................. $datarootdir/doc/$pkg_name\nHTML documentation: .................................. $docdir\nDVI documentation: ................................... $docdir\nPDF documentation: ................................... $docdir\nPS documentation: .................................... $docdir\nfindlib_version: ..................................... 1.3.3\nis_native: ........................................... true\nsuffix_program: ...................................... \nRemove a file.: ...................................... rm -f\nRemove a directory.: ................................. rm -rf\nTurn ocaml debug flag on: ............................ true\nTurn ocaml profile flag on: .......................... false\nCompiler support generation of .cmxs.: ............... true\nOCamlbuild additional flags: ......................... \nCreate documentations: ............................... true\nCompile tests executable and library and run them: ... false\npkg_unix: ............................................ /Users/avsm/ocamlot/worker/ocaml/4.01/lib/ocaml\nocamldoc: ............................................ /Users/avsm/ocamlot/worker/ocaml/4.01/bin/ocamldoc\n\n/Users/avsm/ocamlot/worker/ocaml/4.01/bin/ocamlopt.opt -I /Users/avsm/ocamlot/worker/ocaml/4.01/lib/ocaml/ocamlbuild unix.cmxa /Users/avsm/ocamlot/worker/ocaml/4.01/lib/ocaml/ocamlbuild/ocamlbuildlib.cmxa myocamlbuild.ml /Users/avsm/ocamlot/worker/ocaml/4.01/lib/ocaml/ocamlbuild/ocamlbuild.cmx -o myocamlbuild\nocamlfind ocamlc -ccopt -Wall -ccopt -Werror -c lib/spf_stubs.c\n+ ocamlfind ocamlc -ccopt -Wall -ccopt -Werror -c lib/spf_stubs.c\nlib/spf_stubs.c:8:22: error: spf2/spf.h: No such file or directory\nlib/spf_stubs.c:9:29: error: spf2/spf_server.h: No such file or directory\nlib/spf_stubs.c:10:30: error: spf2/spf_request.h: No such file or directory\nlib/spf_stubs.c:11:31: error: spf2/spf_response.h: No such file or directory\nlib/spf_stubs.c:12:26: error: spf2/spf_dns.h: No such file or directory\nlib/spf_stubs.c:13:26: error: spf2/spf_log.h: No such file or directory\nlib/spf_stubs.c: In function 'dns_type_of_val':\nlib/spf_stubs.c:31: error: 'SPF_DNS_RESOLV' undeclared (first use in this function)\nlib/spf_stubs.c:31: error: (Each undeclared identifier is reported only once\nlib/spf_stubs.c:31: error: for each function it appears in.)\nlib/spf_stubs.c:33: error: 'SPF_DNS_CACHE' undeclared (first use in this function)\nlib/spf_stubs.c:35: error: 'SPF_DNS_ZONE' undeclared (first use in this function)\nlib/spf_stubs.c: In function 'caml_spf_server_new':\nlib/spf_stubs.c:53: error: 'SPF_server_t' undeclared (first use in this function)\nlib/spf_stubs.c:53: error: 'server' undeclared (first use in this function)\ncc1: warnings being treated as errors\nlib/spf_stubs.c:61: warning: implicit declaration of function 'SPF_server_new'\nlib/spf_stubs.c: In function 'caml_spf_server_free':\nlib/spf_stubs.c:72: error: 'SPF_server_t' undeclared (first use in this function)\nlib/spf_stubs.c:72: error: 'server' undeclared (first use in this function)\nlib/spf_stubs.c:72: error: expected expression before ')' token\nlib/spf_stubs.c:73: warning: implicit declaration of function 'SPF_server_free'\nlib/spf_stubs.c: In function 'caml_spf_request_new':\nlib/spf_stubs.c:81: error: 'SPF_server_t' undeclared (first use in this function)\nlib/spf_stubs.c:81: error: 'server' undeclared (first use in this function)\nlib/spf_stubs.c:81: error: expected expression before ')' token\nlib/spf_stubs.c:82: error: 'SPF_request_t' undeclared (first use in this function)\nlib/spf_stubs.c:82: error: 'req' undeclared (first use in this function)\nlib/spf_stubs.c:84: warning: implicit declaration of function 'SPF_request_new'\nlib/spf_stubs.c: In function 'caml_spf_request_free':\nlib/spf_stubs.c:95: error: 'SPF_request_t' undeclared (first use in this function)\nlib/spf_stubs.c:95: error: 'req' undeclared (first use in this function)\nlib/spf_stubs.c:95: error: expected expression before ')' token\nlib/spf_stubs.c:96: warning: implicit declaration of function 'SPF_request_free'\nlib/spf_stubs.c: In function 'caml_spf_request_set_inet_addr':\nlib/spf_stubs.c:132: error: 'SPF_request_t' undeclared (first use in this function)\nlib/spf_stubs.c:132: error: 'req' undeclared (first use in this function)\nlib/spf_stubs.c:132: error: expected expression before ')' token\nlib/spf_stubs.c:135: error: 'SPF_errcode_t' undeclared (first use in this function)\nlib/spf_stubs.c:135: error: expected ';' before 'e'\nlib/spf_stubs.c:140: error: 'e' undeclared (first use in this function)\nlib/spf_stubs.c:140: warning: implicit declaration of function 'SPF_request_set_ipv4'\nlib/spf_stubs.c:143: warning: implicit declaration of function 'SPF_request_set_ipv6'\nlib/spf_stubs.c:146: error: 'SPF_E_SUCCESS' undeclared (first use in this function)\nlib/spf_stubs.c:147: warning: implicit declaration of function 'SPF_strerror'\nlib/spf_stubs.c:147: warning: passing argument 1 of 'spf_error' makes pointer from integer without a cast\nlib/spf_stubs.c: In function 'caml_spf_request_set_ipv4_str':\nlib/spf_stubs.c:167: error: 'SPF_request_t' undeclared (first use in this function)\nlib/spf_stubs.c:167: error: 'req' undeclared (first use in this function)\nlib/spf_stubs.c:167: error: expected expression before ')' token\nlib/spf_stubs.c:167: error: 'SPF_errcode_t' undeclared (first use in this function)\nlib/spf_stubs.c:167: error: expected ';' before 'err'\nlib/spf_stubs.c:167: error: 'err' undeclared (first use in this function)\nlib/spf_stubs.c:167: warning: implicit declaration of function 'SPF_request_set_ipv4_str'\nlib/spf_stubs.c:167: error: 'SPF_E_SUCCESS' undeclared (first use in this function)\nlib/spf_stubs.c:167: warning: passing argument 1 of 'spf_error' makes pointer from integer without a cast\nlib/spf_stubs.c: In function 'caml_spf_request_set_ipv6_str':\nlib/spf_stubs.c:168: error: 'SPF_request_t' undeclared (first use in this function)\nlib/spf_stubs.c:168: error: 'req' undeclared (first use in this function)\nlib/spf_stubs.c:168: error: expected expression before ')' token\nlib/spf_stubs.c:168: error: 'SPF_errcode_t' undeclared (first use in this function)\nlib/spf_stubs.c:168: error: expected ';' before 'err'\nlib/spf_stubs.c:168: error: 'err' undeclared (first use in this function)\nlib/spf_stubs.c:168: warning: implicit declaration of function 'SPF_request_set_ipv6_str'\nlib/spf_stubs.c:168: error: 'SPF_E_SUCCESS' undeclared (first use in this function)\nlib/spf_stubs.c:168: warning: passing argument 1 of 'spf_error' makes pointer from integer without a cast\nlib/spf_stubs.c: In function 'caml_spf_request_set_helo_dom':\nlib/spf_stubs.c:169: error: 'SPF_request_t' undeclared (first use in this function)\nlib/spf_stubs.c:169: error: 'req' undeclared (first use in this function)\nlib/spf_stubs.c:169: error: expected expression before ')' token\nlib/spf_stubs.c:169: error: 'SPF_errcode_t' undeclared (first use in this function)\nlib/spf_stubs.c:169: error: expected ';' before 'err'\nlib/spf_stubs.c:169: error: 'err' undeclared (first use in this function)\nlib/spf_stubs.c:169: warning: implicit declaration of function 'SPF_request_set_helo_dom'\nlib/spf_stubs.c:169: error: 'SPF_E_SUCCESS' undeclared (first use in this function)\nlib/spf_stubs.c:169: warning: passing argument 1 of 'spf_error' makes pointer from integer without a cast\nlib/spf_stubs.c: In function 'caml_spf_request_set_env_from':\nlib/spf_stubs.c:170: error: 'SPF_request_t' undeclared (first use in this function)\nlib/spf_stubs.c:170: error: 'req' undeclared (first use in this function)\nlib/spf_stubs.c:170: error: expected expression before ')' token\nlib/spf_stubs.c:170: error: 'SPF_errcode_t' undeclared (first use in this function)\nlib/spf_stubs.c:170: error: expected ';' before 'err'\nlib/spf_stubs.c:170: error: 'err' undeclared (first use in this function)\nlib/spf_stubs.c:170: warning: implicit declaration of function 'SPF_request_set_env_from'\nlib/spf_stubs.c:170: error: 'SPF_E_SUCCESS' undeclared (first use in this function)\nlib/spf_stubs.c:170: warning: passing argument 1 of 'spf_error' makes pointer from integer without a cast\nlib/spf_stubs.c: At top level:\nlib/spf_stubs.c:173: error: expected ')' before 'r'\nlib/spf_stubs.c: In function 'caml_spf_request_query_mailfrom':\nlib/spf_stubs.c:205: error: 'SPF_request_t' undeclared (first use in this function)\nlib/spf_stubs.c:205: error: 'req' undeclared (first use in this function)\nlib/spf_stubs.c:205: error: expected expression before ')' token\nlib/spf_stubs.c:206: error: 'SPF_response_t' undeclared (first use in this function)\nlib/spf_stubs.c:206: error: 'resp' undeclared (first use in this function)\nlib/spf_stubs.c:207: error: 'SPF_result_t' undeclared (first use in this function)\nlib/spf_stubs.c:207: error: expected ';' before 'result'\nlib/spf_stubs.c:210: warning: implicit declaration of function 'SPF_request_query_mailfrom'\nlib/spf_stubs.c:215: error: 'result' undeclared (first use in this function)\nlib/spf_stubs.c:215: warning: implicit declaration of function 'SPF_response_result'\nlib/spf_stubs.c:216: warning: implicit declaration of function 'tag_of_result'\nlib/spf_stubs.c:219: error: 'SPF_RESULT_FAIL' undeclared (first use in this function)\nlib/spf_stubs.c:220: error: 'SPF_RESULT_SOFTFAIL' undeclared (first use in this function)\nlib/spf_stubs.c:221: error: 'SPF_RESULT_NEUTRAL' undeclared (first use in this function)\nlib/spf_stubs.c:223: warning: implicit declaration of function 'SPF_response_get_smtp_comment'\nlib/spf_stubs.c:223: warning: passing argument 1 of 'caml_copy_string' makes pointer from integer without a cast\nlib/spf_stubs.c:225: warning: implicit declaration of function 'SPF_response_get_explanation'\nlib/spf_stubs.c:225: warning: passing argument 1 of 'caml_copy_string' makes pointer from integer without a cast\nlib/spf_stubs.c:231: error: 'SPF_RESULT_INVALID' undeclared (first use in this function)\nlib/spf_stubs.c:232: error: 'SPF_RESULT_PASS' undeclared (first use in this function)\nlib/spf_stubs.c:233: error: 'SPF_RESULT_TEMPERROR' undeclared (first use in this function)\nlib/spf_stubs.c:234: error: 'SPF_RESULT_PERMERROR' undeclared (first use in this function)\nlib/spf_stubs.c:235: error: 'SPF_RESULT_NONE' undeclared (first use in this function)\nlib/spf_stubs.c:240: warning: implicit declaration of function 'SPF_response_reason'\nlib/spf_stubs.c:247: warning: implicit declaration of function 'SPF_response_get_received_spf'\nlib/spf_stubs.c:247: warning: assignment makes pointer from integer without a cast\nlib/spf_stubs.c:249: warning: implicit declaration of function 'SPF_response_get_received_spf_value'\nlib/spf_stubs.c:249: warning: assignment makes pointer from integer without a cast\nlib/spf_stubs.c:251: warning: implicit declaration of function 'SPF_response_get_header_comment'\nlib/spf_stubs.c:251: warning: assignment makes pointer from integer without a cast\nlib/spf_stubs.c:254: warning: implicit declaration of function 'SPF_response_free'\nlib/spf_stubs.c: In function 'caml_spf_strreason':\nlib/spf_stubs.c:263: warning: implicit declaration of function 'SPF_strreason'\nlib/spf_stubs.c:263: warning: passing argument 1 of 'caml_copy_string' makes pointer from integer without a cast\nCommand exited with code 2.\nE: Failure(\"Command ''/Users/avsm/ocamlot/worker/ocaml/4.01/bin/ocamlbuild' lib/libspf_stubs.a lib/dllspf_stubs.so lib/spf.cma lib/spf.cmxa lib/spf.a lib/spf.cmxs lib_test/test.native -tag debug' terminated with error code 10\")\nUninstalling spf.1.0.1:\n  ocamlfind remove spf\nocamlfind: [WARNING] No such directory: /private/var/folders/f9/vtsr2sv53wn9h3fblk38vwdh0000gn/T/ocamlot/ocamlot.work.2013-06-26.334/opam-install/system/lib/spf\n\n")(r_stderr"The compilation of spf.1.0.1 failed.\n\n==== ERROR [while installing spf.1.0.1] ====\n# opam-version    1.0.1 (df84b0565f0709578c581c1dea82246688d2804f)\n# os              darwin\n# command         ocaml setup.ml -build\n# path            /private/var/folders/f9/vtsr2sv53wn9h3fblk38vwdh0000gn/T/ocamlot/ocamlot.work.2013-06-26.334/opam-install/system/build/spf.1.0.1\n# compiler        system (4.01.0)\n# exit-code       1\n# env-file        /private/var/folders/f9/vtsr2sv53wn9h3fblk38vwdh0000gn/T/ocamlot/ocamlot.work.2013-06-26.334/opam-install/system/build/spf.1.0.1/spf-43306-b76d46.env\n# stdout-file     /private/var/folders/f9/vtsr2sv53wn9h3fblk38vwdh0000gn/T/ocamlot/ocamlot.work.2013-06-26.334/opam-install/system/build/spf.1.0.1/spf-43306-b76d46.out\n# stderr-file     /private/var/folders/f9/vtsr2sv53wn9h3fblk38vwdh0000gn/T/ocamlot/ocamlot.work.2013-06-26.334/opam-install/system/build/spf.1.0.1/spf-43306-b76d46.err\n### stdout ###\n...[truncated]\nlib/spf_stubs.c:247: warning: assignment makes pointer from integer without a cast\nlib/spf_stubs.c:249: warning: implicit declaration of function 'SPF_response_get_received_spf_value'\nlib/spf_stubs.c:249: warning: assignment makes pointer from integer without a cast\nlib/spf_stubs.c:251: warning: implicit declaration of function 'SPF_response_get_header_comment'\nlib/spf_stubs.c:251: warning: assignment makes pointer from integer without a cast\nlib/spf_stubs.c:254: warning: implicit declaration of function 'SPF_response_free'\nlib/spf_stubs.c: In function 'caml_spf_strreason':\nlib/spf_stubs.c:263: warning: implicit declaration of function 'SPF_strreason'\nlib/spf_stubs.c:263: warning: passing argument 1 of 'caml_copy_string' makes pointer from integer without a cast\nCommand exited with code 2.\n### stderr ###\nE: Failure(\"Command ''/Users/avsm/ocamlot/worker/ocaml/4.01/bin/ocamlbuild' lib/libspf_stubs.a lib/dllspf_stubs.so lib/spf.cma lib/spf.cmxa lib/spf.a lib/spf.cmxs lib_test/test.native -tag debug' terminated with error code 10\")\n\n'opam install --verbose --yes spf.1.0.1' failed.\n")))))(duration 203.85352396965026855)(info"Compiler: 4.01.0+dev18-2013-06-13\nOPAM: df84b0565f0709578c581c1dea82246688d2804f\nOCAMLRUNPARAM = b\nHOME = /var/folders/f9/vtsr2sv53wn9h3fblk38vwdh0000gn/T/ocamlot/ocamlot.work.2013-06-26.334\nPATH = /private/var/folders/f9/vtsr2sv53wn9h3fblk38vwdh0000gn/T/ocamlot/ocamlot.work.2013-06-26.334/opam-install/system/bin:/var/folders/f9/vtsr2sv53wn9h3fblk38vwdh0000gn/T/ocamlot/ocamlot.work.2013-06-26.334:/Users/avsm/ocamlot/worker/ocaml/4.01/bin:/usr/bin:/bin:/usr/sbin:/sbin:/usr/local/bin\nMANPATH = /private/var/folders/f9/vtsr2sv53wn9h3fblk38vwdh0000gn/T/ocamlot/ocamlot.work.2013-06-26.334/opam-install/system/man:\nOCAML_TOPLEVEL_PATH = /private/var/folders/f9/vtsr2sv53wn9h3fblk38vwdh0000gn/T/ocamlot/ocamlot.work.2013-06-26.334/opam-install/system/lib/toplevel\nOPAMROOT = /private/var/folders/f9/vtsr2sv53wn9h3fblk38vwdh0000gn/T/ocamlot/ocamlot.work.2013-06-26.334/opam-install\nCAML_LD_LIBRARY_PATH = /private/var/folders/f9/vtsr2sv53wn9h3fblk38vwdh0000gn/T/ocamlot/ocamlot.work.2013-06-26.334/opam-install/system/lib/stublibs:/Users/avsm/ocamlot/worker/ocaml/4.01/lib/ocaml/stublibs\n"))))(1372257764.3318300247(Checked_in 44))(1372257740.3265199661(Checked_in 44))(1372257716.3203370571(Checked_in 44))(1372257692.3139569759(Checked_in 44))(1372257668.3075780869(Checked_in 44))(1372257644.3017249107(Checked_in 44))(1372257620.293735981(Checked_in 44))(1372257596.2860460281(Checked_in 44))(1372257572.2680590153(Started 44))(1372200222.099558115(Advertized((os Darwin)(arch X86_64))))))(host((os Darwin)(arch X86_64)))(job(Opam((diff(((repo((url"")(repo_url(URL git://github.com/OCamlPro/opam-repository.git))))(label OCamlPro/opam-repository:master)(reference(Ref master)))))(packages(spf.1.0.1))(target((host((os Darwin)(arch X86_64)))(compiler((c_version 4.01.0)(c_build"")))))(action Build)))))