((href https://github.com/OCamlPro/opam-repository/blob/master/packages/ocaml-buddy.0.6.1/opam)(log((1372448708.5095019341(Completed 5((status(Failed()(Process(Exited 4)((r_cmd opam)(r_args(install --verbose --yes ocaml-buddy.0.6.1))(r_env(OCAMLRUNPARAM=b HOME=/tmp/ocamlot/ocamlot.work.2013-06-28.94 PATH=/tmp/ocamlot/ocamlot.work.2013-06-28.94/opam-install/system/bin:/tmp/ocamlot/ocamlot.work.2013-06-28.94:/home/avsm/src/git/avsm/worker/ocaml/4.01+macppc/bin:/home/avsm/.opam/system/bin:/home/avsm/bin:/bin:/sbin:/usr/bin:/usr/sbin:/usr/X11R6/bin:/usr/local/bin:/usr/local/sbin:/usr/games:. MANPATH=/tmp/ocamlot/ocamlot.work.2013-06-28.94/opam-install/system/man: OCAML_TOPLEVEL_PATH=/tmp/ocamlot/ocamlot.work.2013-06-28.94/opam-install/system/lib/toplevel OPAMROOT=/tmp/ocamlot/ocamlot.work.2013-06-28.94/opam-install CAML_LD_LIBRARY_PATH=/tmp/ocamlot/ocamlot.work.2013-06-28.94/opam-install/system/lib/stublibs:/home/avsm/src/git/avsm/worker/ocaml/4.01+macppc/lib/ocaml/stublibs))(r_cwd /tmp/ocamlot/ocamlot.work.2013-06-28.94)(r_duration 50.782064914703369141)(r_stdout"The following actions will be performed:\n - install ocamlfind.1.3.3 [required by ocaml-buddy]\n - install ocaml-buddy.0.6.1\n2 to install | 0 to reinstall | 0 to upgrade | 0 to downgrade | 0 to remove\n\n=-=-= Installing ocamlfind.1.3.3 =-=-=\nDownloading http://download.camlcity.org/download/findlib-1.3.3.tar.gz.\n  % Total    % Received % Xferd  Average Speed   Time    Time     Time  Current\n                                 Dload  Upload   Total   Spent    Left  Speed\n\r  0     0    0     0    0     0      0      0 --:--:-- --:--:-- --:--:--     0\r 31  225k   31 72264    0     0  82039      0  0:00:02 --:--:--  0:00:02 95968\r100  225k  100  225k    0     0   175k      0  0:00:01  0:00:01 --:--:--  194k\n200\nCopying ocamlfind.install.\nCreating /tmp/ocamlot/ocamlot.work.2013-06-28.94/opam-install/repo/ocamlot/archives/ocamlfind.1.3.3+opam.tar.gz.\nExtracting /tmp/ocamlot/ocamlot.work.2013-06-28.94/opam-install/archives/ocamlfind.1.3.3+opam.tar.gz.\nBuilding ocamlfind.1.3.3:\n  ./configure -bindir /tmp/ocamlot/ocamlot.work.2013-06-28.94/opam-install/system/bin -sitelib /tmp/ocamlot/ocamlot.work.2013-06-28.94/opam-install/system/lib -mandir /tmp/ocamlot/ocamlot.work.2013-06-28.94/opam-install/system/man -config /tmp/ocamlot/ocamlot.work.2013-06-28.94/opam-install/system/lib/findlib.conf -no-topfind\n  gmake all\n  gmake opt\n  gmake install\n  ocamlfind remove dbm\nWelcome to findlib version 1.3.3\nConfiguring core...\nChecking for #remove_directory...\nTesting threading model...\nsysthread_supported: true\nTesting DLLs...\nConfiguring libraries...\nnative dynlink: not found\nlabltk: found\nocamlbuild: found\ncamlp4: using camlp4, style 310\ncompiler-libs: found\nConfiguration for dbm written to site-lib-src/dbm/META\nConfiguration for dynlink written to site-lib-src/dynlink/META\nConfiguration for graphics written to site-lib-src/graphics/META\nConfiguration for num written to site-lib-src/num/META\nConfiguration for num-top written to site-lib-src/num-top/META\nConfiguration for str written to site-lib-src/str/META\nConfiguration for threads written to site-lib-src/threads/META\nConfiguration for unix written to site-lib-src/unix/META\nConfiguration for stdlib written to site-lib-src/stdlib/META\nConfiguration for bigarray written to site-lib-src/bigarray/META\nConfiguration for labltk written to site-lib-src/labltk/META\nConfiguration for camlp4 written to site-lib-src/camlp4/META\nConfiguration for ocamlbuild written to site-lib-src/ocamlbuild/META\nConfiguration for compiler-libs written to site-lib-src/compiler-libs/META\nDetecting compiler arguments: (extractor built) ok\n\nAbout the OCAML core installation:\n    Standard library:      /home/avsm/src/git/avsm/worker/ocaml/4.01+macppc/lib/ocaml\n    Binaries:              /home/avsm/src/git/avsm/worker/ocaml/4.01+macppc/bin\n    Manual pages:          /home/avsm/src/git/avsm/worker/ocaml/4.01+macppc/man\n    Multi-threading type:  posix\nThe directory of site-specific packages will be\n    site-lib:              /tmp/ocamlot/ocamlot.work.2013-06-28.94/opam-install/system/lib\nThe configuration file is written to:\n    findlib config file:   /tmp/ocamlot/ocamlot.work.2013-06-28.94/opam-install/system/lib/findlib.conf\nSoftware will be installed:\n    Libraries:             in <site-lib>/findlib\n    Binaries:              /tmp/ocamlot/ocamlot.work.2013-06-28.94/opam-install/system/bin\n    Manual pages:          /tmp/ocamlot/ocamlot.work.2013-06-28.94/opam-install/system/man\n    topfind script:        omitted\nToolbox:                   no\n\nConfiguration has been written to Makefile.config\n\nYou can now do 'make all', and optionally 'make opt', to build ocamlfind.\nfor p in findlib; do ( cd src/$p; gmake all ); done\ngmake[1]: Entering directory `/tmp/ocamlot/ocamlot.work.2013-06-28.94/opam-install/system/build/ocamlfind.1.3.3/src/findlib'\nMakefile:142: ocamllex fl_meta.mll\ndepend: No such file or directory\n22 states, 392 transitions, table size 1700 bytes\ncamlp4 pa_o.cmo pa_op.cmo pr_o.cmo -- -impl fl_metascanner.src -o fl_metascanner.ml\nocamldep *.ml *.mli >depend\ngmake[1]: Leaving directory `/tmp/ocamlot/ocamlot.work.2013-06-28.94/opam-install/system/build/ocamlfind.1.3.3/src/findlib'\ngmake[1]: Entering directory `/tmp/ocamlot/ocamlot.work.2013-06-28.94/opam-install/system/build/ocamlfind.1.3.3/src/findlib'\nUSE_CYGPATH=\"0\"; \\\nexport USE_CYGPATH; \\\ncat findlib_config.mlp | \\\n\t../../tools/patch '@CONFIGFILE@' '/tmp/ocamlot/ocamlot.work.2013-06-28.94/opam-install/system/lib/findlib.conf' | \\\n\t../../tools/patch '@STDLIB@' '/home/avsm/src/git/avsm/worker/ocaml/4.01+macppc/lib/ocaml' | \\\n\tsed -e 's;@AUTOLINK@;true;g' \\\n\t    -e 's;@SYSTEM@;bsd_elf;g' \\\n\t     >findlib_config.ml\nocamlc -I +compiler-libs -g -c findlib_config.ml\nocamlc -I +compiler-libs -g -c fl_split.ml\nocamlc -I +compiler-libs -g -c fl_metatoken.ml\nocamlc -I +compiler-libs -g -c fl_meta.ml\nocamlc -I +compiler-libs -c fl_metascanner.mli\nocamlc -I +compiler-libs -g -c fl_metascanner.ml\nocamlc -I +compiler-libs -c fl_topo.mli\nocamlc -I +compiler-libs -g -c fl_topo.ml\nFile \"fl_topo.ml\", line 283, characters 10-22:\nWarning 26: unused variable in_direction.\nFile \"fl_topo.ml\", line 219, characters 36-37:\nWarning 3: deprecated feature: operator (&); you should use (&&) instead\nocamlc -I +compiler-libs -c fl_package_base.mli\nocamlc -I +compiler-libs -g -c fl_package_base.ml\nocamlc -I +compiler-libs -c findlib.mli\nocamlc -I +compiler-libs -g -c findlib.ml\nocamlc -I +compiler-libs -g -c fl_args.ml\nocamlc -I +compiler-libs -a -o findlib.cma findlib_config.cmo fl_split.cmo fl_metatoken.cmo fl_meta.cmo fl_metascanner.cmo fl_topo.cmo fl_package_base.cmo findlib.cmo fl_args.cmo\nocamlc -I +compiler-libs -g -c ocaml_args.ml\nocamlc -I +compiler-libs -g -c frontend.ml\nocamlc -I +compiler-libs -custom -o ocamlfind -g findlib.cma unix.cma \\\n           ocaml_args.cmo frontend.cmo\n/home/avsm/src/git/avsm/worker/ocaml/4.01+macppc/lib/ocaml/libunix.a(getaddrinfo.o)(.text+0x10c): In function `unix_getaddrinfo':\n: warning: strcpy() is almost always misused, please use strlcpy()\n/home/avsm/src/git/avsm/worker/ocaml/4.01+macppc/lib/ocaml/libcamlrun.a(dynlink.o)(.text+0x384): In function `caml_build_primitive_table':\n: warning: strcat() is almost always misused, please use strlcat()\n/home/avsm/src/git/avsm/worker/ocaml/4.01+macppc/lib/ocaml/libcamlrun.a(printexc.o)(.text+0x1d4): In function `caml_format_exception':\n: warning: sprintf() is often misused, please use snprintf()\nocamlc -I +compiler-libs -c topfind.mli\nocamlc -I +compiler-libs -g -c topfind.ml\nFile \"topfind.ml\", line 53, characters 10-19:\nWarning 26: unused variable stdlibdir.\nFile \"topfind.ml\", line 97, characters 11-12:\nWarning 26: unused variable d.\nocamlc -I +compiler-libs -a -o findlib_top.cma topfind.cmo\nUSE_CYGPATH=\"0\"; \\\nexport USE_CYGPATH; \\\ncat topfind_rd1.p | \\\n\t../../tools/patch '@SITELIB@' '/tmp/ocamlot/ocamlot.work.2013-06-28.94/opam-install/system/lib' \\\n    \t    >topfind\nocamlc -I +compiler-libs -c num_top_printers.mli\nocamlc -I +compiler-libs -g -c num_top_printers.ml\nocamlc -I +compiler-libs -c num_top.mli\nocamlc -I +compiler-libs -g -c num_top.ml\nocamlc -I +compiler-libs -a -o num_top.cma num_top_printers.cmo num_top.cmo\ngmake[1]: Leaving directory `/tmp/ocamlot/ocamlot.work.2013-06-28.94/opam-install/system/build/ocamlfind.1.3.3/src/findlib'\ngmake all-config\ngmake[1]: Entering directory `/tmp/ocamlot/ocamlot.work.2013-06-28.94/opam-install/system/build/ocamlfind.1.3.3'\nUSE_CYGPATH=\"0\"; \\\nexport USE_CYGPATH; \\\ncat findlib.conf.in | \\\n\ttools/patch '@SITELIB@' '/tmp/ocamlot/ocamlot.work.2013-06-28.94/opam-install/system/lib' >findlib.conf\nif ocamlc.opt >/dev/null 2>&1; then \\\n\techo 'ocamlc=\"ocamlc.opt\"' >>findlib.conf; \\\nfi\nif ocamlopt.opt >/dev/null 2>&1; then \\\n\techo 'ocamlopt=\"ocamlopt.opt\"' >>findlib.conf; \\\nfi\nif ocamldep.opt >/dev/null 2>&1; then \\\n\techo 'ocamldep=\"ocamldep.opt\"' >>findlib.conf; \\\nfi\ngmake[1]: Leaving directory `/tmp/ocamlot/ocamlot.work.2013-06-28.94/opam-install/system/build/ocamlfind.1.3.3'\nfor p in findlib; do ( cd src/$p; gmake opt ); done\ngmake[1]: Entering directory `/tmp/ocamlot/ocamlot.work.2013-06-28.94/opam-install/system/build/ocamlfind.1.3.3/src/findlib'\nocamldep *.ml *.mli >depend\ngmake[1]: Leaving directory `/tmp/ocamlot/ocamlot.work.2013-06-28.94/opam-install/system/build/ocamlfind.1.3.3/src/findlib'\ngmake[1]: Entering directory `/tmp/ocamlot/ocamlot.work.2013-06-28.94/opam-install/system/build/ocamlfind.1.3.3/src/findlib'\nocamlopt -I +compiler-libs -c findlib_config.ml\nocamlopt -I +compiler-libs -c fl_split.ml\nocamlopt -I +compiler-libs -c fl_metatoken.ml\nocamlopt -I +compiler-libs -c fl_meta.ml\nocamlopt -I +compiler-libs -c fl_metascanner.ml\nocamlopt -I +compiler-libs -c fl_topo.ml\nFile \"fl_topo.ml\", line 283, characters 10-22:\nWarning 26: unused variable in_direction.\nFile \"fl_topo.ml\", line 219, characters 36-37:\nWarning 3: deprecated feature: operator (&); you should use (&&) instead\nocamlopt -I +compiler-libs -c fl_package_base.ml\nocamlopt -I +compiler-libs -c findlib.ml\nocamlopt -I +compiler-libs -c fl_args.ml\nocamlopt -I +compiler-libs -a -o findlib.cmxa findlib_config.cmx fl_split.cmx fl_metatoken.cmx fl_meta.cmx fl_metascanner.cmx fl_topo.cmx fl_package_base.cmx findlib.cmx fl_args.cmx\nocamlopt -I +compiler-libs -c ocaml_args.ml\nocamlopt -I +compiler-libs -c frontend.ml\nocamlopt -I +compiler-libs -o ocamlfind_opt findlib.cmxa unix.cmxa \\\n\t   ocaml_args.cmx frontend.cmx\n/home/avsm/src/git/avsm/worker/ocaml/4.01+macppc/lib/ocaml/libunix.a(getaddrinfo.o)(.text+0x10c): In function `unix_getaddrinfo':\n: warning: strcpy() is almost always misused, please use strlcpy()\n/home/avsm/src/git/avsm/worker/ocaml/4.01+macppc/lib/ocaml/libasmrun.a(unix.o)(.text+0x33c): In function `caml_search_in_path':\n: warning: strcat() is almost always misused, please use strlcat()\n/home/avsm/src/git/avsm/worker/ocaml/4.01+macppc/lib/ocaml/libasmrun.a(ints.o)(.text+0x93c): In function `caml_nativeint_format':\n: warning: sprintf() is often misused, please use snprintf()\ngmake[1]: Leaving directory `/tmp/ocamlot/ocamlot.work.2013-06-28.94/opam-install/system/build/ocamlfind.1.3.3/src/findlib'\nmkdir -p \"/tmp/ocamlot/ocamlot.work.2013-06-28.94/opam-install/system/bin\"\nmkdir -p \"/tmp/ocamlot/ocamlot.work.2013-06-28.94/opam-install/system/man\"\nfor p in findlib; do ( cd src/$p; gmake install ); done\ngmake[1]: Entering directory `/tmp/ocamlot/ocamlot.work.2013-06-28.94/opam-install/system/build/ocamlfind.1.3.3/src/findlib'\nmkdir -p \"/tmp/ocamlot/ocamlot.work.2013-06-28.94/opam-install/system/lib/findlib\"\nmkdir -p \"/tmp/ocamlot/ocamlot.work.2013-06-28.94/opam-install/system/bin\"\ntest 0 -eq 0 || cp topfind \"/home/avsm/src/git/avsm/worker/ocaml/4.01+macppc/lib/ocaml\"\nfiles=`../../tools/collect_files ../../Makefile.config findlib.cmi findlib.mli findlib.cma topfind.cmi topfind.mli fl_package_base.mli fl_package_base.cmi fl_metascanner.mli fl_metascanner.cmi fl_metatoken.cmi findlib_top.cma findlib.cmxa findlib.a META` && \\\ncp $files \"/tmp/ocamlot/ocamlot.work.2013-06-28.94/opam-install/system/lib/findlib\"\nf=\"ocamlfind\"; { test -f ocamlfind_opt && f=\"ocamlfind_opt\"; }; \\\ncp $f \"/tmp/ocamlot/ocamlot.work.2013-06-28.94/opam-install/system/bin/ocamlfind\"\n# the following \"if\" block is only needed for 4.00beta2\nif [ 1 -eq 0 -a -f \"/home/avsm/src/git/avsm/worker/ocaml/4.01+macppc/lib/ocaml/compiler-libs/topdirs.cmi\" ]; then \\\n    cd \"/home/avsm/src/git/avsm/worker/ocaml/4.01+macppc/lib/ocaml/compiler-libs/\"; \\\n    cp topdirs.cmi toploop.cmi \"/tmp/ocamlot/ocamlot.work.2013-06-28.94/opam-install/system/lib/findlib/\"; \\\nfi\ngmake[1]: Leaving directory `/tmp/ocamlot/ocamlot.work.2013-06-28.94/opam-install/system/build/ocamlfind.1.3.3/src/findlib'\ngmake install-meta\ngmake[1]: Entering directory `/tmp/ocamlot/ocamlot.work.2013-06-28.94/opam-install/system/build/ocamlfind.1.3.3'\nfor x in `ls site-lib-src`; do if [ \"$x\" != \"CVS\" -a -f \"site-lib-src/$x/META\" ]; then mkdir -p \"/tmp/ocamlot/ocamlot.work.2013-06-28.94/opam-install/system/lib/$x\"; cp site-lib-src/$x/META \"/tmp/ocamlot/ocamlot.work.2013-06-28.94/opam-install/system/lib/$x\"; fi; done\ngmake[1]: Leaving directory `/tmp/ocamlot/ocamlot.work.2013-06-28.94/opam-install/system/build/ocamlfind.1.3.3'\ncd src/findlib; gmake install-num-top\ngmake[1]: Entering directory `/tmp/ocamlot/ocamlot.work.2013-06-28.94/opam-install/system/build/ocamlfind.1.3.3/src/findlib'\nmkdir -p \"/tmp/ocamlot/ocamlot.work.2013-06-28.94/opam-install/system/lib/num-top\"\ncp num_top.cma num_top.cmi num_top_printers.cmi \\\n\t\"/tmp/ocamlot/ocamlot.work.2013-06-28.94/opam-install/system/lib/num-top\"\ngmake[1]: Leaving directory `/tmp/ocamlot/ocamlot.work.2013-06-28.94/opam-install/system/build/ocamlfind.1.3.3/src/findlib'\ngmake install-config\ngmake[1]: Entering directory `/tmp/ocamlot/ocamlot.work.2013-06-28.94/opam-install/system/build/ocamlfind.1.3.3'\nmkdir -p \"`dirname \\\"/tmp/ocamlot/ocamlot.work.2013-06-28.94/opam-install/system/lib/findlib.conf\\\"`\"\ntest -f \"/tmp/ocamlot/ocamlot.work.2013-06-28.94/opam-install/system/lib/findlib.conf\" || cp findlib.conf \"/tmp/ocamlot/ocamlot.work.2013-06-28.94/opam-install/system/lib/findlib.conf\"\ngmake[1]: Leaving directory `/tmp/ocamlot/ocamlot.work.2013-06-28.94/opam-install/system/build/ocamlfind.1.3.3'\ncp tools/safe_camlp4 \"/tmp/ocamlot/ocamlot.work.2013-06-28.94/opam-install/system/bin\"\ngmake install-doc\ngmake[1]: Entering directory `/tmp/ocamlot/ocamlot.work.2013-06-28.94/opam-install/system/build/ocamlfind.1.3.3'\nmkdir -p /tmp/ocamlot/ocamlot.work.2013-06-28.94/opam-install/system/man/man1 /tmp/ocamlot/ocamlot.work.2013-06-28.94/opam-install/system/man/man3 /tmp/ocamlot/ocamlot.work.2013-06-28.94/opam-install/system/man/man5\ncp doc/ref-man/ocamlfind.1 /tmp/ocamlot/ocamlot.work.2013-06-28.94/opam-install/system/man/man1\ncp doc/ref-man/META.5 doc/ref-man/site-lib.5 doc/ref-man/findlib.conf.5 /tmp/ocamlot/ocamlot.work.2013-06-28.94/opam-install/system/man/man5\ngmake[1]: Leaving directory `/tmp/ocamlot/ocamlot.work.2013-06-28.94/opam-install/system/build/ocamlfind.1.3.3'\nocamlfind: [WARNING] You are removing the package from /tmp/ocamlot/ocamlot.work.2013-06-28.94/opam-install/system/lib/dbm but the currently visible package is at /home/avsm/src/git/avsm/worker/ocaml/4.01+macppc/lib/ocaml; you may want to specify the -destdir option\nRemoved /tmp/ocamlot/ocamlot.work.2013-06-28.94/opam-install/system/lib/dbm\nInstalling ocamlfind.1.3.3.\n\n=-=-= Installing ocaml-buddy.0.6.1 =-=-=\nDownloading https://github.com/abate/ocaml-buddy/archive/0.6.1.tar.gz.\n  % Total    % Received % Xferd  Average Speed   Time    Time     Time  Current\n                                 Dload  Upload   Total   Spent    Left  Speed\n\r  0     0    0     0    0     0      0      0 --:--:-- --:--:-- --:--:--     0\r100   124  100   124    0     0    208      0 --:--:-- --:--:-- --:--:--   245\n\r  0     0    0     0    0     0      0      0 --:--:-- --:--:-- --:--:--     0\r  0     0    0     0    0     0      0      0 --:--:--  0:00:01 --:--:--     0\r  0     0    0 15079    0     0   5965      0 --:--:--  0:00:02 --:--:--  9513\n200\nCreating /tmp/ocamlot/ocamlot.work.2013-06-28.94/opam-install/repo/ocamlot/archives/ocaml-buddy.0.6.1+opam.tar.gz.\nExtracting /tmp/ocamlot/ocamlot.work.2013-06-28.94/opam-install/archives/ocaml-buddy.0.6.1+opam.tar.gz.\nBuilding ocaml-buddy.0.6.1:\n  gmake all\n  gmake opt\n  gmake install\nocamlbuild -classic-display -use-ocamlfind buddy.cma\nocamlfind ocamlopt -I /home/avsm/src/git/avsm/worker/ocaml/4.01+macppc/lib/ocaml/ocamlbuild unix.cmxa /home/avsm/src/git/avsm/worker/ocaml/4.01+macppc/lib/ocaml/ocamlbuild/ocamlbuildlib.cmxa myocamlbuild.ml /home/avsm/src/git/avsm/worker/ocaml/4.01+macppc/lib/ocaml/ocamlbuild/ocamlbuild.cmx -o myocamlbuild\nocamlfind ocamlc -cc gcc -ccopt -fPIC -c libbuddy_stubs.c\n+ ocamlfind ocamlc -cc gcc -ccopt -fPIC -c libbuddy_stubs.c\nlibbuddy_stubs.c:22:17: error: bdd.h: No such file or directory\nlibbuddy_stubs.c:88: error: expected declaration specifiers or '...' before 'BDD'\nlibbuddy_stubs.c: In function '_makebdd':\nlibbuddy_stubs.c:89: error: 'x' undeclared (first use in this function)\nlibbuddy_stubs.c:89: error: (Each undeclared identifier is reported only once\nlibbuddy_stubs.c:89: error: for each function it appears in.)\nlibbuddy_stubs.c:91: error: 'BDD' undeclared (first use in this function)\nlibbuddy_stubs.c:92: error: expected expression before ')' token\nlibbuddy_stubs.c: In function '_deletebdd':\nlibbuddy_stubs.c:96: error: 'BDD' undeclared (first use in this function)\nlibbuddy_stubs.c:96: error: expected ';' before 'x'\nlibbuddy_stubs.c:97: error: 'x' undeclared (first use in this function)\nlibbuddy_stubs.c: In function '_comparebdd':\nlibbuddy_stubs.c:101: error: 'BDD' undeclared (first use in this function)\nlibbuddy_stubs.c:101: error: expected ';' before 'p1'\nlibbuddy_stubs.c:102: error: expected ';' before 'p2'\nlibbuddy_stubs.c:103: error: 'p1' undeclared (first use in this function)\nlibbuddy_stubs.c:103: error: 'p2' undeclared (first use in this function)\nlibbuddy_stubs.c: In function '_hashbdd':\nlibbuddy_stubs.c:109: error: 'BDD' undeclared (first use in this function)\nlibbuddy_stubs.c:109: error: expected expression before ')' token\nlibbuddy_stubs.c: In function '_deletebddpair':\nlibbuddy_stubs.c:115: error: 'bddPair' undeclared (first use in this function)\nlibbuddy_stubs.c:115: error: 'x' undeclared (first use in this function)\nlibbuddy_stubs.c:115: error: expected expression before ')' token\nlibbuddy_stubs.c: In function 'wrapper_bdd_newpair':\nlibbuddy_stubs.c:192: error: 'bddPair' undeclared (first use in this function)\nlibbuddy_stubs.c:192: error: 'shifter' undeclared (first use in this function)\nlibbuddy_stubs.c:193: error: expected expression before ')' token\nlibbuddy_stubs.c:195: error: expected expression before ')' token\nlibbuddy_stubs.c: In function 'wrapper_bdd_fprinttable':\nlibbuddy_stubs.c:201: error: 'BDD' undeclared (first use in this function)\nlibbuddy_stubs.c:201: error: expected ';' before 'x'\nlibbuddy_stubs.c:203: error: 'x' undeclared (first use in this function)\nlibbuddy_stubs.c: In function 'wrapper_bdd_fprintset':\nlibbuddy_stubs.c:210: error: 'BDD' undeclared (first use in this function)\nlibbuddy_stubs.c:210: error: expected ';' before 'x'\nlibbuddy_stubs.c:212: error: 'x' undeclared (first use in this function)\nlibbuddy_stubs.c: In function 'wrapper_bdd_fprintdot':\nlibbuddy_stubs.c:219: error: 'BDD' undeclared (first use in this function)\nlibbuddy_stubs.c:219: error: expected ';' before 'x'\nlibbuddy_stubs.c:221: error: 'x' undeclared (first use in this function)\nlibbuddy_stubs.c: In function 'wrapper_bdd_save':\nlibbuddy_stubs.c:236: error: 'BDD' undeclared (first use in this function)\nlibbuddy_stubs.c:236: error: expected ';' before 'x'\nlibbuddy_stubs.c:238: error: 'x' undeclared (first use in this function)\nlibbuddy_stubs.c: In function 'wrapper_bdd_load':\nlibbuddy_stubs.c:248: error: 'BDD' undeclared (first use in this function)\nlibbuddy_stubs.c:248: error: expected ';' before 'x'\nlibbuddy_stubs.c:249: error: 'x' undeclared (first use in this function)\nlibbuddy_stubs.c:252: error: too many arguments to function '_makebdd'\nlibbuddy_stubs.c: In function 'wrapper_bdd_bigapply':\nlibbuddy_stubs.c:280: error: 'BDD' undeclared (first use in this function)\nlibbuddy_stubs.c:280: error: expected ';' before 'x'\nlibbuddy_stubs.c:284: error: expected ';' before 'bdd'\nlibbuddy_stubs.c:287: error: 'x' undeclared (first use in this function)\nlibbuddy_stubs.c:287: error: expected expression before ')' token\nlibbuddy_stubs.c:288: error: 'bdd' undeclared (first use in this function)\nlibbuddy_stubs.c:291: error: too many arguments to function '_makebdd'\nlibbuddy_stubs.c: In function 'wrapper_bdd_makeset':\nlibbuddy_stubs.c:299: error: 'BDD' undeclared (first use in this function)\nlibbuddy_stubs.c:299: error: expected ';' before 'bdd'\nlibbuddy_stubs.c:310: error: 'bdd' undeclared (first use in this function)\nlibbuddy_stubs.c:311: error: too many arguments to function '_makebdd'\nlibbuddy_stubs.c: In function 'wrapper_bdd_allsat':\nlibbuddy_stubs.c:318: error: 'BDD' undeclared (first use in this function)\nlibbuddy_stubs.c:318: error: expected ';' before 'bdd'\nlibbuddy_stubs.c: In function 'handler':\nlibbuddy_stubs.c:331: warning: case label value is less than minimum value for type\nlibbuddy_stubs.c:334: warning: comparison is always true due to limited range of data type\nlibbuddy_stubs.c: In function 'wrapper_bdd_allsat':\nlibbuddy_stubs.c:341: error: 'bdd' undeclared (first use in this function)\nlibbuddy_stubs.c: In function 'wrapper_bdd_createset':\nlibbuddy_stubs.c:354: error: 'BDD' undeclared (first use in this function)\nlibbuddy_stubs.c:354: error: expected ';' before 'd'\nlibbuddy_stubs.c:355: error: 'd' undeclared (first use in this function)\nlibbuddy_stubs.c:362: error: 'e' undeclared (first use in this function)\nlibbuddy_stubs.c:368: error: too many arguments to function '_makebdd'\nlibbuddy_stubs.c: In function 'wrapper_bdd_true':\nlibbuddy_stubs.c:460: error: too many arguments to function '_makebdd'\nlibbuddy_stubs.c: In function 'wrapper_bdd_false':\nlibbuddy_stubs.c:461: error: too many arguments to function '_makebdd'\nlibbuddy_stubs.c: In function 'wrapper_bdd_ithvar':\nlibbuddy_stubs.c:462: error: too many arguments to function '_makebdd'\nlibbuddy_stubs.c: In function 'wrapper_bdd_nithvar':\nlibbuddy_stubs.c:463: error: too many arguments to function '_makebdd'\nlibbuddy_stubs.c: In function 'wrapper_bdd_not':\nlibbuddy_stubs.c:464: error: 'BDD' undeclared (first use in this function)\nlibbuddy_stubs.c:464: error: expected ';' before 'x'\nlibbuddy_stubs.c:464: error: 'x' undeclared (first use in this function)\nlibbuddy_stubs.c:464: error: too many arguments to function '_makebdd'\nlibbuddy_stubs.c: In function 'wrapper_bdd_and':\nlibbuddy_stubs.c:465: error: 'BDD' undeclared (first use in this function)\nlibbuddy_stubs.c:465: error: expected ';' before 'x'\nlibbuddy_stubs.c:465: error: expected ';' before 'y'\nlibbuddy_stubs.c:465: error: 'x' undeclared (first use in this function)\nlibbuddy_stubs.c:465: error: 'y' undeclared (first use in this function)\nlibbuddy_stubs.c:465: error: too many arguments to function '_makebdd'\nlibbuddy_stubs.c: In function 'wrapper_bdd_or':\nlibbuddy_stubs.c:466: error: 'BDD' undeclared (first use in this function)\nlibbuddy_stubs.c:466: error: expected ';' before 'x'\nlibbuddy_stubs.c:466: error: expected ';' before 'y'\nlibbuddy_stubs.c:466: error: 'x' undeclared (first use in this function)\nlibbuddy_stubs.c:466: error: 'y' undeclared (first use in this function)\nlibbuddy_stubs.c:466: error: too many arguments to function '_makebdd'\nlibbuddy_stubs.c: In function 'wrapper_bdd_xor':\nlibbuddy_stubs.c:467: error: 'BDD' undeclared (first use in this function)\nlibbuddy_stubs.c:467: error: expected ';' before 'x'\nlibbuddy_stubs.c:467: error: expected ';' before 'y'\nlibbuddy_stubs.c:467: error: 'x' undeclared (first use in this function)\nlibbuddy_stubs.c:467: error: 'y' undeclared (first use in this function)\nlibbuddy_stubs.c:467: error: too many arguments to function '_makebdd'\nlibbuddy_stubs.c: In function 'wrapper_bdd_imp':\nlibbuddy_stubs.c:468: error: 'BDD' undeclared (first use in this function)\nlibbuddy_stubs.c:468: error: expected ';' before 'x'\nlibbuddy_stubs.c:468: error: expected ';' before 'y'\nlibbuddy_stubs.c:468: error: 'x' undeclared (first use in this function)\nlibbuddy_stubs.c:468: error: 'y' undeclared (first use in this function)\nlibbuddy_stubs.c:468: error: too many arguments to function '_makebdd'\nlibbuddy_stubs.c: In function 'wrapper_bdd_biimp':\nlibbuddy_stubs.c:469: error: 'BDD' undeclared (first use in this function)\nlibbuddy_stubs.c:469: error: expected ';' before 'x'\nlibbuddy_stubs.c:469: error: expected ';' before 'y'\nlibbuddy_stubs.c:469: error: 'x' undeclared (first use in this function)\nlibbuddy_stubs.c:469: error: 'y' undeclared (first use in this function)\nlibbuddy_stubs.c:469: error: too many arguments to function '_makebdd'\nlibbuddy_stubs.c: In function 'wrapper_bdd_ite':\nlibbuddy_stubs.c:470: error: 'BDD' undeclared (first use in this function)\nlibbuddy_stubs.c:470: error: expected ';' before 'x'\nlibbuddy_stubs.c:470: error: expected ';' before 'y'\nlibbuddy_stubs.c:470: error: expected ';' before 'z'\nlibbuddy_stubs.c:470: error: 'x' undeclared (first use in this function)\nlibbuddy_stubs.c:470: error: 'y' undeclared (first use in this function)\nlibbuddy_stubs.c:470: error: 'z' undeclared (first use in this function)\nlibbuddy_stubs.c:470: error: too many arguments to function '_makebdd'\nlibbuddy_stubs.c: In function 'wrapper_bdd_appex':\nlibbuddy_stubs.c:471: error: 'BDD' undeclared (first use in this function)\nlibbuddy_stubs.c:471: error: expected ';' before 'x'\nlibbuddy_stubs.c:471: error: expected ';' before 'y'\nlibbuddy_stubs.c:471: error: expected ';' before 'w'\nlibbuddy_stubs.c:471: error: 'x' undeclared (first use in this function)\nlibbuddy_stubs.c:471: error: 'y' undeclared (first use in this function)\nlibbuddy_stubs.c:471: error: 'w' undeclared (first use in this function)\nlibbuddy_stubs.c:471: error: too many arguments to function '_makebdd'\nlibbuddy_stubs.c: In function 'wrapper_bdd_satone':\nlibbuddy_stubs.c:472: error: 'BDD' undeclared (first use in this function)\nlibbuddy_stubs.c:472: error: expected ';' before 'x'\nlibbuddy_stubs.c:472: error: 'x' undeclared (first use in this function)\nlibbuddy_stubs.c:472: error: too many arguments to function '_makebdd'\nlibbuddy_stubs.c: In function 'wrapper_bdd_satoneset':\nlibbuddy_stubs.c:473: error: 'BDD' undeclared (first use in this function)\nlibbuddy_stubs.c:473: error: expected ';' before 'x'\nlibbuddy_stubs.c:473: error: expected ';' before 'y'\nlibbuddy_stubs.c:473: error: expected ';' before 'z'\nlibbuddy_stubs.c:473: error: 'x' undeclared (first use in this function)\nlibbuddy_stubs.c:473: error: 'y' undeclared (first use in this function)\nlibbuddy_stubs.c:473: error: 'z' undeclared (first use in this function)\nlibbuddy_stubs.c:473: error: too many arguments to function '_makebdd'\nlibbuddy_stubs.c: In function 'wrapper_bdd_restrict':\nlibbuddy_stubs.c:474: error: 'BDD' undeclared (first use in this function)\nlibbuddy_stubs.c:474: error: expected ';' before 'x'\nlibbuddy_stubs.c:474: error: expected ';' before 'y'\nlibbuddy_stubs.c:474: error: 'x' undeclared (first use in this function)\nlibbuddy_stubs.c:474: error: 'y' undeclared (first use in this function)\nlibbuddy_stubs.c:474: error: too many arguments to function '_makebdd'\nlibbuddy_stubs.c: In function 'wrapper_bdd_simplify':\nlibbuddy_stubs.c:475: error: 'BDD' undeclared (first use in this function)\nlibbuddy_stubs.c:475: error: expected ';' before 'x'\nlibbuddy_stubs.c:475: error: expected ';' before 'y'\nlibbuddy_stubs.c:475: error: 'x' undeclared (first use in this function)\nlibbuddy_stubs.c:475: error: 'y' undeclared (first use in this function)\nlibbuddy_stubs.c:475: error: too many arguments to function '_makebdd'\nlibbuddy_stubs.c: In function 'wrapper_bdd_var':\nlibbuddy_stubs.c:476: error: 'BDD' undeclared (first use in this function)\nlibbuddy_stubs.c:476: error: expected ';' before 'x'\nlibbuddy_stubs.c:476: error: 'x' undeclared (first use in this function)\nlibbuddy_stubs.c: In function 'wrapper_bdd_high':\nlibbuddy_stubs.c:477: error: 'BDD' undeclared (first use in this function)\nlibbuddy_stubs.c:477: error: expected ';' before 'x'\nlibbuddy_stubs.c:477: error: 'x' undeclared (first use in this function)\nlibbuddy_stubs.c:477: error: too many arguments to function '_makebdd'\nlibbuddy_stubs.c: In function 'wrapper_bdd_low':\nlibbuddy_stubs.c:478: error: 'BDD' undeclared (first use in this function)\nlibbuddy_stubs.c:478: error: expected ';' before 'x'\nlibbuddy_stubs.c:478: error: 'x' undeclared (first use in this function)\nlibbuddy_stubs.c:478: error: too many arguments to function '_makebdd'\nlibbuddy_stubs.c: In function 'wrapper_bdd_support':\nlibbuddy_stubs.c:479: error: 'BDD' undeclared (first use in this function)\nlibbuddy_stubs.c:479: error: expected ';' before 'x'\nlibbuddy_stubs.c:479: error: 'x' undeclared (first use in this function)\nlibbuddy_stubs.c:479: error: too many arguments to function '_makebdd'\nlibbuddy_stubs.c: In function 'wrapper_bdd_nodecount':\nlibbuddy_stubs.c:480: error: 'BDD' undeclared (first use in this function)\nlibbuddy_stubs.c:480: error: expected ';' before 'x'\nlibbuddy_stubs.c:480: error: 'x' undeclared (first use in this function)\nlibbuddy_stubs.c: In function 'wrapper_bdd_satcount':\nlibbuddy_stubs.c:481: error: 'BDD' undeclared (first use in this function)\nlibbuddy_stubs.c:481: error: expected ';' before 'x'\nlibbuddy_stubs.c:481: error: 'x' undeclared (first use in this function)\nlibbuddy_stubs.c: In function 'wrapper_bdd_satcountln':\nlibbuddy_stubs.c:482: error: 'BDD' undeclared (first use in this function)\nlibbuddy_stubs.c:482: error: expected ';' before 'x'\nlibbuddy_stubs.c:482: error: 'x' undeclared (first use in this function)\nlibbuddy_stubs.c: In function 'wrapper_bdd_setpair':\nlibbuddy_stubs.c:483: error: 'bddPair' undeclared (first use in this function)\nlibbuddy_stubs.c:483: error: 'x' undeclared (first use in this function)\nlibbuddy_stubs.c:483: error: expected expression before ')' token\nlibbuddy_stubs.c: In function 'wrapper_bdd_replace':\nlibbuddy_stubs.c:484: error: 'BDD' undeclared (first use in this function)\nlibbuddy_stubs.c:484: error: expected ';' before 'x'\nlibbuddy_stubs.c:484: error: 'bddPair' undeclared (first use in this function)\nlibbuddy_stubs.c:484: error: 'y' undeclared (first use in this function)\nlibbuddy_stubs.c:484: error: expected expression before ')' token\nlibbuddy_stubs.c:484: error: 'x' undeclared (first use in this function)\nlibbuddy_stubs.c:484: error: too many arguments to function '_makebdd'\nlibbuddy_stubs.c: In function 'wrapper_bdd_compose':\nlibbuddy_stubs.c:485: error: 'BDD' undeclared (first use in this function)\nlibbuddy_stubs.c:485: error: expected ';' before 'x'\nlibbuddy_stubs.c:485: error: expected ';' before 'y'\nlibbuddy_stubs.c:485: error: expected ';' before 'z'\nlibbuddy_stubs.c:485: error: 'x' undeclared (first use in this function)\nlibbuddy_stubs.c:485: error: 'y' undeclared (first use in this function)\nlibbuddy_stubs.c:485: error: 'z' undeclared (first use in this function)\nlibbuddy_stubs.c:485: error: too many arguments to function '_makebdd'\nlibbuddy_stubs.c: In function 'wrapper_bdd_addvarblock':\nlibbuddy_stubs.c:487: error: 'BDD' undeclared (first use in this function)\nlibbuddy_stubs.c:487: error: expected ';' before 'x'\nlibbuddy_stubs.c:487: error: 'x' undeclared (first use in this function)\nCommand exited with code 2.\n+ ocamlfind ocamlopt -I /home/avsm/src/git/avsm/worker/ocaml/4.01+macppc/lib/ocaml/ocamlbuild unix.cmxa /home/avsm/src/git/avsm/worker/ocaml/4.01+macppc/lib/ocaml/ocamlbuild/ocamlbuildlib.cmxa myocamlbuild.ml /home/avsm/src/git/avsm/worker/ocaml/4.01+macppc/lib/ocaml/ocamlbuild/ocamlbuild.cmx -o myocamlbuild\n/home/avsm/src/git/avsm/worker/ocaml/4.01+macppc/lib/ocaml/libunix.a(getaddrinfo.o)(.text+0x10c): In function `unix_getaddrinfo':\n: warning: strcpy() is almost always misused, please use strlcpy()\n/home/avsm/src/git/avsm/worker/ocaml/4.01+macppc/lib/ocaml/libasmrun.a(unix.o)(.text+0x33c): In function `caml_search_in_path':\n: warning: strcat() is almost always misused, please use strlcat()\n/home/avsm/src/git/avsm/worker/ocaml/4.01+macppc/lib/ocaml/libasmrun.a(ints.o)(.text+0x93c): In function `caml_nativeint_format':\n: warning: sprintf() is often misused, please use snprintf()\ngmake: *** [_build/buddy.cma] Error 10\nUninstalling ocaml-buddy.0.6.1:\n  gmake uninstall\nocamlfind remove buddy\nocamlfind: [WARNING] No such directory: /tmp/ocamlot/ocamlot.work.2013-06-28.94/opam-install/system/lib/buddy\n\n")(r_stderr"The compilation of ocaml-buddy.0.6.1 failed.\n\n==== ERROR [while installing ocaml-buddy.0.6.1] ====\n# opam-version    1.0.1 (df84b0565f0709578c581c1dea82246688d2804f)\n# os              openbsd\n# command         gmake all\n# path            /tmp/ocamlot/ocamlot.work.2013-06-28.94/opam-install/system/build/ocaml-buddy.0.6.1\n# compiler        system (4.01.0)\n# exit-code       2\n# env-file        /tmp/ocamlot/ocamlot.work.2013-06-28.94/opam-install/system/build/ocaml-buddy.0.6.1/ocaml-buddy-30241-2dea01.env\n# stdout-file     /tmp/ocamlot/ocamlot.work.2013-06-28.94/opam-install/system/build/ocaml-buddy.0.6.1/ocaml-buddy-30241-2dea01.out\n# stderr-file     /tmp/ocamlot/ocamlot.work.2013-06-28.94/opam-install/system/build/ocaml-buddy.0.6.1/ocaml-buddy-30241-2dea01.err\n### stdout ###\n...[truncated]\nlibbuddy_stubs.c:487: error: expected ';' before 'x'\nlibbuddy_stubs.c:487: error: 'x' undeclared (first use in this function)\nCommand exited with code 2.\n+ ocamlfind ocamlopt -I /home/avsm/src/git/avsm/worker/ocaml/4.01+macppc/lib/ocaml/ocamlbuild unix.cmxa /home/avsm/src/git/avsm/worker/ocaml/4.01+macppc/lib/ocaml/ocamlbuild/ocamlbuildlib.cmxa myocamlbuild.ml /home/avsm/src/git/avsm/worker/ocaml/4.01+macppc/lib/ocaml/ocamlbuild/ocamlbuild.cmx -o myocamlbuild\n/home/avsm/src/git/avsm/worker/ocaml/4.01+macppc/lib/ocaml/libunix.a(getaddrinfo.o)(.text+0x10c): In function `unix_getaddrinfo':\n: warning: strcpy() is almost always misused, please use strlcpy()\n/home/avsm/src/git/avsm/worker/ocaml/4.01+macppc/lib/ocaml/libasmrun.a(unix.o)(.text+0x33c): In function `caml_search_in_path':\n: warning: strcat() is almost always misused, please use strlcat()\n/home/avsm/src/git/avsm/worker/ocaml/4.01+macppc/lib/ocaml/libasmrun.a(ints.o)(.text+0x93c): In function `caml_nativeint_format':\n: warning: sprintf() is often misused, please use snprintf()\n### stderr ###\ngmake: *** [_build/buddy.cma] Error 10\n\n'opam install --verbose --yes ocaml-buddy.0.6.1' failed.\n")))))(duration 598.59102892875671387)(info"Compiler: 4.01.0+dev18-2013-06-13\nOPAM: df84b0565f0709578c581c1dea82246688d2804f\nOCAMLRUNPARAM = b\nHOME = /tmp/ocamlot/ocamlot.work.2013-06-28.94\nPATH = /tmp/ocamlot/ocamlot.work.2013-06-28.94/opam-install/system/bin:/tmp/ocamlot/ocamlot.work.2013-06-28.94:/home/avsm/src/git/avsm/worker/ocaml/4.01+macppc/bin:/home/avsm/.opam/system/bin:/home/avsm/bin:/bin:/sbin:/usr/bin:/usr/sbin:/usr/X11R6/bin:/usr/local/bin:/usr/local/sbin:/usr/games:.\nMANPATH = /tmp/ocamlot/ocamlot.work.2013-06-28.94/opam-install/system/man:\nOCAML_TOPLEVEL_PATH = /tmp/ocamlot/ocamlot.work.2013-06-28.94/opam-install/system/lib/toplevel\nOPAMROOT = /tmp/ocamlot/ocamlot.work.2013-06-28.94/opam-install\nCAML_LD_LIBRARY_PATH = /tmp/ocamlot/ocamlot.work.2013-06-28.94/opam-install/system/lib/stublibs:/home/avsm/src/git/avsm/worker/ocaml/4.01+macppc/lib/ocaml/stublibs\n"))))(1372448705.0230600834(Checked_in 5))(1372448681.0033841133(Checked_in 5))(1372448656.9814898968(Checked_in 5))(1372448632.2527060509(Checked_in 5))(1372448608.1547119617(Checked_in 5))(1372448584.1314630508(Checked_in 5))(1372448560.1006379128(Checked_in 5))(1372448536.0829029083(Checked_in 5))(1372448512.0569190979(Checked_in 5))(1372448488.0029089451(Checked_in 5))(1372448463.9514160156(Checked_in 5))(1372448439.9077000618(Checked_in 5))(1372448415.814704895(Checked_in 5))(1372448391.7596850395(Checked_in 5))(1372448367.7446269989(Checked_in 5))(1372448343.6539490223(Checked_in 5))(1372448319.637403965(Checked_in 5))(1372448295.5320279598(Checked_in 5))(1372448271.5115659237(Checked_in 5))(1372448247.4033250809(Checked_in 5))(1372448223.3611650467(Checked_in 5))(1372448199.2044129372(Checked_in 5))(1372448175.1794190407(Checked_in 5))(1372448150.7654480934(Checked_in 5))(1372448126.7436089516(Checked_in 5))(1372448102.1674129963(Started 5))(1372431758.3017599583(Advertized((os OpenBSD)(arch Powerpc))))))(host((os OpenBSD)(arch Powerpc)))(job(Opam((diff(((repo((url"")(repo_url(URL git://github.com/OCamlPro/opam-repository.git))))(label OCamlPro/opam-repository:master)(reference(Ref master)))))(packages(ocaml-buddy.0.6.1))(target((host((os OpenBSD)(arch Powerpc)))(compiler((c_version 4.01.0)(c_build"")))))(action Build)))))