((href https://github.com/OCamlPro/opam-repository/blob/master/packages/srs.1.0.0/opam)(log((1372219572.5190739632(Completed 26((status(Failed((Header_dep_ext srs2))(Process(Exited 4)((r_cmd opam)(r_args(install --verbose --yes srs.1.0.0))(r_env(OCAMLRUNPARAM=b HOME=/var/folders/f9/vtsr2sv53wn9h3fblk38vwdh0000gn/T/ocamlot/ocamlot.work.2013-06-26.138 PATH=/private/var/folders/f9/vtsr2sv53wn9h3fblk38vwdh0000gn/T/ocamlot/ocamlot.work.2013-06-26.138/opam-install/system/bin:/var/folders/f9/vtsr2sv53wn9h3fblk38vwdh0000gn/T/ocamlot/ocamlot.work.2013-06-26.138:/Users/avsm/ocamlot/worker/ocaml/4.01/bin:/usr/bin:/bin:/usr/sbin:/sbin:/usr/local/bin MANPATH=/private/var/folders/f9/vtsr2sv53wn9h3fblk38vwdh0000gn/T/ocamlot/ocamlot.work.2013-06-26.138/opam-install/system/man: OCAML_TOPLEVEL_PATH=/private/var/folders/f9/vtsr2sv53wn9h3fblk38vwdh0000gn/T/ocamlot/ocamlot.work.2013-06-26.138/opam-install/system/lib/toplevel OPAMROOT=/private/var/folders/f9/vtsr2sv53wn9h3fblk38vwdh0000gn/T/ocamlot/ocamlot.work.2013-06-26.138/opam-install CAML_LD_LIBRARY_PATH=/private/var/folders/f9/vtsr2sv53wn9h3fblk38vwdh0000gn/T/ocamlot/ocamlot.work.2013-06-26.138/opam-install/system/lib/stublibs:/Users/avsm/ocamlot/worker/ocaml/4.01/lib/ocaml/stublibs))(r_cwd /var/folders/f9/vtsr2sv53wn9h3fblk38vwdh0000gn/T/ocamlot/ocamlot.work.2013-06-26.138)(r_duration 38.552598953247070312)(r_stdout"The following actions will be performed:\n - install ocamlfind.1.3.3 [required by srs]\n - install srs.1.0.0\n2 to install | 0 to reinstall | 0 to upgrade | 0 to downgrade | 0 to remove\n\n=-=-= Installing ocamlfind.1.3.3 =-=-=\nDownloading http://download.camlcity.org/download/findlib-1.3.3.tar.gz.\n  % Total    % Received % Xferd  Average Speed   Time    Time     Time  Current\n                                 Dload  Upload   Total   Spent    Left  Speed\n\r  0     0    0     0    0     0      0      0 --:--:-- --:--:-- --:--:--     0\r100  225k  100  225k    0     0  1137k      0 --:--:-- --:--:-- --:--:-- 1306k\n200\nCopying ocamlfind.install.\nCreating /private/var/folders/f9/vtsr2sv53wn9h3fblk38vwdh0000gn/T/ocamlot/ocamlot.work.2013-06-26.138/opam-install/repo/ocamlot/archives/ocamlfind.1.3.3+opam.tar.gz.\nExtracting /private/var/folders/f9/vtsr2sv53wn9h3fblk38vwdh0000gn/T/ocamlot/ocamlot.work.2013-06-26.138/opam-install/archives/ocamlfind.1.3.3+opam.tar.gz.\nBuilding ocamlfind.1.3.3:\n  ./configure -bindir /private/var/folders/f9/vtsr2sv53wn9h3fblk38vwdh0000gn/T/ocamlot/ocamlot.work.2013-06-26.138/opam-install/system/bin -sitelib /private/var/folders/f9/vtsr2sv53wn9h3fblk38vwdh0000gn/T/ocamlot/ocamlot.work.2013-06-26.138/opam-install/system/lib -mandir /private/var/folders/f9/vtsr2sv53wn9h3fblk38vwdh0000gn/T/ocamlot/ocamlot.work.2013-06-26.138/opam-install/system/man -config /private/var/folders/f9/vtsr2sv53wn9h3fblk38vwdh0000gn/T/ocamlot/ocamlot.work.2013-06-26.138/opam-install/system/lib/findlib.conf -no-topfind\n  make all\n  make opt\n  make install\n  ocamlfind remove dbm\nWelcome to findlib version 1.3.3\nConfiguring core...\nChecking for #remove_directory...\nTesting threading model...\nsysthread_supported: true\nTesting DLLs...\nConfiguring libraries...\nnative dynlink: found\nlabltk: not present\nocamlbuild: found\ncamlp4: using camlp4, style 310\ncompiler-libs: found\nConfiguration for dbm written to site-lib-src/dbm/META\nConfiguration for dynlink written to site-lib-src/dynlink/META\nConfiguration for graphics written to site-lib-src/graphics/META\nConfiguration for num written to site-lib-src/num/META\nConfiguration for num-top written to site-lib-src/num-top/META\nConfiguration for str written to site-lib-src/str/META\nConfiguration for threads written to site-lib-src/threads/META\nConfiguration for unix written to site-lib-src/unix/META\nConfiguration for stdlib written to site-lib-src/stdlib/META\nConfiguration for bigarray written to site-lib-src/bigarray/META\nConfiguration for camlp4 written to site-lib-src/camlp4/META\nConfiguration for ocamlbuild written to site-lib-src/ocamlbuild/META\nConfiguration for compiler-libs written to site-lib-src/compiler-libs/META\nDetecting compiler arguments: (extractor built) ok\n\nAbout the OCAML core installation:\n    Standard library:      /Users/avsm/ocamlot/worker/ocaml/4.01/lib/ocaml\n    Binaries:              /Users/avsm/ocamlot/worker/ocaml/4.01/bin\n    Manual pages:          /Users/avsm/ocamlot/worker/ocaml/4.01/man\n    Multi-threading type:  posix\nThe directory of site-specific packages will be\n    site-lib:              /private/var/folders/f9/vtsr2sv53wn9h3fblk38vwdh0000gn/T/ocamlot/ocamlot.work.2013-06-26.138/opam-install/system/lib\nThe configuration file is written to:\n    findlib config file:   /private/var/folders/f9/vtsr2sv53wn9h3fblk38vwdh0000gn/T/ocamlot/ocamlot.work.2013-06-26.138/opam-install/system/lib/findlib.conf\nSoftware will be installed:\n    Libraries:             in <site-lib>/findlib\n    Binaries:              /private/var/folders/f9/vtsr2sv53wn9h3fblk38vwdh0000gn/T/ocamlot/ocamlot.work.2013-06-26.138/opam-install/system/bin\n    Manual pages:          /private/var/folders/f9/vtsr2sv53wn9h3fblk38vwdh0000gn/T/ocamlot/ocamlot.work.2013-06-26.138/opam-install/system/man\n    topfind script:        omitted\nToolbox:                   no\n\nConfiguration has been written to Makefile.config\n\nYou can now do 'make all', and optionally 'make opt', to build ocamlfind.\nfor p in findlib; do ( cd src/$p; make all ); done\nMakefile:142: depend: No such file or directory\nocamllex fl_meta.mll\n22 states, 392 transitions, table size 1700 bytes\ncamlp4 pa_o.cmo pa_op.cmo pr_o.cmo -- -impl fl_metascanner.src -o fl_metascanner.ml\nocamldep *.ml *.mli >depend\nUSE_CYGPATH=\"0\"; \\\n\texport USE_CYGPATH; \\\n\tcat findlib_config.mlp | \\\n\t\t../../tools/patch '@CONFIGFILE@' '/private/var/folders/f9/vtsr2sv53wn9h3fblk38vwdh0000gn/T/ocamlot/ocamlot.work.2013-06-26.138/opam-install/system/lib/findlib.conf' | \\\n\t\t../../tools/patch '@STDLIB@' '/Users/avsm/ocamlot/worker/ocaml/4.01/lib/ocaml' | \\\n\t\tsed -e 's;@AUTOLINK@;true;g' \\\n\t\t    -e 's;@SYSTEM@;macosx;g' \\\n\t\t     >findlib_config.ml\nocamlc -I +compiler-libs -g -c findlib_config.ml\nocamlc -I +compiler-libs -g -c fl_split.ml\nocamlc -I +compiler-libs -g -c fl_metatoken.ml\nocamlc -I +compiler-libs -g -c fl_meta.ml\nocamlc -I +compiler-libs -c fl_metascanner.mli\nocamlc -I +compiler-libs -g -c fl_metascanner.ml\nocamlc -I +compiler-libs -c fl_topo.mli\nocamlc -I +compiler-libs -g -c fl_topo.ml\nFile \"fl_topo.ml\", line 283, characters 10-22:\nWarning 26: unused variable in_direction.\nFile \"fl_topo.ml\", line 219, characters 36-37:\nWarning 3: deprecated feature: operator (&); you should use (&&) instead\nocamlc -I +compiler-libs -c fl_package_base.mli\nocamlc -I +compiler-libs -g -c fl_package_base.ml\nocamlc -I +compiler-libs -c findlib.mli\nocamlc -I +compiler-libs -g -c findlib.ml\nocamlc -I +compiler-libs -g -c fl_args.ml\nocamlc -I +compiler-libs -a -o findlib.cma findlib_config.cmo fl_split.cmo fl_metatoken.cmo fl_meta.cmo fl_metascanner.cmo fl_topo.cmo fl_package_base.cmo findlib.cmo fl_args.cmo\nocamlc -I +compiler-libs -g -c ocaml_args.ml\nocamlc -I +compiler-libs -g -c frontend.ml\nocamlc -I +compiler-libs -custom -o ocamlfind -g findlib.cma unix.cma \\\n\t           ocaml_args.cmo frontend.cmo\nocamlc -I +compiler-libs -c topfind.mli\nocamlc -I +compiler-libs -g -c topfind.ml\nFile \"topfind.ml\", line 53, characters 10-19:\nWarning 26: unused variable stdlibdir.\nFile \"topfind.ml\", line 97, characters 11-12:\nWarning 26: unused variable d.\nocamlc -I +compiler-libs -a -o findlib_top.cma topfind.cmo\nUSE_CYGPATH=\"0\"; \\\n\texport USE_CYGPATH; \\\n\tcat topfind_rd1.p | \\\n\t\t../../tools/patch '@SITELIB@' '/private/var/folders/f9/vtsr2sv53wn9h3fblk38vwdh0000gn/T/ocamlot/ocamlot.work.2013-06-26.138/opam-install/system/lib' \\\n\t    \t    >topfind\nocamlc -I +compiler-libs -c num_top_printers.mli\nocamlc -I +compiler-libs -g -c num_top_printers.ml\nocamlc -I +compiler-libs -c num_top.mli\nocamlc -I +compiler-libs -g -c num_top.ml\nocamlc -I +compiler-libs -a -o num_top.cma num_top_printers.cmo num_top.cmo\nmake all-config\nUSE_CYGPATH=\"0\"; \\\n\texport USE_CYGPATH; \\\n\tcat findlib.conf.in | \\\n\t\ttools/patch '@SITELIB@' '/private/var/folders/f9/vtsr2sv53wn9h3fblk38vwdh0000gn/T/ocamlot/ocamlot.work.2013-06-26.138/opam-install/system/lib' >findlib.conf\nif ocamlc.opt >/dev/null 2>&1; then \\\n\t\techo 'ocamlc=\"ocamlc.opt\"' >>findlib.conf; \\\n\tfi\nif ocamlopt.opt >/dev/null 2>&1; then \\\n\t\techo 'ocamlopt=\"ocamlopt.opt\"' >>findlib.conf; \\\n\tfi\nif ocamldep.opt >/dev/null 2>&1; then \\\n\t\techo 'ocamldep=\"ocamldep.opt\"' >>findlib.conf; \\\n\tfi\nfor p in findlib; do ( cd src/$p; make opt ); done\nocamlopt -I +compiler-libs -c findlib_config.ml\nocamlopt -I +compiler-libs -c fl_split.ml\nocamlopt -I +compiler-libs -c fl_metatoken.ml\nocamlopt -I +compiler-libs -c fl_meta.ml\nocamlopt -I +compiler-libs -c fl_metascanner.ml\nocamlopt -I +compiler-libs -c fl_topo.ml\nFile \"fl_topo.ml\", line 283, characters 10-22:\nWarning 26: unused variable in_direction.\nFile \"fl_topo.ml\", line 219, characters 36-37:\nWarning 3: deprecated feature: operator (&); you should use (&&) instead\nocamlopt -I +compiler-libs -c fl_package_base.ml\nocamlopt -I +compiler-libs -c findlib.ml\nocamlopt -I +compiler-libs -c fl_args.ml\nocamlopt -I +compiler-libs -a -o findlib.cmxa findlib_config.cmx fl_split.cmx fl_metatoken.cmx fl_meta.cmx fl_metascanner.cmx fl_topo.cmx fl_package_base.cmx findlib.cmx fl_args.cmx\nocamlopt -I +compiler-libs -c ocaml_args.ml\nocamlopt -I +compiler-libs -c frontend.ml\nocamlopt -I +compiler-libs -o ocamlfind_opt findlib.cmxa unix.cmxa \\\n\t\t   ocaml_args.cmx frontend.cmx\nmkdir -p \"/private/var/folders/f9/vtsr2sv53wn9h3fblk38vwdh0000gn/T/ocamlot/ocamlot.work.2013-06-26.138/opam-install/system/bin\"\nmkdir -p \"/private/var/folders/f9/vtsr2sv53wn9h3fblk38vwdh0000gn/T/ocamlot/ocamlot.work.2013-06-26.138/opam-install/system/man\"\nfor p in findlib; do ( cd src/$p; make install ); done\nmkdir -p \"/private/var/folders/f9/vtsr2sv53wn9h3fblk38vwdh0000gn/T/ocamlot/ocamlot.work.2013-06-26.138/opam-install/system/lib/findlib\"\nmkdir -p \"/private/var/folders/f9/vtsr2sv53wn9h3fblk38vwdh0000gn/T/ocamlot/ocamlot.work.2013-06-26.138/opam-install/system/bin\"\ntest 0 -eq 0 || cp topfind \"/Users/avsm/ocamlot/worker/ocaml/4.01/lib/ocaml\"\nfiles=`../../tools/collect_files ../../Makefile.config findlib.cmi findlib.mli findlib.cma topfind.cmi topfind.mli fl_package_base.mli fl_package_base.cmi fl_metascanner.mli fl_metascanner.cmi fl_metatoken.cmi findlib_top.cma findlib.cmxa findlib.a META` && \\\n\tcp $files \"/private/var/folders/f9/vtsr2sv53wn9h3fblk38vwdh0000gn/T/ocamlot/ocamlot.work.2013-06-26.138/opam-install/system/lib/findlib\"\nf=\"ocamlfind\"; { test -f ocamlfind_opt && f=\"ocamlfind_opt\"; }; \\\n\tcp $f \"/private/var/folders/f9/vtsr2sv53wn9h3fblk38vwdh0000gn/T/ocamlot/ocamlot.work.2013-06-26.138/opam-install/system/bin/ocamlfind\"\n# the following \"if\" block is only needed for 4.00beta2\nif [ 1 -eq 0 -a -f \"/Users/avsm/ocamlot/worker/ocaml/4.01/lib/ocaml/compiler-libs/topdirs.cmi\" ]; then \\\n\t    cd \"/Users/avsm/ocamlot/worker/ocaml/4.01/lib/ocaml/compiler-libs/\"; \\\n\t    cp topdirs.cmi toploop.cmi \"/private/var/folders/f9/vtsr2sv53wn9h3fblk38vwdh0000gn/T/ocamlot/ocamlot.work.2013-06-26.138/opam-install/system/lib/findlib/\"; \\\n\tfi\nmake install-meta\nfor x in `ls site-lib-src`; do if [ \"$x\" != \"CVS\" -a -f \"site-lib-src/$x/META\" ]; then mkdir -p \"/private/var/folders/f9/vtsr2sv53wn9h3fblk38vwdh0000gn/T/ocamlot/ocamlot.work.2013-06-26.138/opam-install/system/lib/$x\"; cp site-lib-src/$x/META \"/private/var/folders/f9/vtsr2sv53wn9h3fblk38vwdh0000gn/T/ocamlot/ocamlot.work.2013-06-26.138/opam-install/system/lib/$x\"; fi; done\ncd src/findlib; make install-num-top\nmkdir -p \"/private/var/folders/f9/vtsr2sv53wn9h3fblk38vwdh0000gn/T/ocamlot/ocamlot.work.2013-06-26.138/opam-install/system/lib/num-top\"\ncp num_top.cma num_top.cmi num_top_printers.cmi \\\n\t\t\"/private/var/folders/f9/vtsr2sv53wn9h3fblk38vwdh0000gn/T/ocamlot/ocamlot.work.2013-06-26.138/opam-install/system/lib/num-top\"\nmake install-config\nmkdir -p \"`dirname \\\"/private/var/folders/f9/vtsr2sv53wn9h3fblk38vwdh0000gn/T/ocamlot/ocamlot.work.2013-06-26.138/opam-install/system/lib/findlib.conf\\\"`\"\ntest -f \"/private/var/folders/f9/vtsr2sv53wn9h3fblk38vwdh0000gn/T/ocamlot/ocamlot.work.2013-06-26.138/opam-install/system/lib/findlib.conf\" || cp findlib.conf \"/private/var/folders/f9/vtsr2sv53wn9h3fblk38vwdh0000gn/T/ocamlot/ocamlot.work.2013-06-26.138/opam-install/system/lib/findlib.conf\"\ncp tools/safe_camlp4 \"/private/var/folders/f9/vtsr2sv53wn9h3fblk38vwdh0000gn/T/ocamlot/ocamlot.work.2013-06-26.138/opam-install/system/bin\"\nmake install-doc\nmkdir -p /private/var/folders/f9/vtsr2sv53wn9h3fblk38vwdh0000gn/T/ocamlot/ocamlot.work.2013-06-26.138/opam-install/system/man/man1 /private/var/folders/f9/vtsr2sv53wn9h3fblk38vwdh0000gn/T/ocamlot/ocamlot.work.2013-06-26.138/opam-install/system/man/man3 /private/var/folders/f9/vtsr2sv53wn9h3fblk38vwdh0000gn/T/ocamlot/ocamlot.work.2013-06-26.138/opam-install/system/man/man5\ncp doc/ref-man/ocamlfind.1 /private/var/folders/f9/vtsr2sv53wn9h3fblk38vwdh0000gn/T/ocamlot/ocamlot.work.2013-06-26.138/opam-install/system/man/man1\ncp doc/ref-man/META.5 doc/ref-man/site-lib.5 doc/ref-man/findlib.conf.5 /private/var/folders/f9/vtsr2sv53wn9h3fblk38vwdh0000gn/T/ocamlot/ocamlot.work.2013-06-26.138/opam-install/system/man/man5\nocamlfind: [WARNING] You are removing the package from /private/var/folders/f9/vtsr2sv53wn9h3fblk38vwdh0000gn/T/ocamlot/ocamlot.work.2013-06-26.138/opam-install/system/lib/dbm but the currently visible package is at /Users/avsm/ocamlot/worker/ocaml/4.01/lib/ocaml; you may want to specify the -destdir option\nRemoved /private/var/folders/f9/vtsr2sv53wn9h3fblk38vwdh0000gn/T/ocamlot/ocamlot.work.2013-06-26.138/opam-install/system/lib/dbm\nInstalling ocamlfind.1.3.3.\n\n=-=-= Installing srs.1.0.0 =-=-=\nDownloading http://forge.ocamlcore.org/frs/download.php/1005/ocaml-srs-1.0.0.tar.gz.\n  % Total    % Received % Xferd  Average Speed   Time    Time     Time  Current\n                                 Dload  Upload   Total   Spent    Left  Speed\n\r  0     0    0     0    0     0      0      0 --:--:-- --:--:-- --:--:--     0\r  6 40020    6  2646    0     0  11982      0  0:00:03 --:--:--  0:00:03 12364\r100 40020  100 40020    0     0   176k      0 --:--:-- --:--:-- --:--:--  181k\n200\nCreating /private/var/folders/f9/vtsr2sv53wn9h3fblk38vwdh0000gn/T/ocamlot/ocamlot.work.2013-06-26.138/opam-install/repo/ocamlot/archives/srs.1.0.0+opam.tar.gz.\nExtracting /private/var/folders/f9/vtsr2sv53wn9h3fblk38vwdh0000gn/T/ocamlot/ocamlot.work.2013-06-26.138/opam-install/archives/srs.1.0.0+opam.tar.gz.\nBuilding srs.1.0.0:\n  ocaml setup.ml -configure --prefix /private/var/folders/f9/vtsr2sv53wn9h3fblk38vwdh0000gn/T/ocamlot/ocamlot.work.2013-06-26.138/opam-install/system\n  ocaml setup.ml -build\n  ocaml setup.ml -install\n\nConfiguration: \nocamlfind: ........................................... /private/var/folders/f9/vtsr2sv53wn9h3fblk38vwdh0000gn/T/ocamlot/ocamlot.work.2013-06-26.138/opam-install/system/bin/ocamlfind\nocamlc: .............................................. /Users/avsm/ocamlot/worker/ocaml/4.01/bin/ocamlc.opt\nocamlopt: ............................................ /Users/avsm/ocamlot/worker/ocaml/4.01/bin/ocamlopt.opt\nocamlbuild: .......................................... /Users/avsm/ocamlot/worker/ocaml/4.01/bin/ocamlbuild\nPackage name: ........................................ srs\nPackage version: ..................................... 1.0.0\nos_type: ............................................. Unix\nsystem: .............................................. macosx\narchitecture: ........................................ amd64\nccomp_type: .......................................... cc\nocaml_version: ....................................... 4.01.0\nstandard_library_default: ............................ /Users/avsm/ocamlot/worker/ocaml/4.01/lib/ocaml\nstandard_library: .................................... /Users/avsm/ocamlot/worker/ocaml/4.01/lib/ocaml\nstandard_runtime: .................................... /Users/avsm/ocamlot/worker/ocaml/4.01/bin/ocamlrun\nbytecomp_c_compiler: ................................. gcc -fno-defer-pop -Wall -D_FILE_OFFSET_BITS=64 -D_REENTRANT \nnative_c_compiler: ................................... gcc -D_FILE_OFFSET_BITS=64 -D_REENTRANT\nmodel: ............................................... default\next_obj: ............................................. .o\next_asm: ............................................. .s\next_lib: ............................................. .a\next_dll: ............................................. .so\ndefault_executable_name: ............................. a.out\nsysthread_supported: ................................. true\nInstall architecture-independent files dir: .......... /private/var/folders/f9/vtsr2sv53wn9h3fblk38vwdh0000gn/T/ocamlot/ocamlot.work.2013-06-26.138/opam-install/system\nInstall architecture-dependent files in dir: ......... $prefix\nUser executables: .................................... $exec_prefix/bin\nSystem admin executables: ............................ $exec_prefix/sbin\nProgram executables: ................................. $exec_prefix/libexec\nRead-only single-machine data: ....................... $prefix/etc\nModifiable architecture-independent data: ............ $prefix/com\nModifiable single-machine data: ...................... $prefix/var\nObject code libraries: ............................... $exec_prefix/lib\nRead-only arch-independent data root: ................ $prefix/share\nRead-only architecture-independent data: ............. $datarootdir\nInfo documentation: .................................. $datarootdir/info\nLocale-dependent data: ............................... $datarootdir/locale\nMan documentation: ................................... $datarootdir/man\nDocumentation root: .................................. $datarootdir/doc/$pkg_name\nHTML documentation: .................................. $docdir\nDVI documentation: ................................... $docdir\nPDF documentation: ................................... $docdir\nPS documentation: .................................... $docdir\nfindlib_version: ..................................... 1.3.3\nis_native: ........................................... true\nsuffix_program: ...................................... \nRemove a file.: ...................................... rm -f\nRemove a directory.: ................................. rm -rf\nTurn ocaml debug flag on: ............................ true\nTurn ocaml profile flag on: .......................... false\nCompiler support generation of .cmxs.: ............... true\nOCamlbuild additional flags: ......................... \nCreate documentations: ............................... true\nCompile tests executable and library and run them: ... false\nocamldoc: ............................................ /Users/avsm/ocamlot/worker/ocaml/4.01/bin/ocamldoc\n\n/Users/avsm/ocamlot/worker/ocaml/4.01/bin/ocamlopt.opt -I /Users/avsm/ocamlot/worker/ocaml/4.01/lib/ocaml/ocamlbuild unix.cmxa /Users/avsm/ocamlot/worker/ocaml/4.01/lib/ocaml/ocamlbuild/ocamlbuildlib.cmxa myocamlbuild.ml /Users/avsm/ocamlot/worker/ocaml/4.01/lib/ocaml/ocamlbuild/ocamlbuild.cmx -o myocamlbuild\nocamlfind ocamlc -ccopt -Wall -ccopt -Werror -c lib/srs_stubs.c\n+ ocamlfind ocamlc -ccopt -Wall -ccopt -Werror -c lib/srs_stubs.c\nlib/srs_stubs.c:4:18: error: srs2.h: No such file or directory\nlib/srs_stubs.c: In function 'finalize_srs':\nlib/srs_stubs.c:27: error: 'srs_t' undeclared (first use in this function)\nlib/srs_stubs.c:27: error: (Each undeclared identifier is reported only once\nlib/srs_stubs.c:27: error: for each function it appears in.)\nlib/srs_stubs.c:27: error: 'srs' undeclared (first use in this function)\nlib/srs_stubs.c:27: error: expected expression before ')' token\ncc1: warnings being treated as errors\nlib/srs_stubs.c:28: warning: implicit declaration of function 'srs_free'\nlib/srs_stubs.c: In function 'caml_srs_new':\nlib/srs_stubs.c:45: error: 'srs_t' undeclared (first use in this function)\nlib/srs_stubs.c:45: error: 'srs' undeclared (first use in this function)\nlib/srs_stubs.c:47: warning: implicit declaration of function 'srs_new'\nlib/srs_stubs.c: In function 'caml_srs_add_secret':\nlib/srs_stubs.c:61: error: 'srs_t' undeclared (first use in this function)\nlib/srs_stubs.c:61: error: 'srs' undeclared (first use in this function)\nlib/srs_stubs.c:61: error: expected expression before ')' token\nlib/srs_stubs.c:64: warning: implicit declaration of function 'srs_add_secret'\nlib/srs_stubs.c: In function 'caml_srs_forward':\nlib/srs_stubs.c:75: error: 'srs_t' undeclared (first use in this function)\nlib/srs_stubs.c:75: error: 'srs' undeclared (first use in this function)\nlib/srs_stubs.c:75: error: expected expression before ')' token\nlib/srs_stubs.c:80: warning: implicit declaration of function 'srs_forward_alloc'\nlib/srs_stubs.c:81: error: 'SRS_SUCCESS' undeclared (first use in this function)\nlib/srs_stubs.c:82: warning: implicit declaration of function 'srs_strerror'\nlib/srs_stubs.c:82: warning: passing argument 1 of 'srs_error' makes pointer from integer without a cast\nlib/srs_stubs.c: In function 'caml_srs_reverse':\nlib/srs_stubs.c:96: error: 'srs_t' undeclared (first use in this function)\nlib/srs_stubs.c:96: error: 'srs' undeclared (first use in this function)\nlib/srs_stubs.c:96: error: expected expression before ')' token\nlib/srs_stubs.c:100: warning: implicit declaration of function 'srs_reverse_alloc'\nlib/srs_stubs.c:101: error: 'SRS_SUCCESS' undeclared (first use in this function)\nlib/srs_stubs.c:102: warning: passing argument 1 of 'srs_error' makes pointer from integer without a cast\nlib/srs_stubs.c: In function 'caml_srs_set_separator':\nlib/srs_stubs.c:115: error: 'srs_t' undeclared (first use in this function)\nlib/srs_stubs.c:115: error: 'srs' undeclared (first use in this function)\nlib/srs_stubs.c:115: error: expected expression before ')' token\nlib/srs_stubs.c:118: warning: implicit declaration of function 'srs_set_separator'\nlib/srs_stubs.c:119: error: 'SRS_SUCCESS' undeclared (first use in this function)\nlib/srs_stubs.c:120: warning: passing argument 1 of 'srs_error' makes pointer from integer without a cast\nlib/srs_stubs.c: In function 'caml_srs_get_separator':\nlib/srs_stubs.c:130: error: 'srs_t' undeclared (first use in this function)\nlib/srs_stubs.c:130: error: 'srs' undeclared (first use in this function)\nlib/srs_stubs.c:130: error: expected expression before ')' token\nlib/srs_stubs.c:132: warning: implicit declaration of function 'srs_get_separator'\nlib/srs_stubs.c: In function 'caml_srs_set_maxage':\nlib/srs_stubs.c:168: error: 'srs_t' undeclared (first use in this function)\nlib/srs_stubs.c:168: error: 'srs' undeclared (first use in this function)\nlib/srs_stubs.c:168: error: expected expression before ')' token\nlib/srs_stubs.c:168: warning: implicit declaration of function 'srs_set_maxage'\nlib/srs_stubs.c: In function 'caml_srs_get_maxage':\nlib/srs_stubs.c:168: error: 'srs_t' undeclared (first use in this function)\nlib/srs_stubs.c:168: error: 'srs' undeclared (first use in this function)\nlib/srs_stubs.c:168: error: expected expression before ')' token\nlib/srs_stubs.c:168: warning: implicit declaration of function 'srs_get_maxage'\nlib/srs_stubs.c: In function 'caml_srs_set_hashlength':\nlib/srs_stubs.c:169: error: 'srs_t' undeclared (first use in this function)\nlib/srs_stubs.c:169: error: 'srs' undeclared (first use in this function)\nlib/srs_stubs.c:169: error: expected expression before ')' token\nlib/srs_stubs.c:169: warning: implicit declaration of function 'srs_set_hashlength'\nlib/srs_stubs.c: In function 'caml_srs_get_hashlength':\nlib/srs_stubs.c:169: error: 'srs_t' undeclared (first use in this function)\nlib/srs_stubs.c:169: error: 'srs' undeclared (first use in this function)\nlib/srs_stubs.c:169: error: expected expression before ')' token\nlib/srs_stubs.c:169: warning: implicit declaration of function 'srs_get_hashlength'\nlib/srs_stubs.c: In function 'caml_srs_set_hashmin':\nlib/srs_stubs.c:170: error: 'srs_t' undeclared (first use in this function)\nlib/srs_stubs.c:170: error: 'srs' undeclared (first use in this function)\nlib/srs_stubs.c:170: error: expected expression before ')' token\nlib/srs_stubs.c:170: warning: implicit declaration of function 'srs_set_hashmin'\nlib/srs_stubs.c: In function 'caml_srs_get_hashmin':\nlib/srs_stubs.c:170: error: 'srs_t' undeclared (first use in this function)\nlib/srs_stubs.c:170: error: 'srs' undeclared (first use in this function)\nlib/srs_stubs.c:170: error: expected expression before ')' token\nlib/srs_stubs.c:170: warning: implicit declaration of function 'srs_get_hashmin'\nlib/srs_stubs.c: In function 'caml_srs_set_alwaysrewrite':\nlib/srs_stubs.c:171: error: 'srs_t' undeclared (first use in this function)\nlib/srs_stubs.c:171: error: 'srs' undeclared (first use in this function)\nlib/srs_stubs.c:171: error: expected expression before ')' token\nlib/srs_stubs.c:171: warning: implicit declaration of function 'srs_set_alwaysrewrite'\nlib/srs_stubs.c: In function 'caml_srs_get_alwaysrewrite':\nlib/srs_stubs.c:171: error: 'srs_t' undeclared (first use in this function)\nlib/srs_stubs.c:171: error: 'srs' undeclared (first use in this function)\nlib/srs_stubs.c:171: error: expected expression before ')' token\nlib/srs_stubs.c:171: warning: implicit declaration of function 'srs_get_alwaysrewrite'\nlib/srs_stubs.c: In function 'caml_srs_set_noforward':\nlib/srs_stubs.c:172: error: 'srs_t' undeclared (first use in this function)\nlib/srs_stubs.c:172: error: 'srs' undeclared (first use in this function)\nlib/srs_stubs.c:172: error: expected expression before ')' token\nlib/srs_stubs.c:172: warning: implicit declaration of function 'srs_set_noforward'\nlib/srs_stubs.c: In function 'caml_srs_get_noforward':\nlib/srs_stubs.c:172: error: 'srs_t' undeclared (first use in this function)\nlib/srs_stubs.c:172: error: 'srs' undeclared (first use in this function)\nlib/srs_stubs.c:172: error: expected expression before ')' token\nlib/srs_stubs.c:172: warning: implicit declaration of function 'srs_get_noforward'\nlib/srs_stubs.c: In function 'caml_srs_set_noreverse':\nlib/srs_stubs.c:173: error: 'srs_t' undeclared (first use in this function)\nlib/srs_stubs.c:173: error: 'srs' undeclared (first use in this function)\nlib/srs_stubs.c:173: error: expected expression before ')' token\nlib/srs_stubs.c:173: warning: implicit declaration of function 'srs_set_noreverse'\nlib/srs_stubs.c: In function 'caml_srs_get_noreverse':\nlib/srs_stubs.c:173: error: 'srs_t' undeclared (first use in this function)\nlib/srs_stubs.c:173: error: 'srs' undeclared (first use in this function)\nlib/srs_stubs.c:173: error: expected expression before ')' token\nlib/srs_stubs.c:173: warning: implicit declaration of function 'srs_get_noreverse'\nCommand exited with code 2.\nE: Failure(\"Command ''/Users/avsm/ocamlot/worker/ocaml/4.01/bin/ocamlbuild' lib/libsrs_stubs.a lib/dllsrs_stubs.so lib/srs.cma lib/srs.cmxa lib/srs.a lib/srs.cmxs -tag debug' terminated with error code 10\")\nUninstalling srs.1.0.0:\n  ocamlfind remove srs\nocamlfind: [WARNING] No such directory: /private/var/folders/f9/vtsr2sv53wn9h3fblk38vwdh0000gn/T/ocamlot/ocamlot.work.2013-06-26.138/opam-install/system/lib/srs\n\n")(r_stderr"The compilation of srs.1.0.0 failed.\n\n==== ERROR [while installing srs.1.0.0] ====\n# opam-version    1.0.1 (df84b0565f0709578c581c1dea82246688d2804f)\n# os              darwin\n# command         ocaml setup.ml -build\n# path            /private/var/folders/f9/vtsr2sv53wn9h3fblk38vwdh0000gn/T/ocamlot/ocamlot.work.2013-06-26.138/opam-install/system/build/srs.1.0.0\n# compiler        system (4.01.0)\n# exit-code       1\n# env-file        /private/var/folders/f9/vtsr2sv53wn9h3fblk38vwdh0000gn/T/ocamlot/ocamlot.work.2013-06-26.138/opam-install/system/build/srs.1.0.0/srs-17105-b76d46.env\n# stdout-file     /private/var/folders/f9/vtsr2sv53wn9h3fblk38vwdh0000gn/T/ocamlot/ocamlot.work.2013-06-26.138/opam-install/system/build/srs.1.0.0/srs-17105-b76d46.out\n# stderr-file     /private/var/folders/f9/vtsr2sv53wn9h3fblk38vwdh0000gn/T/ocamlot/ocamlot.work.2013-06-26.138/opam-install/system/build/srs.1.0.0/srs-17105-b76d46.err\n### stdout ###\n...[truncated]\nlib/srs_stubs.c:173: error: 'srs_t' undeclared (first use in this function)\nlib/srs_stubs.c:173: error: 'srs' undeclared (first use in this function)\nlib/srs_stubs.c:173: error: expected expression before ')' token\nlib/srs_stubs.c:173: warning: implicit declaration of function 'srs_set_noreverse'\nlib/srs_stubs.c: In function 'caml_srs_get_noreverse':\nlib/srs_stubs.c:173: error: 'srs_t' undeclared (first use in this function)\nlib/srs_stubs.c:173: error: 'srs' undeclared (first use in this function)\nlib/srs_stubs.c:173: error: expected expression before ')' token\nlib/srs_stubs.c:173: warning: implicit declaration of function 'srs_get_noreverse'\nCommand exited with code 2.\n### stderr ###\nE: Failure(\"Command ''/Users/avsm/ocamlot/worker/ocaml/4.01/bin/ocamlbuild' lib/libsrs_stubs.a lib/dllsrs_stubs.so lib/srs.cma lib/srs.cmxa lib/srs.a lib/srs.cmxs -tag debug' terminated with error code 10\")\n\n'opam install --verbose --yes srs.1.0.0' failed.\n")))))(duration 149.29635310173034668)(info"Compiler: 4.01.0+dev18-2013-06-13\nOPAM: df84b0565f0709578c581c1dea82246688d2804f\nOCAMLRUNPARAM = b\nHOME = /var/folders/f9/vtsr2sv53wn9h3fblk38vwdh0000gn/T/ocamlot/ocamlot.work.2013-06-26.138\nPATH = /private/var/folders/f9/vtsr2sv53wn9h3fblk38vwdh0000gn/T/ocamlot/ocamlot.work.2013-06-26.138/opam-install/system/bin:/var/folders/f9/vtsr2sv53wn9h3fblk38vwdh0000gn/T/ocamlot/ocamlot.work.2013-06-26.138:/Users/avsm/ocamlot/worker/ocaml/4.01/bin:/usr/bin:/bin:/usr/sbin:/sbin:/usr/local/bin\nMANPATH = /private/var/folders/f9/vtsr2sv53wn9h3fblk38vwdh0000gn/T/ocamlot/ocamlot.work.2013-06-26.138/opam-install/system/man:\nOCAML_TOPLEVEL_PATH = /private/var/folders/f9/vtsr2sv53wn9h3fblk38vwdh0000gn/T/ocamlot/ocamlot.work.2013-06-26.138/opam-install/system/lib/toplevel\nOPAMROOT = /private/var/folders/f9/vtsr2sv53wn9h3fblk38vwdh0000gn/T/ocamlot/ocamlot.work.2013-06-26.138/opam-install\nCAML_LD_LIBRARY_PATH = /private/var/folders/f9/vtsr2sv53wn9h3fblk38vwdh0000gn/T/ocamlot/ocamlot.work.2013-06-26.138/opam-install/system/lib/stublibs:/Users/avsm/ocamlot/worker/ocaml/4.01/lib/ocaml/stublibs\n"))))(1372219565.6607921124(Checked_in 26))(1372219541.6539568901(Checked_in 26))(1372219517.6420450211(Checked_in 26))(1372219493.6361579895(Checked_in 26))(1372219469.6305038929(Checked_in 26))(1372219445.6244330406(Checked_in 26))(1372219421.6167778969(Started 26))(1372200221.1604340076(Advertized((os Darwin)(arch X86_64))))))(host((os Darwin)(arch X86_64)))(job(Opam((diff(((repo((url"")(repo_url(URL git://github.com/OCamlPro/opam-repository.git))))(label OCamlPro/opam-repository:master)(reference(Ref master)))))(packages(srs.1.0.0))(target((host((os Darwin)(arch X86_64)))(compiler((c_version 4.01.0)(c_build"")))))(action Build)))))