((href https://github.com/OCamlPro/opam-repository/blob/master/packages/ocamlspot.4.00.1.2.1.2/opam)(log((1372260767.2029569149(Completed 45((status(Failed()(Process(Exited 4)((r_cmd opam)(r_args(install --verbose --yes ocamlspot.4.00.1.2.1.2))(r_env(OCAMLRUNPARAM=b HOME=/var/folders/f9/vtsr2sv53wn9h3fblk38vwdh0000gn/T/ocamlot/ocamlot.work.2013-06-26.355 PATH=/private/var/folders/f9/vtsr2sv53wn9h3fblk38vwdh0000gn/T/ocamlot/ocamlot.work.2013-06-26.355/opam-install/system/bin:/var/folders/f9/vtsr2sv53wn9h3fblk38vwdh0000gn/T/ocamlot/ocamlot.work.2013-06-26.355:/Users/avsm/ocamlot/worker/ocaml/4.01/bin:/Users/avsm/.opam/system/bin:/usr/bin:/bin:/usr/sbin:/sbin:/usr/local/bin MANPATH=/private/var/folders/f9/vtsr2sv53wn9h3fblk38vwdh0000gn/T/ocamlot/ocamlot.work.2013-06-26.355/opam-install/system/man: OCAML_TOPLEVEL_PATH=/private/var/folders/f9/vtsr2sv53wn9h3fblk38vwdh0000gn/T/ocamlot/ocamlot.work.2013-06-26.355/opam-install/system/lib/toplevel OPAMROOT=/private/var/folders/f9/vtsr2sv53wn9h3fblk38vwdh0000gn/T/ocamlot/ocamlot.work.2013-06-26.355/opam-install CAML_LD_LIBRARY_PATH=/private/var/folders/f9/vtsr2sv53wn9h3fblk38vwdh0000gn/T/ocamlot/ocamlot.work.2013-06-26.355/opam-install/system/lib/stublibs:/Users/avsm/ocamlot/worker/ocaml/4.01/lib/ocaml/stublibs))(r_cwd /var/folders/f9/vtsr2sv53wn9h3fblk38vwdh0000gn/T/ocamlot/ocamlot.work.2013-06-26.355)(r_duration 21.165863037109375)(r_stdout"The following actions will be performed:\n - install ocamlspot.4.00.1.2.1.2\n1 to install | 0 to reinstall | 0 to upgrade | 0 to downgrade | 0 to remove\n\n=-=-= Installing ocamlspot.4.00.1.2.1.2 =-=-=\nDownloading https://bitbucket.org/camlspotter/ocamlspot/get/4.00.1.2.1.2.tar.gz.\n  % Total    % Received % Xferd  Average Speed   Time    Time     Time  Current\n                                 Dload  Upload   Total   Spent    Left  Speed\n\r  0     0    0     0    0     0      0      0 --:--:-- --:--:-- --:--:--     0\r  0     0    0     0    0     0      0      0 --:--:--  0:00:01 --:--:--     0\r  0     0    0     0    0     0      0      0 --:--:--  0:00:02 --:--:--     0\r100 15954    0 15954    0     0   4780      0 --:--:--  0:00:03 --:--:--  5545\r100 32330    0 32330    0     0   7449      0 --:--:--  0:00:04 --:--:--  8334\r100  111k    0  111k    0     0  21824      0 --:--:--  0:00:05 --:--:-- 23930200\n\r100  170k    0  170k    0     0  32759      0 --:--:--  0:00:05 --:--:-- 50776\nCreating /private/var/folders/f9/vtsr2sv53wn9h3fblk38vwdh0000gn/T/ocamlot/ocamlot.work.2013-06-26.355/opam-install/repo/ocamlot/archives/ocamlspot.4.00.1.2.1.2+opam.tar.gz.\nExtracting /private/var/folders/f9/vtsr2sv53wn9h3fblk38vwdh0000gn/T/ocamlot/ocamlot.work.2013-06-26.355/opam-install/archives/ocamlspot.4.00.1.2.1.2+opam.tar.gz.\nBuilding ocamlspot.4.00.1.2.1.2:\n  make all opt install BINDIR=/private/var/folders/f9/vtsr2sv53wn9h3fblk38vwdh0000gn/T/ocamlot/ocamlot.work.2013-06-26.355/opam-install/system/bin PREFIX=/private/var/folders/f9/vtsr2sv53wn9h3fblk38vwdh0000gn/T/ocamlot/ocamlot.work.2013-06-26.355/opam-install/system\nocamlc -annot -bin-annot -w A-4-9 -warn-error A-4-9-32-33-34  -g -I +compiler-libs -I +unix -c utils.mli\nocamlc -annot -bin-annot -w A-4-9 -warn-error A-4-9-32-33-34  -g -I +compiler-libs -I +unix -c utils.ml\nFile \"utils.ml\", line 139, characters 4-9:\nWarning 32: unused value catch.\nocamlc -annot -bin-annot -w A-4-9 -warn-error A-4-9-32-33-34  -g -I +compiler-libs -I +unix -c checksum.ml\nocamlc -annot -bin-annot -w A-4-9 -warn-error A-4-9-32-33-34  -g -I +compiler-libs -I +unix -c fileident.mli\nocamlc -annot -bin-annot -w A-4-9 -warn-error A-4-9-32-33-34  -g -I +compiler-libs -I +unix -c fileident.ml\nocamlc -annot -bin-annot -w A-4-9 -warn-error A-4-9-32-33-34  -g -I +compiler-libs -I +unix -c filepath.mli\nocamlc -annot -bin-annot -w A-4-9 -warn-error A-4-9-32-33-34  -g -I +compiler-libs -I +unix -c filepath.ml\nocamlc -annot -bin-annot -w A-4-9 -warn-error A-4-9-32-33-34  -g -I +compiler-libs -I +unix -c dotfile.mli\nocamlc -annot -bin-annot -w A-4-9 -warn-error A-4-9-32-33-34  -g -I +compiler-libs -I +unix -c dotfile.ml\nocamlc -annot -bin-annot -w A-4-9 -warn-error A-4-9-32-33-34  -g -I +compiler-libs -I +unix -c compdir.mli\nocamlc -annot -bin-annot -w A-4-9 -warn-error A-4-9-32-33-34  -g -I +compiler-libs -I +unix -c compdir.ml\nocamlc -annot -bin-annot -w A-4-9 -warn-error A-4-9-32-33-34  -g -I +compiler-libs -I +unix -c xset.mli\nocamlc -annot -bin-annot -w A-4-9 -warn-error A-4-9-32-33-34  -g -I +compiler-libs -I +unix -c xset.ml\nocamlc -annot -bin-annot -w A-4-9 -warn-error A-4-9-32-33-34  -g -I +compiler-libs -I +unix -c treeset.mli\nocamlc -annot -bin-annot -w A-4-9 -warn-error A-4-9-32-33-34  -g -I +compiler-libs -I +unix -c treeset.ml\nocamlc -annot -bin-annot -w A-4-9 -warn-error A-4-9-32-33-34  -g -I +compiler-libs -I +unix -c command.mli\nocamlc -annot -bin-annot -w A-4-9 -warn-error A-4-9-32-33-34  -g -I +compiler-libs -I +unix -c command.ml\nocamlc -annot -bin-annot -w A-4-9 -warn-error A-4-9-32-33-34  -g -I +compiler-libs -I +unix -c typeexpand.mli\nocamlc -annot -bin-annot -w A-4-9 -warn-error A-4-9-32-33-34  -g -I +compiler-libs -I +unix -c typeexpand.ml\nocamlc -annot -bin-annot -w A-4-9 -warn-error A-4-9-32-33-34  -g -I +compiler-libs -I +unix -c xlongident.mli\nocamlc -annot -bin-annot -w A-4-9 -warn-error A-4-9-32-33-34  -g -I +compiler-libs -I +unix -c xlongident.ml\nocamlc -annot -bin-annot -w A-4-9 -warn-error A-4-9-32-33-34  -g -I +compiler-libs -I +unix -c name.mli\nocamlc -annot -bin-annot -w A-4-9 -warn-error A-4-9-32-33-34  -g -I +compiler-libs -I +unix -c name.ml\nocamlc -annot -bin-annot -w A-4-9 -warn-error A-4-9-32-33-34  -g -I +compiler-libs -I +unix -c xident.mli\nocamlc -annot -bin-annot -w A-4-9 -warn-error A-4-9-32-33-34  -g -I +compiler-libs -I +unix -c xident.ml\nocamlc -annot -bin-annot -w A-4-9 -warn-error A-4-9-32-33-34  -g -I +compiler-libs -I +unix -c xpath.mli\nocamlc -annot -bin-annot -w A-4-9 -warn-error A-4-9-32-33-34  -g -I +compiler-libs -I +unix -c xpath.ml\nocamlc -annot -bin-annot -w A-4-9 -warn-error A-4-9-32-33-34  -g -I +compiler-libs -I +unix -c locident.mli\nocamlc -annot -bin-annot -w A-4-9 -warn-error A-4-9-32-33-34  -g -I +compiler-libs -I +unix -c locident.ml\nocamlc -annot -bin-annot -w A-4-9 -warn-error A-4-9-32-33-34  -g -I +compiler-libs -I +unix -c typeFix.mli\nocamlc -annot -bin-annot -w A-4-9 -warn-error A-4-9-32-33-34  -g -I +compiler-libs -I +unix -c typeFix.ml\nocamlc -annot -bin-annot -w A-4-9 -warn-error A-4-9-32-33-34  -g -I +compiler-libs -I +unix -c xprinttyp.mli\nocamlc -annot -bin-annot -w A-4-9 -warn-error A-4-9-32-33-34  -g -I +compiler-libs -I +unix -c xprinttyp.ml\nocamlc -annot -bin-annot -w A-4-9 -warn-error A-4-9-32-33-34  -g -I +compiler-libs -I +unix -c ext.ml\nocamlc -annot -bin-annot -w A-4-9 -warn-error A-4-9-32-33-34  -g -I +compiler-libs -I +unix -c ttfold.ml\nFile \"ttfold.ml\", line 16, characters 0-14:\nWarning 44: this open statement shadows the type identifier module_type (which is later used)\nFile \"ttfold.ml\", line 16, characters 0-14:\nWarning 44: this open statement shadows the type identifier signature (which is later used)\nFile \"ttfold.ml\", line 16, characters 0-14:\nWarning 44: this open statement shadows the type identifier signature_item (which is later used)\nFile \"ttfold.ml\", line 16, characters 0-14:\nWarning 44: this open statement shadows the type identifier modtype_declaration (which is later used)\nFile \"ttfold.ml\", line 16, characters 0-14:\nWarning 44: this open statement shadows the type identifier row_field (which is later used)\nFile \"ttfold.ml\", line 16, characters 0-14:\nWarning 44: this open statement shadows the type identifier value_description (which is later used)\nFile \"ttfold.ml\", line 16, characters 0-14:\nWarning 44: this open statement shadows the type identifier type_declaration (which is later used)\nFile \"ttfold.ml\", line 16, characters 0-14:\nWarning 44: this open statement shadows the type identifier type_kind (which is later used)\nFile \"ttfold.ml\", line 16, characters 0-14:\nWarning 44: this open statement shadows the type identifier exception_declaration (which is later used)\nFile \"ttfold.ml\", line 16, characters 0-14:\nWarning 44: this open statement shadows the type identifier class_type (which is later used)\nFile \"ttfold.ml\", line 16, characters 0-14:\nWarning 44: this open statement shadows the type identifier class_signature (which is later used)\nFile \"ttfold.ml\", line 16, characters 0-14:\nWarning 44: this open statement shadows the type identifier class_declaration (which is later used)\nFile \"ttfold.ml\", line 16, characters 0-14:\nWarning 44: this open statement shadows the type identifier class_type_declaration (which is later used)\nFile \"ttfold.ml\", line 52, characters 10-55:\nError: The constructor Tpat_construct expects 4 argument(s),\n       but is applied here to 5 argument(s)\nmake: *** [ttfold.cmo] Error 2\nUninstalling ocamlspot.4.00.1.2.1.2:\n  make uninstall BINDIR=/private/var/folders/f9/vtsr2sv53wn9h3fblk38vwdh0000gn/T/ocamlot/ocamlot.work.2013-06-26.355/opam-install/system/bin PREFIX=/private/var/folders/f9/vtsr2sv53wn9h3fblk38vwdh0000gn/T/ocamlot/ocamlot.work.2013-06-26.355/opam-install/system\nrm -f /private/var/folders/f9/vtsr2sv53wn9h3fblk38vwdh0000gn/T/ocamlot/ocamlot.work.2013-06-26.355/opam-install/system/bin/ocamlspot\nrm -f /private/var/folders/f9/vtsr2sv53wn9h3fblk38vwdh0000gn/T/ocamlot/ocamlot.work.2013-06-26.355/opam-install/system/bin/ocamlspot.opt\n\n")(r_stderr"The compilation of ocamlspot.4.00.1.2.1.2 failed.\n\n==== ERROR [while installing ocamlspot.4.00.1.2.1.2] ====\n# opam-version    1.0.1 (df84b0565f0709578c581c1dea82246688d2804f)\n# os              darwin\n# command         make all opt install BINDIR=/private/var/folders/f9/vtsr2sv53wn9h3fblk38vwdh0000gn/T/ocamlot/ocamlot.work.2013-06-26.355/opam-install/system/bin PREFIX=/private/var/folders/f9/vtsr2sv53wn9h3fblk38vwdh0000gn/T/ocamlot/ocamlot.work.2013-06-26.355/opam-install/system\n# path            /private/var/folders/f9/vtsr2sv53wn9h3fblk38vwdh0000gn/T/ocamlot/ocamlot.work.2013-06-26.355/opam-install/system/build/ocamlspot.4.00.1.2.1.2\n# compiler        system (4.01.0)\n# exit-code       2\n# env-file        /private/var/folders/f9/vtsr2sv53wn9h3fblk38vwdh0000gn/T/ocamlot/ocamlot.work.2013-06-26.355/opam-install/system/build/ocamlspot.4.00.1.2.1.2/ocamlspot-78004-335865.env\n# stdout-file     /private/var/folders/f9/vtsr2sv53wn9h3fblk38vwdh0000gn/T/ocamlot/ocamlot.work.2013-06-26.355/opam-install/system/build/ocamlspot.4.00.1.2.1.2/ocamlspot-78004-335865.out\n# stderr-file     /private/var/folders/f9/vtsr2sv53wn9h3fblk38vwdh0000gn/T/ocamlot/ocamlot.work.2013-06-26.355/opam-install/system/build/ocamlspot.4.00.1.2.1.2/ocamlspot-78004-335865.err\n### stdout ###\n...[truncated]\nocamlc -annot -bin-annot -w A-4-9 -warn-error A-4-9-32-33-34  -g -I +compiler-libs -I +unix -c xpath.mli\nocamlc -annot -bin-annot -w A-4-9 -warn-error A-4-9-32-33-34  -g -I +compiler-libs -I +unix -c xpath.ml\nocamlc -annot -bin-annot -w A-4-9 -warn-error A-4-9-32-33-34  -g -I +compiler-libs -I +unix -c locident.mli\nocamlc -annot -bin-annot -w A-4-9 -warn-error A-4-9-32-33-34  -g -I +compiler-libs -I +unix -c locident.ml\nocamlc -annot -bin-annot -w A-4-9 -warn-error A-4-9-32-33-34  -g -I +compiler-libs -I +unix -c typeFix.mli\nocamlc -annot -bin-annot -w A-4-9 -warn-error A-4-9-32-33-34  -g -I +compiler-libs -I +unix -c typeFix.ml\nocamlc -annot -bin-annot -w A-4-9 -warn-error A-4-9-32-33-34  -g -I +compiler-libs -I +unix -c xprinttyp.mli\nocamlc -annot -bin-annot -w A-4-9 -warn-error A-4-9-32-33-34  -g -I +compiler-libs -I +unix -c xprinttyp.ml\nocamlc -annot -bin-annot -w A-4-9 -warn-error A-4-9-32-33-34  -g -I +compiler-libs -I +unix -c ext.ml\nocamlc -annot -bin-annot -w A-4-9 -warn-error A-4-9-32-33-34  -g -I +compiler-libs -I +unix -c ttfold.ml\n### stderr ###\n...[truncated]\nFile \"ttfold.ml\", line 16, characters 0-14:\nWarning 44: this open statement shadows the type identifier class_signature (which is later used)\nFile \"ttfold.ml\", line 16, characters 0-14:\nWarning 44: this open statement shadows the type identifier class_declaration (which is later used)\nFile \"ttfold.ml\", line 16, characters 0-14:\nWarning 44: this open statement shadows the type identifier class_type_declaration (which is later used)\nFile \"ttfold.ml\", line 52, characters 10-55:\nError: The constructor Tpat_construct expects 4 argument(s),\n       but is applied here to 5 argument(s)\nmake: *** [ttfold.cmo] Error 2\n\n'opam install --verbose --yes ocamlspot.4.00.1.2.1.2' failed.\n")))))(duration 147.95987105369567871)(info"Compiler: 4.01.0+dev18-2013-06-13\nOPAM: df84b0565f0709578c581c1dea82246688d2804f\nOCAMLRUNPARAM = b\nHOME = /var/folders/f9/vtsr2sv53wn9h3fblk38vwdh0000gn/T/ocamlot/ocamlot.work.2013-06-26.355\nPATH = /private/var/folders/f9/vtsr2sv53wn9h3fblk38vwdh0000gn/T/ocamlot/ocamlot.work.2013-06-26.355/opam-install/system/bin:/var/folders/f9/vtsr2sv53wn9h3fblk38vwdh0000gn/T/ocamlot/ocamlot.work.2013-06-26.355:/Users/avsm/ocamlot/worker/ocaml/4.01/bin:/Users/avsm/.opam/system/bin:/usr/bin:/bin:/usr/sbin:/sbin:/usr/local/bin\nMANPATH = /private/var/folders/f9/vtsr2sv53wn9h3fblk38vwdh0000gn/T/ocamlot/ocamlot.work.2013-06-26.355/opam-install/system/man:\nOCAML_TOPLEVEL_PATH = /private/var/folders/f9/vtsr2sv53wn9h3fblk38vwdh0000gn/T/ocamlot/ocamlot.work.2013-06-26.355/opam-install/system/lib/toplevel\nOPAMROOT = /private/var/folders/f9/vtsr2sv53wn9h3fblk38vwdh0000gn/T/ocamlot/ocamlot.work.2013-06-26.355/opam-install\nCAML_LD_LIBRARY_PATH = /private/var/folders/f9/vtsr2sv53wn9h3fblk38vwdh0000gn/T/ocamlot/ocamlot.work.2013-06-26.355/opam-install/system/lib/stublibs:/Users/avsm/ocamlot/worker/ocaml/4.01/lib/ocaml/stublibs\n"))))(1372260761.205878973(Checked_in 45))(1372260737.1994149685(Checked_in 45))(1372260713.1932840347(Checked_in 45))(1372260689.1846950054(Checked_in 45))(1372260665.1784799099(Checked_in 45))(1372260641.1720941067(Checked_in 45))(1372260617.0964100361(Started 45))(1372200222.1958560944(Advertized((os Darwin)(arch X86_64))))))(host((os Darwin)(arch X86_64)))(job(Opam((diff(((repo((url"")(repo_url(URL git://github.com/OCamlPro/opam-repository.git))))(label OCamlPro/opam-repository:master)(reference(Ref master)))))(packages(ocamlspot.4.00.1.2.1.2))(target((host((os Darwin)(arch X86_64)))(compiler((c_version 4.01.0)(c_build"")))))(action Build)))))