((href https://github.com/OCamlPro/opam-repository/blob/master/packages/ocamlspot.4.00.1.2.1.2/opam)(log((1372205800.3659470081(Completed 5((status(Failed()(Process(Exited 4)((r_cmd opam)(r_args(install --verbose --yes ocamlspot.4.00.1.2.1.2))(r_env(OCAMLRUNPARAM=b HOME=/tmp/ocamlot/ocamlot.work.2013-06-26.94 PATH=/tmp/ocamlot/ocamlot.work.2013-06-26.94/opam-install/system/bin:/tmp/ocamlot/ocamlot.work.2013-06-26.94:/home/dsheets/work/ocaml/4.02.0dev/bin:/home/dsheets/.opam/4.00.1/bin:/usr/local/bin:/usr/bin:/bin:/usr/local/games:/usr/games MANPATH=/tmp/ocamlot/ocamlot.work.2013-06-26.94/opam-install/system/man: OCAML_TOPLEVEL_PATH=/tmp/ocamlot/ocamlot.work.2013-06-26.94/opam-install/system/lib/toplevel OPAMROOT=/tmp/ocamlot/ocamlot.work.2013-06-26.94/opam-install CAML_LD_LIBRARY_PATH=/tmp/ocamlot/ocamlot.work.2013-06-26.94/opam-install/system/lib/stublibs:/home/dsheets/work/ocaml/4.02.0dev/lib/ocaml/stublibs))(r_cwd /tmp/ocamlot/ocamlot.work.2013-06-26.94)(r_duration 7.3040771484375)(r_stdout"The following actions will be performed:\n - install ocamlspot.4.00.1.2.1.2\n1 to install | 0 to reinstall | 0 to upgrade | 0 to downgrade | 0 to remove\n\n=-=-= Installing ocamlspot.4.00.1.2.1.2 =-=-=\nDownloading https://bitbucket.org/camlspotter/ocamlspot/get/4.00.1.2.1.2.tar.gz.\n  % Total    % Received % Xferd  Average Speed   Time    Time     Time  Current\n                                 Dload  Upload   Total   Spent    Left  Speed\n\r  0     0    0     0    0     0      0      0 --:--:-- --:--:-- --:--:--     0\r  0     0    0     0    0     0      0      0 --:--:-- --:--:-- --:--:--     0\r100 32330    0 32330    0     0  19109      0 --:--:--  0:00:01 --:--:-- 20449\r100  170k    0  170k    0     0  79067      0 --:--:--  0:00:02 --:--:-- 83306\n200Creating /tmp/ocamlot/ocamlot.work.2013-06-26.94/opam-install/repo/ocamlot/archives/ocamlspot.4.00.1.2.1.2+opam.tar.gz.\nExtracting /tmp/ocamlot/ocamlot.work.2013-06-26.94/opam-install/archives/ocamlspot.4.00.1.2.1.2+opam.tar.gz.\nBuilding ocamlspot.4.00.1.2.1.2:\n  make all opt install BINDIR=/tmp/ocamlot/ocamlot.work.2013-06-26.94/opam-install/system/bin PREFIX=/tmp/ocamlot/ocamlot.work.2013-06-26.94/opam-install/system\nocamlc -annot -bin-annot -w A-4-9 -warn-error A-4-9-32-33-34  -g -I +compiler-libs -I +unix -c utils.mli\nocamlc -annot -bin-annot -w A-4-9 -warn-error A-4-9-32-33-34  -g -I +compiler-libs -I +unix -c utils.ml\nFile \"utils.ml\", line 139, characters 4-9:\nWarning 32: unused value catch.\nocamlc -annot -bin-annot -w A-4-9 -warn-error A-4-9-32-33-34  -g -I +compiler-libs -I +unix -c checksum.ml\nocamlc -annot -bin-annot -w A-4-9 -warn-error A-4-9-32-33-34  -g -I +compiler-libs -I +unix -c fileident.mli\nocamlc -annot -bin-annot -w A-4-9 -warn-error A-4-9-32-33-34  -g -I +compiler-libs -I +unix -c fileident.ml\nocamlc -annot -bin-annot -w A-4-9 -warn-error A-4-9-32-33-34  -g -I +compiler-libs -I +unix -c filepath.mli\nocamlc -annot -bin-annot -w A-4-9 -warn-error A-4-9-32-33-34  -g -I +compiler-libs -I +unix -c filepath.ml\nocamlc -annot -bin-annot -w A-4-9 -warn-error A-4-9-32-33-34  -g -I +compiler-libs -I +unix -c dotfile.mli\nocamlc -annot -bin-annot -w A-4-9 -warn-error A-4-9-32-33-34  -g -I +compiler-libs -I +unix -c dotfile.ml\nocamlc -annot -bin-annot -w A-4-9 -warn-error A-4-9-32-33-34  -g -I +compiler-libs -I +unix -c compdir.mli\nocamlc -annot -bin-annot -w A-4-9 -warn-error A-4-9-32-33-34  -g -I +compiler-libs -I +unix -c compdir.ml\nocamlc -annot -bin-annot -w A-4-9 -warn-error A-4-9-32-33-34  -g -I +compiler-libs -I +unix -c xset.mli\nocamlc -annot -bin-annot -w A-4-9 -warn-error A-4-9-32-33-34  -g -I +compiler-libs -I +unix -c xset.ml\nocamlc -annot -bin-annot -w A-4-9 -warn-error A-4-9-32-33-34  -g -I +compiler-libs -I +unix -c treeset.mli\nocamlc -annot -bin-annot -w A-4-9 -warn-error A-4-9-32-33-34  -g -I +compiler-libs -I +unix -c treeset.ml\nocamlc -annot -bin-annot -w A-4-9 -warn-error A-4-9-32-33-34  -g -I +compiler-libs -I +unix -c command.mli\nocamlc -annot -bin-annot -w A-4-9 -warn-error A-4-9-32-33-34  -g -I +compiler-libs -I +unix -c command.ml\nocamlc -annot -bin-annot -w A-4-9 -warn-error A-4-9-32-33-34  -g -I +compiler-libs -I +unix -c typeexpand.mli\nocamlc -annot -bin-annot -w A-4-9 -warn-error A-4-9-32-33-34  -g -I +compiler-libs -I +unix -c typeexpand.ml\nocamlc -annot -bin-annot -w A-4-9 -warn-error A-4-9-32-33-34  -g -I +compiler-libs -I +unix -c xlongident.mli\nocamlc -annot -bin-annot -w A-4-9 -warn-error A-4-9-32-33-34  -g -I +compiler-libs -I +unix -c xlongident.ml\nocamlc -annot -bin-annot -w A-4-9 -warn-error A-4-9-32-33-34  -g -I +compiler-libs -I +unix -c name.mli\nocamlc -annot -bin-annot -w A-4-9 -warn-error A-4-9-32-33-34  -g -I +compiler-libs -I +unix -c name.ml\nocamlc -annot -bin-annot -w A-4-9 -warn-error A-4-9-32-33-34  -g -I +compiler-libs -I +unix -c xident.mli\nocamlc -annot -bin-annot -w A-4-9 -warn-error A-4-9-32-33-34  -g -I +compiler-libs -I +unix -c xident.ml\nocamlc -annot -bin-annot -w A-4-9 -warn-error A-4-9-32-33-34  -g -I +compiler-libs -I +unix -c xpath.mli\nocamlc -annot -bin-annot -w A-4-9 -warn-error A-4-9-32-33-34  -g -I +compiler-libs -I +unix -c xpath.ml\nocamlc -annot -bin-annot -w A-4-9 -warn-error A-4-9-32-33-34  -g -I +compiler-libs -I +unix -c locident.mli\nocamlc -annot -bin-annot -w A-4-9 -warn-error A-4-9-32-33-34  -g -I +compiler-libs -I +unix -c locident.ml\nocamlc -annot -bin-annot -w A-4-9 -warn-error A-4-9-32-33-34  -g -I +compiler-libs -I +unix -c typeFix.mli\nocamlc -annot -bin-annot -w A-4-9 -warn-error A-4-9-32-33-34  -g -I +compiler-libs -I +unix -c typeFix.ml\nocamlc -annot -bin-annot -w A-4-9 -warn-error A-4-9-32-33-34  -g -I +compiler-libs -I +unix -c xprinttyp.mli\nocamlc -annot -bin-annot -w A-4-9 -warn-error A-4-9-32-33-34  -g -I +compiler-libs -I +unix -c xprinttyp.ml\nocamlc -annot -bin-annot -w A-4-9 -warn-error A-4-9-32-33-34  -g -I +compiler-libs -I +unix -c ext.ml\nocamlc -annot -bin-annot -w A-4-9 -warn-error A-4-9-32-33-34  -g -I +compiler-libs -I +unix -c ttfold.ml\nFile \"ttfold.ml\", line 16, characters 0-14:\nWarning 44: this open statement shadows the type identifier module_type (which is later used)\nFile \"ttfold.ml\", line 16, characters 0-14:\nWarning 44: this open statement shadows the type identifier signature (which is later used)\nFile \"ttfold.ml\", line 16, characters 0-14:\nWarning 44: this open statement shadows the type identifier signature_item (which is later used)\nFile \"ttfold.ml\", line 16, characters 0-14:\nWarning 44: this open statement shadows the type identifier modtype_declaration (which is later used)\nFile \"ttfold.ml\", line 16, characters 0-14:\nWarning 44: this open statement shadows the type identifier row_field (which is later used)\nFile \"ttfold.ml\", line 16, characters 0-14:\nWarning 44: this open statement shadows the type identifier value_description (which is later used)\nFile \"ttfold.ml\", line 16, characters 0-14:\nWarning 44: this open statement shadows the type identifier type_declaration (which is later used)\nFile \"ttfold.ml\", line 16, characters 0-14:\nWarning 44: this open statement shadows the type identifier type_kind (which is later used)\nFile \"ttfold.ml\", line 16, characters 0-14:\nWarning 44: this open statement shadows the type identifier exception_declaration (which is later used)\nFile \"ttfold.ml\", line 16, characters 0-14:\nWarning 44: this open statement shadows the type identifier class_type (which is later used)\nFile \"ttfold.ml\", line 16, characters 0-14:\nWarning 44: this open statement shadows the type identifier class_signature (which is later used)\nFile \"ttfold.ml\", line 16, characters 0-14:\nWarning 44: this open statement shadows the type identifier class_declaration (which is later used)\nFile \"ttfold.ml\", line 16, characters 0-14:\nWarning 44: this open statement shadows the type identifier class_type_declaration (which is later used)\nFile \"ttfold.ml\", line 52, characters 10-55:\nError: The constructor Tpat_construct expects 4 argument(s),\n       but is applied here to 5 argument(s)\nmake: *** [ttfold.cmo] Error 2\nUninstalling ocamlspot.4.00.1.2.1.2:\n  make uninstall BINDIR=/tmp/ocamlot/ocamlot.work.2013-06-26.94/opam-install/system/bin PREFIX=/tmp/ocamlot/ocamlot.work.2013-06-26.94/opam-install/system\nrm -f /tmp/ocamlot/ocamlot.work.2013-06-26.94/opam-install/system/bin/ocamlspot\nrm -f /tmp/ocamlot/ocamlot.work.2013-06-26.94/opam-install/system/bin/ocamlspot.opt\n\n")(r_stderr"The compilation of ocamlspot.4.00.1.2.1.2 failed.\n\n==== ERROR [while installing ocamlspot.4.00.1.2.1.2] ====\n# opam-version    1.0.1 (39c7e9da153defb273d1a7fd4877185924c1958b)\n# os              linux\n# command         make all opt install BINDIR=/tmp/ocamlot/ocamlot.work.2013-06-26.94/opam-install/system/bin PREFIX=/tmp/ocamlot/ocamlot.work.2013-06-26.94/opam-install/system\n# path            /tmp/ocamlot/ocamlot.work.2013-06-26.94/opam-install/system/build/ocamlspot.4.00.1.2.1.2\n# exit-code       2\n# env-file        /tmp/ocamlot/ocamlot.work.2013-06-26.94/opam-install/system/build/ocamlspot.4.00.1.2.1.2/ocamlspot-25837-0a5907.env\n# stdout-file     /tmp/ocamlot/ocamlot.work.2013-06-26.94/opam-install/system/build/ocamlspot.4.00.1.2.1.2/ocamlspot-25837-0a5907.out\n# stderr-file     /tmp/ocamlot/ocamlot.work.2013-06-26.94/opam-install/system/build/ocamlspot.4.00.1.2.1.2/ocamlspot-25837-0a5907.err\n### stdout ###\n...[truncated]\nocamlc -annot -bin-annot -w A-4-9 -warn-error A-4-9-32-33-34  -g -I +compiler-libs -I +unix -c xpath.mli\nocamlc -annot -bin-annot -w A-4-9 -warn-error A-4-9-32-33-34  -g -I +compiler-libs -I +unix -c xpath.ml\nocamlc -annot -bin-annot -w A-4-9 -warn-error A-4-9-32-33-34  -g -I +compiler-libs -I +unix -c locident.mli\nocamlc -annot -bin-annot -w A-4-9 -warn-error A-4-9-32-33-34  -g -I +compiler-libs -I +unix -c locident.ml\nocamlc -annot -bin-annot -w A-4-9 -warn-error A-4-9-32-33-34  -g -I +compiler-libs -I +unix -c typeFix.mli\nocamlc -annot -bin-annot -w A-4-9 -warn-error A-4-9-32-33-34  -g -I +compiler-libs -I +unix -c typeFix.ml\nocamlc -annot -bin-annot -w A-4-9 -warn-error A-4-9-32-33-34  -g -I +compiler-libs -I +unix -c xprinttyp.mli\nocamlc -annot -bin-annot -w A-4-9 -warn-error A-4-9-32-33-34  -g -I +compiler-libs -I +unix -c xprinttyp.ml\nocamlc -annot -bin-annot -w A-4-9 -warn-error A-4-9-32-33-34  -g -I +compiler-libs -I +unix -c ext.ml\nocamlc -annot -bin-annot -w A-4-9 -warn-error A-4-9-32-33-34  -g -I +compiler-libs -I +unix -c ttfold.ml\n### stderr ###\n...[truncated]\nFile \"ttfold.ml\", line 16, characters 0-14:\nWarning 44: this open statement shadows the type identifier class_signature (which is later used)\nFile \"ttfold.ml\", line 16, characters 0-14:\nWarning 44: this open statement shadows the type identifier class_declaration (which is later used)\nFile \"ttfold.ml\", line 16, characters 0-14:\nWarning 44: this open statement shadows the type identifier class_type_declaration (which is later used)\nFile \"ttfold.ml\", line 52, characters 10-55:\nError: The constructor Tpat_construct expects 4 argument(s),\n       but is applied here to 5 argument(s)\nmake: *** [ttfold.cmo] Error 2\n\n'opam install --verbose --yes ocamlspot.4.00.1.2.1.2' failed.\n")))))(duration 34.736630916595458984)(info"Compiler: 4.02.0+dev0-2013-06-13\nOPAM: 39c7e9da153defb273d1a7fd4877185924c1958b\nOCAMLRUNPARAM = b\nHOME = /tmp/ocamlot/ocamlot.work.2013-06-26.94\nPATH = /tmp/ocamlot/ocamlot.work.2013-06-26.94/opam-install/system/bin:/tmp/ocamlot/ocamlot.work.2013-06-26.94:/home/dsheets/work/ocaml/4.02.0dev/bin:/home/dsheets/.opam/4.00.1/bin:/usr/local/bin:/usr/bin:/bin:/usr/local/games:/usr/games\nMANPATH = /tmp/ocamlot/ocamlot.work.2013-06-26.94/opam-install/system/man:\nOCAML_TOPLEVEL_PATH = /tmp/ocamlot/ocamlot.work.2013-06-26.94/opam-install/system/lib/toplevel\nOPAMROOT = /tmp/ocamlot/ocamlot.work.2013-06-26.94/opam-install\nCAML_LD_LIBRARY_PATH = /tmp/ocamlot/ocamlot.work.2013-06-26.94/opam-install/system/lib/stublibs:/home/dsheets/work/ocaml/4.02.0dev/lib/ocaml/stublibs\n"))))(1372205788.5859870911(Checked_in 5))(1372205764.5788660049(Started 5))(1372200222.1989779472(Advertized((os Linux)(arch X86_64))))))(host((os Linux)(arch X86_64)))(job(Opam((diff(((repo((url"")(repo_url(URL git://github.com/OCamlPro/opam-repository.git))))(label OCamlPro/opam-repository:master)(reference(Ref master)))))(packages(ocamlspot.4.00.1.2.1.2))(target((host((os Linux)(arch X86_64)))(compiler((c_version 4.02.0)(c_build"")))))(action Build)))))