((href https://github.com/OCamlPro/opam-repository/blob/master/packages/spf.1.0.1/opam)(log((1377816632.0243220329(Completed 74((status(Failed((Header_dep_ext spf2/spf_log))(Process(Exited 4)((r_cmd opam)(r_args(install --verbose --yes spf.1.0.1))(r_env(OCAMLRUNPARAM=b HOME=/tmp/ocamlot/ocamlot.work.2013-08-29.211 PATH=/tmp/ocamlot/ocamlot.work.2013-08-29.211/opam-install/system/bin:/tmp/ocamlot/ocamlot.work.2013-08-29.211:/root/worker/ocaml/4.01/bin:/sbin:/bin:/usr/sbin:/usr/bin:/usr/games:/usr/local/sbin:/usr/local/bin:/root/bin MANPATH=/tmp/ocamlot/ocamlot.work.2013-08-29.211/opam-install/system/man: OCAML_TOPLEVEL_PATH=/tmp/ocamlot/ocamlot.work.2013-08-29.211/opam-install/system/lib/toplevel PERL5LIB=/tmp/ocamlot/ocamlot.work.2013-08-29.211/opam-install/system/lib/perl5 OPAMROOT=/tmp/ocamlot/ocamlot.work.2013-08-29.211/opam-install CAML_LD_LIBRARY_PATH=/tmp/ocamlot/ocamlot.work.2013-08-29.211/opam-install/system/lib/stublibs:/root/worker/ocaml/4.01/lib/ocaml/stublibs))(r_cwd /tmp/ocamlot/ocamlot.work.2013-08-29.211)(r_duration 90.463279008865356445)(r_stdout"The following actions will be performed:\n - install ocamlfind.1.4.0 [required by spf]\n - install spf.1.0.1\n2 to install | 0 to reinstall | 0 to upgrade | 0 to downgrade | 0 to remove\n\n=-=-= Installing ocamlfind.1.4.0 =-=-=\nocamlfind.1.4.0 Downloading http://download.camlcity.org/download/findlib-1.4.tar.gz\n  % Total    % Received % Xferd  Average Speed   Time    Time     Time  Current\n                                 Dload  Upload   Total   Spent    Left  Speed\n\r  0     0    0     0    0     0      0      0 --:--:--  0:00:01 --:--:--     0\r  0     0    0     0    0     0      0      0 --:--:--  0:00:02 --:--:--     0\r  0     0    0     0    0     0      0      0 --:--:--  0:00:03 --:--:--     0\r  0     0    0     0    0     0      0      0 --:--:--  0:00:04 --:--:--     0\r  0     0    0     0    0     0      0      0 --:--:--  0:00:05 --:--:--     0\r  0     0    0     0    0     0      0      0 --:--:--  0:00:06 --:--:--     0\r  0     0    0     0    0     0      0      0 --:--:--  0:00:07 --:--:--     0\r  0     0    0     0    0     0      0      0 --:--:--  0:00:08 --:--:--     0\r  0     0    0     0    0     0      0      0 --:--:--  0:00:09 --:--:--     0\r  0     0    0     0    0     0      0      0 --:--:--  0:00:10 --:--:--     0\r  0     0    0     0    0     0      0      0 --:--:--  0:00:11 --:--:--     0\r  0     0    0     0    0     0      0      0 --:--:--  0:00:12 --:--:--     0\r  0     0    0     0    0     0      0      0 --:--:--  0:00:13 --:--:--     0\r  0     0    0     0    0     0      0      0 --:--:--  0:00:14 --:--:--     0\r  0     0    0     0    0     0      0      0 --:--:--  0:00:15 --:--:--     0\r  0     0    0     0    0     0      0      0 --:--:--  0:00:16 --:--:--     0\r  0     0    0     0    0     0      0      0 --:--:--  0:00:17 --:--:--     0\r  0     0    0     0    0     0      0      0 --:--:--  0:00:18 --:--:--     0\r  0     0    0     0    0     0      0      0 --:--:--  0:00:19 --:--:--     0\r  0     0    0     0    0     0      0      0 --:--:--  0:00:20 --:--:--     0\r  0     0    0     0    0     0      0      0 --:--:--  0:00:21 --:--:--     0\r  0     0    0     0    0     0      0      0 --:--:--  0:00:22 --:--:--     0\r  0     0    0     0    0     0      0      0 --:--:--  0:00:23 --:--:--     0\r  0     0    0     0    0     0      0      0 --:--:--  0:00:24 --:--:--     0\r  0     0    0     0    0     0      0      0 --:--:--  0:00:25 --:--:--     0\r  0     0    0     0    0     0      0      0 --:--:--  0:00:26 --:--:--     0\r  0     0    0     0    0     0      0      0 --:--:--  0:00:27 --:--:--     0\r  0     0    0     0    0     0      0      0 --:--:--  0:00:28 --:--:--     0\r  0     0    0     0    0     0      0      0 --:--:--  0:00:29 --:--:--     0\r  0     0    0     0    0     0      0      0 --:--:--  0:00:30 --:--:--     0\r  0     0    0     0    0     0      0      0 --:--:--  0:00:31 --:--:--     0\r  0     0    0     0    0     0      0      0 --:--:--  0:00:32 --:--:--     0\r  0     0    0     0    0     0      0      0 --:--:--  0:00:33 --:--:--     0\r  0     0    0     0    0     0      0      0 --:--:--  0:00:34 --:--:--     0\r  0     0    0     0    0     0      0      0 --:--:--  0:00:35 --:--:--     0\r  0     0    0     0    0     0      0      0 --:--:--  0:00:36 --:--:--     0\r  0     0    0     0    0     0      0      0 --:--:--  0:00:37 --:--:--     0\r  0     0    0     0    0     0      0      0 --:--:--  0:00:38 --:--:--     0\r  0     0    0     0    0     0      0      0 --:--:--  0:00:39 --:--:--     0\r  0     0    0     0    0     0      0      0 --:--:--  0:00:40 --:--:--     0\r  0     0    0     0    0     0      0      0 --:--:--  0:00:41 --:--:--     0\r  0     0    0     0    0     0      0      0 --:--:--  0:00:42 --:--:--     0\r  0     0    0     0    0     0      0      0 --:--:--  0:00:43 --:--:--     0\r  0     0    0     0    0     0      0      0 --:--:--  0:00:44 --:--:--     0\r  0     0    0     0    0     0      0      0 --:--:--  0:00:45 --:--:--     0\r  0     0    0     0    0     0      0      0 --:--:--  0:00:46 --:--:--     0\r  0     0    0     0    0     0      0      0 --:--:--  0:00:47 --:--:--     0\r  0     0    0     0    0     0      0      0 --:--:--  0:00:48 --:--:--     0\r  0     0    0     0    0     0      0      0 --:--:--  0:00:49 --:--:--     0\r  0     0    0     0    0     0      0      0 --:--:--  0:00:50 --:--:--     0\r  0     0    0     0    0     0      0      0 --:--:--  0:00:51 --:--:--     0\r  0     0    0     0    0     0      0      0 --:--:--  0:00:52 --:--:--     0\r  0     0    0     0    0     0      0      0 --:--:--  0:00:53 --:--:--     0\r  0     0    0     0    0     0      0      0 --:--:--  0:00:54 --:--:--     0\r  0     0    0     0    0     0      0      0 --:--:--  0:00:55 --:--:--     0\r  0     0    0     0    0     0      0      0 --:--:--  0:00:56 --:--:--     0\r  0     0    0     0    0     0      0      0 --:--:--  0:00:57 --:--:--     0\r  0     0    0     0    0     0      0      0 --:--:--  0:00:58 --:--:--     0\r  0     0    0     0    0     0      0      0 --:--:--  0:00:59 --:--:--     0\r  0     0    0     0    0     0      0      0 --:--:--  0:01:00 --:--:--     0\r  0     0    0     0    0     0      0      0 --:--:--  0:01:01 --:--:--     0\r  0     0    0     0    0     0      0      0 --:--:--  0:01:02 --:--:--     0\r  0     0    0     0    0     0      0      0 --:--:--  0:01:03 --:--:--     0\r  0     0    0     0    0     0      0      0 --:--:--  0:01:04 --:--:--     0\r  0     0    0     0    0     0      0      0 --:--:--  0:01:05 --:--:--     0\r  0     0    0     0    0     0      0      0 --:--:--  0:01:06 --:--:--     0\r  0     0    0     0    0     0      0      0 --:--:--  0:01:07 --:--:--     0\r  0     0    0     0    0     0      0      0 --:--:--  0:01:08 --:--:--     0\r  0     0    0     0    0     0      0      0 --:--:--  0:01:09 --:--:--     0\r  0     0    0     0    0     0      0      0 --:--:--  0:01:10 --:--:--     0\r  0     0    0     0    0     0      0      0 --:--:--  0:01:11 --:--:--     0\r  0     0    0     0    0     0      0      0 --:--:--  0:01:12 --:--:--     0\r  0     0    0     0    0     0      0      0 --:--:--  0:01:13 --:--:--     0\r  0     0    0     0    0     0      0      0 --:--:--  0:01:14 --:--:--     0\r  5  226k    5 13472    0     0    178      0  0:21:40  0:01:15  0:20:25  2813\r100  226k  100  226k    0     0   3032      0  0:01:16  0:01:16 --:--:-- 50233\n200\nCopying /tmp/ocamlot/ocamlot.work.2013-08-29.211/opam-install/packages/ocamlfind/ocamlfind.1.4.0/files/ocamlfind.install to /tmp/ocamlot/ocamlot.work.2013-08-29.211/opam-install/system/build/ocamlfind.1.4.0/\nBuilding ocamlfind.1.4.0:\n  ./configure -bindir /tmp/ocamlot/ocamlot.work.2013-08-29.211/opam-install/system/bin -sitelib /tmp/ocamlot/ocamlot.work.2013-08-29.211/opam-install/system/lib -mandir /tmp/ocamlot/ocamlot.work.2013-08-29.211/opam-install/system/man -config /tmp/ocamlot/ocamlot.work.2013-08-29.211/opam-install/system/lib/findlib.conf -no-topfind\n  gmake all\n  gmake opt\n  gmake install\nWelcome to findlib version 1.4\nConfiguring core...\nChecking for #remove_directory...\nTesting threading model...\nsysthread_supported: true\nTesting DLLs...\nConfiguring libraries...\nnative dynlink: found\nlabltk: found\nocamlbuild: found\ncamlp4: using camlp4, style 310\ncompiler-libs: found\ndbm: not present (normal since OCaml-4.00)\nConfiguration for dynlink written to site-lib-src/dynlink/META\nConfiguration for graphics written to site-lib-src/graphics/META\nConfiguration for num written to site-lib-src/num/META\nConfiguration for num-top written to site-lib-src/num-top/META\nConfiguration for str written to site-lib-src/str/META\nConfiguration for threads written to site-lib-src/threads/META\nConfiguration for unix written to site-lib-src/unix/META\nConfiguration for stdlib written to site-lib-src/stdlib/META\nConfiguration for bigarray written to site-lib-src/bigarray/META\nConfiguration for labltk written to site-lib-src/labltk/META\nConfiguration for camlp4 written to site-lib-src/camlp4/META\nConfiguration for ocamlbuild written to site-lib-src/ocamlbuild/META\nConfiguration for compiler-libs written to site-lib-src/compiler-libs/META\nDetecting compiler arguments: (extractor built) ok\n\nAbout the OCAML core installation:\n    Standard library:      /root/worker/ocaml/4.01/lib/ocaml\n    Binaries:              /root/worker/ocaml/4.01/bin\n    Manual pages:          /root/worker/ocaml/4.01/man\n    Multi-threading type:  posix\nThe directory of site-specific packages will be\n    site-lib:              /tmp/ocamlot/ocamlot.work.2013-08-29.211/opam-install/system/lib\nThe configuration file is written to:\n    findlib config file:   /tmp/ocamlot/ocamlot.work.2013-08-29.211/opam-install/system/lib/findlib.conf\nSoftware will be installed:\n    Libraries:             in <site-lib>/findlib\n    Binaries:              /tmp/ocamlot/ocamlot.work.2013-08-29.211/opam-install/system/bin\n    Manual pages:          /tmp/ocamlot/ocamlot.work.2013-08-29.211/opam-install/system/man\n    topfind script:        omitted\nToolbox:                   no\nLink custom runtime:       yes\n\nConfiguration has been written to Makefile.config\n\nYou can now do 'make all', and optionally 'make opt', to build ocamlfind.\nfor p in findlib; do ( cd src/$p; gmake all ); done\ngmake[1]: Entering directory `/tmp/ocamlot/ocamlot.work.2013-08-29.211/opam-install/system/build/ocamlfind.1.4.0/src/findlib'\nMakefile:147: ocamllex fl_meta.mll\ndepend: No such file or directory\n22 states, 392 transitions, table size 1700 bytes\nocamldep *.ml *.mli >depend\ngmake[1]: Leaving directory `/tmp/ocamlot/ocamlot.work.2013-08-29.211/opam-install/system/build/ocamlfind.1.4.0/src/findlib'\ngmake[1]: Entering directory `/tmp/ocamlot/ocamlot.work.2013-08-29.211/opam-install/system/build/ocamlfind.1.4.0/src/findlib'\nUSE_CYGPATH=\"0\"; \\\nexport USE_CYGPATH; \\\ncat findlib_config.mlp | \\\n\t../../tools/patch '@CONFIGFILE@' '/tmp/ocamlot/ocamlot.work.2013-08-29.211/opam-install/system/lib/findlib.conf' | \\\n\t../../tools/patch '@STDLIB@' '/root/worker/ocaml/4.01/lib/ocaml' | \\\n\tsed -e 's;@AUTOLINK@;true;g' \\\n\t    -e 's;@SYSTEM@;freebsd;g' \\\n\t     >findlib_config.ml\nocamlc -I +compiler-libs -g -c findlib_config.ml\nocamlc -I +compiler-libs -g -c fl_split.ml\nocamlc -I +compiler-libs -g -c fl_metatoken.ml\nocamlc -I +compiler-libs -g -c fl_meta.ml\nocamlc -I +compiler-libs -c fl_metascanner.mli\nocamlc -I +compiler-libs -g -c fl_metascanner.ml\nocamlc -I +compiler-libs -c fl_topo.mli\nocamlc -I +compiler-libs -g -c fl_topo.ml\nFile \"fl_topo.ml\", line 283, characters 10-22:\nWarning 26: unused variable in_direction.\nFile \"fl_topo.ml\", line 219, characters 36-37:\nWarning 3: deprecated feature: operator (&); you should use (&&) instead\nocamlc -I +compiler-libs -c fl_package_base.mli\nocamlc -I +compiler-libs -g -c fl_package_base.ml\nocamlc -I +compiler-libs -c findlib.mli\nocamlc -I +compiler-libs -g -c findlib.ml\nocamlc -I +compiler-libs -g -c fl_args.ml\nocamlc -I +compiler-libs -a -o findlib.cma findlib_config.cmo fl_split.cmo fl_metatoken.cmo fl_meta.cmo fl_metascanner.cmo fl_topo.cmo fl_package_base.cmo findlib.cmo fl_args.cmo\nocamlc -I +compiler-libs -g -c ocaml_args.ml\nocamlc -I +compiler-libs -g -c frontend.ml\nocamlc -I +compiler-libs -custom -o ocamlfind -g findlib.cma unix.cma \\\n           ocaml_args.cmo frontend.cmo\nocamlc -I +compiler-libs -c topfind.mli\nocamlc -I +compiler-libs -g -c topfind.ml\nFile \"topfind.ml\", line 54, characters 10-19:\nWarning 26: unused variable stdlibdir.\nFile \"topfind.ml\", line 97, characters 11-12:\nWarning 26: unused variable d.\nocamlc -I +compiler-libs -a -o findlib_top.cma topfind.cmo\nUSE_CYGPATH=\"0\"; \\\nexport USE_CYGPATH; \\\ncat topfind_rd1.p | \\\n\t../../tools/patch '@SITELIB@' '/tmp/ocamlot/ocamlot.work.2013-08-29.211/opam-install/system/lib' \\\n    \t    >topfind\nocamlc -I +compiler-libs -c num_top_printers.mli\nocamlc -I +compiler-libs -g -c num_top_printers.ml\nocamlc -I +compiler-libs -c num_top.mli\nocamlc -I +compiler-libs -g -c num_top.ml\nocamlc -I +compiler-libs -a -o num_top.cma num_top_printers.cmo num_top.cmo\ngmake[1]: Leaving directory `/tmp/ocamlot/ocamlot.work.2013-08-29.211/opam-install/system/build/ocamlfind.1.4.0/src/findlib'\ngmake all-config\ngmake[1]: Entering directory `/tmp/ocamlot/ocamlot.work.2013-08-29.211/opam-install/system/build/ocamlfind.1.4.0'\nUSE_CYGPATH=\"0\"; \\\nexport USE_CYGPATH; \\\ncat findlib.conf.in | \\\n\ttools/patch '@SITELIB@' '/tmp/ocamlot/ocamlot.work.2013-08-29.211/opam-install/system/lib' >findlib.conf\nif ocamlc.opt >/dev/null 2>&1; then \\\n\techo 'ocamlc=\"ocamlc.opt\"' >>findlib.conf; \\\nfi\nif ocamlopt.opt >/dev/null 2>&1; then \\\n\techo 'ocamlopt=\"ocamlopt.opt\"' >>findlib.conf; \\\nfi\nif ocamldep.opt >/dev/null 2>&1; then \\\n\techo 'ocamldep=\"ocamldep.opt\"' >>findlib.conf; \\\nfi\nif ocamldoc.opt >/dev/null 2>&1; then \\\n\techo 'ocamldoc=\"ocamldoc.opt\"' >>findlib.conf; \\\nfi\ngmake[1]: Leaving directory `/tmp/ocamlot/ocamlot.work.2013-08-29.211/opam-install/system/build/ocamlfind.1.4.0'\nfor p in findlib; do ( cd src/$p; gmake opt ); done\ngmake[1]: Entering directory `/tmp/ocamlot/ocamlot.work.2013-08-29.211/opam-install/system/build/ocamlfind.1.4.0/src/findlib'\nocamldep *.ml *.mli >depend\ngmake[1]: Leaving directory `/tmp/ocamlot/ocamlot.work.2013-08-29.211/opam-install/system/build/ocamlfind.1.4.0/src/findlib'\ngmake[1]: Entering directory `/tmp/ocamlot/ocamlot.work.2013-08-29.211/opam-install/system/build/ocamlfind.1.4.0/src/findlib'\nocamlopt -I +compiler-libs -c findlib_config.ml\nocamlopt -I +compiler-libs -c fl_split.ml\nocamlopt -I +compiler-libs -c fl_metatoken.ml\nocamlopt -I +compiler-libs -c fl_meta.ml\nocamlopt -I +compiler-libs -c fl_metascanner.ml\nocamlopt -I +compiler-libs -c fl_topo.ml\nFile \"fl_topo.ml\", line 283, characters 10-22:\nWarning 26: unused variable in_direction.\nFile \"fl_topo.ml\", line 219, characters 36-37:\nWarning 3: deprecated feature: operator (&); you should use (&&) instead\nocamlopt -I +compiler-libs -c fl_package_base.ml\nocamlopt -I +compiler-libs -c findlib.ml\nocamlopt -I +compiler-libs -c fl_args.ml\nocamlopt -I +compiler-libs -a -o findlib.cmxa findlib_config.cmx fl_split.cmx fl_metatoken.cmx fl_meta.cmx fl_metascanner.cmx fl_topo.cmx fl_package_base.cmx findlib.cmx fl_args.cmx\nocamlopt -I +compiler-libs -c ocaml_args.ml\nocamlopt -I +compiler-libs -c frontend.ml\nocamlopt -I +compiler-libs -o ocamlfind_opt findlib.cmxa unix.cmxa \\\n\t   ocaml_args.cmx frontend.cmx\ngmake[1]: Leaving directory `/tmp/ocamlot/ocamlot.work.2013-08-29.211/opam-install/system/build/ocamlfind.1.4.0/src/findlib'\nmkdir -p \"/tmp/ocamlot/ocamlot.work.2013-08-29.211/opam-install/system/bin\"\nmkdir -p \"/tmp/ocamlot/ocamlot.work.2013-08-29.211/opam-install/system/man\"\nfor p in findlib; do ( cd src/$p; gmake install ); done\ngmake[1]: Entering directory `/tmp/ocamlot/ocamlot.work.2013-08-29.211/opam-install/system/build/ocamlfind.1.4.0/src/findlib'\nmkdir -p \"/tmp/ocamlot/ocamlot.work.2013-08-29.211/opam-install/system/lib/findlib\"\nmkdir -p \"/tmp/ocamlot/ocamlot.work.2013-08-29.211/opam-install/system/bin\"\ntest 0 -eq 0 || cp topfind \"/root/worker/ocaml/4.01/lib/ocaml\"\nfiles=`../../tools/collect_files ../../Makefile.config findlib.cmi findlib.mli findlib.cma topfind.cmi topfind.mli fl_package_base.mli fl_package_base.cmi fl_metascanner.mli fl_metascanner.cmi fl_metatoken.cmi findlib_top.cma findlib.cmxa findlib.a META` && \\\ncp $files \"/tmp/ocamlot/ocamlot.work.2013-08-29.211/opam-install/system/lib/findlib\"\nf=\"ocamlfind\"; { test -f ocamlfind_opt && f=\"ocamlfind_opt\"; }; \\\ncp $f \"/tmp/ocamlot/ocamlot.work.2013-08-29.211/opam-install/system/bin/ocamlfind\"\n# the following \"if\" block is only needed for 4.00beta2\nif [ 1 -eq 0 -a -f \"/root/worker/ocaml/4.01/lib/ocaml/compiler-libs/topdirs.cmi\" ]; then \\\n    cd \"/root/worker/ocaml/4.01/lib/ocaml/compiler-libs/\"; \\\n    cp topdirs.cmi toploop.cmi \"/tmp/ocamlot/ocamlot.work.2013-08-29.211/opam-install/system/lib/findlib/\"; \\\nfi\ngmake[1]: Leaving directory `/tmp/ocamlot/ocamlot.work.2013-08-29.211/opam-install/system/build/ocamlfind.1.4.0/src/findlib'\ngmake install-meta\ngmake[1]: Entering directory `/tmp/ocamlot/ocamlot.work.2013-08-29.211/opam-install/system/build/ocamlfind.1.4.0'\nfor x in `ls site-lib-src`; do if [ \"$x\" != \"CVS\" -a -f \"site-lib-src/$x/META\" ]; then mkdir -p \"/tmp/ocamlot/ocamlot.work.2013-08-29.211/opam-install/system/lib/$x\"; cp site-lib-src/$x/META \"/tmp/ocamlot/ocamlot.work.2013-08-29.211/opam-install/system/lib/$x\"; fi; done\ngmake[1]: Leaving directory `/tmp/ocamlot/ocamlot.work.2013-08-29.211/opam-install/system/build/ocamlfind.1.4.0'\ncd src/findlib; gmake install-num-top\ngmake[1]: Entering directory `/tmp/ocamlot/ocamlot.work.2013-08-29.211/opam-install/system/build/ocamlfind.1.4.0/src/findlib'\nmkdir -p \"/tmp/ocamlot/ocamlot.work.2013-08-29.211/opam-install/system/lib/num-top\"\ncp num_top.cma num_top.cmi num_top_printers.cmi \\\n\t\"/tmp/ocamlot/ocamlot.work.2013-08-29.211/opam-install/system/lib/num-top\"\ngmake[1]: Leaving directory `/tmp/ocamlot/ocamlot.work.2013-08-29.211/opam-install/system/build/ocamlfind.1.4.0/src/findlib'\ngmake install-config\ngmake[1]: Entering directory `/tmp/ocamlot/ocamlot.work.2013-08-29.211/opam-install/system/build/ocamlfind.1.4.0'\nmkdir -p \"`dirname \\\"/tmp/ocamlot/ocamlot.work.2013-08-29.211/opam-install/system/lib/findlib.conf\\\"`\"\ntest -f \"/tmp/ocamlot/ocamlot.work.2013-08-29.211/opam-install/system/lib/findlib.conf\" || cp findlib.conf \"/tmp/ocamlot/ocamlot.work.2013-08-29.211/opam-install/system/lib/findlib.conf\"\ngmake[1]: Leaving directory `/tmp/ocamlot/ocamlot.work.2013-08-29.211/opam-install/system/build/ocamlfind.1.4.0'\ncp tools/safe_camlp4 \"/tmp/ocamlot/ocamlot.work.2013-08-29.211/opam-install/system/bin\"\ngmake install-doc\ngmake[1]: Entering directory `/tmp/ocamlot/ocamlot.work.2013-08-29.211/opam-install/system/build/ocamlfind.1.4.0'\nmkdir -p /tmp/ocamlot/ocamlot.work.2013-08-29.211/opam-install/system/man/man1 /tmp/ocamlot/ocamlot.work.2013-08-29.211/opam-install/system/man/man3 /tmp/ocamlot/ocamlot.work.2013-08-29.211/opam-install/system/man/man5\ncp doc/ref-man/ocamlfind.1 /tmp/ocamlot/ocamlot.work.2013-08-29.211/opam-install/system/man/man1\ncp doc/ref-man/META.5 doc/ref-man/site-lib.5 doc/ref-man/findlib.conf.5 /tmp/ocamlot/ocamlot.work.2013-08-29.211/opam-install/system/man/man5\ngmake[1]: Leaving directory `/tmp/ocamlot/ocamlot.work.2013-08-29.211/opam-install/system/build/ocamlfind.1.4.0'\nInstalling ocamlfind.1.4.0.\n\n=-=-= Installing spf.1.0.1 =-=-=\nspf.1.0.1  Downloading https://forge.ocamlcore.org/frs/download.php/1112/ocaml-spf-1.0.1.tar.gz\n  % Total    % Received % Xferd  Average Speed   Time    Time     Time  Current\n                                 Dload  Upload   Total   Spent    Left  Speed\n\r  0     0    0     0    0     0      0      0 --:--:-- --:--:-- --:--:--     0\r 38 42451   38 16384    0     0  19459      0  0:00:02 --:--:--  0:00:02 22170\r100 42451  100 42451    0     0  45267      0 --:--:-- --:--:-- --:--:-- 50839\n200\nBuilding spf.1.0.1:\n  ocaml setup.ml -configure --prefix /tmp/ocamlot/ocamlot.work.2013-08-29.211/opam-install/system\n  ocaml setup.ml -build\n  ocaml setup.ml -install\n\nConfiguration: \nocamlfind: ........................................... /tmp/ocamlot/ocamlot.work.2013-08-29.211/opam-install/system/bin/ocamlfind\nocamlc: .............................................. /root/worker/ocaml/4.01/bin/ocamlc.opt\nocamlopt: ............................................ /root/worker/ocaml/4.01/bin/ocamlopt.opt\nocamlbuild: .......................................... /root/worker/ocaml/4.01/bin/ocamlbuild\nPackage name: ........................................ spf\nPackage version: ..................................... 1.0.0\nos_type: ............................................. Unix\nsystem: .............................................. freebsd\narchitecture: ........................................ amd64\nccomp_type: .......................................... cc\nocaml_version: ....................................... 4.01.0\nstandard_library_default: ............................ /root/worker/ocaml/4.01/lib/ocaml\nstandard_library: .................................... /root/worker/ocaml/4.01/lib/ocaml\nstandard_runtime: .................................... /root/worker/ocaml/4.01/bin/ocamlrun\nbytecomp_c_compiler: ................................. gcc -fno-defer-pop -Wall -D_FILE_OFFSET_BITS=64 -D_REENTRANT -D_THREAD_SAFE -fPIC\nnative_c_compiler: ................................... gcc -Wall -D_FILE_OFFSET_BITS=64 -D_REENTRANT -D_THREAD_SAFE\nmodel: ............................................... default\next_obj: ............................................. .o\next_asm: ............................................. .s\next_lib: ............................................. .a\next_dll: ............................................. .so\ndefault_executable_name: ............................. a.out\nsysthread_supported: ................................. true\nInstall architecture-independent files dir: .......... /tmp/ocamlot/ocamlot.work.2013-08-29.211/opam-install/system\nInstall architecture-dependent files in dir: ......... $prefix\nUser executables: .................................... $exec_prefix/bin\nSystem admin executables: ............................ $exec_prefix/sbin\nProgram executables: ................................. $exec_prefix/libexec\nRead-only single-machine data: ....................... $prefix/etc\nModifiable architecture-independent data: ............ $prefix/com\nModifiable single-machine data: ...................... $prefix/var\nObject code libraries: ............................... $exec_prefix/lib\nRead-only arch-independent data root: ................ $prefix/share\nRead-only architecture-independent data: ............. $datarootdir\nInfo documentation: .................................. $datarootdir/info\nLocale-dependent data: ............................... $datarootdir/locale\nMan documentation: ................................... $datarootdir/man\nDocumentation root: .................................. $datarootdir/doc/$pkg_name\nHTML documentation: .................................. $docdir\nDVI documentation: ................................... $docdir\nPDF documentation: ................................... $docdir\nPS documentation: .................................... $docdir\nfindlib_version: ..................................... 1.4\nis_native: ........................................... true\nsuffix_program: ...................................... \nRemove a file.: ...................................... rm -f\nRemove a directory.: ................................. rm -rf\nTurn ocaml debug flag on: ............................ true\nTurn ocaml profile flag on: .......................... false\nCompiler support generation of .cmxs.: ............... true\nOCamlbuild additional flags: ......................... \nCreate documentations: ............................... true\nCompile tests executable and library and run them: ... false\npkg_unix: ............................................ /root/worker/ocaml/4.01/lib/ocaml\nocamldoc: ............................................ /root/worker/ocaml/4.01/bin/ocamldoc\n\n/root/worker/ocaml/4.01/bin/ocamlopt.opt -I /root/worker/ocaml/4.01/lib/ocaml/ocamlbuild unix.cmxa /root/worker/ocaml/4.01/lib/ocaml/ocamlbuild/ocamlbuildlib.cmxa myocamlbuild.ml /root/worker/ocaml/4.01/lib/ocaml/ocamlbuild/ocamlbuild.cmx -o myocamlbuild\nocamlfind ocamlc -ccopt -Wall -ccopt -Werror -c lib/spf_stubs.c\n+ ocamlfind ocamlc -ccopt -Wall -ccopt -Werror -c lib/spf_stubs.c\nlib/spf_stubs.c:8:22: error: spf2/spf.h: No such file or directory\nlib/spf_stubs.c:9:29: error: spf2/spf_server.h: No such file or directory\nlib/spf_stubs.c:10:30: error: spf2/spf_request.h: No such file or directory\nlib/spf_stubs.c:11:31: error: spf2/spf_response.h: No such file or directory\nlib/spf_stubs.c:12:26: error: spf2/spf_dns.h: No such file or directory\nlib/spf_stubs.c:13:26: error: spf2/spf_log.h: No such file or directory\nlib/spf_stubs.c: In function 'dns_type_of_val':\nlib/spf_stubs.c:31: error: 'SPF_DNS_RESOLV' undeclared (first use in this function)\nlib/spf_stubs.c:31: error: (Each undeclared identifier is reported only once\nlib/spf_stubs.c:31: error: for each function it appears in.)\nlib/spf_stubs.c:33: error: 'SPF_DNS_CACHE' undeclared (first use in this function)\nlib/spf_stubs.c:35: error: 'SPF_DNS_ZONE' undeclared (first use in this function)\nlib/spf_stubs.c: In function 'caml_spf_server_new':\nlib/spf_stubs.c:53: error: 'SPF_server_t' undeclared (first use in this function)\nlib/spf_stubs.c:53: error: 'server' undeclared (first use in this function)\ncc1: warnings being treated as errors\nlib/spf_stubs.c:61: warning: implicit declaration of function 'SPF_server_new'\nlib/spf_stubs.c: In function 'caml_spf_server_free':\nlib/spf_stubs.c:72: error: 'SPF_server_t' undeclared (first use in this function)\nlib/spf_stubs.c:72: error: 'server' undeclared (first use in this function)\nlib/spf_stubs.c:72: error: expected expression before ')' token\nlib/spf_stubs.c:73: warning: implicit declaration of function 'SPF_server_free'\nlib/spf_stubs.c: In function 'caml_spf_request_new':\nlib/spf_stubs.c:81: error: 'SPF_server_t' undeclared (first use in this function)\nlib/spf_stubs.c:81: error: 'server' undeclared (first use in this function)\nlib/spf_stubs.c:81: error: expected expression before ')' token\nlib/spf_stubs.c:82: error: 'SPF_request_t' undeclared (first use in this function)\nlib/spf_stubs.c:82: error: 'req' undeclared (first use in this function)\nlib/spf_stubs.c:84: warning: implicit declaration of function 'SPF_request_new'\nlib/spf_stubs.c: In function 'caml_spf_request_free':\nlib/spf_stubs.c:95: error: 'SPF_request_t' undeclared (first use in this function)\nlib/spf_stubs.c:95: error: 'req' undeclared (first use in this function)\nlib/spf_stubs.c:95: error: expected expression before ')' token\nlib/spf_stubs.c:96: warning: implicit declaration of function 'SPF_request_free'\nlib/spf_stubs.c: In function 'spf_get_sockaddr':\nlib/spf_stubs.c:110: error: 'AF_INET' undeclared (first use in this function)\nlib/spf_stubs.c:118: error: 'AF_INET6' undeclared (first use in this function)\nlib/spf_stubs.c: In function 'caml_spf_request_set_inet_addr':\nlib/spf_stubs.c:132: error: 'SPF_request_t' undeclared (first use in this function)\nlib/spf_stubs.c:132: error: 'req' undeclared (first use in this function)\nlib/spf_stubs.c:132: error: expected expression before ')' token\nlib/spf_stubs.c:135: error: 'SPF_errcode_t' undeclared (first use in this function)\nlib/spf_stubs.c:135: error: expected ';' before 'e'\nlib/spf_stubs.c:139: error: 'AF_INET' undeclared (first use in this function)\nlib/spf_stubs.c:140: error: 'e' undeclared (first use in this function)\nlib/spf_stubs.c:140: warning: implicit declaration of function 'SPF_request_set_ipv4'\nlib/spf_stubs.c:142: error: 'AF_INET6' undeclared (first use in this function)\nlib/spf_stubs.c:143: warning: implicit declaration of function 'SPF_request_set_ipv6'\nlib/spf_stubs.c:146: error: 'SPF_E_SUCCESS' undeclared (first use in this function)\nlib/spf_stubs.c:147: warning: implicit declaration of function 'SPF_strerror'\nlib/spf_stubs.c:147: warning: passing argument 1 of 'spf_error' makes pointer from integer without a cast\nlib/spf_stubs.c: In function 'caml_spf_request_set_ipv4_str':\nlib/spf_stubs.c:167: error: 'SPF_request_t' undeclared (first use in this function)\nlib/spf_stubs.c:167: error: 'req' undeclared (first use in this function)\nlib/spf_stubs.c:167: error: expected expression before ')' token\nlib/spf_stubs.c:167: error: 'SPF_errcode_t' undeclared (first use in this function)\nlib/spf_stubs.c:167: error: expected ';' before 'err'\nlib/spf_stubs.c:167: error: 'err' undeclared (first use in this function)\nlib/spf_stubs.c:167: warning: implicit declaration of function 'SPF_request_set_ipv4_str'\nlib/spf_stubs.c:167: error: 'SPF_E_SUCCESS' undeclared (first use in this function)\nlib/spf_stubs.c:167: warning: passing argument 1 of 'spf_error' makes pointer from integer without a cast\nlib/spf_stubs.c: In function 'caml_spf_request_set_ipv6_str':\nlib/spf_stubs.c:168: error: 'SPF_request_t' undeclared (first use in this function)\nlib/spf_stubs.c:168: error: 'req' undeclared (first use in this function)\nlib/spf_stubs.c:168: error: expected expression before ')' token\nlib/spf_stubs.c:168: error: 'SPF_errcode_t' undeclared (first use in this function)\nlib/spf_stubs.c:168: error: expected ';' before 'err'\nlib/spf_stubs.c:168: error: 'err' undeclared (first use in this function)\nlib/spf_stubs.c:168: warning: implicit declaration of function 'SPF_request_set_ipv6_str'\nlib/spf_stubs.c:168: error: 'SPF_E_SUCCESS' undeclared (first use in this function)\nlib/spf_stubs.c:168: warning: passing argument 1 of 'spf_error' makes pointer from integer without a cast\nlib/spf_stubs.c: In function 'caml_spf_request_set_helo_dom':\nlib/spf_stubs.c:169: error: 'SPF_request_t' undeclared (first use in this function)\nlib/spf_stubs.c:169: error: 'req' undeclared (first use in this function)\nlib/spf_stubs.c:169: error: expected expression before ')' token\nlib/spf_stubs.c:169: error: 'SPF_errcode_t' undeclared (first use in this function)\nlib/spf_stubs.c:169: error: expected ';' before 'err'\nlib/spf_stubs.c:169: error: 'err' undeclared (first use in this function)\nlib/spf_stubs.c:169: warning: implicit declaration of function 'SPF_request_set_helo_dom'\nlib/spf_stubs.c:169: error: 'SPF_E_SUCCESS' undeclared (first use in this function)\nlib/spf_stubs.c:169: warning: passing argument 1 of 'spf_error' makes pointer from integer without a cast\nlib/spf_stubs.c: In function 'caml_spf_request_set_env_from':\nlib/spf_stubs.c:170: error: 'SPF_request_t' undeclared (first use in this function)\nlib/spf_stubs.c:170: error: 'req' undeclared (first use in this function)\nlib/spf_stubs.c:170: error: expected expression before ')' token\nlib/spf_stubs.c:170: error: 'SPF_errcode_t' undeclared (first use in this function)\nlib/spf_stubs.c:170: error: expected ';' before 'err'\nlib/spf_stubs.c:170: error: 'err' undeclared (first use in this function)\nlib/spf_stubs.c:170: warning: implicit declaration of function 'SPF_request_set_env_from'\nlib/spf_stubs.c:170: error: 'SPF_E_SUCCESS' undeclared (first use in this function)\nlib/spf_stubs.c:170: warning: passing argument 1 of 'spf_error' makes pointer from integer without a cast\nlib/spf_stubs.c: At top level:\nlib/spf_stubs.c:173: error: expected ')' before 'r'\nlib/spf_stubs.c: In function 'caml_spf_request_query_mailfrom':\nlib/spf_stubs.c:205: error: 'SPF_request_t' undeclared (first use in this function)\nlib/spf_stubs.c:205: error: 'req' undeclared (first use in this function)\nlib/spf_stubs.c:205: error: expected expression before ')' token\nlib/spf_stubs.c:206: error: 'SPF_response_t' undeclared (first use in this function)\nlib/spf_stubs.c:206: error: 'resp' undeclared (first use in this function)\nlib/spf_stubs.c:207: error: 'SPF_result_t' undeclared (first use in this function)\nlib/spf_stubs.c:207: error: expected ';' before 'result'\nlib/spf_stubs.c:210: warning: implicit declaration of function 'SPF_request_query_mailfrom'\nlib/spf_stubs.c:215: error: 'result' undeclared (first use in this function)\nlib/spf_stubs.c:215: warning: implicit declaration of function 'SPF_response_result'\nlib/spf_stubs.c:216: warning: implicit declaration of function 'tag_of_result'\nlib/spf_stubs.c:219: error: 'SPF_RESULT_FAIL' undeclared (first use in this function)\nlib/spf_stubs.c:220: error: 'SPF_RESULT_SOFTFAIL' undeclared (first use in this function)\nlib/spf_stubs.c:221: error: 'SPF_RESULT_NEUTRAL' undeclared (first use in this function)\nlib/spf_stubs.c:223: warning: implicit declaration of function 'SPF_response_get_smtp_comment'\nlib/spf_stubs.c:223: warning: passing argument 1 of 'caml_copy_string' makes pointer from integer without a cast\nlib/spf_stubs.c:225: warning: implicit declaration of function 'SPF_response_get_explanation'\nlib/spf_stubs.c:225: warning: passing argument 1 of 'caml_copy_string' makes pointer from integer without a cast\nlib/spf_stubs.c:231: error: 'SPF_RESULT_INVALID' undeclared (first use in this function)\nlib/spf_stubs.c:232: error: 'SPF_RESULT_PASS' undeclared (first use in this function)\nlib/spf_stubs.c:233: error: 'SPF_RESULT_TEMPERROR' undeclared (first use in this function)\nlib/spf_stubs.c:234: error: 'SPF_RESULT_PERMERROR' undeclared (first use in this function)\nlib/spf_stubs.c:235: error: 'SPF_RESULT_NONE' undeclared (first use in this function)\nlib/spf_stubs.c:240: warning: implicit declaration of function 'SPF_response_reason'\nlib/spf_stubs.c:247: warning: implicit declaration of function 'SPF_response_get_received_spf'\nlib/spf_stubs.c:247: warning: assignment makes pointer from integer without a cast\nlib/spf_stubs.c:249: warning: implicit declaration of function 'SPF_response_get_received_spf_value'\nlib/spf_stubs.c:249: warning: assignment makes pointer from integer without a cast\nlib/spf_stubs.c:251: warning: implicit declaration of function 'SPF_response_get_header_comment'\nlib/spf_stubs.c:251: warning: assignment makes pointer from integer without a cast\nlib/spf_stubs.c:254: warning: implicit declaration of function 'SPF_response_free'\nlib/spf_stubs.c: In function 'caml_spf_strreason':\nlib/spf_stubs.c:263: warning: implicit declaration of function 'SPF_strreason'\nlib/spf_stubs.c:263: warning: passing argument 1 of 'caml_copy_string' makes pointer from integer without a cast\nCommand exited with code 2.\nE: Failure(\"Command ''/root/worker/ocaml/4.01/bin/ocamlbuild' lib/libspf_stubs.a lib/dllspf_stubs.so lib/spf.cma lib/spf.cmxa lib/spf.a lib/spf.cmxs lib_test/test.native -tag debug' terminated with error code 10\")\nRemoving spf.1.0.1.\n  ocamlfind remove spf\nocamlfind: [WARNING] No such directory: /tmp/ocamlot/ocamlot.work.2013-08-29.211/opam-install/system/lib/spf\n\n")(r_stderr"The compilation of spf.1.0.1 failed.\n\n==== ERROR [while installing spf.1.0.1] ====\n# opam-version    1.1.0 (34a478af7c6a03e24d87964e422c0c03f7b8eb61)\n# os              freebsd\n# command         ocaml setup.ml -build\n# path            /tmp/ocamlot/ocamlot.work.2013-08-29.211/opam-install/system/build/spf.1.0.1\n# compiler        system (4.01.0)\n# exit-code       1\n# env-file        /tmp/ocamlot/ocamlot.work.2013-08-29.211/opam-install/system/build/spf.1.0.1/spf-12072-a00279.env\n# stdout-file     /tmp/ocamlot/ocamlot.work.2013-08-29.211/opam-install/system/build/spf.1.0.1/spf-12072-a00279.out\n# stderr-file     /tmp/ocamlot/ocamlot.work.2013-08-29.211/opam-install/system/build/spf.1.0.1/spf-12072-a00279.err\n### stdout ###\n...[truncated]\nlib/spf_stubs.c:247: warning: assignment makes pointer from integer without a cast\nlib/spf_stubs.c:249: warning: implicit declaration of function 'SPF_response_get_received_spf_value'\nlib/spf_stubs.c:249: warning: assignment makes pointer from integer without a cast\nlib/spf_stubs.c:251: warning: implicit declaration of function 'SPF_response_get_header_comment'\nlib/spf_stubs.c:251: warning: assignment makes pointer from integer without a cast\nlib/spf_stubs.c:254: warning: implicit declaration of function 'SPF_response_free'\nlib/spf_stubs.c: In function 'caml_spf_strreason':\nlib/spf_stubs.c:263: warning: implicit declaration of function 'SPF_strreason'\nlib/spf_stubs.c:263: warning: passing argument 1 of 'caml_copy_string' makes pointer from integer without a cast\nCommand exited with code 2.\n### stderr ###\nE: Failure(\"Command ''/root/worker/ocaml/4.01/bin/ocamlbuild' lib/libspf_stubs.a lib/dllspf_stubs.so lib/spf.cma lib/spf.cmxa lib/spf.a lib/spf.cmxs lib_test/test.native -tag debug' terminated with error code 10\")\n\n'opam install --verbose --yes spf.1.0.1' failed.\n")))))(duration 151.73838305473327637)(info"Compiler: 4.01.0+dev22-2013-08-20\nOPAM: 34a478af7c6a03e24d87964e422c0c03f7b8eb61\nOCAMLRUNPARAM = b\nHOME = /tmp/ocamlot/ocamlot.work.2013-08-29.211\nPATH = /tmp/ocamlot/ocamlot.work.2013-08-29.211/opam-install/system/bin:/tmp/ocamlot/ocamlot.work.2013-08-29.211:/root/worker/ocaml/4.01/bin:/sbin:/bin:/usr/sbin:/usr/bin:/usr/games:/usr/local/sbin:/usr/local/bin:/root/bin\nMANPATH = /tmp/ocamlot/ocamlot.work.2013-08-29.211/opam-install/system/man:\nOCAML_TOPLEVEL_PATH = /tmp/ocamlot/ocamlot.work.2013-08-29.211/opam-install/system/lib/toplevel\nPERL5LIB = /tmp/ocamlot/ocamlot.work.2013-08-29.211/opam-install/system/lib/perl5\nOPAMROOT = /tmp/ocamlot/ocamlot.work.2013-08-29.211/opam-install\nCAML_LD_LIBRARY_PATH = /tmp/ocamlot/ocamlot.work.2013-08-29.211/opam-install/system/lib/stublibs:/root/worker/ocaml/4.01/lib/ocaml/stublibs\n"))))(1377816622.8244330883(Checked_in 74))(1377816598.8080461025(Checked_in 74))(1377816574.7836470604(Checked_in 74))(1377816550.7640199661(Checked_in 74))(1377816526.7446520329(Checked_in 74))(1377816502.7235569954(Checked_in 74))(1377816478.696518898(Started 74))(1377726781.8310890198(Advertized((os FreeBSD)(arch X86_64))))))(host((os FreeBSD)(arch X86_64)))(job(Opam((diff(((repo((url"")(repo_url(URL git://github.com/OCamlPro/opam-repository.git))))(label OCamlPro/opam-repository:master)(reference(Ref master)))))(packages(spf.1.0.1))(target((host((os FreeBSD)(arch X86_64)))(compiler((c_version 4.01.0)(c_build"")))))(action Build)))))