((href https://github.com/OCamlPro/opam-repository/blob/master/packages/srs.1.0.0/opam)(log((1377903445.0714669228(Completed 99((status(Failed((Header_dep_ext srs2))(Process(Exited 4)((r_cmd opam)(r_args(install --verbose --yes srs.1.0.0))(r_env(OCAMLRUNPARAM=b HOME=/tmp/ocamlot/ocamlot.work.2013-08-30.14 PATH=/tmp/ocamlot/ocamlot.work.2013-08-30.14/opam-install/system/bin:/tmp/ocamlot/ocamlot.work.2013-08-30.14:/home/avsm/x/worker/ocaml/4.01/bin:/home/avsm/x/.opam/4.01.0beta1/bin:/home/avsm/x/inst/bin:/home/avsm/.opam/system/bin:/home/avsm/bin:/bin:/sbin:/usr/bin:/usr/sbin:/usr/X11R6/bin:/usr/local/bin:/usr/local/sbin:/usr/games:. MANPATH=/tmp/ocamlot/ocamlot.work.2013-08-30.14/opam-install/system/man: OCAML_TOPLEVEL_PATH=/tmp/ocamlot/ocamlot.work.2013-08-30.14/opam-install/system/lib/toplevel PERL5LIB=/tmp/ocamlot/ocamlot.work.2013-08-30.14/opam-install/system/lib/perl5 OPAMROOT=/tmp/ocamlot/ocamlot.work.2013-08-30.14/opam-install CAML_LD_LIBRARY_PATH=/tmp/ocamlot/ocamlot.work.2013-08-30.14/opam-install/system/lib/stublibs:/home/avsm/x/worker/ocaml/4.01/lib/ocaml/stublibs))(r_cwd /tmp/ocamlot/ocamlot.work.2013-08-30.14)(r_duration 22.210242033004760742)(r_stdout"The following actions will be performed:\n - install ocamlfind.1.4.0 [required by srs]\n - install srs.1.0.0\n2 to install | 0 to reinstall | 0 to upgrade | 0 to downgrade | 0 to remove\n\n=-=-= Installing ocamlfind.1.4.0 =-=-=\nocamlfind.1.4.0 Downloading http://download.camlcity.org/download/findlib-1.4.tar.gz\n  % Total    % Received % Xferd  Average Speed   Time    Time     Time  Current\n                                 Dload  Upload   Total   Spent    Left  Speed\n\r  0     0    0     0    0     0      0      0 --:--:-- --:--:-- --:--:--     0\r 52  226k   52  118k    0     0   355k      0 --:--:-- --:--:-- --:--:--  395k\r100  226k  100  226k    0     0   410k      0 --:--:-- --:--:-- --:--:--  436k\n200\nCopying /tmp/ocamlot/ocamlot.work.2013-08-30.14/opam-install/packages/ocamlfind/ocamlfind.1.4.0/files/ocamlfind.install to /tmp/ocamlot/ocamlot.work.2013-08-30.14/opam-install/system/build/ocamlfind.1.4.0/\nBuilding ocamlfind.1.4.0:\n  ./configure -bindir /tmp/ocamlot/ocamlot.work.2013-08-30.14/opam-install/system/bin -sitelib /tmp/ocamlot/ocamlot.work.2013-08-30.14/opam-install/system/lib -mandir /tmp/ocamlot/ocamlot.work.2013-08-30.14/opam-install/system/man -config /tmp/ocamlot/ocamlot.work.2013-08-30.14/opam-install/system/lib/findlib.conf -no-topfind\n  gmake all\n  gmake opt\n  gmake install\nWelcome to findlib version 1.4\nConfiguring core...\nChecking for #remove_directory...\nTesting threading model...\nsysthread_supported: true\nTesting DLLs...\nConfiguring libraries...\nnative dynlink: found\nlabltk: found\nocamlbuild: found\ncamlp4: using camlp4, style 310\ncompiler-libs: found\ndbm: not present (normal since OCaml-4.00)\nConfiguration for dynlink written to site-lib-src/dynlink/META\nConfiguration for graphics written to site-lib-src/graphics/META\nConfiguration for num written to site-lib-src/num/META\nConfiguration for num-top written to site-lib-src/num-top/META\nConfiguration for str written to site-lib-src/str/META\nConfiguration for threads written to site-lib-src/threads/META\nConfiguration for unix written to site-lib-src/unix/META\nConfiguration for stdlib written to site-lib-src/stdlib/META\nConfiguration for bigarray written to site-lib-src/bigarray/META\nConfiguration for labltk written to site-lib-src/labltk/META\nConfiguration for camlp4 written to site-lib-src/camlp4/META\nConfiguration for ocamlbuild written to site-lib-src/ocamlbuild/META\nConfiguration for compiler-libs written to site-lib-src/compiler-libs/META\nDetecting compiler arguments: (extractor built) ok\n\nAbout the OCAML core installation:\n    Standard library:      /home/avsm/x/worker/ocaml/4.01/lib/ocaml\n    Binaries:              /home/avsm/x/worker/ocaml/4.01/bin\n    Manual pages:          /home/avsm/x/worker/ocaml/4.01/man\n    Multi-threading type:  posix\nThe directory of site-specific packages will be\n    site-lib:              /tmp/ocamlot/ocamlot.work.2013-08-30.14/opam-install/system/lib\nThe configuration file is written to:\n    findlib config file:   /tmp/ocamlot/ocamlot.work.2013-08-30.14/opam-install/system/lib/findlib.conf\nSoftware will be installed:\n    Libraries:             in <site-lib>/findlib\n    Binaries:              /tmp/ocamlot/ocamlot.work.2013-08-30.14/opam-install/system/bin\n    Manual pages:          /tmp/ocamlot/ocamlot.work.2013-08-30.14/opam-install/system/man\n    topfind script:        omitted\nToolbox:                   no\nLink custom runtime:       yes\n\nConfiguration has been written to Makefile.config\n\nYou can now do 'make all', and optionally 'make opt', to build ocamlfind.\nfor p in findlib; do ( cd src/$p; gmake all ); done\ngmake[1]: Entering directory `/tmp/ocamlot/ocamlot.work.2013-08-30.14/opam-install/system/build/ocamlfind.1.4.0/src/findlib'\nMakefile:147: ocamllex fl_meta.mll\ndepend: No such file or directory\n22 states, 392 transitions, table size 1700 bytes\nocamldep *.ml *.mli >depend\ngmake[1]: Leaving directory `/tmp/ocamlot/ocamlot.work.2013-08-30.14/opam-install/system/build/ocamlfind.1.4.0/src/findlib'\ngmake[1]: Entering directory `/tmp/ocamlot/ocamlot.work.2013-08-30.14/opam-install/system/build/ocamlfind.1.4.0/src/findlib'\nUSE_CYGPATH=\"0\"; \\\nexport USE_CYGPATH; \\\ncat findlib_config.mlp | \\\n\t../../tools/patch '@CONFIGFILE@' '/tmp/ocamlot/ocamlot.work.2013-08-30.14/opam-install/system/lib/findlib.conf' | \\\n\t../../tools/patch '@STDLIB@' '/home/avsm/x/worker/ocaml/4.01/lib/ocaml' | \\\n\tsed -e 's;@AUTOLINK@;true;g' \\\n\t    -e 's;@SYSTEM@;bsd_elf;g' \\\n\t     >findlib_config.ml\nocamlc -I +compiler-libs -g -c findlib_config.ml\nocamlc -I +compiler-libs -g -c fl_split.ml\nocamlc -I +compiler-libs -g -c fl_metatoken.ml\nocamlc -I +compiler-libs -g -c fl_meta.ml\nocamlc -I +compiler-libs -c fl_metascanner.mli\nocamlc -I +compiler-libs -g -c fl_metascanner.ml\nocamlc -I +compiler-libs -c fl_topo.mli\nocamlc -I +compiler-libs -g -c fl_topo.ml\nFile \"fl_topo.ml\", line 283, characters 10-22:\nWarning 26: unused variable in_direction.\nFile \"fl_topo.ml\", line 219, characters 36-37:\nWarning 3: deprecated feature: operator (&); you should use (&&) instead\nocamlc -I +compiler-libs -c fl_package_base.mli\nocamlc -I +compiler-libs -g -c fl_package_base.ml\nocamlc -I +compiler-libs -c findlib.mli\nocamlc -I +compiler-libs -g -c findlib.ml\nocamlc -I +compiler-libs -g -c fl_args.ml\nocamlc -I +compiler-libs -a -o findlib.cma findlib_config.cmo fl_split.cmo fl_metatoken.cmo fl_meta.cmo fl_metascanner.cmo fl_topo.cmo fl_package_base.cmo findlib.cmo fl_args.cmo\nocamlc -I +compiler-libs -g -c ocaml_args.ml\nocamlc -I +compiler-libs -g -c frontend.ml\nocamlc -I +compiler-libs -custom -o ocamlfind -g findlib.cma unix.cma \\\n           ocaml_args.cmo frontend.cmo\n/home/avsm/x/worker/ocaml/4.01/lib/ocaml/libunix.a(getaddrinfo.o)(.text+0x104): In function `unix_getaddrinfo':\n: warning: strcpy() is almost always misused, please use strlcpy()\n/home/avsm/x/worker/ocaml/4.01/lib/ocaml/libcamlrun.a(dynlink.o)(.text+0x29d): In function `caml_build_primitive_table':\n: warning: strcat() is almost always misused, please use strlcat()\n/home/avsm/x/worker/ocaml/4.01/lib/ocaml/libcamlrun.a(printexc.o)(.text+0x164): In function `caml_format_exception':\n: warning: sprintf() is often misused, please use snprintf()\nocamlc -I +compiler-libs -c topfind.mli\nocamlc -I +compiler-libs -g -c topfind.ml\nFile \"topfind.ml\", line 54, characters 10-19:\nWarning 26: unused variable stdlibdir.\nFile \"topfind.ml\", line 97, characters 11-12:\nWarning 26: unused variable d.\nocamlc -I +compiler-libs -a -o findlib_top.cma topfind.cmo\nUSE_CYGPATH=\"0\"; \\\nexport USE_CYGPATH; \\\ncat topfind_rd1.p | \\\n\t../../tools/patch '@SITELIB@' '/tmp/ocamlot/ocamlot.work.2013-08-30.14/opam-install/system/lib' \\\n    \t    >topfind\nocamlc -I +compiler-libs -c num_top_printers.mli\nocamlc -I +compiler-libs -g -c num_top_printers.ml\nocamlc -I +compiler-libs -c num_top.mli\nocamlc -I +compiler-libs -g -c num_top.ml\nocamlc -I +compiler-libs -a -o num_top.cma num_top_printers.cmo num_top.cmo\ngmake[1]: Leaving directory `/tmp/ocamlot/ocamlot.work.2013-08-30.14/opam-install/system/build/ocamlfind.1.4.0/src/findlib'\ngmake all-config\ngmake[1]: Entering directory `/tmp/ocamlot/ocamlot.work.2013-08-30.14/opam-install/system/build/ocamlfind.1.4.0'\nUSE_CYGPATH=\"0\"; \\\nexport USE_CYGPATH; \\\ncat findlib.conf.in | \\\n\ttools/patch '@SITELIB@' '/tmp/ocamlot/ocamlot.work.2013-08-30.14/opam-install/system/lib' >findlib.conf\nif ocamlc.opt >/dev/null 2>&1; then \\\n\techo 'ocamlc=\"ocamlc.opt\"' >>findlib.conf; \\\nfi\nif ocamlopt.opt >/dev/null 2>&1; then \\\n\techo 'ocamlopt=\"ocamlopt.opt\"' >>findlib.conf; \\\nfi\nif ocamldep.opt >/dev/null 2>&1; then \\\n\techo 'ocamldep=\"ocamldep.opt\"' >>findlib.conf; \\\nfi\nif ocamldoc.opt >/dev/null 2>&1; then \\\n\techo 'ocamldoc=\"ocamldoc.opt\"' >>findlib.conf; \\\nfi\ngmake[1]: Leaving directory `/tmp/ocamlot/ocamlot.work.2013-08-30.14/opam-install/system/build/ocamlfind.1.4.0'\nfor p in findlib; do ( cd src/$p; gmake opt ); done\ngmake[1]: Entering directory `/tmp/ocamlot/ocamlot.work.2013-08-30.14/opam-install/system/build/ocamlfind.1.4.0/src/findlib'\nocamldep *.ml *.mli >depend\ngmake[1]: Leaving directory `/tmp/ocamlot/ocamlot.work.2013-08-30.14/opam-install/system/build/ocamlfind.1.4.0/src/findlib'\ngmake[1]: Entering directory `/tmp/ocamlot/ocamlot.work.2013-08-30.14/opam-install/system/build/ocamlfind.1.4.0/src/findlib'\nocamlopt -I +compiler-libs -c findlib_config.ml\nocamlopt -I +compiler-libs -c fl_split.ml\nocamlopt -I +compiler-libs -c fl_metatoken.ml\nocamlopt -I +compiler-libs -c fl_meta.ml\nocamlopt -I +compiler-libs -c fl_metascanner.ml\nocamlopt -I +compiler-libs -c fl_topo.ml\nFile \"fl_topo.ml\", line 283, characters 10-22:\nWarning 26: unused variable in_direction.\nFile \"fl_topo.ml\", line 219, characters 36-37:\nWarning 3: deprecated feature: operator (&); you should use (&&) instead\nocamlopt -I +compiler-libs -c fl_package_base.ml\nocamlopt -I +compiler-libs -c findlib.ml\nocamlopt -I +compiler-libs -c fl_args.ml\nocamlopt -I +compiler-libs -a -o findlib.cmxa findlib_config.cmx fl_split.cmx fl_metatoken.cmx fl_meta.cmx fl_metascanner.cmx fl_topo.cmx fl_package_base.cmx findlib.cmx fl_args.cmx\nocamlopt -I +compiler-libs -c ocaml_args.ml\nocamlopt -I +compiler-libs -c frontend.ml\nocamlopt -I +compiler-libs -o ocamlfind_opt findlib.cmxa unix.cmxa \\\n\t   ocaml_args.cmx frontend.cmx\n/home/avsm/x/worker/ocaml/4.01/lib/ocaml/libunix.a(getaddrinfo.o)(.text+0x104): In function `unix_getaddrinfo':\n: warning: strcpy() is almost always misused, please use strlcpy()\n/home/avsm/x/worker/ocaml/4.01/lib/ocaml/libasmrun.a(unix.o)(.text+0x259): In function `caml_search_in_path':\n: warning: strcat() is almost always misused, please use strlcat()\n/home/avsm/x/worker/ocaml/4.01/lib/ocaml/libasmrun.a(ints.o)(.text+0x675): In function `caml_nativeint_format':\n: warning: sprintf() is often misused, please use snprintf()\ngmake[1]: Leaving directory `/tmp/ocamlot/ocamlot.work.2013-08-30.14/opam-install/system/build/ocamlfind.1.4.0/src/findlib'\nmkdir -p \"/tmp/ocamlot/ocamlot.work.2013-08-30.14/opam-install/system/bin\"\nmkdir -p \"/tmp/ocamlot/ocamlot.work.2013-08-30.14/opam-install/system/man\"\nfor p in findlib; do ( cd src/$p; gmake install ); done\ngmake[1]: Entering directory `/tmp/ocamlot/ocamlot.work.2013-08-30.14/opam-install/system/build/ocamlfind.1.4.0/src/findlib'\nmkdir -p \"/tmp/ocamlot/ocamlot.work.2013-08-30.14/opam-install/system/lib/findlib\"\nmkdir -p \"/tmp/ocamlot/ocamlot.work.2013-08-30.14/opam-install/system/bin\"\ntest 0 -eq 0 || cp topfind \"/home/avsm/x/worker/ocaml/4.01/lib/ocaml\"\nfiles=`../../tools/collect_files ../../Makefile.config findlib.cmi findlib.mli findlib.cma topfind.cmi topfind.mli fl_package_base.mli fl_package_base.cmi fl_metascanner.mli fl_metascanner.cmi fl_metatoken.cmi findlib_top.cma findlib.cmxa findlib.a META` && \\\ncp $files \"/tmp/ocamlot/ocamlot.work.2013-08-30.14/opam-install/system/lib/findlib\"\nf=\"ocamlfind\"; { test -f ocamlfind_opt && f=\"ocamlfind_opt\"; }; \\\ncp $f \"/tmp/ocamlot/ocamlot.work.2013-08-30.14/opam-install/system/bin/ocamlfind\"\n# the following \"if\" block is only needed for 4.00beta2\nif [ 1 -eq 0 -a -f \"/home/avsm/x/worker/ocaml/4.01/lib/ocaml/compiler-libs/topdirs.cmi\" ]; then \\\n    cd \"/home/avsm/x/worker/ocaml/4.01/lib/ocaml/compiler-libs/\"; \\\n    cp topdirs.cmi toploop.cmi \"/tmp/ocamlot/ocamlot.work.2013-08-30.14/opam-install/system/lib/findlib/\"; \\\nfi\ngmake[1]: Leaving directory `/tmp/ocamlot/ocamlot.work.2013-08-30.14/opam-install/system/build/ocamlfind.1.4.0/src/findlib'\ngmake install-meta\ngmake[1]: Entering directory `/tmp/ocamlot/ocamlot.work.2013-08-30.14/opam-install/system/build/ocamlfind.1.4.0'\nfor x in `ls site-lib-src`; do if [ \"$x\" != \"CVS\" -a -f \"site-lib-src/$x/META\" ]; then mkdir -p \"/tmp/ocamlot/ocamlot.work.2013-08-30.14/opam-install/system/lib/$x\"; cp site-lib-src/$x/META \"/tmp/ocamlot/ocamlot.work.2013-08-30.14/opam-install/system/lib/$x\"; fi; done\ngmake[1]: Leaving directory `/tmp/ocamlot/ocamlot.work.2013-08-30.14/opam-install/system/build/ocamlfind.1.4.0'\ncd src/findlib; gmake install-num-top\ngmake[1]: Entering directory `/tmp/ocamlot/ocamlot.work.2013-08-30.14/opam-install/system/build/ocamlfind.1.4.0/src/findlib'\nmkdir -p \"/tmp/ocamlot/ocamlot.work.2013-08-30.14/opam-install/system/lib/num-top\"\ncp num_top.cma num_top.cmi num_top_printers.cmi \\\n\t\"/tmp/ocamlot/ocamlot.work.2013-08-30.14/opam-install/system/lib/num-top\"\ngmake[1]: Leaving directory `/tmp/ocamlot/ocamlot.work.2013-08-30.14/opam-install/system/build/ocamlfind.1.4.0/src/findlib'\ngmake install-config\ngmake[1]: Entering directory `/tmp/ocamlot/ocamlot.work.2013-08-30.14/opam-install/system/build/ocamlfind.1.4.0'\nmkdir -p \"`dirname \\\"/tmp/ocamlot/ocamlot.work.2013-08-30.14/opam-install/system/lib/findlib.conf\\\"`\"\ntest -f \"/tmp/ocamlot/ocamlot.work.2013-08-30.14/opam-install/system/lib/findlib.conf\" || cp findlib.conf \"/tmp/ocamlot/ocamlot.work.2013-08-30.14/opam-install/system/lib/findlib.conf\"\ngmake[1]: Leaving directory `/tmp/ocamlot/ocamlot.work.2013-08-30.14/opam-install/system/build/ocamlfind.1.4.0'\ncp tools/safe_camlp4 \"/tmp/ocamlot/ocamlot.work.2013-08-30.14/opam-install/system/bin\"\ngmake install-doc\ngmake[1]: Entering directory `/tmp/ocamlot/ocamlot.work.2013-08-30.14/opam-install/system/build/ocamlfind.1.4.0'\nmkdir -p /tmp/ocamlot/ocamlot.work.2013-08-30.14/opam-install/system/man/man1 /tmp/ocamlot/ocamlot.work.2013-08-30.14/opam-install/system/man/man3 /tmp/ocamlot/ocamlot.work.2013-08-30.14/opam-install/system/man/man5\ncp doc/ref-man/ocamlfind.1 /tmp/ocamlot/ocamlot.work.2013-08-30.14/opam-install/system/man/man1\ncp doc/ref-man/META.5 doc/ref-man/site-lib.5 doc/ref-man/findlib.conf.5 /tmp/ocamlot/ocamlot.work.2013-08-30.14/opam-install/system/man/man5\ngmake[1]: Leaving directory `/tmp/ocamlot/ocamlot.work.2013-08-30.14/opam-install/system/build/ocamlfind.1.4.0'\nInstalling ocamlfind.1.4.0.\n\n=-=-= Installing srs.1.0.0 =-=-=\nsrs.1.0.0  Downloading http://forge.ocamlcore.org/frs/download.php/1005/ocaml-srs-1.0.0.tar.gz\n  % Total    % Received % Xferd  Average Speed   Time    Time     Time  Current\n                                 Dload  Upload   Total   Spent    Left  Speed\n\r  0     0    0     0    0     0      0      0 --:--:-- --:--:-- --:--:--     0\r200\n100 40020  100 40020    0     0   225k      0 --:--:-- --:--:-- --:--:--  250k\nBuilding srs.1.0.0:\n  ocaml setup.ml -configure --prefix /tmp/ocamlot/ocamlot.work.2013-08-30.14/opam-install/system\n  ocaml setup.ml -build\n  ocaml setup.ml -install\n\nConfiguration: \nocamlfind: ........................................... /tmp/ocamlot/ocamlot.work.2013-08-30.14/opam-install/system/bin/ocamlfind\nocamlc: .............................................. /home/avsm/x/worker/ocaml/4.01/bin/ocamlc.opt\nocamlopt: ............................................ /home/avsm/x/worker/ocaml/4.01/bin/ocamlopt.opt\nocamlbuild: .......................................... /home/avsm/x/worker/ocaml/4.01/bin/ocamlbuild\nPackage name: ........................................ srs\nPackage version: ..................................... 1.0.0\nos_type: ............................................. Unix\nsystem: .............................................. bsd_elf\narchitecture: ........................................ i386\nccomp_type: .......................................... cc\nocaml_version: ....................................... 4.01.0\nstandard_library_default: ............................ /home/avsm/x/worker/ocaml/4.01/lib/ocaml\nstandard_library: .................................... /home/avsm/x/worker/ocaml/4.01/lib/ocaml\nstandard_runtime: .................................... /home/avsm/x/worker/ocaml/4.01/bin/ocamlrun\nbytecomp_c_compiler: ................................. gcc -fno-defer-pop -Wall -D_FILE_OFFSET_BITS=64 -D_REENTRANT -pthread -fPIC\nnative_c_compiler: ................................... gcc -Wall -D_FILE_OFFSET_BITS=64 -D_REENTRANT -pthread\nmodel: ............................................... default\next_obj: ............................................. .o\next_asm: ............................................. .s\next_lib: ............................................. .a\next_dll: ............................................. .so\ndefault_executable_name: ............................. a.out\nsysthread_supported: ................................. true\nInstall architecture-independent files dir: .......... /tmp/ocamlot/ocamlot.work.2013-08-30.14/opam-install/system\nInstall architecture-dependent files in dir: ......... $prefix\nUser executables: .................................... $exec_prefix/bin\nSystem admin executables: ............................ $exec_prefix/sbin\nProgram executables: ................................. $exec_prefix/libexec\nRead-only single-machine data: ....................... $prefix/etc\nModifiable architecture-independent data: ............ $prefix/com\nModifiable single-machine data: ...................... $prefix/var\nObject code libraries: ............................... $exec_prefix/lib\nRead-only arch-independent data root: ................ $prefix/share\nRead-only architecture-independent data: ............. $datarootdir\nInfo documentation: .................................. $datarootdir/info\nLocale-dependent data: ............................... $datarootdir/locale\nMan documentation: ................................... $datarootdir/man\nDocumentation root: .................................. $datarootdir/doc/$pkg_name\nHTML documentation: .................................. $docdir\nDVI documentation: ................................... $docdir\nPDF documentation: ................................... $docdir\nPS documentation: .................................... $docdir\nfindlib_version: ..................................... 1.4\nis_native: ........................................... true\nsuffix_program: ...................................... \nRemove a file.: ...................................... rm -f\nRemove a directory.: ................................. rm -rf\nTurn ocaml debug flag on: ............................ true\nTurn ocaml profile flag on: .......................... false\nCompiler support generation of .cmxs.: ............... true\nOCamlbuild additional flags: ......................... \nCreate documentations: ............................... true\nCompile tests executable and library and run them: ... false\nocamldoc: ............................................ /home/avsm/x/worker/ocaml/4.01/bin/ocamldoc\n\n/home/avsm/x/worker/ocaml/4.01/bin/ocamlopt.opt -I /home/avsm/x/worker/ocaml/4.01/lib/ocaml/ocamlbuild unix.cmxa /home/avsm/x/worker/ocaml/4.01/lib/ocaml/ocamlbuild/ocamlbuildlib.cmxa myocamlbuild.ml /home/avsm/x/worker/ocaml/4.01/lib/ocaml/ocamlbuild/ocamlbuild.cmx -o myocamlbuild\nocamlfind ocamlc -ccopt -Wall -ccopt -Werror -c lib/srs_stubs.c\n+ ocamlfind ocamlc -ccopt -Wall -ccopt -Werror -c lib/srs_stubs.c\nlib/srs_stubs.c:4:18: error: srs2.h: No such file or directory\nlib/srs_stubs.c: In function 'finalize_srs':\nlib/srs_stubs.c:27: error: 'srs_t' undeclared (first use in this function)\nlib/srs_stubs.c:27: error: (Each undeclared identifier is reported only once\nlib/srs_stubs.c:27: error: for each function it appears in.)\nlib/srs_stubs.c:27: error: 'srs' undeclared (first use in this function)\nlib/srs_stubs.c:27: error: expected expression before ')' token\ncc1: warnings being treated as errors\nlib/srs_stubs.c:28: warning: implicit declaration of function 'srs_free'\nlib/srs_stubs.c: In function 'caml_srs_new':\nlib/srs_stubs.c:45: error: 'srs_t' undeclared (first use in this function)\nlib/srs_stubs.c:45: error: 'srs' undeclared (first use in this function)\nlib/srs_stubs.c:47: warning: implicit declaration of function 'srs_new'\nlib/srs_stubs.c: In function 'caml_srs_add_secret':\nlib/srs_stubs.c:61: error: 'srs_t' undeclared (first use in this function)\nlib/srs_stubs.c:61: error: 'srs' undeclared (first use in this function)\nlib/srs_stubs.c:61: error: expected expression before ')' token\nlib/srs_stubs.c:64: warning: implicit declaration of function 'srs_add_secret'\nlib/srs_stubs.c: In function 'caml_srs_forward':\nlib/srs_stubs.c:75: error: 'srs_t' undeclared (first use in this function)\nlib/srs_stubs.c:75: error: 'srs' undeclared (first use in this function)\nlib/srs_stubs.c:75: error: expected expression before ')' token\nlib/srs_stubs.c:80: warning: implicit declaration of function 'srs_forward_alloc'\nlib/srs_stubs.c:81: error: 'SRS_SUCCESS' undeclared (first use in this function)\nlib/srs_stubs.c:82: warning: implicit declaration of function 'srs_strerror'\nlib/srs_stubs.c:82: warning: passing argument 1 of 'srs_error' makes pointer from integer without a cast\nlib/srs_stubs.c: In function 'caml_srs_reverse':\nlib/srs_stubs.c:96: error: 'srs_t' undeclared (first use in this function)\nlib/srs_stubs.c:96: error: 'srs' undeclared (first use in this function)\nlib/srs_stubs.c:96: error: expected expression before ')' token\nlib/srs_stubs.c:100: warning: implicit declaration of function 'srs_reverse_alloc'\nlib/srs_stubs.c:101: error: 'SRS_SUCCESS' undeclared (first use in this function)\nlib/srs_stubs.c:102: warning: passing argument 1 of 'srs_error' makes pointer from integer without a cast\nlib/srs_stubs.c: In function 'caml_srs_set_separator':\nlib/srs_stubs.c:115: error: 'srs_t' undeclared (first use in this function)\nlib/srs_stubs.c:115: error: 'srs' undeclared (first use in this function)\nlib/srs_stubs.c:115: error: expected expression before ')' token\nlib/srs_stubs.c:118: warning: implicit declaration of function 'srs_set_separator'\nlib/srs_stubs.c:119: error: 'SRS_SUCCESS' undeclared (first use in this function)\nlib/srs_stubs.c:120: warning: passing argument 1 of 'srs_error' makes pointer from integer without a cast\nlib/srs_stubs.c: In function 'caml_srs_get_separator':\nlib/srs_stubs.c:130: error: 'srs_t' undeclared (first use in this function)\nlib/srs_stubs.c:130: error: 'srs' undeclared (first use in this function)\nlib/srs_stubs.c:130: error: expected expression before ')' token\nlib/srs_stubs.c:132: warning: implicit declaration of function 'srs_get_separator'\nlib/srs_stubs.c: In function 'caml_srs_set_maxage':\nlib/srs_stubs.c:168: error: 'srs_t' undeclared (first use in this function)\nlib/srs_stubs.c:168: error: 'srs' undeclared (first use in this function)\nlib/srs_stubs.c:168: error: expected expression before ')' token\nlib/srs_stubs.c:168: warning: implicit declaration of function 'srs_set_maxage'\nlib/srs_stubs.c: In function 'caml_srs_get_maxage':\nlib/srs_stubs.c:168: error: 'srs_t' undeclared (first use in this function)\nlib/srs_stubs.c:168: error: 'srs' undeclared (first use in this function)\nlib/srs_stubs.c:168: error: expected expression before ')' token\nlib/srs_stubs.c:168: warning: implicit declaration of function 'srs_get_maxage'\nlib/srs_stubs.c: In function 'caml_srs_set_hashlength':\nlib/srs_stubs.c:169: error: 'srs_t' undeclared (first use in this function)\nlib/srs_stubs.c:169: error: 'srs' undeclared (first use in this function)\nlib/srs_stubs.c:169: error: expected expression before ')' token\nlib/srs_stubs.c:169: warning: implicit declaration of function 'srs_set_hashlength'\nlib/srs_stubs.c: In function 'caml_srs_get_hashlength':\nlib/srs_stubs.c:169: error: 'srs_t' undeclared (first use in this function)\nlib/srs_stubs.c:169: error: 'srs' undeclared (first use in this function)\nlib/srs_stubs.c:169: error: expected expression before ')' token\nlib/srs_stubs.c:169: warning: implicit declaration of function 'srs_get_hashlength'\nlib/srs_stubs.c: In function 'caml_srs_set_hashmin':\nlib/srs_stubs.c:170: error: 'srs_t' undeclared (first use in this function)\nlib/srs_stubs.c:170: error: 'srs' undeclared (first use in this function)\nlib/srs_stubs.c:170: error: expected expression before ')' token\nlib/srs_stubs.c:170: warning: implicit declaration of function 'srs_set_hashmin'\nlib/srs_stubs.c: In function 'caml_srs_get_hashmin':\nlib/srs_stubs.c:170: error: 'srs_t' undeclared (first use in this function)\nlib/srs_stubs.c:170: error: 'srs' undeclared (first use in this function)\nlib/srs_stubs.c:170: error: expected expression before ')' token\nlib/srs_stubs.c:170: warning: implicit declaration of function 'srs_get_hashmin'\nlib/srs_stubs.c: In function 'caml_srs_set_alwaysrewrite':\nlib/srs_stubs.c:171: error: 'srs_t' undeclared (first use in this function)\nlib/srs_stubs.c:171: error: 'srs' undeclared (first use in this function)\nlib/srs_stubs.c:171: error: expected expression before ')' token\nlib/srs_stubs.c:171: warning: implicit declaration of function 'srs_set_alwaysrewrite'\nlib/srs_stubs.c: In function 'caml_srs_get_alwaysrewrite':\nlib/srs_stubs.c:171: error: 'srs_t' undeclared (first use in this function)\nlib/srs_stubs.c:171: error: 'srs' undeclared (first use in this function)\nlib/srs_stubs.c:171: error: expected expression before ')' token\nlib/srs_stubs.c:171: warning: implicit declaration of function 'srs_get_alwaysrewrite'\nlib/srs_stubs.c: In function 'caml_srs_set_noforward':\nlib/srs_stubs.c:172: error: 'srs_t' undeclared (first use in this function)\nlib/srs_stubs.c:172: error: 'srs' undeclared (first use in this function)\nlib/srs_stubs.c:172: error: expected expression before ')' token\nlib/srs_stubs.c:172: warning: implicit declaration of function 'srs_set_noforward'\nlib/srs_stubs.c: In function 'caml_srs_get_noforward':\nlib/srs_stubs.c:172: error: 'srs_t' undeclared (first use in this function)\nlib/srs_stubs.c:172: error: 'srs' undeclared (first use in this function)\nlib/srs_stubs.c:172: error: expected expression before ')' token\nlib/srs_stubs.c:172: warning: implicit declaration of function 'srs_get_noforward'\nlib/srs_stubs.c: In function 'caml_srs_set_noreverse':\nlib/srs_stubs.c:173: error: 'srs_t' undeclared (first use in this function)\nlib/srs_stubs.c:173: error: 'srs' undeclared (first use in this function)\nlib/srs_stubs.c:173: error: expected expression before ')' token\nlib/srs_stubs.c:173: warning: implicit declaration of function 'srs_set_noreverse'\nlib/srs_stubs.c: In function 'caml_srs_get_noreverse':\nlib/srs_stubs.c:173: error: 'srs_t' undeclared (first use in this function)\nlib/srs_stubs.c:173: error: 'srs' undeclared (first use in this function)\nlib/srs_stubs.c:173: error: expected expression before ')' token\nlib/srs_stubs.c:173: warning: implicit declaration of function 'srs_get_noreverse'\nCommand exited with code 2.\n+ /home/avsm/x/worker/ocaml/4.01/bin/ocamlopt.opt -I /home/avsm/x/worker/ocaml/4.01/lib/ocaml/ocamlbuild unix.cmxa /home/avsm/x/worker/ocaml/4.01/lib/ocaml/ocamlbuild/ocamlbuildlib.cmxa myocamlbuild.ml /home/avsm/x/worker/ocaml/4.01/lib/ocaml/ocamlbuild/ocamlbuild.cmx -o myocamlbuild\n/home/avsm/x/worker/ocaml/4.01/lib/ocaml/libunix.a(getaddrinfo.o)(.text+0x104): In function `unix_getaddrinfo':\n: warning: strcpy() is almost always misused, please use strlcpy()\n/home/avsm/x/worker/ocaml/4.01/lib/ocaml/libasmrun.a(unix.o)(.text+0x259): In function `caml_search_in_path':\n: warning: strcat() is almost always misused, please use strlcat()\n/home/avsm/x/worker/ocaml/4.01/lib/ocaml/libasmrun.a(ints.o)(.text+0x675): In function `caml_nativeint_format':\n: warning: sprintf() is often misused, please use snprintf()\nE: Failure(\"Command ''/home/avsm/x/worker/ocaml/4.01/bin/ocamlbuild' lib/libsrs_stubs.a lib/dllsrs_stubs.so lib/srs.cma lib/srs.cmxa lib/srs.a lib/srs.cmxs -tag debug' terminated with error code 10\")\nRemoving srs.1.0.0.\n  ocamlfind remove srs\nocamlfind: [WARNING] No such directory: /tmp/ocamlot/ocamlot.work.2013-08-30.14/opam-install/system/lib/srs\n\n")(r_stderr"The compilation of srs.1.0.0 failed.\n\n==== ERROR [while installing srs.1.0.0] ====\n# opam-version    1.1.0 (2f1b7c3da3f044c616c0f2fdc63eb669bb46fbc7)\n# os              openbsd\n# command         ocaml setup.ml -build\n# path            /tmp/ocamlot/ocamlot.work.2013-08-30.14/opam-install/system/build/srs.1.0.0\n# compiler        system (4.01.0)\n# exit-code       1\n# env-file        /tmp/ocamlot/ocamlot.work.2013-08-30.14/opam-install/system/build/srs.1.0.0/srs-2079-a00279.env\n# stdout-file     /tmp/ocamlot/ocamlot.work.2013-08-30.14/opam-install/system/build/srs.1.0.0/srs-2079-a00279.out\n# stderr-file     /tmp/ocamlot/ocamlot.work.2013-08-30.14/opam-install/system/build/srs.1.0.0/srs-2079-a00279.err\n### stdout ###\n...[truncated]\nlib/srs_stubs.c:173: error: expected expression before ')' token\nlib/srs_stubs.c:173: warning: implicit declaration of function 'srs_get_noreverse'\nCommand exited with code 2.\n+ /home/avsm/x/worker/ocaml/4.01/bin/ocamlopt.opt -I /home/avsm/x/worker/ocaml/4.01/lib/ocaml/ocamlbuild unix.cmxa /home/avsm/x/worker/ocaml/4.01/lib/ocaml/ocamlbuild/ocamlbuildlib.cmxa myocamlbuild.ml /home/avsm/x/worker/ocaml/4.01/lib/ocaml/ocamlbuild/ocamlbuild.cmx -o myocamlbuild\n/home/avsm/x/worker/ocaml/4.01/lib/ocaml/libunix.a(getaddrinfo.o)(.text+0x104): In function `unix_getaddrinfo':\n: warning: strcpy() is almost always misused, please use strlcpy()\n/home/avsm/x/worker/ocaml/4.01/lib/ocaml/libasmrun.a(unix.o)(.text+0x259): In function `caml_search_in_path':\n: warning: strcat() is almost always misused, please use strlcat()\n/home/avsm/x/worker/ocaml/4.01/lib/ocaml/libasmrun.a(ints.o)(.text+0x675): In function `caml_nativeint_format':\n: warning: sprintf() is often misused, please use snprintf()\n### stderr ###\nE: Failure(\"Command ''/home/avsm/x/worker/ocaml/4.01/bin/ocamlbuild' lib/libsrs_stubs.a lib/dllsrs_stubs.so lib/srs.cma lib/srs.cmxa lib/srs.a lib/srs.cmxs -tag debug' terminated with error code 10\")\n\n'opam install --verbose --yes srs.1.0.0' failed.\n")))))(duration 419.65783309936523438)(info"Compiler: 4.01.0+dev22-2013-08-20\nOPAM: 2f1b7c3da3f044c616c0f2fdc63eb669bb46fbc7\nOCAMLRUNPARAM = b\nHOME = /tmp/ocamlot/ocamlot.work.2013-08-30.14\nPATH = /tmp/ocamlot/ocamlot.work.2013-08-30.14/opam-install/system/bin:/tmp/ocamlot/ocamlot.work.2013-08-30.14:/home/avsm/x/worker/ocaml/4.01/bin:/home/avsm/x/.opam/4.01.0beta1/bin:/home/avsm/x/inst/bin:/home/avsm/.opam/system/bin:/home/avsm/bin:/bin:/sbin:/usr/bin:/usr/sbin:/usr/X11R6/bin:/usr/local/bin:/usr/local/sbin:/usr/games:.\nMANPATH = /tmp/ocamlot/ocamlot.work.2013-08-30.14/opam-install/system/man:\nOCAML_TOPLEVEL_PATH = /tmp/ocamlot/ocamlot.work.2013-08-30.14/opam-install/system/lib/toplevel\nPERL5LIB = /tmp/ocamlot/ocamlot.work.2013-08-30.14/opam-install/system/lib/perl5\nOPAMROOT = /tmp/ocamlot/ocamlot.work.2013-08-30.14/opam-install\nCAML_LD_LIBRARY_PATH = /tmp/ocamlot/ocamlot.work.2013-08-30.14/opam-install/system/lib/stublibs:/home/avsm/x/worker/ocaml/4.01/lib/ocaml/stublibs\n"))))(1377903434.049957037(Checked_in 99))(1377903409.4897420406(Checked_in 99))(1377903384.8994700909(Checked_in 99))(1377903360.3205080032(Checked_in 99))(1377903335.7631559372(Checked_in 99))(1377903311.2044100761(Checked_in 99))(1377903286.5097079277(Checked_in 99))(1377903261.9278440475(Checked_in 99))(1377903237.3234870434(Checked_in 99))(1377903212.7707490921(Checked_in 99))(1377903188.191740036(Checked_in 99))(1377903163.6196908951(Checked_in 99))(1377903139.0434539318(Checked_in 99))(1377903114.4756269455(Checked_in 99))(1377903089.9133770466(Checked_in 99))(1377903065.3490641117(Checked_in 99))(1377903040.7835829258(Checked_in 99))(1377903016.1688210964(Started 99))(1377726781.6958611012(Advertized((os OpenBSD)(arch I386))))))(host((os OpenBSD)(arch I386)))(job(Opam((diff(((repo((url"")(repo_url(URL git://github.com/OCamlPro/opam-repository.git))))(label OCamlPro/opam-repository:master)(reference(Ref master)))))(packages(srs.1.0.0))(target((host((os OpenBSD)(arch I386)))(compiler((c_version 4.01.0)(c_build"")))))(action Build)))))