((href https://github.com/OCamlPro/opam-repository/blob/master/packages/milter.1.0.0/opam)(log((1372208438.7658379078(Completed 21((status(Failed((Header_dep_ext libmilter/mfapi))(Process(Exited 4)((r_cmd opam)(r_args(install --verbose --yes milter.1.0.0))(r_env(OCAMLRUNPARAM=b HOME=/var/folders/f9/vtsr2sv53wn9h3fblk38vwdh0000gn/T/ocamlot/ocamlot.work.2013-06-26.33 PATH=/private/var/folders/f9/vtsr2sv53wn9h3fblk38vwdh0000gn/T/ocamlot/ocamlot.work.2013-06-26.33/opam-install/system/bin:/var/folders/f9/vtsr2sv53wn9h3fblk38vwdh0000gn/T/ocamlot/ocamlot.work.2013-06-26.33:/Users/avsm/ocamlot/worker/ocaml/4.01/bin:/usr/bin:/bin:/usr/sbin:/sbin:/usr/local/bin MANPATH=/private/var/folders/f9/vtsr2sv53wn9h3fblk38vwdh0000gn/T/ocamlot/ocamlot.work.2013-06-26.33/opam-install/system/man: OCAML_TOPLEVEL_PATH=/private/var/folders/f9/vtsr2sv53wn9h3fblk38vwdh0000gn/T/ocamlot/ocamlot.work.2013-06-26.33/opam-install/system/lib/toplevel OPAMROOT=/private/var/folders/f9/vtsr2sv53wn9h3fblk38vwdh0000gn/T/ocamlot/ocamlot.work.2013-06-26.33/opam-install CAML_LD_LIBRARY_PATH=/private/var/folders/f9/vtsr2sv53wn9h3fblk38vwdh0000gn/T/ocamlot/ocamlot.work.2013-06-26.33/opam-install/system/lib/stublibs:/Users/avsm/ocamlot/worker/ocaml/4.01/lib/ocaml/stublibs))(r_cwd /var/folders/f9/vtsr2sv53wn9h3fblk38vwdh0000gn/T/ocamlot/ocamlot.work.2013-06-26.33)(r_duration 43.141398906707763672)(r_stdout"The following actions will be performed:\n - install ocamlfind.1.3.3 [required by milter]\n - install milter.1.0.0\n2 to install | 0 to reinstall | 0 to upgrade | 0 to downgrade | 0 to remove\n\n=-=-= Installing ocamlfind.1.3.3 =-=-=\nDownloading http://download.camlcity.org/download/findlib-1.3.3.tar.gz.\n  % Total    % Received % Xferd  Average Speed   Time    Time     Time  Current\n                                 Dload  Upload   Total   Spent    Left  Speed\n\r  0     0    0     0    0     0      0      0 --:--:-- --:--:-- --:--:--     0\r 64  225k   64  145k    0     0   771k      0 --:--:-- --:--:-- --:--:--  864k\r100  225k  100  225k    0     0  1079k      0 --:--:-- --:--:-- --:--:-- 1195k\n200\nCopying ocamlfind.install.\nCreating /private/var/folders/f9/vtsr2sv53wn9h3fblk38vwdh0000gn/T/ocamlot/ocamlot.work.2013-06-26.33/opam-install/repo/ocamlot/archives/ocamlfind.1.3.3+opam.tar.gz.\nExtracting /private/var/folders/f9/vtsr2sv53wn9h3fblk38vwdh0000gn/T/ocamlot/ocamlot.work.2013-06-26.33/opam-install/archives/ocamlfind.1.3.3+opam.tar.gz.\nBuilding ocamlfind.1.3.3:\n  ./configure -bindir /private/var/folders/f9/vtsr2sv53wn9h3fblk38vwdh0000gn/T/ocamlot/ocamlot.work.2013-06-26.33/opam-install/system/bin -sitelib /private/var/folders/f9/vtsr2sv53wn9h3fblk38vwdh0000gn/T/ocamlot/ocamlot.work.2013-06-26.33/opam-install/system/lib -mandir /private/var/folders/f9/vtsr2sv53wn9h3fblk38vwdh0000gn/T/ocamlot/ocamlot.work.2013-06-26.33/opam-install/system/man -config /private/var/folders/f9/vtsr2sv53wn9h3fblk38vwdh0000gn/T/ocamlot/ocamlot.work.2013-06-26.33/opam-install/system/lib/findlib.conf -no-topfind\n  make all\n  make opt\n  make install\n  ocamlfind remove dbm\nWelcome to findlib version 1.3.3\nConfiguring core...\nChecking for #remove_directory...\nTesting threading model...\nsysthread_supported: true\nTesting DLLs...\nConfiguring libraries...\nnative dynlink: found\nlabltk: not present\nocamlbuild: found\ncamlp4: using camlp4, style 310\ncompiler-libs: found\nConfiguration for dbm written to site-lib-src/dbm/META\nConfiguration for dynlink written to site-lib-src/dynlink/META\nConfiguration for graphics written to site-lib-src/graphics/META\nConfiguration for num written to site-lib-src/num/META\nConfiguration for num-top written to site-lib-src/num-top/META\nConfiguration for str written to site-lib-src/str/META\nConfiguration for threads written to site-lib-src/threads/META\nConfiguration for unix written to site-lib-src/unix/META\nConfiguration for stdlib written to site-lib-src/stdlib/META\nConfiguration for bigarray written to site-lib-src/bigarray/META\nConfiguration for camlp4 written to site-lib-src/camlp4/META\nConfiguration for ocamlbuild written to site-lib-src/ocamlbuild/META\nConfiguration for compiler-libs written to site-lib-src/compiler-libs/META\nDetecting compiler arguments: (extractor built) ok\n\nAbout the OCAML core installation:\n    Standard library:      /Users/avsm/ocamlot/worker/ocaml/4.01/lib/ocaml\n    Binaries:              /Users/avsm/ocamlot/worker/ocaml/4.01/bin\n    Manual pages:          /Users/avsm/ocamlot/worker/ocaml/4.01/man\n    Multi-threading type:  posix\nThe directory of site-specific packages will be\n    site-lib:              /private/var/folders/f9/vtsr2sv53wn9h3fblk38vwdh0000gn/T/ocamlot/ocamlot.work.2013-06-26.33/opam-install/system/lib\nThe configuration file is written to:\n    findlib config file:   /private/var/folders/f9/vtsr2sv53wn9h3fblk38vwdh0000gn/T/ocamlot/ocamlot.work.2013-06-26.33/opam-install/system/lib/findlib.conf\nSoftware will be installed:\n    Libraries:             in <site-lib>/findlib\n    Binaries:              /private/var/folders/f9/vtsr2sv53wn9h3fblk38vwdh0000gn/T/ocamlot/ocamlot.work.2013-06-26.33/opam-install/system/bin\n    Manual pages:          /private/var/folders/f9/vtsr2sv53wn9h3fblk38vwdh0000gn/T/ocamlot/ocamlot.work.2013-06-26.33/opam-install/system/man\n    topfind script:        omitted\nToolbox:                   no\n\nConfiguration has been written to Makefile.config\n\nYou can now do 'make all', and optionally 'make opt', to build ocamlfind.\nfor p in findlib; do ( cd src/$p; make all ); done\nMakefile:142: depend: No such file or directory\nocamllex fl_meta.mll\n22 states, 392 transitions, table size 1700 bytes\ncamlp4 pa_o.cmo pa_op.cmo pr_o.cmo -- -impl fl_metascanner.src -o fl_metascanner.ml\nocamldep *.ml *.mli >depend\nUSE_CYGPATH=\"0\"; \\\n\texport USE_CYGPATH; \\\n\tcat findlib_config.mlp | \\\n\t\t../../tools/patch '@CONFIGFILE@' '/private/var/folders/f9/vtsr2sv53wn9h3fblk38vwdh0000gn/T/ocamlot/ocamlot.work.2013-06-26.33/opam-install/system/lib/findlib.conf' | \\\n\t\t../../tools/patch '@STDLIB@' '/Users/avsm/ocamlot/worker/ocaml/4.01/lib/ocaml' | \\\n\t\tsed -e 's;@AUTOLINK@;true;g' \\\n\t\t    -e 's;@SYSTEM@;macosx;g' \\\n\t\t     >findlib_config.ml\nocamlc -I +compiler-libs -g -c findlib_config.ml\nocamlc -I +compiler-libs -g -c fl_split.ml\nocamlc -I +compiler-libs -g -c fl_metatoken.ml\nocamlc -I +compiler-libs -g -c fl_meta.ml\nocamlc -I +compiler-libs -c fl_metascanner.mli\nocamlc -I +compiler-libs -g -c fl_metascanner.ml\nocamlc -I +compiler-libs -c fl_topo.mli\nocamlc -I +compiler-libs -g -c fl_topo.ml\nFile \"fl_topo.ml\", line 283, characters 10-22:\nWarning 26: unused variable in_direction.\nFile \"fl_topo.ml\", line 219, characters 36-37:\nWarning 3: deprecated feature: operator (&); you should use (&&) instead\nocamlc -I +compiler-libs -c fl_package_base.mli\nocamlc -I +compiler-libs -g -c fl_package_base.ml\nocamlc -I +compiler-libs -c findlib.mli\nocamlc -I +compiler-libs -g -c findlib.ml\nocamlc -I +compiler-libs -g -c fl_args.ml\nocamlc -I +compiler-libs -a -o findlib.cma findlib_config.cmo fl_split.cmo fl_metatoken.cmo fl_meta.cmo fl_metascanner.cmo fl_topo.cmo fl_package_base.cmo findlib.cmo fl_args.cmo\nocamlc -I +compiler-libs -g -c ocaml_args.ml\nocamlc -I +compiler-libs -g -c frontend.ml\nocamlc -I +compiler-libs -custom -o ocamlfind -g findlib.cma unix.cma \\\n\t           ocaml_args.cmo frontend.cmo\nocamlc -I +compiler-libs -c topfind.mli\nocamlc -I +compiler-libs -g -c topfind.ml\nFile \"topfind.ml\", line 53, characters 10-19:\nWarning 26: unused variable stdlibdir.\nFile \"topfind.ml\", line 97, characters 11-12:\nWarning 26: unused variable d.\nocamlc -I +compiler-libs -a -o findlib_top.cma topfind.cmo\nUSE_CYGPATH=\"0\"; \\\n\texport USE_CYGPATH; \\\n\tcat topfind_rd1.p | \\\n\t\t../../tools/patch '@SITELIB@' '/private/var/folders/f9/vtsr2sv53wn9h3fblk38vwdh0000gn/T/ocamlot/ocamlot.work.2013-06-26.33/opam-install/system/lib' \\\n\t    \t    >topfind\nocamlc -I +compiler-libs -c num_top_printers.mli\nocamlc -I +compiler-libs -g -c num_top_printers.ml\nocamlc -I +compiler-libs -c num_top.mli\nocamlc -I +compiler-libs -g -c num_top.ml\nocamlc -I +compiler-libs -a -o num_top.cma num_top_printers.cmo num_top.cmo\nmake all-config\nUSE_CYGPATH=\"0\"; \\\n\texport USE_CYGPATH; \\\n\tcat findlib.conf.in | \\\n\t\ttools/patch '@SITELIB@' '/private/var/folders/f9/vtsr2sv53wn9h3fblk38vwdh0000gn/T/ocamlot/ocamlot.work.2013-06-26.33/opam-install/system/lib' >findlib.conf\nif ocamlc.opt >/dev/null 2>&1; then \\\n\t\techo 'ocamlc=\"ocamlc.opt\"' >>findlib.conf; \\\n\tfi\nif ocamlopt.opt >/dev/null 2>&1; then \\\n\t\techo 'ocamlopt=\"ocamlopt.opt\"' >>findlib.conf; \\\n\tfi\nif ocamldep.opt >/dev/null 2>&1; then \\\n\t\techo 'ocamldep=\"ocamldep.opt\"' >>findlib.conf; \\\n\tfi\nfor p in findlib; do ( cd src/$p; make opt ); done\nocamlopt -I +compiler-libs -c findlib_config.ml\nocamlopt -I +compiler-libs -c fl_split.ml\nocamlopt -I +compiler-libs -c fl_metatoken.ml\nocamlopt -I +compiler-libs -c fl_meta.ml\nocamlopt -I +compiler-libs -c fl_metascanner.ml\nocamlopt -I +compiler-libs -c fl_topo.ml\nFile \"fl_topo.ml\", line 283, characters 10-22:\nWarning 26: unused variable in_direction.\nFile \"fl_topo.ml\", line 219, characters 36-37:\nWarning 3: deprecated feature: operator (&); you should use (&&) instead\nocamlopt -I +compiler-libs -c fl_package_base.ml\nocamlopt -I +compiler-libs -c findlib.ml\nocamlopt -I +compiler-libs -c fl_args.ml\nocamlopt -I +compiler-libs -a -o findlib.cmxa findlib_config.cmx fl_split.cmx fl_metatoken.cmx fl_meta.cmx fl_metascanner.cmx fl_topo.cmx fl_package_base.cmx findlib.cmx fl_args.cmx\nocamlopt -I +compiler-libs -c ocaml_args.ml\nocamlopt -I +compiler-libs -c frontend.ml\nocamlopt -I +compiler-libs -o ocamlfind_opt findlib.cmxa unix.cmxa \\\n\t\t   ocaml_args.cmx frontend.cmx\nmkdir -p \"/private/var/folders/f9/vtsr2sv53wn9h3fblk38vwdh0000gn/T/ocamlot/ocamlot.work.2013-06-26.33/opam-install/system/bin\"\nmkdir -p \"/private/var/folders/f9/vtsr2sv53wn9h3fblk38vwdh0000gn/T/ocamlot/ocamlot.work.2013-06-26.33/opam-install/system/man\"\nfor p in findlib; do ( cd src/$p; make install ); done\nmkdir -p \"/private/var/folders/f9/vtsr2sv53wn9h3fblk38vwdh0000gn/T/ocamlot/ocamlot.work.2013-06-26.33/opam-install/system/lib/findlib\"\nmkdir -p \"/private/var/folders/f9/vtsr2sv53wn9h3fblk38vwdh0000gn/T/ocamlot/ocamlot.work.2013-06-26.33/opam-install/system/bin\"\ntest 0 -eq 0 || cp topfind \"/Users/avsm/ocamlot/worker/ocaml/4.01/lib/ocaml\"\nfiles=`../../tools/collect_files ../../Makefile.config findlib.cmi findlib.mli findlib.cma topfind.cmi topfind.mli fl_package_base.mli fl_package_base.cmi fl_metascanner.mli fl_metascanner.cmi fl_metatoken.cmi findlib_top.cma findlib.cmxa findlib.a META` && \\\n\tcp $files \"/private/var/folders/f9/vtsr2sv53wn9h3fblk38vwdh0000gn/T/ocamlot/ocamlot.work.2013-06-26.33/opam-install/system/lib/findlib\"\nf=\"ocamlfind\"; { test -f ocamlfind_opt && f=\"ocamlfind_opt\"; }; \\\n\tcp $f \"/private/var/folders/f9/vtsr2sv53wn9h3fblk38vwdh0000gn/T/ocamlot/ocamlot.work.2013-06-26.33/opam-install/system/bin/ocamlfind\"\n# the following \"if\" block is only needed for 4.00beta2\nif [ 1 -eq 0 -a -f \"/Users/avsm/ocamlot/worker/ocaml/4.01/lib/ocaml/compiler-libs/topdirs.cmi\" ]; then \\\n\t    cd \"/Users/avsm/ocamlot/worker/ocaml/4.01/lib/ocaml/compiler-libs/\"; \\\n\t    cp topdirs.cmi toploop.cmi \"/private/var/folders/f9/vtsr2sv53wn9h3fblk38vwdh0000gn/T/ocamlot/ocamlot.work.2013-06-26.33/opam-install/system/lib/findlib/\"; \\\n\tfi\nmake install-meta\nfor x in `ls site-lib-src`; do if [ \"$x\" != \"CVS\" -a -f \"site-lib-src/$x/META\" ]; then mkdir -p \"/private/var/folders/f9/vtsr2sv53wn9h3fblk38vwdh0000gn/T/ocamlot/ocamlot.work.2013-06-26.33/opam-install/system/lib/$x\"; cp site-lib-src/$x/META \"/private/var/folders/f9/vtsr2sv53wn9h3fblk38vwdh0000gn/T/ocamlot/ocamlot.work.2013-06-26.33/opam-install/system/lib/$x\"; fi; done\ncd src/findlib; make install-num-top\nmkdir -p \"/private/var/folders/f9/vtsr2sv53wn9h3fblk38vwdh0000gn/T/ocamlot/ocamlot.work.2013-06-26.33/opam-install/system/lib/num-top\"\ncp num_top.cma num_top.cmi num_top_printers.cmi \\\n\t\t\"/private/var/folders/f9/vtsr2sv53wn9h3fblk38vwdh0000gn/T/ocamlot/ocamlot.work.2013-06-26.33/opam-install/system/lib/num-top\"\nmake install-config\nmkdir -p \"`dirname \\\"/private/var/folders/f9/vtsr2sv53wn9h3fblk38vwdh0000gn/T/ocamlot/ocamlot.work.2013-06-26.33/opam-install/system/lib/findlib.conf\\\"`\"\ntest -f \"/private/var/folders/f9/vtsr2sv53wn9h3fblk38vwdh0000gn/T/ocamlot/ocamlot.work.2013-06-26.33/opam-install/system/lib/findlib.conf\" || cp findlib.conf \"/private/var/folders/f9/vtsr2sv53wn9h3fblk38vwdh0000gn/T/ocamlot/ocamlot.work.2013-06-26.33/opam-install/system/lib/findlib.conf\"\ncp tools/safe_camlp4 \"/private/var/folders/f9/vtsr2sv53wn9h3fblk38vwdh0000gn/T/ocamlot/ocamlot.work.2013-06-26.33/opam-install/system/bin\"\nmake install-doc\nmkdir -p /private/var/folders/f9/vtsr2sv53wn9h3fblk38vwdh0000gn/T/ocamlot/ocamlot.work.2013-06-26.33/opam-install/system/man/man1 /private/var/folders/f9/vtsr2sv53wn9h3fblk38vwdh0000gn/T/ocamlot/ocamlot.work.2013-06-26.33/opam-install/system/man/man3 /private/var/folders/f9/vtsr2sv53wn9h3fblk38vwdh0000gn/T/ocamlot/ocamlot.work.2013-06-26.33/opam-install/system/man/man5\ncp doc/ref-man/ocamlfind.1 /private/var/folders/f9/vtsr2sv53wn9h3fblk38vwdh0000gn/T/ocamlot/ocamlot.work.2013-06-26.33/opam-install/system/man/man1\ncp doc/ref-man/META.5 doc/ref-man/site-lib.5 doc/ref-man/findlib.conf.5 /private/var/folders/f9/vtsr2sv53wn9h3fblk38vwdh0000gn/T/ocamlot/ocamlot.work.2013-06-26.33/opam-install/system/man/man5\nocamlfind: [WARNING] You are removing the package from /private/var/folders/f9/vtsr2sv53wn9h3fblk38vwdh0000gn/T/ocamlot/ocamlot.work.2013-06-26.33/opam-install/system/lib/dbm but the currently visible package is at /Users/avsm/ocamlot/worker/ocaml/4.01/lib/ocaml; you may want to specify the -destdir option\nRemoved /private/var/folders/f9/vtsr2sv53wn9h3fblk38vwdh0000gn/T/ocamlot/ocamlot.work.2013-06-26.33/opam-install/system/lib/dbm\nInstalling ocamlfind.1.3.3.\n\n=-=-= Installing milter.1.0.0 =-=-=\nDownloading http://forge.ocamlcore.org/frs/download.php/1006/ocaml-milter-1.0.0.tar.gz.\n  % Total    % Received % Xferd  Average Speed   Time    Time     Time  Current\n                                 Dload  Upload   Total   Spent    Left  Speed\n\r  0     0    0     0    0     0      0      0 --:--:-- --:--:-- --:--:--     0200\n\r100 46352  100 46352    0     0   225k      0 --:--:-- --:--:-- --:--:--  234k\nCreating /private/var/folders/f9/vtsr2sv53wn9h3fblk38vwdh0000gn/T/ocamlot/ocamlot.work.2013-06-26.33/opam-install/repo/ocamlot/archives/milter.1.0.0+opam.tar.gz.\nExtracting /private/var/folders/f9/vtsr2sv53wn9h3fblk38vwdh0000gn/T/ocamlot/ocamlot.work.2013-06-26.33/opam-install/archives/milter.1.0.0+opam.tar.gz.\nBuilding milter.1.0.0:\n  ocaml setup.ml -configure --prefix /private/var/folders/f9/vtsr2sv53wn9h3fblk38vwdh0000gn/T/ocamlot/ocamlot.work.2013-06-26.33/opam-install/system\n  ocaml setup.ml -build\n  ocaml setup.ml -install\n\nConfiguration: \nocamlfind: ........................................... /private/var/folders/f9/vtsr2sv53wn9h3fblk38vwdh0000gn/T/ocamlot/ocamlot.work.2013-06-26.33/opam-install/system/bin/ocamlfind\nocamlc: .............................................. /Users/avsm/ocamlot/worker/ocaml/4.01/bin/ocamlc.opt\nocamlopt: ............................................ /Users/avsm/ocamlot/worker/ocaml/4.01/bin/ocamlopt.opt\nocamlbuild: .......................................... /Users/avsm/ocamlot/worker/ocaml/4.01/bin/ocamlbuild\nPackage name: ........................................ milter\nPackage version: ..................................... 1.0.0\nos_type: ............................................. Unix\nsystem: .............................................. macosx\narchitecture: ........................................ amd64\nccomp_type: .......................................... cc\nocaml_version: ....................................... 4.01.0\nstandard_library_default: ............................ /Users/avsm/ocamlot/worker/ocaml/4.01/lib/ocaml\nstandard_library: .................................... /Users/avsm/ocamlot/worker/ocaml/4.01/lib/ocaml\nstandard_runtime: .................................... /Users/avsm/ocamlot/worker/ocaml/4.01/bin/ocamlrun\nbytecomp_c_compiler: ................................. gcc -fno-defer-pop -Wall -D_FILE_OFFSET_BITS=64 -D_REENTRANT \nnative_c_compiler: ................................... gcc -D_FILE_OFFSET_BITS=64 -D_REENTRANT\nmodel: ............................................... default\next_obj: ............................................. .o\next_asm: ............................................. .s\next_lib: ............................................. .a\next_dll: ............................................. .so\ndefault_executable_name: ............................. a.out\nsysthread_supported: ................................. true\nInstall architecture-independent files dir: .......... /private/var/folders/f9/vtsr2sv53wn9h3fblk38vwdh0000gn/T/ocamlot/ocamlot.work.2013-06-26.33/opam-install/system\nInstall architecture-dependent files in dir: ......... $prefix\nUser executables: .................................... $exec_prefix/bin\nSystem admin executables: ............................ $exec_prefix/sbin\nProgram executables: ................................. $exec_prefix/libexec\nRead-only single-machine data: ....................... $prefix/etc\nModifiable architecture-independent data: ............ $prefix/com\nModifiable single-machine data: ...................... $prefix/var\nObject code libraries: ............................... $exec_prefix/lib\nRead-only arch-independent data root: ................ $prefix/share\nRead-only architecture-independent data: ............. $datarootdir\nInfo documentation: .................................. $datarootdir/info\nLocale-dependent data: ............................... $datarootdir/locale\nMan documentation: ................................... $datarootdir/man\nDocumentation root: .................................. $datarootdir/doc/$pkg_name\nHTML documentation: .................................. $docdir\nDVI documentation: ................................... $docdir\nPDF documentation: ................................... $docdir\nPS documentation: .................................... $docdir\nfindlib_version: ..................................... 1.3.3\nis_native: ........................................... true\nsuffix_program: ...................................... \nRemove a file.: ...................................... rm -f\nRemove a directory.: ................................. rm -rf\nTurn ocaml debug flag on: ............................ true\nTurn ocaml profile flag on: .......................... false\nCompiler support generation of .cmxs.: ............... true\nOCamlbuild additional flags: ......................... \nCreate documentations: ............................... true\nCompile tests executable and library and run them: ... false\npkg_threads: ......................................... /Users/avsm/ocamlot/worker/ocaml/4.01/lib/ocaml\nocamldoc: ............................................ /Users/avsm/ocamlot/worker/ocaml/4.01/bin/ocamldoc\n\n/Users/avsm/ocamlot/worker/ocaml/4.01/bin/ocamlopt.opt -I /Users/avsm/ocamlot/worker/ocaml/4.01/lib/ocaml/ocamlbuild unix.cmxa /Users/avsm/ocamlot/worker/ocaml/4.01/lib/ocaml/ocamlbuild/ocamlbuildlib.cmxa myocamlbuild.ml /Users/avsm/ocamlot/worker/ocaml/4.01/lib/ocaml/ocamlbuild/ocamlbuild.cmx -o myocamlbuild\nocamlfind ocamlc -ccopt -Wall -ccopt -Werror -c lib/milter_stubs.c\n+ ocamlfind ocamlc -ccopt -Wall -ccopt -Werror -c lib/milter_stubs.c\nlib/milter_stubs.c:9:29: error: libmilter/mfapi.h: No such file or directory\ncc1: warnings being treated as errors\nlib/milter_stubs.c: In function 'caml_milter_opensocket':\nlib/milter_stubs.c:60: warning: implicit declaration of function 'smfi_opensocket'\nlib/milter_stubs.c:62: error: 'MI_FAILURE' undeclared (first use in this function)\nlib/milter_stubs.c:62: error: (Each undeclared identifier is reported only once\nlib/milter_stubs.c:62: error: for each function it appears in.)\nlib/milter_stubs.c: At top level:\nlib/milter_stubs.c:68: error: 'SMFIF_ADDHDRS' undeclared here (not in a function)\nlib/milter_stubs.c:69: error: 'SMFIF_CHGHDRS' undeclared here (not in a function)\nlib/milter_stubs.c:70: error: 'SMFIF_CHGBODY' undeclared here (not in a function)\nlib/milter_stubs.c:71: error: 'SMFIF_ADDRCPT' undeclared here (not in a function)\nlib/milter_stubs.c:72: error: 'SMFIF_ADDRCPT_PAR' undeclared here (not in a function)\nlib/milter_stubs.c:73: error: 'SMFIF_DELRCPT' undeclared here (not in a function)\nlib/milter_stubs.c:74: error: 'SMFIF_QUARANTINE' undeclared here (not in a function)\nlib/milter_stubs.c:75: error: 'SMFIF_CHGFROM' undeclared here (not in a function)\nlib/milter_stubs.c:76: error: 'SMFIF_SETSYMLIST' undeclared here (not in a function)\nlib/milter_stubs.c:79: error: expected '=', ',', ';', 'asm' or '__attribute__' before 'milter_stat_table'\nlib/milter_stubs.c: In function 'milter_flags':\nlib/milter_stubs.c:97: error: 'SMFIF_NONE' undeclared (first use in this function)\nlib/milter_stubs.c:97: warning: assignment makes integer from pointer without a cast\nlib/milter_stubs.c: At top level:\nlib/milter_stubs.c:121: error: expected ')' before '*' token\nlib/milter_stubs.c:156: error: expected '=', ',', ';', 'asm' or '__attribute__' before 'milter_connect'\nlib/milter_stubs.c:190: error: expected '=', ',', ';', 'asm' or '__attribute__' before 'milter_helo'\nlib/milter_stubs.c:220: error: expected '=', ',', ';', 'asm' or '__attribute__' before 'milter_envfrom'\nlib/milter_stubs.c:259: error: expected '=', ',', ';', 'asm' or '__attribute__' before 'milter_envrcpt'\nlib/milter_stubs.c:298: error: expected '=', ',', ';', 'asm' or '__attribute__' before 'milter_header'\nlib/milter_stubs.c:327: error: expected '=', ',', ';', 'asm' or '__attribute__' before 'milter_eoh'\nlib/milter_stubs.c:353: error: expected '=', ',', ';', 'asm' or '__attribute__' before 'milter_body'\nlib/milter_stubs.c:383: error: expected '=', ',', ';', 'asm' or '__attribute__' before 'milter_eom'\nlib/milter_stubs.c:409: error: expected '=', ',', ';', 'asm' or '__attribute__' before 'milter_abort'\nlib/milter_stubs.c:435: error: expected '=', ',', ';', 'asm' or '__attribute__' before 'milter_close'\nlib/milter_stubs.c:461: error: expected '=', ',', ';', 'asm' or '__attribute__' before 'milter_unknown'\nlib/milter_stubs.c:489: error: expected '=', ',', ';', 'asm' or '__attribute__' before 'milter_data'\nlib/milter_stubs.c:515: error: 'SMFIP_NOCONNECT' undeclared here (not in a function)\nlib/milter_stubs.c:515: error: initializer element is not constant\nlib/milter_stubs.c:515: error: (near initialization for 'milter_step_table[0]')\nlib/milter_stubs.c:516: error: 'SMFIP_NOHELO' undeclared here (not in a function)\nlib/milter_stubs.c:516: error: initializer element is not constant\nlib/milter_stubs.c:516: error: (near initialization for 'milter_step_table[1]')\nlib/milter_stubs.c:517: error: 'SMFIP_NOMAIL' undeclared here (not in a function)\nlib/milter_stubs.c:517: error: initializer element is not constant\nlib/milter_stubs.c:517: error: (near initialization for 'milter_step_table[2]')\nlib/milter_stubs.c:518: error: 'SMFIP_NORCPT' undeclared here (not in a function)\nlib/milter_stubs.c:518: error: initializer element is not constant\nlib/milter_stubs.c:518: error: (near initialization for 'milter_step_table[3]')\nlib/milter_stubs.c:519: error: 'SMFIP_NOBODY' undeclared here (not in a function)\nlib/milter_stubs.c:519: error: initializer element is not constant\nlib/milter_stubs.c:519: error: (near initialization for 'milter_step_table[4]')\nlib/milter_stubs.c:520: error: 'SMFIP_NOHDRS' undeclared here (not in a function)\nlib/milter_stubs.c:520: error: initializer element is not constant\nlib/milter_stubs.c:520: error: (near initialization for 'milter_step_table[5]')\nlib/milter_stubs.c:521: error: 'SMFIP_NOEOH' undeclared here (not in a function)\nlib/milter_stubs.c:521: error: initializer element is not constant\nlib/milter_stubs.c:521: error: (near initialization for 'milter_step_table[6]')\nlib/milter_stubs.c:522: error: 'SMFIP_NR_HDR' undeclared here (not in a function)\nlib/milter_stubs.c:522: error: initializer element is not constant\nlib/milter_stubs.c:522: error: (near initialization for 'milter_step_table[7]')\nlib/milter_stubs.c:523: error: 'SMFIP_NOUNKNOWN' undeclared here (not in a function)\nlib/milter_stubs.c:523: error: initializer element is not constant\nlib/milter_stubs.c:523: error: (near initialization for 'milter_step_table[8]')\nlib/milter_stubs.c:524: error: 'SMFIP_NODATA' undeclared here (not in a function)\nlib/milter_stubs.c:524: error: initializer element is not constant\nlib/milter_stubs.c:524: error: (near initialization for 'milter_step_table[9]')\nlib/milter_stubs.c:525: error: 'SMFIP_SKIP' undeclared here (not in a function)\nlib/milter_stubs.c:525: error: initializer element is not constant\nlib/milter_stubs.c:525: error: (near initialization for 'milter_step_table[10]')\nlib/milter_stubs.c:526: error: 'SMFIP_RCPT_REJ' undeclared here (not in a function)\nlib/milter_stubs.c:526: error: initializer element is not constant\nlib/milter_stubs.c:526: error: (near initialization for 'milter_step_table[11]')\nlib/milter_stubs.c:527: error: 'SMFIP_NR_CONN' undeclared here (not in a function)\nlib/milter_stubs.c:527: error: initializer element is not constant\nlib/milter_stubs.c:527: error: (near initialization for 'milter_step_table[12]')\nlib/milter_stubs.c:528: error: 'SMFIP_NR_HELO' undeclared here (not in a function)\nlib/milter_stubs.c:528: error: initializer element is not constant\nlib/milter_stubs.c:528: error: (near initialization for 'milter_step_table[13]')\nlib/milter_stubs.c:529: error: 'SMFIP_NR_MAIL' undeclared here (not in a function)\nlib/milter_stubs.c:529: error: initializer element is not constant\nlib/milter_stubs.c:529: error: (near initialization for 'milter_step_table[14]')\nlib/milter_stubs.c:530: error: 'SMFIP_NR_RCPT' undeclared here (not in a function)\nlib/milter_stubs.c:530: error: initializer element is not constant\nlib/milter_stubs.c:530: error: (near initialization for 'milter_step_table[15]')\nlib/milter_stubs.c:531: error: 'SMFIP_NR_DATA' undeclared here (not in a function)\nlib/milter_stubs.c:531: error: initializer element is not constant\nlib/milter_stubs.c:531: error: (near initialization for 'milter_step_table[16]')\nlib/milter_stubs.c:532: error: 'SMFIP_NR_UNKN' undeclared here (not in a function)\nlib/milter_stubs.c:532: error: initializer element is not constant\nlib/milter_stubs.c:532: error: (near initialization for 'milter_step_table[17]')\nlib/milter_stubs.c:533: error: 'SMFIP_NR_EOH' undeclared here (not in a function)\nlib/milter_stubs.c:533: error: initializer element is not constant\nlib/milter_stubs.c:533: error: (near initialization for 'milter_step_table[18]')\nlib/milter_stubs.c:534: error: 'SMFIP_NR_BODY' undeclared here (not in a function)\nlib/milter_stubs.c:534: error: initializer element is not constant\nlib/milter_stubs.c:534: error: (near initialization for 'milter_step_table[19]')\nlib/milter_stubs.c:535: error: 'SMFIP_HDR_LEADSPC' undeclared here (not in a function)\nlib/milter_stubs.c:535: error: initializer element is not constant\nlib/milter_stubs.c:535: error: (near initialization for 'milter_step_table[20]')\nlib/milter_stubs.c:549: error: expected '=', ',', ';', 'asm' or '__attribute__' before 'milter_negotiate'\nlib/milter_stubs.c: In function 'caml_milter_register':\nlib/milter_stubs.c:638: error: storage size of 'desc' isn't known\nlib/milter_stubs.c:640: error: request for member 'xxfi_name' in something not a structure or union\nlib/milter_stubs.c:640: warning: statement with no effect\nlib/milter_stubs.c:641: error: request for member 'xxfi_version' in something not a structure or union\nlib/milter_stubs.c:641: warning: statement with no effect\nlib/milter_stubs.c:642: error: request for member 'xxfi_flags' in something not a structure or union\nlib/milter_stubs.c:642: warning: statement with no effect\nlib/milter_stubs.c:643: error: request for member 'xxfi_connect' in something not a structure or union\nlib/milter_stubs.c:643: error: 'milter_connect' undeclared (first use in this function)\nlib/milter_stubs.c:643: warning: statement with no effect\nlib/milter_stubs.c:644: error: request for member 'xxfi_helo' in something not a structure or union\nlib/milter_stubs.c:644: error: 'milter_helo' undeclared (first use in this function)\nlib/milter_stubs.c:644: warning: statement with no effect\nlib/milter_stubs.c:645: error: request for member 'xxfi_envfrom' in something not a structure or union\nlib/milter_stubs.c:645: error: 'milter_envfrom' undeclared (first use in this function)\nlib/milter_stubs.c:645: warning: statement with no effect\nlib/milter_stubs.c:646: error: request for member 'xxfi_envrcpt' in something not a structure or union\nlib/milter_stubs.c:646: error: 'milter_envrcpt' undeclared (first use in this function)\nlib/milter_stubs.c:646: warning: statement with no effect\nlib/milter_stubs.c:647: error: request for member 'xxfi_header' in something not a structure or union\nlib/milter_stubs.c:647: error: 'milter_header' undeclared (first use in this function)\nlib/milter_stubs.c:647: warning: statement with no effect\nlib/milter_stubs.c:648: error: request for member 'xxfi_eoh' in something not a structure or union\nlib/milter_stubs.c:648: error: 'milter_eoh' undeclared (first use in this function)\nlib/milter_stubs.c:648: warning: statement with no effect\nlib/milter_stubs.c:649: error: request for member 'xxfi_body' in something not a structure or union\nlib/milter_stubs.c:649: error: 'milter_body' undeclared (first use in this function)\nlib/milter_stubs.c:649: warning: statement with no effect\nlib/milter_stubs.c:650: error: request for member 'xxfi_eom' in something not a structure or union\nlib/milter_stubs.c:650: error: 'milter_eom' undeclared (first use in this function)\nlib/milter_stubs.c:650: warning: statement with no effect\nlib/milter_stubs.c:651: error: request for member 'xxfi_abort' in something not a structure or union\nlib/milter_stubs.c:651: error: 'milter_abort' undeclared (first use in this function)\nlib/milter_stubs.c:651: warning: statement with no effect\nlib/milter_stubs.c:652: error: request for member 'xxfi_close' in something not a structure or union\nlib/milter_stubs.c:652: error: 'milter_close' undeclared (first use in this function)\nlib/milter_stubs.c:652: warning: statement with no effect\nlib/milter_stubs.c:653: error: request for member 'xxfi_unknown' in something not a structure or union\nlib/milter_stubs.c:653: error: 'milter_unknown' undeclared (first use in this function)\nlib/milter_stubs.c:653: warning: statement with no effect\nlib/milter_stubs.c:654: error: request for member 'xxfi_data' in something not a structure or union\nlib/milter_stubs.c:654: error: 'milter_data' undeclared (first use in this function)\nlib/milter_stubs.c:654: warning: statement with no effect\nlib/milter_stubs.c:655: error: request for member 'xxfi_negotiate' in something not a structure or union\nlib/milter_stubs.c:655: error: 'milter_negotiate' undeclared (first use in this function)\nlib/milter_stubs.c:655: warning: statement with no effect\nlib/milter_stubs.c:658: warning: implicit declaration of function 'smfi_register'\nlib/milter_stubs.c:660: error: 'MI_FAILURE' undeclared (first use in this function)\nlib/milter_stubs.c:660: warning: comparison between pointer and integer\nlib/milter_stubs.c:638: warning: unused variable 'desc'\nlib/milter_stubs.c: In function 'caml_milter_setconn':\nlib/milter_stubs.c:673: warning: implicit declaration of function 'smfi_setconn'\nlib/milter_stubs.c:675: error: 'MI_FAILURE' undeclared (first use in this function)\nlib/milter_stubs.c:675: warning: comparison between pointer and integer\nlib/milter_stubs.c: In function 'caml_milter_settimeout':\nlib/milter_stubs.c:685: warning: implicit declaration of function 'smfi_settimeout'\nlib/milter_stubs.c: In function 'caml_milter_setbacklog':\nlib/milter_stubs.c:695: warning: implicit declaration of function 'smfi_setbacklog'\nlib/milter_stubs.c:696: error: 'MI_FAILURE' undeclared (first use in this function)\nlib/milter_stubs.c:696: warning: comparison between pointer and integer\nlib/milter_stubs.c: In function 'caml_milter_setdbg':\nlib/milter_stubs.c:706: warning: implicit declaration of function 'smfi_setdbg'\nlib/milter_stubs.c: In function 'caml_milter_stop':\nlib/milter_stubs.c:715: warning: implicit declaration of function 'smfi_stop'\nlib/milter_stubs.c: In function 'caml_milter_main':\nlib/milter_stubs.c:727: warning: implicit declaration of function 'smfi_main'\nlib/milter_stubs.c:729: error: 'MI_FAILURE' undeclared (first use in this function)\nlib/milter_stubs.c:729: warning: comparison between pointer and integer\nlib/milter_stubs.c: In function 'caml_milter_getsymval':\nlib/milter_stubs.c:742: error: 'SMFICTX' undeclared (first use in this function)\nlib/milter_stubs.c:742: error: 'ctx' undeclared (first use in this function)\nlib/milter_stubs.c:742: error: invalid operands to binary * (have 'const int *' and 'const int *')\nlib/milter_stubs.c:742: error: expected expression before ')' token\nlib/milter_stubs.c:742: error: invalid operands to binary * (have 'const int *' and 'const int *')\nlib/milter_stubs.c:742: warning: statement with no effect\nlib/milter_stubs.c:744: warning: implicit declaration of function 'smfi_getsymval'\nlib/milter_stubs.c:744: warning: assignment makes pointer from integer without a cast\nlib/milter_stubs.c: In function 'caml_milter_getpriv':\nlib/milter_stubs.c:762: error: 'SMFICTX' undeclared (first use in this function)\nlib/milter_stubs.c:762: error: 'ctx' undeclared (first use in this function)\nlib/milter_stubs.c:762: error: invalid operands to binary * (have 'const int *' and 'const int *')\nlib/milter_stubs.c:762: error: expected expression before ')' token\nlib/milter_stubs.c:762: error: invalid operands to binary * (have 'const int *' and 'const int *')\nlib/milter_stubs.c:762: warning: statement with no effect\nlib/milter_stubs.c:765: warning: implicit declaration of function 'smfi_getpriv'\nlib/milter_stubs.c:765: warning: assignment makes pointer from integer without a cast\nlib/milter_stubs.c: In function 'caml_milter_setpriv':\nlib/milter_stubs.c:781: error: 'SMFICTX' undeclared (first use in this function)\nlib/milter_stubs.c:781: error: 'ctx' undeclared (first use in this function)\nlib/milter_stubs.c:781: error: invalid operands to binary * (have 'const int *' and 'const int *')\nlib/milter_stubs.c:781: error: expected expression before ')' token\nlib/milter_stubs.c:781: error: invalid operands to binary * (have 'const int *' and 'const int *')\nlib/milter_stubs.c:781: warning: statement with no effect\nlib/milter_stubs.c:784: warning: assignment makes pointer from integer without a cast\nlib/milter_stubs.c:790: warning: implicit declaration of function 'smfi_setpriv'\nlib/milter_stubs.c:791: error: 'MI_FAILURE' undeclared (first use in this function)\nlib/milter_stubs.c:791: warning: comparison between pointer and integer\nlib/milter_stubs.c:810: warning: comparison between pointer and integer\nlib/milter_stubs.c: In function 'caml_milter_setreply':\nlib/milter_stubs.c:830: error: 'SMFICTX' undeclared (first use in this function)\nlib/milter_stubs.c:830: error: 'ctx' undeclared (first use in this function)\nlib/milter_stubs.c:830: error: invalid operands to binary * (have 'const int *' and 'const int *')\nlib/milter_stubs.c:830: error: expected expression before ')' token\nlib/milter_stubs.c:830: error: invalid operands to binary * (have 'const int *' and 'const int *')\nlib/milter_stubs.c:830: warning: statement with no effect\nlib/milter_stubs.c:835: warning: implicit declaration of function 'smfi_setreply'\nlib/milter_stubs.c:837: error: 'MI_FAILURE' undeclared (first use in this function)\nlib/milter_stubs.c:837: warning: comparison between pointer and integer\nlib/milter_stubs.c: In function 'caml_milter_setmlreply':\nlib/milter_stubs.c:856: error: 'SMFICTX' undeclared (first use in this function)\nlib/milter_stubs.c:856: error: 'ctx' undeclared (first use in this function)\nlib/milter_stubs.c:856: error: invalid operands to binary * (have 'const int *' and 'const int *')\nlib/milter_stubs.c:856: error: expected expression before ')' token\nlib/milter_stubs.c:856: error: invalid operands to binary * (have 'const int *' and 'const int *')\nlib/milter_stubs.c:856: warning: statement with no effect\nlib/milter_stubs.c:869: error: 'MI_FAILURE' undeclared (first use in this function)\nlib/milter_stubs.c:869: warning: assignment makes integer from pointer without a cast\nlib/milter_stubs.c:876: warning: implicit declaration of function 'smfi_setmlreply'\nlib/milter_stubs.c:893: warning: comparison between pointer and integer\nlib/milter_stubs.c: In function 'caml_milter_addheader':\nlib/milter_stubs.c:904: error: 'SMFICTX' undeclared (first use in this function)\nlib/milter_stubs.c:904: error: 'ctx' undeclared (first use in this function)\nlib/milter_stubs.c:904: error: invalid operands to binary * (have 'const int *' and 'const int *')\nlib/milter_stubs.c:904: error: expected expression before ')' token\nlib/milter_stubs.c:904: error: invalid operands to binary * (have 'const int *' and 'const int *')\nlib/milter_stubs.c:904: warning: statement with no effect\nlib/milter_stubs.c:909: warning: implicit declaration of function 'smfi_addheader'\nlib/milter_stubs.c:911: error: 'MI_FAILURE' undeclared (first use in this function)\nlib/milter_stubs.c:911: warning: comparison between pointer and integer\nlib/milter_stubs.c: In function 'caml_milter_chgheader':\nlib/milter_stubs.c:924: error: 'SMFICTX' undeclared (first use in this function)\nlib/milter_stubs.c:924: error: 'ctx' undeclared (first use in this function)\nlib/milter_stubs.c:924: error: invalid operands to binary * (have 'const int *' and 'const int *')\nlib/milter_stubs.c:924: error: expected expression before ')' token\nlib/milter_stubs.c:924: error: invalid operands to binary * (have 'const int *' and 'const int *')\nlib/milter_stubs.c:924: warning: statement with no effect\nlib/milter_stubs.c:929: warning: implicit declaration of function 'smfi_chgheader'\nlib/milter_stubs.c:931: error: 'MI_FAILURE' undeclared (first use in this function)\nlib/milter_stubs.c:931: warning: comparison between pointer and integer\nlib/milter_stubs.c: In function 'caml_milter_insheader':\nlib/milter_stubs.c:944: error: 'SMFICTX' undeclared (first use in this function)\nlib/milter_stubs.c:944: error: 'ctx' undeclared (first use in this function)\nlib/milter_stubs.c:944: error: invalid operands to binary * (have 'const int *' and 'const int *')\nlib/milter_stubs.c:944: error: expected expression before ')' token\nlib/milter_stubs.c:944: error: invalid operands to binary * (have 'const int *' and 'const int *')\nlib/milter_stubs.c:944: warning: statement with no effect\nlib/milter_stubs.c:949: warning: implicit declaration of function 'smfi_insheader'\nlib/milter_stubs.c:951: error: 'MI_FAILURE' undeclared (first use in this function)\nlib/milter_stubs.c:951: warning: comparison between pointer and integer\nlib/milter_stubs.c: In function 'caml_milter_chgfrom':\nlib/milter_stubs.c:962: error: 'SMFICTX' undeclared (first use in this function)\nlib/milter_stubs.c:962: error: 'ctx' undeclared (first use in this function)\nlib/milter_stubs.c:962: error: invalid operands to binary * (have 'const int *' and 'const int *')\nlib/milter_stubs.c:962: error: expected expression before ')' token\nlib/milter_stubs.c:962: error: invalid operands to binary * (have 'const int *' and 'const int *')\nlib/milter_stubs.c:962: warning: statement with no effect\nlib/milter_stubs.c:967: warning: implicit declaration of function 'smfi_chgfrom'\nlib/milter_stubs.c:969: error: 'MI_FAILURE' undeclared (first use in this function)\nlib/milter_stubs.c:969: warning: comparison between pointer and integer\nlib/milter_stubs.c: In function 'caml_milter_addrcpt':\nlib/milter_stubs.c:980: error: 'SMFICTX' undeclared (first use in this function)\nlib/milter_stubs.c:980: error: 'ctx' undeclared (first use in this function)\nlib/milter_stubs.c:980: error: invalid operands to binary * (have 'const int *' and 'const int *')\nlib/milter_stubs.c:980: error: expected expression before ')' token\nlib/milter_stubs.c:980: error: invalid operands to binary * (have 'const int *' and 'const int *')\nlib/milter_stubs.c:980: warning: statement with no effect\nlib/milter_stubs.c:984: warning: implicit declaration of function 'smfi_addrcpt'\nlib/milter_stubs.c:986: error: 'MI_FAILURE' undeclared (first use in this function)\nlib/milter_stubs.c:986: warning: comparison between pointer and integer\nlib/milter_stubs.c: In function 'caml_milter_addrcpt_par':\nlib/milter_stubs.c:997: error: 'SMFICTX' undeclared (first use in this function)\nlib/milter_stubs.c:997: error: 'ctx' undeclared (first use in this function)\nlib/milter_stubs.c:997: error: invalid operands to binary * (have 'const int *' and 'const int *')\nlib/milter_stubs.c:997: error: expected expression before ')' token\nlib/milter_stubs.c:997: error: invalid operands to binary * (have 'const int *' and 'const int *')\nlib/milter_stubs.c:997: warning: statement with no effect\nlib/milter_stubs.c:1002: warning: implicit declaration of function 'smfi_addrcpt_par'\nlib/milter_stubs.c:1004: error: 'MI_FAILURE' undeclared (first use in this function)\nlib/milter_stubs.c:1004: warning: comparison between pointer and integer\nlib/milter_stubs.c: In function 'caml_milter_delrcpt':\nlib/milter_stubs.c:1015: error: 'SMFICTX' undeclared (first use in this function)\nlib/milter_stubs.c:1015: error: 'ctx' undeclared (first use in this function)\nlib/milter_stubs.c:1015: error: invalid operands to binary * (have 'const int *' and 'const int *')\nlib/milter_stubs.c:1015: error: expected expression before ')' token\nlib/milter_stubs.c:1015: error: invalid operands to binary * (have 'const int *' and 'const int *')\nlib/milter_stubs.c:1015: warning: statement with no effect\nlib/milter_stubs.c:1019: warning: implicit declaration of function 'smfi_delrcpt'\nlib/milter_stubs.c:1021: error: 'MI_FAILURE' undeclared (first use in this function)\nlib/milter_stubs.c:1021: warning: comparison between pointer and integer\nlib/milter_stubs.c: In function 'caml_milter_replacebody':\nlib/milter_stubs.c:1033: error: 'SMFICTX' undeclared (first use in this function)\nlib/milter_stubs.c:1033: error: 'ctx' undeclared (first use in this function)\nlib/milter_stubs.c:1033: error: invalid operands to binary * (have 'const int *' and 'const int *')\nlib/milter_stubs.c:1033: error: expected expression before ')' token\nlib/milter_stubs.c:1033: error: invalid operands to binary * (have 'const int *' and 'const int *')\nlib/milter_stubs.c:1033: warning: statement with no effect\nlib/milter_stubs.c:1037: warning: implicit declaration of function 'smfi_replacebody'\nlib/milter_stubs.c:1039: error: 'MI_FAILURE' undeclared (first use in this function)\nlib/milter_stubs.c:1039: warning: comparison between pointer and integer\nlib/milter_stubs.c: In function 'caml_milter_progress':\nlib/milter_stubs.c:1050: error: 'SMFICTX' undeclared (first use in this function)\nlib/milter_stubs.c:1050: error: 'ctx' undeclared (first use in this function)\nlib/milter_stubs.c:1050: error: invalid operands to binary * (have 'const int *' and 'const int *')\nlib/milter_stubs.c:1050: error: expected expression before ')' token\nlib/milter_stubs.c:1050: error: invalid operands to binary * (have 'const int *' and 'const int *')\nlib/milter_stubs.c:1050: warning: statement with no effect\nlib/milter_stubs.c:1053: warning: implicit declaration of function 'smfi_progress'\nlib/milter_stubs.c:1055: error: 'MI_FAILURE' undeclared (first use in this function)\nlib/milter_stubs.c:1055: warning: comparison between pointer and integer\nlib/milter_stubs.c: In function 'caml_milter_quarantine':\nlib/milter_stubs.c:1066: error: 'SMFICTX' undeclared (first use in this function)\nlib/milter_stubs.c:1066: error: 'ctx' undeclared (first use in this function)\nlib/milter_stubs.c:1066: error: invalid operands to binary * (have 'const int *' and 'const int *')\nlib/milter_stubs.c:1066: error: expected expression before ')' token\nlib/milter_stubs.c:1066: error: invalid operands to binary * (have 'const int *' and 'const int *')\nlib/milter_stubs.c:1066: warning: statement with no effect\nlib/milter_stubs.c:1070: warning: implicit declaration of function 'smfi_quarantine'\nlib/milter_stubs.c:1072: error: 'MI_FAILURE' undeclared (first use in this function)\nlib/milter_stubs.c:1072: warning: comparison between pointer and integer\nlib/milter_stubs.c: In function 'caml_milter_version':\nlib/milter_stubs.c:1085: warning: implicit declaration of function 'smfi_version'\nlib/milter_stubs.c: At top level:\nlib/milter_stubs.c:1096: error: 'SMFIM_CONNECT' undeclared here (not in a function)\nlib/milter_stubs.c:1096: error: initializer element is not constant\nlib/milter_stubs.c:1096: error: (near initialization for 'milter_stage_table[0]')\nlib/milter_stubs.c:1097: error: 'SMFIM_HELO' undeclared here (not in a function)\nlib/milter_stubs.c:1097: error: initializer element is not constant\nlib/milter_stubs.c:1097: error: (near initialization for 'milter_stage_table[1]')\nlib/milter_stubs.c:1098: error: 'SMFIM_ENVFROM' undeclared here (not in a function)\nlib/milter_stubs.c:1098: error: initializer element is not constant\nlib/milter_stubs.c:1098: error: (near initialization for 'milter_stage_table[2]')\nlib/milter_stubs.c:1099: error: 'SMFIM_ENVRCPT' undeclared here (not in a function)\nlib/milter_stubs.c:1099: error: initializer element is not constant\nlib/milter_stubs.c:1099: error: (near initialization for 'milter_stage_table[3]')\nlib/milter_stubs.c:1100: error: 'SMFIM_DATA' undeclared here (not in a function)\nlib/milter_stubs.c:1100: error: initializer element is not constant\nlib/milter_stubs.c:1100: error: (near initialization for 'milter_stage_table[4]')\nlib/milter_stubs.c:1101: error: 'SMFIM_EOM' undeclared here (not in a function)\nlib/milter_stubs.c:1101: error: initializer element is not constant\nlib/milter_stubs.c:1101: error: (near initialization for 'milter_stage_table[5]')\nlib/milter_stubs.c:1102: error: 'SMFIM_EOH' undeclared here (not in a function)\nlib/milter_stubs.c:1102: error: initializer element is not constant\nlib/milter_stubs.c:1102: error: (near initialization for 'milter_stage_table[6]')\nlib/milter_stubs.c: In function 'caml_milter_setsymlist':\nlib/milter_stubs.c:1111: error: 'SMFICTX' undeclared (first use in this function)\nlib/milter_stubs.c:1111: error: 'ctx' undeclared (first use in this function)\nlib/milter_stubs.c:1111: error: invalid operands to binary * (have 'const int *' and 'const int *')\nlib/milter_stubs.c:1111: error: expected expression before ')' token\nlib/milter_stubs.c:1111: error: invalid operands to binary * (have 'const int *' and 'const int *')\nlib/milter_stubs.c:1111: warning: statement with no effect\nlib/milter_stubs.c:1115: warning: implicit declaration of function 'smfi_setsymlist'\nlib/milter_stubs.c:1117: error: 'MI_FAILURE' undeclared (first use in this function)\nlib/milter_stubs.c:1117: warning: comparison between pointer and integer\nlib/milter_stubs.c: In function 'caml_milter_version_code':\nlib/milter_stubs.c:1127: error: 'SMFI_VERSION' undeclared (first use in this function)\nCommand exited with code 2.\nE: Failure(\"Command ''/Users/avsm/ocamlot/worker/ocaml/4.01/bin/ocamlbuild' lib/libmilter_stubs.a lib/dllmilter_stubs.so lib/milter.cma lib/milter.cmxa lib/milter.a lib/milter.cmxs -tag debug' terminated with error code 10\")\nUninstalling milter.1.0.0:\n  ocamlfind remove milter\nocamlfind: [WARNING] No such directory: /private/var/folders/f9/vtsr2sv53wn9h3fblk38vwdh0000gn/T/ocamlot/ocamlot.work.2013-06-26.33/opam-install/system/lib/milter\n\n")(r_stderr"The compilation of milter.1.0.0 failed.\n\n==== ERROR [while installing milter.1.0.0] ====\n# opam-version    1.0.1 (df84b0565f0709578c581c1dea82246688d2804f)\n# os              darwin\n# command         ocaml setup.ml -build\n# path            /private/var/folders/f9/vtsr2sv53wn9h3fblk38vwdh0000gn/T/ocamlot/ocamlot.work.2013-06-26.33/opam-install/system/build/milter.1.0.0\n# compiler        system (4.01.0)\n# exit-code       1\n# env-file        /private/var/folders/f9/vtsr2sv53wn9h3fblk38vwdh0000gn/T/ocamlot/ocamlot.work.2013-06-26.33/opam-install/system/build/milter.1.0.0/milter-56672-b76d46.env\n# stdout-file     /private/var/folders/f9/vtsr2sv53wn9h3fblk38vwdh0000gn/T/ocamlot/ocamlot.work.2013-06-26.33/opam-install/system/build/milter.1.0.0/milter-56672-b76d46.out\n# stderr-file     /private/var/folders/f9/vtsr2sv53wn9h3fblk38vwdh0000gn/T/ocamlot/ocamlot.work.2013-06-26.33/opam-install/system/build/milter.1.0.0/milter-56672-b76d46.err\n### stdout ###\n...[truncated]\nlib/milter_stubs.c:1111: error: invalid operands to binary * (have 'const int *' and 'const int *')\nlib/milter_stubs.c:1111: error: expected expression before ')' token\nlib/milter_stubs.c:1111: error: invalid operands to binary * (have 'const int *' and 'const int *')\nlib/milter_stubs.c:1111: warning: statement with no effect\nlib/milter_stubs.c:1115: warning: implicit declaration of function 'smfi_setsymlist'\nlib/milter_stubs.c:1117: error: 'MI_FAILURE' undeclared (first use in this function)\nlib/milter_stubs.c:1117: warning: comparison between pointer and integer\nlib/milter_stubs.c: In function 'caml_milter_version_code':\nlib/milter_stubs.c:1127: error: 'SMFI_VERSION' undeclared (first use in this function)\nCommand exited with code 2.\n### stderr ###\nE: Failure(\"Command ''/Users/avsm/ocamlot/worker/ocaml/4.01/bin/ocamlbuild' lib/libmilter_stubs.a lib/dllmilter_stubs.so lib/milter.cma lib/milter.cmxa lib/milter.a lib/milter.cmxs -tag debug' terminated with error code 10\")\n\n'opam install --verbose --yes milter.1.0.0' failed.\n")))))(duration 174.6961359977722168)(info"Compiler: 4.01.0+dev18-2013-06-13\nOPAM: df84b0565f0709578c581c1dea82246688d2804f\nOCAMLRUNPARAM = b\nHOME = /var/folders/f9/vtsr2sv53wn9h3fblk38vwdh0000gn/T/ocamlot/ocamlot.work.2013-06-26.33\nPATH = /private/var/folders/f9/vtsr2sv53wn9h3fblk38vwdh0000gn/T/ocamlot/ocamlot.work.2013-06-26.33/opam-install/system/bin:/var/folders/f9/vtsr2sv53wn9h3fblk38vwdh0000gn/T/ocamlot/ocamlot.work.2013-06-26.33:/Users/avsm/ocamlot/worker/ocaml/4.01/bin:/usr/bin:/bin:/usr/sbin:/sbin:/usr/local/bin\nMANPATH = /private/var/folders/f9/vtsr2sv53wn9h3fblk38vwdh0000gn/T/ocamlot/ocamlot.work.2013-06-26.33/opam-install/system/man:\nOCAML_TOPLEVEL_PATH = /private/var/folders/f9/vtsr2sv53wn9h3fblk38vwdh0000gn/T/ocamlot/ocamlot.work.2013-06-26.33/opam-install/system/lib/toplevel\nOPAMROOT = /private/var/folders/f9/vtsr2sv53wn9h3fblk38vwdh0000gn/T/ocamlot/ocamlot.work.2013-06-26.33/opam-install\nCAML_LD_LIBRARY_PATH = /private/var/folders/f9/vtsr2sv53wn9h3fblk38vwdh0000gn/T/ocamlot/ocamlot.work.2013-06-26.33/opam-install/system/lib/stublibs:/Users/avsm/ocamlot/worker/ocaml/4.01/lib/ocaml/stublibs\n"))))(1372208430.5263528824(Checked_in 21))(1372208406.5190830231(Checked_in 21))(1372208382.5112409592(Checked_in 21))(1372208358.5044229031(Checked_in 21))(1372208334.4988200665(Checked_in 21))(1372208310.4933700562(Checked_in 21))(1372208286.4872019291(Checked_in 21))(1372208262.4801809788(Started 21))(1372200222.2832100391(Advertized((os Darwin)(arch X86_64))))))(host((os Darwin)(arch X86_64)))(job(Opam((diff(((repo((url"")(repo_url(URL git://github.com/OCamlPro/opam-repository.git))))(label OCamlPro/opam-repository:master)(reference(Ref master)))))(packages(milter.1.0.0))(target((host((os Darwin)(arch X86_64)))(compiler((c_version 4.01.0)(c_build"")))))(action Build)))))