((href https://github.com/OCamlPro/opam-repository/blob/master/packages/ocaml-mysql.1.1.1/opam)(log((1372063417.0918018818(Completed 13((status(Failed()))(duration 63.361018896102905273)(output((err"The compilation of ocaml-mysql.1.1.1 failed.\n\n==== ERROR [while installing ocaml-mysql.1.1.1] ====\n# opam-version    1.0.1 (df84b0565f0709578c581c1dea82246688d2804f)\n# os              freebsd\n# command         gmake\n# path            /tmp/ocamlot/ocamlot.work.2013-06-24.287/opam-install/system/build/ocaml-mysql.1.1.1\n# compiler        system (4.01.0)\n# exit-code       2\n# env-file        /tmp/ocamlot/ocamlot.work.2013-06-24.287/opam-install/system/build/ocaml-mysql.1.1.1/ocaml-mysql-45459-b76d46.env\n# stdout-file     /tmp/ocamlot/ocamlot.work.2013-06-24.287/opam-install/system/build/ocaml-mysql.1.1.1/ocaml-mysql-45459-b76d46.out\n# stderr-file     /tmp/ocamlot/ocamlot.work.2013-06-24.287/opam-install/system/build/ocaml-mysql.1.1.1/ocaml-mysql-45459-b76d46.err\n### stdout ###\ngmake[1]: Entering directory `/tmp/ocamlot/ocamlot.work.2013-06-24.287/opam-install/system/build/ocaml-mysql.1.1.1'\nocamldep mysql.mli > ._bcdi/mysql.di\nocamldep -pp \"camlp4o \" mysql.ml > ._d/mysql.d\ngmake[1]: Leaving directory `/tmp/ocamlot/ocamlot.work.2013-06-24.287/opam-install/system/build/ocaml-mysql.1.1.1'\ngmake[1]: Entering directory `/tmp/ocamlot/ocamlot.work.2013-06-24.287/opam-install/system/build/ocaml-mysql.1.1.1'\nocamlc -c -cc \"cc\" -ccopt \"-fPIC -g -O2 -Wall -Wextra \\\n\t\t\t-DPIC   \\\n\t\t\t    -o mysql_stubs.o \" mysql_stubs.c\ngmake[1]: Leaving directory `/tmp/ocamlot/ocamlot.work.2013-06-24.287/opam-install/system/build/ocaml-mysql.1.1.1'\n### stderr ###\n...[truncated]\nmysql_stubs.c:1164: warning: passing argument 2 of 'caml_alloc_custom' makes integer from pointer without a cast\nmysql_stubs.c:1165: error: expected expression before ')' token\nmysql_stubs.c:1165: error: invalid operands to binary *\nmysql_stubs.c:1165: error: called object '<erroneous-expression>' is not a function\nmysql_stubs.c:1165: warning: implicit declaration of function 'mysql_stmt_result_metadata'\nmysql_stubs.c:1165: error: called object '<erroneous-expression>' is not a function\nmysql_stubs.c:1165: error: incompatible types in assignment\nmysql_stubs.c:1165: warning: statement with no effect\ngmake[1]: *** [mysql_stubs.o] Error 2\ngmake: *** [byte-code-library] Error 2\n\n'opam install --verbose --yes ocaml-mysql.1.1.1' failed.\n\nOCAMLOT After 63.36s Opam_task.run \"opam install --verbose --yes ocaml-mysql.1.1.1\" failed (4) in 8.92s\n")(out"The following actions will be performed:\n - install ocamlfind.1.3.3 [required by ocaml-mysql]\n - install ocaml-mysql.1.1.1\n2 to install | 0 to reinstall | 0 to upgrade | 0 to downgrade | 0 to remove\n\n=-=-= Installing ocamlfind.1.3.3 =-=-=\nDownloading http://download.camlcity.org/download/findlib-1.3.3.tar.gz.\n  % Total    % Received % Xferd  Average Speed   Time    Time     Time  Current\n                                 Dload  Upload   Total   Spent    Left  Speed\n\r  0     0    0     0    0     0      0      0 --:--:-- --:--:-- --:--:--     0\r100  225k  100  225k    0     0   963k      0 --:--:-- --:--:-- --:--:-- 1071k\n200\nCopying ocamlfind.install.\nCreating /tmp/ocamlot/ocamlot.work.2013-06-24.287/opam-install/repo/ocamlot/archives/ocamlfind.1.3.3+opam.tar.gz.\nExtracting /tmp/ocamlot/ocamlot.work.2013-06-24.287/opam-install/archives/ocamlfind.1.3.3+opam.tar.gz.\nBuilding ocamlfind.1.3.3:\n  ./configure -bindir /tmp/ocamlot/ocamlot.work.2013-06-24.287/opam-install/system/bin -sitelib /tmp/ocamlot/ocamlot.work.2013-06-24.287/opam-install/system/lib -mandir /tmp/ocamlot/ocamlot.work.2013-06-24.287/opam-install/system/man -config /tmp/ocamlot/ocamlot.work.2013-06-24.287/opam-install/system/lib/findlib.conf -no-topfind\n  gmake all\n  gmake opt\n  gmake install\n  ocamlfind remove dbm\nWelcome to findlib version 1.3.3\nConfiguring core...\nChecking for #remove_directory...\nTesting threading model...\nsysthread_supported: true\nTesting DLLs...\nConfiguring libraries...\nnative dynlink: found\nlabltk: found\nocamlbuild: found\ncamlp4: using camlp4, style 310\ncompiler-libs: found\nConfiguration for dbm written to site-lib-src/dbm/META\nConfiguration for dynlink written to site-lib-src/dynlink/META\nConfiguration for graphics written to site-lib-src/graphics/META\nConfiguration for num written to site-lib-src/num/META\nConfiguration for num-top written to site-lib-src/num-top/META\nConfiguration for str written to site-lib-src/str/META\nConfiguration for threads written to site-lib-src/threads/META\nConfiguration for unix written to site-lib-src/unix/META\nConfiguration for stdlib written to site-lib-src/stdlib/META\nConfiguration for bigarray written to site-lib-src/bigarray/META\nConfiguration for labltk written to site-lib-src/labltk/META\nConfiguration for camlp4 written to site-lib-src/camlp4/META\nConfiguration for ocamlbuild written to site-lib-src/ocamlbuild/META\nConfiguration for compiler-libs written to site-lib-src/compiler-libs/META\nDetecting compiler arguments: (extractor built) ok\n\nAbout the OCAML core installation:\n    Standard library:      /usr/home/avsm/repo/worker/ocaml/4.01/lib/ocaml\n    Binaries:              /usr/home/avsm/repo/worker/ocaml/4.01/bin\n    Manual pages:          /usr/home/avsm/repo/worker/ocaml/4.01/man\n    Multi-threading type:  posix\nThe directory of site-specific packages will be\n    site-lib:              /tmp/ocamlot/ocamlot.work.2013-06-24.287/opam-install/system/lib\nThe configuration file is written to:\n    findlib config file:   /tmp/ocamlot/ocamlot.work.2013-06-24.287/opam-install/system/lib/findlib.conf\nSoftware will be installed:\n    Libraries:             in <site-lib>/findlib\n    Binaries:              /tmp/ocamlot/ocamlot.work.2013-06-24.287/opam-install/system/bin\n    Manual pages:          /tmp/ocamlot/ocamlot.work.2013-06-24.287/opam-install/system/man\n    topfind script:        omitted\nToolbox:                   no\n\nConfiguration has been written to Makefile.config\n\nYou can now do 'make all', and optionally 'make opt', to build ocamlfind.\nfor p in findlib; do ( cd src/$p; gmake all ); done\ngmake[1]: Entering directory `/tmp/ocamlot/ocamlot.work.2013-06-24.287/opam-install/system/build/ocamlfind.1.3.3/src/findlib'\nMakefile:142: depend: No such file or directory\nocamllex fl_meta.mll\n22 states, 392 transitions, table size 1700 bytes\ncamlp4 pa_o.cmo pa_op.cmo pr_o.cmo -- -impl fl_metascanner.src -o fl_metascanner.ml\nocamldep *.ml *.mli >depend\ngmake[1]: Leaving directory `/tmp/ocamlot/ocamlot.work.2013-06-24.287/opam-install/system/build/ocamlfind.1.3.3/src/findlib'\ngmake[1]: Entering directory `/tmp/ocamlot/ocamlot.work.2013-06-24.287/opam-install/system/build/ocamlfind.1.3.3/src/findlib'\nUSE_CYGPATH=\"0\"; \\\nexport USE_CYGPATH; \\\ncat findlib_config.mlp | \\\n\t../../tools/patch '@CONFIGFILE@' '/tmp/ocamlot/ocamlot.work.2013-06-24.287/opam-install/system/lib/findlib.conf' | \\\n\t../../tools/patch '@STDLIB@' '/usr/home/avsm/repo/worker/ocaml/4.01/lib/ocaml' | \\\n\tsed -e 's;@AUTOLINK@;true;g' \\\n\t    -e 's;@SYSTEM@;freebsd;g' \\\n\t     >findlib_config.ml\nocamlc -I +compiler-libs -g -c findlib_config.ml\nocamlc -I +compiler-libs -g -c fl_split.ml\nocamlc -I +compiler-libs -g -c fl_metatoken.ml\nocamlc -I +compiler-libs -g -c fl_meta.ml\nocamlc -I +compiler-libs -c fl_metascanner.mli\nocamlc -I +compiler-libs -g -c fl_metascanner.ml\nocamlc -I +compiler-libs -c fl_topo.mli\nocamlc -I +compiler-libs -g -c fl_topo.ml\nFile \"fl_topo.ml\", line 283, characters 10-22:\nWarning 26: unused variable in_direction.\nFile \"fl_topo.ml\", line 219, characters 36-37:\nWarning 3: deprecated feature: operator (&); you should use (&&) instead\nocamlc -I +compiler-libs -c fl_package_base.mli\nocamlc -I +compiler-libs -g -c fl_package_base.ml\nocamlc -I +compiler-libs -c findlib.mli\nocamlc -I +compiler-libs -g -c findlib.ml\nocamlc -I +compiler-libs -g -c fl_args.ml\nocamlc -I +compiler-libs -a -o findlib.cma findlib_config.cmo fl_split.cmo fl_metatoken.cmo fl_meta.cmo fl_metascanner.cmo fl_topo.cmo fl_package_base.cmo findlib.cmo fl_args.cmo\nocamlc -I +compiler-libs -g -c ocaml_args.ml\nocamlc -I +compiler-libs -g -c frontend.ml\nocamlc -I +compiler-libs -custom -o ocamlfind -g findlib.cma unix.cma \\\n           ocaml_args.cmo frontend.cmo\nocamlc -I +compiler-libs -c topfind.mli\nocamlc -I +compiler-libs -g -c topfind.ml\nFile \"topfind.ml\", line 53, characters 10-19:\nWarning 26: unused variable stdlibdir.\nFile \"topfind.ml\", line 97, characters 11-12:\nWarning 26: unused variable d.\nocamlc -I +compiler-libs -a -o findlib_top.cma topfind.cmo\nUSE_CYGPATH=\"0\"; \\\nexport USE_CYGPATH; \\\ncat topfind_rd1.p | \\\n\t../../tools/patch '@SITELIB@' '/tmp/ocamlot/ocamlot.work.2013-06-24.287/opam-install/system/lib' \\\n    \t    >topfind\nocamlc -I +compiler-libs -c num_top_printers.mli\nocamlc -I +compiler-libs -g -c num_top_printers.ml\nocamlc -I +compiler-libs -c num_top.mli\nocamlc -I +compiler-libs -g -c num_top.ml\nocamlc -I +compiler-libs -a -o num_top.cma num_top_printers.cmo num_top.cmo\ngmake[1]: Leaving directory `/tmp/ocamlot/ocamlot.work.2013-06-24.287/opam-install/system/build/ocamlfind.1.3.3/src/findlib'\ngmake all-config\ngmake[1]: Entering directory `/tmp/ocamlot/ocamlot.work.2013-06-24.287/opam-install/system/build/ocamlfind.1.3.3'\nUSE_CYGPATH=\"0\"; \\\nexport USE_CYGPATH; \\\ncat findlib.conf.in | \\\n\ttools/patch '@SITELIB@' '/tmp/ocamlot/ocamlot.work.2013-06-24.287/opam-install/system/lib' >findlib.conf\nif ocamlc.opt >/dev/null 2>&1; then \\\n\techo 'ocamlc=\"ocamlc.opt\"' >>findlib.conf; \\\nfi\nif ocamlopt.opt >/dev/null 2>&1; then \\\n\techo 'ocamlopt=\"ocamlopt.opt\"' >>findlib.conf; \\\nfi\nif ocamldep.opt >/dev/null 2>&1; then \\\n\techo 'ocamldep=\"ocamldep.opt\"' >>findlib.conf; \\\nfi\ngmake[1]: Leaving directory `/tmp/ocamlot/ocamlot.work.2013-06-24.287/opam-install/system/build/ocamlfind.1.3.3'\nfor p in findlib; do ( cd src/$p; gmake opt ); done\ngmake[1]: Entering directory `/tmp/ocamlot/ocamlot.work.2013-06-24.287/opam-install/system/build/ocamlfind.1.3.3/src/findlib'\nocamlopt -I +compiler-libs -c findlib_config.ml\nocamlopt -I +compiler-libs -c fl_split.ml\nocamlopt -I +compiler-libs -c fl_metatoken.ml\nocamlopt -I +compiler-libs -c fl_meta.ml\nocamlopt -I +compiler-libs -c fl_metascanner.ml\nocamlopt -I +compiler-libs -c fl_topo.ml\nFile \"fl_topo.ml\", line 283, characters 10-22:\nWarning 26: unused variable in_direction.\nFile \"fl_topo.ml\", line 219, characters 36-37:\nWarning 3: deprecated feature: operator (&); you should use (&&) instead\nocamlopt -I +compiler-libs -c fl_package_base.ml\nocamlopt -I +compiler-libs -c findlib.ml\nocamlopt -I +compiler-libs -c fl_args.ml\nocamlopt -I +compiler-libs -a -o findlib.cmxa findlib_config.cmx fl_split.cmx fl_metatoken.cmx fl_meta.cmx fl_metascanner.cmx fl_topo.cmx fl_package_base.cmx findlib.cmx fl_args.cmx\nocamlopt -I +compiler-libs -c ocaml_args.ml\nocamlopt -I +compiler-libs -c frontend.ml\nocamlopt -I +compiler-libs -o ocamlfind_opt findlib.cmxa unix.cmxa \\\n\t   ocaml_args.cmx frontend.cmx\ngmake[1]: Leaving directory `/tmp/ocamlot/ocamlot.work.2013-06-24.287/opam-install/system/build/ocamlfind.1.3.3/src/findlib'\nmkdir -p \"/tmp/ocamlot/ocamlot.work.2013-06-24.287/opam-install/system/bin\"\nmkdir -p \"/tmp/ocamlot/ocamlot.work.2013-06-24.287/opam-install/system/man\"\nfor p in findlib; do ( cd src/$p; gmake install ); done\ngmake[1]: Entering directory `/tmp/ocamlot/ocamlot.work.2013-06-24.287/opam-install/system/build/ocamlfind.1.3.3/src/findlib'\nmkdir -p \"/tmp/ocamlot/ocamlot.work.2013-06-24.287/opam-install/system/lib/findlib\"\nmkdir -p \"/tmp/ocamlot/ocamlot.work.2013-06-24.287/opam-install/system/bin\"\ntest 0 -eq 0 || cp topfind \"/usr/home/avsm/repo/worker/ocaml/4.01/lib/ocaml\"\nfiles=`../../tools/collect_files ../../Makefile.config findlib.cmi findlib.mli findlib.cma topfind.cmi topfind.mli fl_package_base.mli fl_package_base.cmi fl_metascanner.mli fl_metascanner.cmi fl_metatoken.cmi findlib_top.cma findlib.cmxa findlib.a META` && \\\ncp $files \"/tmp/ocamlot/ocamlot.work.2013-06-24.287/opam-install/system/lib/findlib\"\nf=\"ocamlfind\"; { test -f ocamlfind_opt && f=\"ocamlfind_opt\"; }; \\\ncp $f \"/tmp/ocamlot/ocamlot.work.2013-06-24.287/opam-install/system/bin/ocamlfind\"\n# the following \"if\" block is only needed for 4.00beta2\nif [ 1 -eq 0 -a -f \"/usr/home/avsm/repo/worker/ocaml/4.01/lib/ocaml/compiler-libs/topdirs.cmi\" ]; then \\\n    cd \"/usr/home/avsm/repo/worker/ocaml/4.01/lib/ocaml/compiler-libs/\"; \\\n    cp topdirs.cmi toploop.cmi \"/tmp/ocamlot/ocamlot.work.2013-06-24.287/opam-install/system/lib/findlib/\"; \\\nfi\ngmake[1]: Leaving directory `/tmp/ocamlot/ocamlot.work.2013-06-24.287/opam-install/system/build/ocamlfind.1.3.3/src/findlib'\ngmake install-meta\ngmake[1]: Entering directory `/tmp/ocamlot/ocamlot.work.2013-06-24.287/opam-install/system/build/ocamlfind.1.3.3'\nfor x in `ls site-lib-src`; do if [ \"$x\" != \"CVS\" -a -f \"site-lib-src/$x/META\" ]; then mkdir -p \"/tmp/ocamlot/ocamlot.work.2013-06-24.287/opam-install/system/lib/$x\"; cp site-lib-src/$x/META \"/tmp/ocamlot/ocamlot.work.2013-06-24.287/opam-install/system/lib/$x\"; fi; done\ngmake[1]: Leaving directory `/tmp/ocamlot/ocamlot.work.2013-06-24.287/opam-install/system/build/ocamlfind.1.3.3'\ncd src/findlib; gmake install-num-top\ngmake[1]: Entering directory `/tmp/ocamlot/ocamlot.work.2013-06-24.287/opam-install/system/build/ocamlfind.1.3.3/src/findlib'\nmkdir -p \"/tmp/ocamlot/ocamlot.work.2013-06-24.287/opam-install/system/lib/num-top\"\ncp num_top.cma num_top.cmi num_top_printers.cmi \\\n\t\"/tmp/ocamlot/ocamlot.work.2013-06-24.287/opam-install/system/lib/num-top\"\ngmake[1]: Leaving directory `/tmp/ocamlot/ocamlot.work.2013-06-24.287/opam-install/system/build/ocamlfind.1.3.3/src/findlib'\ngmake install-config\ngmake[1]: Entering directory `/tmp/ocamlot/ocamlot.work.2013-06-24.287/opam-install/system/build/ocamlfind.1.3.3'\nmkdir -p \"`dirname \\\"/tmp/ocamlot/ocamlot.work.2013-06-24.287/opam-install/system/lib/findlib.conf\\\"`\"\ntest -f \"/tmp/ocamlot/ocamlot.work.2013-06-24.287/opam-install/system/lib/findlib.conf\" || cp findlib.conf \"/tmp/ocamlot/ocamlot.work.2013-06-24.287/opam-install/system/lib/findlib.conf\"\ngmake[1]: Leaving directory `/tmp/ocamlot/ocamlot.work.2013-06-24.287/opam-install/system/build/ocamlfind.1.3.3'\ncp tools/safe_camlp4 \"/tmp/ocamlot/ocamlot.work.2013-06-24.287/opam-install/system/bin\"\ngmake install-doc\ngmake[1]: Entering directory `/tmp/ocamlot/ocamlot.work.2013-06-24.287/opam-install/system/build/ocamlfind.1.3.3'\nmkdir -p /tmp/ocamlot/ocamlot.work.2013-06-24.287/opam-install/system/man/man1 /tmp/ocamlot/ocamlot.work.2013-06-24.287/opam-install/system/man/man3 /tmp/ocamlot/ocamlot.work.2013-06-24.287/opam-install/system/man/man5\ncp doc/ref-man/ocamlfind.1 /tmp/ocamlot/ocamlot.work.2013-06-24.287/opam-install/system/man/man1\ncp doc/ref-man/META.5 doc/ref-man/site-lib.5 doc/ref-man/findlib.conf.5 /tmp/ocamlot/ocamlot.work.2013-06-24.287/opam-install/system/man/man5\ngmake[1]: Leaving directory `/tmp/ocamlot/ocamlot.work.2013-06-24.287/opam-install/system/build/ocamlfind.1.3.3'\nocamlfind: [WARNING] You are removing the package from /tmp/ocamlot/ocamlot.work.2013-06-24.287/opam-install/system/lib/dbm but the currently visible package is at /usr/home/avsm/repo/worker/ocaml/4.01/lib/ocaml; you may want to specify the -destdir option\nRemoved /tmp/ocamlot/ocamlot.work.2013-06-24.287/opam-install/system/lib/dbm\nInstalling ocamlfind.1.3.3.\n\n=-=-= Installing ocaml-mysql.1.1.1 =-=-=\nDownloading http://forge.ocamlcore.org/frs/download.php/870/ocaml-mysql-1.1.1.tar.gz.\n  % Total    % Received % Xferd  Average Speed   Time    Time     Time  Current\n                                 Dload  Upload   Total   Spent    Left  Speed\n\r  0     0    0     0    0     0      0      0 --:--:-- --:--:-- --:--:--     0\r  2  116k    2  2643    0     0  15635      0  0:00:07 --:--:--  0:00:07 16518\r100  116k  100  116k    0     0   535k      0 --:--:-- --:--:-- --:--:--  559k\n200\nCreating /tmp/ocamlot/ocamlot.work.2013-06-24.287/opam-install/repo/ocamlot/archives/ocaml-mysql.1.1.1+opam.tar.gz.\nExtracting /tmp/ocamlot/ocamlot.work.2013-06-24.287/opam-install/archives/ocaml-mysql.1.1.1+opam.tar.gz.\nBuilding ocaml-mysql.1.1.1:\n  ./configure --prefix /tmp/ocamlot/ocamlot.work.2013-06-24.287/opam-install/system\n  gmake\n  gmake opt\n  gmake install\nchecking for version... Configuring Version 1.1.1\nchecking for platform... FreeBSD 9.1 (amd64)\nconfigure: checking for ocaml compiler and tools...\nchecking for ocamlc... ocamlc\nchecking for ocamlopt... ocamlopt\nchecking for ocamlfind... ocamlfind\nchecking for a BSD-compatible install... /usr/bin/install -c\nconfigure: checking for C compiler...\nchecking for gcc... gcc\nchecking whether the C compiler works... yes\nchecking for C compiler default output file name... a.out\nchecking for suffix of executables... \nchecking whether we are cross compiling... no\nchecking for suffix of object files... o\nchecking whether we are using the GNU C compiler... yes\nchecking whether gcc accepts -g... yes\nchecking for gcc option to accept ISO C89... none needed\nconfigure: checking for C header files...\nchecking how to run the C preprocessor... gcc -E\nchecking for grep that handles long lines and -e... /usr/bin/grep\nchecking for egrep... /usr/bin/grep -E\nchecking for ANSI C header files... yes\nconfigure: checking libraries...\nconfigure: checking for MySQL library...\nchecking for mysql_real_connect in -lmysqlclient... no\nconfigure: checking in more locations...\nchecking for mysql_real_connect in -lmysqlclient... no\nchecking for compress in -lz... yes\nconfigure: checking for MySQL header files...\nchecking for sys/types.h... yes\nchecking for sys/stat.h... yes\nchecking for stdlib.h... yes\nchecking for string.h... yes\nchecking for memory.h... yes\nchecking for strings.h... yes\nchecking for inttypes.h... yes\nchecking for stdint.h... yes\nchecking for unistd.h... yes\nchecking mysql/mysql.h usability... no\nchecking mysql/mysql.h presence... no\nchecking for mysql/mysql.h... no\nconfigure: checking in more locations...\nchecking mysql/mysql.h usability... no\nchecking mysql/mysql.h presence... no\nchecking for mysql/mysql.h... no\nconfigure: creating ./config.status\nconfig.status: creating Makefile\ngmake[1]: Entering directory `/tmp/ocamlot/ocamlot.work.2013-06-24.287/opam-install/system/build/ocaml-mysql.1.1.1'\nocamldep mysql.mli > ._bcdi/mysql.di\nocamldep -pp \"camlp4o \" mysql.ml > ._d/mysql.d\ngmake[1]: Leaving directory `/tmp/ocamlot/ocamlot.work.2013-06-24.287/opam-install/system/build/ocaml-mysql.1.1.1'\ngmake[1]: Entering directory `/tmp/ocamlot/ocamlot.work.2013-06-24.287/opam-install/system/build/ocaml-mysql.1.1.1'\nocamlc -c -cc \"cc\" -ccopt \"-fPIC -g -O2 -Wall -Wextra \\\n\t\t\t-DPIC   \\\n\t\t\t    -o mysql_stubs.o \" mysql_stubs.c\nmysql_stubs.c:31:25: error: mysql/mysql.h: No such file or directory\nmysql_stubs.c:155: error: expected '=', ',', ';', 'asm' or '__attribute__' before '*' token\nmysql_stubs.c: In function 'conn_finalize':\nmysql_stubs.c:169: error: 'MYSQL' undeclared (first use in this function)\nmysql_stubs.c:169: error: (Each undeclared identifier is reported only once\nmysql_stubs.c:169: error: for each function it appears in.)\nmysql_stubs.c:169: error: 'db' undeclared (first use in this function)\nmysql_stubs.c:169: error: expected expression before ')' token\nmysql_stubs.c:171: warning: implicit declaration of function 'mysql_close'\nmysql_stubs.c: At top level:\nmysql_stubs.c:181: error: 'MYSQL_PROTOCOL_DEFAULT' undeclared here (not in a function)\nmysql_stubs.c:181: error: 'MYSQL_PROTOCOL_TCP' undeclared here (not in a function)\nmysql_stubs.c:181: error: 'MYSQL_PROTOCOL_SOCKET' undeclared here (not in a function)\nmysql_stubs.c:182: error: 'MYSQL_PROTOCOL_PIPE' undeclared here (not in a function)\nmysql_stubs.c:182: error: 'MYSQL_PROTOCOL_MEMORY' undeclared here (not in a function)\nmysql_stubs.c: In function 'db_connect':\nmysql_stubs.c:202: error: 'MYSQL' undeclared (first use in this function)\nmysql_stubs.c:202: error: 'init' undeclared (first use in this function)\nmysql_stubs.c:202: error: invalid operands to binary *\nmysql_stubs.c:202: warning: statement with no effect\nmysql_stubs.c:203: error: 'mysql' undeclared (first use in this function)\nmysql_stubs.c:203: error: invalid operands to binary *\nmysql_stubs.c:203: warning: statement with no effect\nmysql_stubs.c:205: error: 'my_bool' undeclared (first use in this function)\nmysql_stubs.c:205: warning: statement with no effect\nmysql_stubs.c:205: error: expected ';' before 'option_bool'\nmysql_stubs.c:207: warning: implicit declaration of function 'mysql_init'\nmysql_stubs.c:207: warning: statement with no effect\nmysql_stubs.c:221: error: 'option_bool' undeclared (first use in this function)\nmysql_stubs.c:221: warning: statement with no effect\nmysql_stubs.c:221: warning: implicit declaration of function 'mysql_options'\nmysql_stubs.c:221: error: 'MYSQL_OPT_LOCAL_INFILE' undeclared (first use in this function)\nmysql_stubs.c:222: warning: statement with no effect\nmysql_stubs.c:222: error: 'MYSQL_OPT_RECONNECT' undeclared (first use in this function)\nmysql_stubs.c:223: warning: statement with no effect\nmysql_stubs.c:223: error: 'MYSQL_OPT_SSL_VERIFY_SERVER_CERT' undeclared (first use in this function)\nmysql_stubs.c:224: warning: statement with no effect\nmysql_stubs.c:224: error: 'MYSQL_REPORT_DATA_TRUNCATION' undeclared (first use in this function)\nmysql_stubs.c:225: warning: statement with no effect\nmysql_stubs.c:225: error: 'MYSQL_SECURE_AUTH' undeclared (first use in this function)\nmysql_stubs.c:226: error: 'MYSQL_OPT_PROTOCOL' undeclared (first use in this function)\nmysql_stubs.c:227: error: 'MYSQL_OPT_CONNECT_TIMEOUT' undeclared (first use in this function)\nmysql_stubs.c:228: error: 'MYSQL_OPT_READ_TIMEOUT' undeclared (first use in this function)\nmysql_stubs.c:229: error: 'MYSQL_OPT_WRITE_TIMEOUT' undeclared (first use in this function)\nmysql_stubs.c:230: error: 'MYSQL_INIT_COMMAND' undeclared (first use in this function)\nmysql_stubs.c:231: error: 'MYSQL_READ_DEFAULT_FILE' undeclared (first use in this function)\nmysql_stubs.c:232: error: 'MYSQL_READ_DEFAULT_GROUP' undeclared (first use in this function)\nmysql_stubs.c:233: error: 'MYSQL_SET_CHARSET_DIR' undeclared (first use in this function)\nmysql_stubs.c:234: error: 'MYSQL_SET_CHARSET_NAME' undeclared (first use in this function)\nmysql_stubs.c:235: error: 'MYSQL_SHARED_MEMORY_BASE_NAME' undeclared (first use in this function)\nmysql_stubs.c:244: error: 'MYSQL_OPT_COMPRESS' undeclared (first use in this function)\nmysql_stubs.c:245: error: 'MYSQL_OPT_NAMED_PIPE' undeclared (first use in this function)\nmysql_stubs.c:260: warning: implicit declaration of function 'mysql_real_connect'\nmysql_stubs.c:262: warning: statement with no effect\nmysql_stubs.c:269: warning: implicit declaration of function 'mysql_error'\nmysql_stubs.c:269: warning: cast to pointer from integer of different size\nmysql_stubs.c: In function 'db_change_user':\nmysql_stubs.c:288: error: 'my_bool' undeclared (first use in this function)\nmysql_stubs.c:288: warning: statement with no effect\nmysql_stubs.c:288: error: expected ';' before 'ret'\nmysql_stubs.c:289: error: 'MYSQL' undeclared (first use in this function)\nmysql_stubs.c:289: error: 'mysql' undeclared (first use in this function)\nmysql_stubs.c:289: error: invalid operands to binary *\nmysql_stubs.c:289: warning: implicit declaration of function 'check_db'\nmysql_stubs.c:289: warning: statement with no effect\nmysql_stubs.c:296: error: 'ret' undeclared (first use in this function)\nmysql_stubs.c:296: warning: implicit declaration of function 'mysql_change_user'\nmysql_stubs.c:296: warning: statement with no effect\nmysql_stubs.c: In function 'db_list_dbs':\nmysql_stubs.c:312: error: 'MYSQL' undeclared (first use in this function)\nmysql_stubs.c:312: error: 'mysql' undeclared (first use in this function)\nmysql_stubs.c:312: error: invalid operands to binary *\nmysql_stubs.c:312: warning: statement with no effect\nmysql_stubs.c:315: error: 'MYSQL_RES' undeclared (first use in this function)\nmysql_stubs.c:315: error: 'res' undeclared (first use in this function)\nmysql_stubs.c:315: error: invalid operands to binary *\nmysql_stubs.c:315: warning: statement with no effect\nmysql_stubs.c:316: error: 'MYSQL_ROW' undeclared (first use in this function)\nmysql_stubs.c:316: warning: statement with no effect\nmysql_stubs.c:316: error: expected ';' before 'row'\nmysql_stubs.c:319: warning: implicit declaration of function 'mysql_list_dbs'\nmysql_stubs.c:319: warning: statement with no effect\nmysql_stubs.c:327: warning: implicit declaration of function 'mysql_num_rows'\nmysql_stubs.c:331: warning: implicit declaration of function 'mysql_free_result'\nmysql_stubs.c:337: error: 'row' undeclared (first use in this function)\nmysql_stubs.c:337: warning: implicit declaration of function 'mysql_fetch_row'\nmysql_stubs.c:339: warning: passing argument 1 of 'caml_copy_string' makes pointer from integer without a cast\nmysql_stubs.c: In function 'db_select_db':\nmysql_stubs.c:351: error: 'MYSQL' undeclared (first use in this function)\nmysql_stubs.c:351: error: 'mysql' undeclared (first use in this function)\nmysql_stubs.c:351: error: invalid operands to binary *\nmysql_stubs.c:351: warning: statement with no effect\nmysql_stubs.c:353: error: 'my_bool' undeclared (first use in this function)\nmysql_stubs.c:353: warning: statement with no effect\nmysql_stubs.c:353: error: expected ';' before 'ret'\nmysql_stubs.c:356: error: 'ret' undeclared (first use in this function)\nmysql_stubs.c:356: warning: implicit declaration of function 'mysql_select_db'\nmysql_stubs.c:356: warning: statement with no effect\nmysql_stubs.c: In function 'db_disconnect':\nmysql_stubs.c:375: error: 'MYSQL' undeclared (first use in this function)\nmysql_stubs.c:375: error: 'db' undeclared (first use in this function)\nmysql_stubs.c:375: error: invalid operands to binary *\nmysql_stubs.c:375: warning: statement with no effect\nmysql_stubs.c: In function 'db_ping':\nmysql_stubs.c:388: error: 'MYSQL' undeclared (first use in this function)\nmysql_stubs.c:388: error: 'db' undeclared (first use in this function)\nmysql_stubs.c:388: error: invalid operands to binary *\nmysql_stubs.c:388: warning: statement with no effect\nmysql_stubs.c:391: warning: implicit declaration of function 'mysql_ping'\nmysql_stubs.c: In function 'res_finalize':\nmysql_stubs.c:409: error: 'MYSQL_RES' undeclared (first use in this function)\nmysql_stubs.c:409: error: 'res' undeclared (first use in this function)\nmysql_stubs.c:409: error: invalid operands to binary *\nmysql_stubs.c:409: error: expected expression before ')' token\nmysql_stubs.c:409: error: invalid operands to binary *\nmysql_stubs.c:409: error: called object '<erroneous-expression>' is not a function\nmysql_stubs.c:409: warning: statement with no effect\nmysql_stubs.c: In function 'db_exec':\nmysql_stubs.c:437: error: 'MYSQL' undeclared (first use in this function)\nmysql_stubs.c:437: error: 'mysql' undeclared (first use in this function)\nmysql_stubs.c:437: error: invalid operands to binary *\nmysql_stubs.c:437: warning: statement with no effect\nmysql_stubs.c:443: warning: implicit declaration of function 'mysql_real_query'\nmysql_stubs.c:454: error: 'MYSQL_RES' undeclared (first use in this function)\nmysql_stubs.c:454: error: expected expression before ')' token\nmysql_stubs.c:454: error: invalid operands to binary *\nmysql_stubs.c:454: warning: passing argument 2 of 'caml_alloc_custom' makes integer from pointer without a cast\nmysql_stubs.c:455: error: expected expression before ')' token\nmysql_stubs.c:455: error: invalid operands to binary *\nmysql_stubs.c:455: error: called object '<erroneous-expression>' is not a function\nmysql_stubs.c:455: warning: implicit declaration of function 'mysql_store_result'\nmysql_stubs.c: In function 'db_fetch':\nmysql_stubs.c:475: error: 'MYSQL_RES' undeclared (first use in this function)\nmysql_stubs.c:475: error: 'res' undeclared (first use in this function)\nmysql_stubs.c:475: error: invalid operands to binary *\nmysql_stubs.c:475: warning: statement with no effect\nmysql_stubs.c:476: error: 'MYSQL_ROW' undeclared (first use in this function)\nmysql_stubs.c:476: warning: statement with no effect\nmysql_stubs.c:476: error: expected ';' before 'row'\nmysql_stubs.c:478: error: expected expression before ')' token\nmysql_stubs.c:478: error: invalid operands to binary *\nmysql_stubs.c:478: error: called object '<erroneous-expression>' is not a function\nmysql_stubs.c:478: warning: statement with no effect\nmysql_stubs.c:482: warning: implicit declaration of function 'mysql_num_fields'\nmysql_stubs.c:486: error: 'row' undeclared (first use in this function)\nmysql_stubs.c:486: warning: statement with no effect\nmysql_stubs.c:492: warning: implicit declaration of function 'mysql_fetch_lengths'\nmysql_stubs.c:492: warning: assignment makes pointer from integer without a cast\nmysql_stubs.c:495: warning: passing argument 1 of 'val_str_option' makes pointer from integer without a cast\nmysql_stubs.c: In function 'db_to_row':\nmysql_stubs.c:505: error: 'MYSQL_RES' undeclared (first use in this function)\nmysql_stubs.c:505: error: 'res' undeclared (first use in this function)\nmysql_stubs.c:505: error: invalid operands to binary *\nmysql_stubs.c:505: warning: statement with no effect\nmysql_stubs.c:507: error: expected expression before ')' token\nmysql_stubs.c:507: error: invalid operands to binary *\nmysql_stubs.c:507: error: called object '<erroneous-expression>' is not a function\nmysql_stubs.c:507: warning: statement with no effect\nmysql_stubs.c:514: warning: implicit declaration of function 'mysql_data_seek'\nmysql_stubs.c: In function 'db_status':\nmysql_stubs.c:527: warning: implicit declaration of function 'mysql_errno'\nmysql_stubs.c: In function 'db_errmsg':\nmysql_stubs.c:542: warning: assignment makes pointer from integer without a cast\nmysql_stubs.c: In function 'db_escape':\nmysql_stubs.c:568: warning: implicit declaration of function 'mysql_escape_string'\nmysql_stubs.c: In function 'db_real_escape':\nmysql_stubs.c:584: error: 'MYSQL' undeclared (first use in this function)\nmysql_stubs.c:584: error: 'mysql' undeclared (first use in this function)\nmysql_stubs.c:584: error: invalid operands to binary *\nmysql_stubs.c:584: warning: statement with no effect\nmysql_stubs.c:587: warning: statement with no effect\nmysql_stubs.c:596: warning: implicit declaration of function 'mysql_real_escape_string'\nmysql_stubs.c: In function 'db_set_charset':\nmysql_stubs.c:610: error: 'MYSQL' undeclared (first use in this function)\nmysql_stubs.c:610: error: 'mysql' undeclared (first use in this function)\nmysql_stubs.c:610: error: invalid operands to binary *\nmysql_stubs.c:610: warning: statement with no effect\nmysql_stubs.c:613: warning: statement with no effect\nmysql_stubs.c:617: warning: implicit declaration of function 'mysql_set_character_set'\nmysql_stubs.c: In function 'db_size':\nmysql_stubs.c:635: error: 'MYSQL_RES' undeclared (first use in this function)\nmysql_stubs.c:635: error: 'res' undeclared (first use in this function)\nmysql_stubs.c:635: error: invalid operands to binary *\nmysql_stubs.c:635: warning: statement with no effect\nmysql_stubs.c:638: error: expected expression before ')' token\nmysql_stubs.c:638: error: invalid operands to binary *\nmysql_stubs.c:638: error: called object '<erroneous-expression>' is not a function\nmysql_stubs.c:638: warning: statement with no effect\nmysql_stubs.c: In function 'db_affected':\nmysql_stubs.c:650: warning: implicit declaration of function 'mysql_affected_rows'\nmysql_stubs.c:650: error: 'MYSQL' undeclared (first use in this function)\nmysql_stubs.c:650: error: expected expression before ')' token\nmysql_stubs.c:650: error: invalid operands to binary *\nmysql_stubs.c:650: error: called object '<erroneous-expression>' is not a function\nmysql_stubs.c: In function 'db_insert_id':\nmysql_stubs.c:656: warning: implicit declaration of function 'mysql_insert_id'\nmysql_stubs.c:656: error: 'MYSQL' undeclared (first use in this function)\nmysql_stubs.c:656: error: expected expression before ')' token\nmysql_stubs.c:656: error: invalid operands to binary *\nmysql_stubs.c:656: error: called object '<erroneous-expression>' is not a function\nmysql_stubs.c: In function 'db_fields':\nmysql_stubs.c:662: error: 'MYSQL_RES' undeclared (first use in this function)\nmysql_stubs.c:662: error: 'res' undeclared (first use in this function)\nmysql_stubs.c:662: error: invalid operands to binary *\nmysql_stubs.c:662: warning: statement with no effect\nmysql_stubs.c:665: error: expected expression before ')' token\nmysql_stubs.c:665: error: invalid operands to binary *\nmysql_stubs.c:665: error: called object '<erroneous-expression>' is not a function\nmysql_stubs.c:665: warning: statement with no effect\nmysql_stubs.c: In function 'db_client_info':\nmysql_stubs.c:678: warning: implicit declaration of function 'mysql_get_client_info'\nmysql_stubs.c:678: warning: passing argument 1 of 'caml_copy_string' makes pointer from integer without a cast\nmysql_stubs.c: In function 'db_host_info':\nmysql_stubs.c:686: warning: implicit declaration of function 'mysql_get_host_info'\nmysql_stubs.c:686: error: 'MYSQL' undeclared (first use in this function)\nmysql_stubs.c:686: error: expected expression before ')' token\nmysql_stubs.c:686: error: invalid operands to binary *\nmysql_stubs.c:686: error: called object '<erroneous-expression>' is not a function\nmysql_stubs.c:686: warning: passing argument 1 of 'caml_copy_string' makes pointer from integer without a cast\nmysql_stubs.c: In function 'db_server_info':\nmysql_stubs.c:694: warning: implicit declaration of function 'mysql_get_server_info'\nmysql_stubs.c:694: error: 'MYSQL' undeclared (first use in this function)\nmysql_stubs.c:694: error: expected expression before ')' token\nmysql_stubs.c:694: error: invalid operands to binary *\nmysql_stubs.c:694: error: called object '<erroneous-expression>' is not a function\nmysql_stubs.c:694: warning: passing argument 1 of 'caml_copy_string' makes pointer from integer without a cast\nmysql_stubs.c: In function 'db_proto_info':\nmysql_stubs.c:700: warning: implicit declaration of function 'mysql_get_proto_info'\nmysql_stubs.c:700: error: 'MYSQL' undeclared (first use in this function)\nmysql_stubs.c:700: error: expected expression before ')' token\nmysql_stubs.c:700: error: invalid operands to binary *\nmysql_stubs.c:700: error: called object '<erroneous-expression>' is not a function\nmysql_stubs.c: In function 'type2dbty':\nmysql_stubs.c:729: error: 'FIELD_TYPE_DECIMAL' undeclared (first use in this function)\nmysql_stubs.c:729: error: initializer element is not constant\nmysql_stubs.c:729: error: (near initialization for 'map[0].mysql')\nmysql_stubs.c:730: error: 'FIELD_TYPE_TINY' undeclared (first use in this function)\nmysql_stubs.c:730: error: initializer element is not constant\nmysql_stubs.c:730: error: (near initialization for 'map[1].mysql')\nmysql_stubs.c:731: error: 'FIELD_TYPE_SHORT' undeclared (first use in this function)\nmysql_stubs.c:731: error: initializer element is not constant\nmysql_stubs.c:731: error: (near initialization for 'map[2].mysql')\nmysql_stubs.c:732: error: 'FIELD_TYPE_LONG' undeclared (first use in this function)\nmysql_stubs.c:732: error: initializer element is not constant\nmysql_stubs.c:732: error: (near initialization for 'map[3].mysql')\nmysql_stubs.c:733: error: 'FIELD_TYPE_FLOAT' undeclared (first use in this function)\nmysql_stubs.c:733: error: initializer element is not constant\nmysql_stubs.c:733: error: (near initialization for 'map[4].mysql')\nmysql_stubs.c:734: error: 'FIELD_TYPE_DOUBLE' undeclared (first use in this function)\nmysql_stubs.c:734: error: initializer element is not constant\nmysql_stubs.c:734: error: (near initialization for 'map[5].mysql')\nmysql_stubs.c:735: error: 'FIELD_TYPE_NULL' undeclared (first use in this function)\nmysql_stubs.c:735: error: initializer element is not constant\nmysql_stubs.c:735: error: (near initialization for 'map[6].mysql')\nmysql_stubs.c:736: error: 'FIELD_TYPE_TIMESTAMP' undeclared (first use in this function)\nmysql_stubs.c:736: error: initializer element is not constant\nmysql_stubs.c:736: error: (near initialization for 'map[7].mysql')\nmysql_stubs.c:737: error: 'FIELD_TYPE_LONGLONG' undeclared (first use in this function)\nmysql_stubs.c:737: error: initializer element is not constant\nmysql_stubs.c:737: error: (near initialization for 'map[8].mysql')\nmysql_stubs.c:738: error: 'FIELD_TYPE_INT24' undeclared (first use in this function)\nmysql_stubs.c:738: error: initializer element is not constant\nmysql_stubs.c:738: error: (near initialization for 'map[9].mysql')\nmysql_stubs.c:739: error: 'FIELD_TYPE_DATE' undeclared (first use in this function)\nmysql_stubs.c:739: error: initializer element is not constant\nmysql_stubs.c:739: error: (near initialization for 'map[10].mysql')\nmysql_stubs.c:740: error: 'FIELD_TYPE_TIME' undeclared (first use in this function)\nmysql_stubs.c:740: error: initializer element is not constant\nmysql_stubs.c:740: error: (near initialization for 'map[11].mysql')\nmysql_stubs.c:741: error: 'FIELD_TYPE_DATETIME' undeclared (first use in this function)\nmysql_stubs.c:741: error: initializer element is not constant\nmysql_stubs.c:741: error: (near initialization for 'map[12].mysql')\nmysql_stubs.c:742: error: 'FIELD_TYPE_YEAR' undeclared (first use in this function)\nmysql_stubs.c:742: error: initializer element is not constant\nmysql_stubs.c:742: error: (near initialization for 'map[13].mysql')\nmysql_stubs.c:743: error: 'FIELD_TYPE_NEWDATE' undeclared (first use in this function)\nmysql_stubs.c:743: error: initializer element is not constant\nmysql_stubs.c:743: error: (near initialization for 'map[14].mysql')\nmysql_stubs.c:744: error: 'FIELD_TYPE_ENUM' undeclared (first use in this function)\nmysql_stubs.c:744: error: initializer element is not constant\nmysql_stubs.c:744: error: (near initialization for 'map[15].mysql')\nmysql_stubs.c:745: error: 'FIELD_TYPE_SET' undeclared (first use in this function)\nmysql_stubs.c:745: error: initializer element is not constant\nmysql_stubs.c:745: error: (near initialization for 'map[16].mysql')\nmysql_stubs.c:746: error: 'FIELD_TYPE_TINY_BLOB' undeclared (first use in this function)\nmysql_stubs.c:746: error: initializer element is not constant\nmysql_stubs.c:746: error: (near initialization for 'map[17].mysql')\nmysql_stubs.c:747: error: 'FIELD_TYPE_MEDIUM_BLOB' undeclared (first use in this function)\nmysql_stubs.c:747: error: initializer element is not constant\nmysql_stubs.c:747: error: (near initialization for 'map[18].mysql')\nmysql_stubs.c:748: error: 'FIELD_TYPE_LONG_BLOB' undeclared (first use in this function)\nmysql_stubs.c:748: error: initializer element is not constant\nmysql_stubs.c:748: error: (near initialization for 'map[19].mysql')\nmysql_stubs.c:749: error: 'FIELD_TYPE_BLOB' undeclared (first use in this function)\nmysql_stubs.c:749: error: initializer element is not constant\nmysql_stubs.c:749: error: (near initialization for 'map[20].mysql')\nmysql_stubs.c:750: error: 'FIELD_TYPE_VAR_STRING' undeclared (first use in this function)\nmysql_stubs.c:750: error: initializer element is not constant\nmysql_stubs.c:750: error: (near initialization for 'map[21].mysql')\nmysql_stubs.c:751: error: 'FIELD_TYPE_STRING' undeclared (first use in this function)\nmysql_stubs.c:751: error: initializer element is not constant\nmysql_stubs.c:751: error: (near initialization for 'map[22].mysql')\nmysql_stubs.c: At top level:\nmysql_stubs.c:767: error: expected ')' before '*' token\nmysql_stubs.c: In function 'db_fetch_field':\nmysql_stubs.c:799: error: 'MYSQL_FIELD' undeclared (first use in this function)\nmysql_stubs.c:799: error: 'f' undeclared (first use in this function)\nmysql_stubs.c:799: error: invalid operands to binary *\nmysql_stubs.c:799: warning: statement with no effect\nmysql_stubs.c:800: error: 'MYSQL_RES' undeclared (first use in this function)\nmysql_stubs.c:800: error: 'res' undeclared (first use in this function)\nmysql_stubs.c:800: error: invalid operands to binary *\nmysql_stubs.c:800: error: expected expression before ')' token\nmysql_stubs.c:800: error: invalid operands to binary *\nmysql_stubs.c:800: error: called object '<erroneous-expression>' is not a function\nmysql_stubs.c:800: warning: statement with no effect\nmysql_stubs.c:805: warning: implicit declaration of function 'mysql_fetch_field'\nmysql_stubs.c:805: warning: statement with no effect\nmysql_stubs.c:809: warning: implicit declaration of function 'make_field'\nmysql_stubs.c: In function 'db_fetch_field_dir':\nmysql_stubs.c:817: error: 'MYSQL_FIELD' undeclared (first use in this function)\nmysql_stubs.c:817: error: 'f' undeclared (first use in this function)\nmysql_stubs.c:817: error: invalid operands to binary *\nmysql_stubs.c:817: warning: statement with no effect\nmysql_stubs.c:818: error: 'MYSQL_RES' undeclared (first use in this function)\nmysql_stubs.c:818: error: 'res' undeclared (first use in this function)\nmysql_stubs.c:818: error: invalid operands to binary *\nmysql_stubs.c:818: error: expected expression before ')' token\nmysql_stubs.c:818: error: invalid operands to binary *\nmysql_stubs.c:818: error: called object '<erroneous-expression>' is not a function\nmysql_stubs.c:818: warning: statement with no effect\nmysql_stubs.c:823: warning: implicit declaration of function 'mysql_fetch_field_direct'\nmysql_stubs.c:823: warning: statement with no effect\nmysql_stubs.c: In function 'db_fetch_fields':\nmysql_stubs.c:836: error: 'MYSQL_RES' undeclared (first use in this function)\nmysql_stubs.c:836: error: 'res' undeclared (first use in this function)\nmysql_stubs.c:836: error: invalid operands to binary *\nmysql_stubs.c:836: error: expected expression before ')' token\nmysql_stubs.c:836: error: invalid operands to binary *\nmysql_stubs.c:836: error: called object '<erroneous-expression>' is not a function\nmysql_stubs.c:836: warning: statement with no effect\nmysql_stubs.c:837: error: 'MYSQL_FIELD' undeclared (first use in this function)\nmysql_stubs.c:837: error: 'f' undeclared (first use in this function)\nmysql_stubs.c:837: error: invalid operands to binary *\nmysql_stubs.c:837: warning: statement with no effect\nmysql_stubs.c:845: warning: implicit declaration of function 'mysql_fetch_fields'\nmysql_stubs.c:845: warning: statement with no effect\nmysql_stubs.c: At top level:\nmysql_stubs.c:857: error: expected ')' before '*' token\nmysql_stubs.c: In function 'stmt_finalize':\nmysql_stubs.c:866: error: 'MYSQL_STMT' undeclared (first use in this function)\nmysql_stubs.c:866: error: 'stmt' undeclared (first use in this function)\nmysql_stubs.c:866: error: invalid operands to binary *\nmysql_stubs.c:866: error: expected expression before ')' token\nmysql_stubs.c:866: error: invalid operands to binary *\nmysql_stubs.c:866: error: called object '<erroneous-expression>' is not a function\nmysql_stubs.c:866: warning: statement with no effect\nmysql_stubs.c:869: warning: implicit declaration of function 'mysql_stmt_close'\nmysql_stubs.c:871: error: expected expression before ')' token\nmysql_stubs.c:871: error: invalid operands to binary *\nmysql_stubs.c:871: error: called object '<erroneous-expression>' is not a function\nmysql_stubs.c:871: error: called object '<erroneous-expression>' is not a function\nmysql_stubs.c:871: error: incompatible types in assignment\nmysql_stubs.c:871: warning: statement with no effect\nmysql_stubs.c: In function 'caml_mysql_stmt_prepare':\nmysql_stubs.c:893: error: 'MYSQL_STMT' undeclared (first use in this function)\nmysql_stubs.c:893: error: 'stmt' undeclared (first use in this function)\nmysql_stubs.c:893: error: invalid operands to binary *\nmysql_stubs.c:893: warning: statement with no effect\nmysql_stubs.c:894: error: 'MYSQL' undeclared (first use in this function)\nmysql_stubs.c:894: error: 'db' undeclared (first use in this function)\nmysql_stubs.c:894: error: invalid operands to binary *\nmysql_stubs.c:894: warning: statement with no effect\nmysql_stubs.c:899: warning: implicit declaration of function 'mysql_stmt_init'\nmysql_stubs.c:899: warning: statement with no effect\nmysql_stubs.c:906: warning: implicit declaration of function 'mysql_stmt_prepare'\nmysql_stubs.c:910: warning: implicit declaration of function 'mysql_stmt_error'\nmysql_stubs.c:910: warning: initialization makes pointer from integer without a cast\nmysql_stubs.c:916: error: expected expression before ')' token\nmysql_stubs.c:916: error: invalid operands to binary *\nmysql_stubs.c:916: warning: passing argument 2 of 'caml_alloc_custom' makes integer from pointer without a cast\nmysql_stubs.c:917: error: expected expression before ')' token\nmysql_stubs.c:917: error: invalid operands to binary *\nmysql_stubs.c:917: error: called object '<erroneous-expression>' is not a function\nmysql_stubs.c:917: error: incompatible types in assignment\nmysql_stubs.c:917: warning: statement with no effect\nmysql_stubs.c: In function 'caml_mysql_stmt_close':\nmysql_stubs.c:925: error: 'MYSQL_STMT' undeclared (first use in this function)\nmysql_stubs.c:925: error: 'stmt' undeclared (first use in this function)\nmysql_stubs.c:925: error: invalid operands to binary *\nmysql_stubs.c:925: error: expected expression before ')' token\nmysql_stubs.c:925: error: invalid operands to binary *\nmysql_stubs.c:925: error: called object '<erroneous-expression>' is not a function\nmysql_stubs.c:925: warning: statement with no effect\nmysql_stubs.c:926: warning: implicit declaration of function 'check_stmt'\nmysql_stubs.c:930: error: expected expression before ')' token\nmysql_stubs.c:930: error: invalid operands to binary *\nmysql_stubs.c:930: error: called object '<erroneous-expression>' is not a function\nmysql_stubs.c:930: error: called object '<erroneous-expression>' is not a function\nmysql_stubs.c:930: error: incompatible types in assignment\nmysql_stubs.c:930: warning: statement with no effect\nmysql_stubs.c: At top level:\nmysql_stubs.c:945: error: expected specifier-qualifier-list before 'MYSQL_STMT'\nmysql_stubs.c:953: error: expected ')' before '*' token\nmysql_stubs.c: In function 'set_param':\nmysql_stubs.c:970: error: 'MYSQL_BIND' undeclared (first use in this function)\nmysql_stubs.c:970: error: 'bind' undeclared (first use in this function)\nmysql_stubs.c:970: error: invalid operands to binary *\nmysql_stubs.c:970: error: 'row_t' has no member named 'bind'\nmysql_stubs.c:970: warning: statement with no effect\nmysql_stubs.c:972: error: 'row_t' has no member named 'length'\nmysql_stubs.c:972: error: incompatible types in assignment\nmysql_stubs.c:972: warning: statement with no effect\nmysql_stubs.c:973: error: 'struct <anonymous>' has no member named 'length'\nmysql_stubs.c:973: error: 'row_t' has no member named 'length'\nmysql_stubs.c:973: warning: statement with no effect\nmysql_stubs.c:974: error: 'struct <anonymous>' has no member named 'buffer_length'\nmysql_stubs.c:974: warning: statement with no effect\nmysql_stubs.c:975: error: 'struct <anonymous>' has no member named 'buffer_type'\nmysql_stubs.c:975: error: 'MYSQL_TYPE_STRING' undeclared (first use in this function)\nmysql_stubs.c:975: warning: statement with no effect\nmysql_stubs.c:976: error: 'struct <anonymous>' has no member named 'buffer'\nmysql_stubs.c:976: warning: statement with no effect\nmysql_stubs.c: In function 'bind_result':\nmysql_stubs.c:981: error: 'MYSQL_BIND' undeclared (first use in this function)\nmysql_stubs.c:981: error: 'bind' undeclared (first use in this function)\nmysql_stubs.c:981: error: invalid operands to binary *\nmysql_stubs.c:981: error: 'row_t' has no member named 'bind'\nmysql_stubs.c:981: warning: statement with no effect\nmysql_stubs.c:983: error: 'struct <anonymous>' has no member named 'buffer_type'\nmysql_stubs.c:983: error: 'MYSQL_TYPE_STRING' undeclared (first use in this function)\nmysql_stubs.c:983: warning: statement with no effect\nmysql_stubs.c:984: error: 'struct <anonymous>' has no member named 'buffer'\nmysql_stubs.c:984: warning: statement with no effect\nmysql_stubs.c:985: error: 'struct <anonymous>' has no member named 'buffer_length'\nmysql_stubs.c:985: warning: statement with no effect\nmysql_stubs.c:986: error: 'struct <anonymous>' has no member named 'is_null'\nmysql_stubs.c:986: error: 'row_t' has no member named 'is_null'\nmysql_stubs.c:986: warning: statement with no effect\nmysql_stubs.c:987: error: 'struct <anonymous>' has no member named 'length'\nmysql_stubs.c:987: error: 'row_t' has no member named 'length'\nmysql_stubs.c:987: warning: statement with no effect\nmysql_stubs.c:988: error: 'struct <anonymous>' has no member named 'error'\nmysql_stubs.c:988: error: 'row_t' has no member named 'error'\nmysql_stubs.c:988: warning: statement with no effect\nmysql_stubs.c: In function 'get_column':\nmysql_stubs.c:995: error: 'row_t' has no member named 'length'\nmysql_stubs.c:995: error: incompatible types in initialization\nmysql_stubs.c:996: error: 'MYSQL_BIND' undeclared (first use in this function)\nmysql_stubs.c:996: error: 'bind' undeclared (first use in this function)\nmysql_stubs.c:996: error: invalid operands to binary *\nmysql_stubs.c:996: error: 'row_t' has no member named 'bind'\nmysql_stubs.c:996: warning: statement with no effect\nmysql_stubs.c:998: error: 'struct <anonymous>' has no member named 'is_null'\nmysql_stubs.c:998: error: used struct type value where scalar is required\nmysql_stubs.c:1006: error: 'struct <anonymous>' has no member named 'buffer'\nmysql_stubs.c:1006: warning: statement with no effect\nmysql_stubs.c:1007: error: 'struct <anonymous>' has no member named 'buffer_length'\nmysql_stubs.c:1007: warning: statement with no effect\nmysql_stubs.c:1008: warning: implicit declaration of function 'mysql_stmt_fetch_column'\nmysql_stubs.c:1008: error: 'row_t' has no member named 'stmt'\nmysql_stubs.c:1009: error: 'struct <anonymous>' has no member named 'buffer'\nmysql_stubs.c:1009: warning: statement with no effect\nmysql_stubs.c:1010: error: 'struct <anonymous>' has no member named 'buffer_length'\nmysql_stubs.c:1010: warning: statement with no effect\nmysql_stubs.c: In function 'destroy_row':\nmysql_stubs.c:1020: error: 'row_t' has no member named 'bind'\nmysql_stubs.c:1021: error: 'row_t' has no member named 'error'\nmysql_stubs.c:1022: error: 'row_t' has no member named 'length'\nmysql_stubs.c:1023: error: 'row_t' has no member named 'is_null'\nmysql_stubs.c: In function 'caml_mysql_stmt_execute':\nmysql_stubs.c:1057: error: 'MYSQL_STMT' undeclared (first use in this function)\nmysql_stubs.c:1057: error: 'stmt' undeclared (first use in this function)\nmysql_stubs.c:1057: error: invalid operands to binary *\nmysql_stubs.c:1057: error: expected expression before ')' token\nmysql_stubs.c:1057: error: invalid operands to binary *\nmysql_stubs.c:1057: error: called object '<erroneous-expression>' is not a function\nmysql_stubs.c:1057: warning: statement with no effect\nmysql_stubs.c:1059: warning: implicit declaration of function 'mysql_stmt_param_count'\nmysql_stubs.c:1059: warning: comparison between signed and unsigned\nmysql_stubs.c:1063: warning: implicit declaration of function 'create_row'\nmysql_stubs.c:1063: warning: assignment makes pointer from integer without a cast\nmysql_stubs.c:1073: warning: implicit declaration of function 'mysql_stmt_bind_param'\nmysql_stubs.c:1073: error: 'row_t' has no member named 'bind'\nmysql_stubs.c:1081: warning: implicit declaration of function 'mysql_stmt_execute'\nmysql_stubs.c:1091: warning: implicit declaration of function 'mysql_stmt_field_count'\nmysql_stubs.c:1092: warning: assignment makes pointer from integer without a cast\nmysql_stubs.c:1101: warning: implicit declaration of function 'mysql_stmt_bind_result'\nmysql_stubs.c:1101: error: 'row_t' has no member named 'bind'\nmysql_stubs.c: In function 'caml_mysql_stmt_fetch':\nmysql_stubs.c:1120: error: 'row_t' has no member named 'stmt'\nmysql_stubs.c:1122: warning: implicit declaration of function 'mysql_stmt_fetch'\nmysql_stubs.c:1122: error: 'row_t' has no member named 'stmt'\nmysql_stubs.c:1124: error: 'MYSQL_DATA_TRUNCATED' undeclared (first use in this function)\nmysql_stubs.c:1124: warning: comparison between pointer and integer\nmysql_stubs.c: In function 'caml_mysql_stmt_affected':\nmysql_stubs.c:1137: error: 'MYSQL_STMT' undeclared (first use in this function)\nmysql_stubs.c:1137: error: expected expression before ')' token\nmysql_stubs.c:1137: error: invalid operands to binary *\nmysql_stubs.c:1137: error: called object '<erroneous-expression>' is not a function\nmysql_stubs.c:1138: warning: implicit declaration of function 'mysql_stmt_affected_rows'\nmysql_stubs.c:1138: error: expected expression before ')' token\nmysql_stubs.c:1138: error: invalid operands to binary *\nmysql_stubs.c:1138: error: called object '<erroneous-expression>' is not a function\nmysql_stubs.c: In function 'caml_mysql_stmt_insert_id':\nmysql_stubs.c:1145: error: 'MYSQL_STMT' undeclared (first use in this function)\nmysql_stubs.c:1145: error: expected expression before ')' token\nmysql_stubs.c:1145: error: invalid operands to binary *\nmysql_stubs.c:1145: error: called object '<erroneous-expression>' is not a function\nmysql_stubs.c:1146: warning: implicit declaration of function 'mysql_stmt_insert_id'\nmysql_stubs.c:1146: error: expected expression before ')' token\nmysql_stubs.c:1146: error: invalid operands to binary *\nmysql_stubs.c:1146: error: called object '<erroneous-expression>' is not a function\nmysql_stubs.c: In function 'caml_mysql_stmt_status':\nmysql_stubs.c:1153: error: 'MYSQL_STMT' undeclared (first use in this function)\nmysql_stubs.c:1153: error: expected expression before ')' token\nmysql_stubs.c:1153: error: invalid operands to binary *\nmysql_stubs.c:1153: error: called object '<erroneous-expression>' is not a function\nmysql_stubs.c:1154: warning: implicit declaration of function 'mysql_stmt_errno'\nmysql_stubs.c:1154: error: expected expression before ')' token\nmysql_stubs.c:1154: error: invalid operands to binary *\nmysql_stubs.c:1154: error: called object '<erroneous-expression>' is not a function\nmysql_stubs.c: In function 'caml_mysql_stmt_result_metadata':\nmysql_stubs.c:1163: error: 'MYSQL_STMT' undeclared (first use in this function)\nmysql_stubs.c:1163: error: expected expression before ')' token\nmysql_stubs.c:1163: error: invalid operands to binary *\nmysql_stubs.c:1163: error: called object '<erroneous-expression>' is not a function\nmysql_stubs.c:1164: error: 'MYSQL_RES' undeclared (first use in this function)\nmysql_stubs.c:1164: error: expected expression before ')' token\nmysql_stubs.c:1164: error: invalid operands to binary *\nmysql_stubs.c:1164: warning: passing argument 2 of 'caml_alloc_custom' makes integer from pointer without a cast\nmysql_stubs.c:1165: error: expected expression before ')' token\nmysql_stubs.c:1165: error: invalid operands to binary *\nmysql_stubs.c:1165: error: called object '<erroneous-expression>' is not a function\nmysql_stubs.c:1165: warning: implicit declaration of function 'mysql_stmt_result_metadata'\nmysql_stubs.c:1165: error: called object '<erroneous-expression>' is not a function\nmysql_stubs.c:1165: error: incompatible types in assignment\nmysql_stubs.c:1165: warning: statement with no effect\ngmake[1]: *** [mysql_stubs.o] Error 2\ngmake[1]: Leaving directory `/tmp/ocamlot/ocamlot.work.2013-06-24.287/opam-install/system/build/ocaml-mysql.1.1.1'\ngmake: *** [byte-code-library] Error 2\nUninstalling ocaml-mysql.1.1.1:\n  ocamlfind remove mysql\nocamlfind: [WARNING] No such directory: /tmp/ocamlot/ocamlot.work.2013-06-24.287/opam-install/system/lib/mysql\n\n")(info"Compiler: 4.01.0+dev18-2013-06-13\nOPAM: df84b0565f0709578c581c1dea82246688d2804f\nOCAMLRUNPARAM = b\nHOME = /tmp/ocamlot/ocamlot.work.2013-06-24.287\nPATH = /tmp/ocamlot/ocamlot.work.2013-06-24.287/opam-install/system/bin:/tmp/ocamlot/ocamlot.work.2013-06-24.287:/usr/home/avsm/repo/worker/ocaml/4.01/bin:/sbin:/bin:/usr/sbin:/usr/bin:/usr/games:/usr/local/sbin:/usr/local/bin:/home/avsm/bin\nMANPATH = /tmp/ocamlot/ocamlot.work.2013-06-24.287/opam-install/system/man:\nOCAML_TOPLEVEL_PATH = /tmp/ocamlot/ocamlot.work.2013-06-24.287/opam-install/system/lib/toplevel\nOPAMROOT = /tmp/ocamlot/ocamlot.work.2013-06-24.287/opam-install\nCAML_LD_LIBRARY_PATH = /tmp/ocamlot/ocamlot.work.2013-06-24.287/opam-install/system/lib/stublibs:/usr/home/avsm/repo/worker/ocaml/4.01/lib/ocaml/stublibs\n"))))))(1372063399.7982110977(Checked_in 13))(1372063375.7811830044(Checked_in 13))(1372063351.7591340542(Started 13))(1372036090.6488199234(Advertized((os FreeBSD)(arch X86_64))))))(host((os FreeBSD)(arch X86_64)))(job(Opam((diff(((repo((url"")(repo_url(URL git://github.com/OCamlPro/opam-repository.git))))(label OCamlPro/opam-repository:master)(reference(Ref master)))))(packages(ocaml-mysql.1.1.1))(target((host((os FreeBSD)(arch X86_64)))(compiler((c_version 4.01.0)(c_build"")))))(action Build)))))