((href https://github.com/OCamlPro/opam-repository/blob/master/packages/extunix.0.0.6/opam)(log((1372064585.3839020729(Completed 13((status(Failed()))(duration 60.208131074905395508)(output((err"The compilation of extunix.0.0.6 failed.\n\n==== ERROR [while installing extunix.0.0.6] ====\n# opam-version    1.0.1 (df84b0565f0709578c581c1dea82246688d2804f)\n# os              freebsd\n# command         ocaml setup.ml -build\n# path            /tmp/ocamlot/ocamlot.work.2013-06-24.302/opam-install/system/build/extunix.0.0.6\n# compiler        system (4.01.0)\n# exit-code       1\n# env-file        /tmp/ocamlot/ocamlot.work.2013-06-24.302/opam-install/system/build/extunix.0.0.6/extunix-31740-b76d46.env\n# stdout-file     /tmp/ocamlot/ocamlot.work.2013-06-24.302/opam-install/system/build/extunix.0.0.6/extunix-31740-b76d46.out\n# stderr-file     /tmp/ocamlot/ocamlot.work.2013-06-24.302/opam-install/system/build/extunix.0.0.6/extunix-31740-b76d46.err\n### stdout ###\n...[truncated]\nocamlfind ocamlc -ccopt '-std=c89' -ccopt -pedantic -ccopt -Wno-long-long -ccopt -Wextra -c src/statvfs.c\nmv statvfs.o src/statvfs.o\nocamlfind ocamlc -ccopt '-std=c89' -ccopt -pedantic -ccopt -Wno-long-long -ccopt -Wextra -c src/atfile.c\n+ ocamlfind ocamlc -ccopt '-std=c89' -ccopt -pedantic -ccopt -Wno-long-long -ccopt -Wextra -c src/atfile.c\nsrc/atfile.c:33: error: 'AT_REMOVEDIR' undeclared here (not in a function)\nsrc/atfile.c: In function 'caml_extunix_unlinkat':\nsrc/atfile.c:88: error: invalid operands to binary &\nsrc/atfile.c:88: error: incompatible types in assignment\nsrc/atfile.c:88: warning: statement with no effect\nCommand exited with code 2.\n### stderr ###\nW: Cannot find source file matching module 'ExtUnixAll' in library extunix\nW: Cannot find source file matching module 'ExtUnixSpecific' in library extunix\nE: Failure(\"Command ''/usr/home/avsm/repo/worker/ocaml/4.01/bin/ocamlbuild' src/libextunix_stubs.a src/dllextunix_stubs.so src/extunix.cma src/extunix.cmxa src/extunix.a src/extunix.cmxs -tag debug' terminated with error code 10\")\n\n'opam install --verbose --yes extunix.0.0.6' failed.\n\nOCAMLOT After 60.21s Opam_task.run \"opam install --verbose --yes extunix.0.0.6\" failed (4) in 11.34s\n")(out"The following actions will be performed:\n - install ocamlfind.1.3.3 [required by extunix]\n - install extunix.0.0.6\n2 to install | 0 to reinstall | 0 to upgrade | 0 to downgrade | 0 to remove\n\n=-=-= Installing ocamlfind.1.3.3 =-=-=\nDownloading http://download.camlcity.org/download/findlib-1.3.3.tar.gz.\n  % Total    % Received % Xferd  Average Speed   Time    Time     Time  Current\n                                 Dload  Upload   Total   Spent    Left  Speed\n\r  0     0    0     0    0     0      0      0 --:--:-- --:--:-- --:--:--     0\r100  225k  100  225k    0     0   985k      0 --:--:-- --:--:-- --:--:-- 1091k\n200\nCopying ocamlfind.install.\nCreating /tmp/ocamlot/ocamlot.work.2013-06-24.302/opam-install/repo/ocamlot/archives/ocamlfind.1.3.3+opam.tar.gz.\nExtracting /tmp/ocamlot/ocamlot.work.2013-06-24.302/opam-install/archives/ocamlfind.1.3.3+opam.tar.gz.\nBuilding ocamlfind.1.3.3:\n  ./configure -bindir /tmp/ocamlot/ocamlot.work.2013-06-24.302/opam-install/system/bin -sitelib /tmp/ocamlot/ocamlot.work.2013-06-24.302/opam-install/system/lib -mandir /tmp/ocamlot/ocamlot.work.2013-06-24.302/opam-install/system/man -config /tmp/ocamlot/ocamlot.work.2013-06-24.302/opam-install/system/lib/findlib.conf -no-topfind\n  gmake all\n  gmake opt\n  gmake install\n  ocamlfind remove dbm\nWelcome to findlib version 1.3.3\nConfiguring core...\nChecking for #remove_directory...\nTesting threading model...\nsysthread_supported: true\nTesting DLLs...\nConfiguring libraries...\nnative dynlink: found\nlabltk: found\nocamlbuild: found\ncamlp4: using camlp4, style 310\ncompiler-libs: found\nConfiguration for dbm written to site-lib-src/dbm/META\nConfiguration for dynlink written to site-lib-src/dynlink/META\nConfiguration for graphics written to site-lib-src/graphics/META\nConfiguration for num written to site-lib-src/num/META\nConfiguration for num-top written to site-lib-src/num-top/META\nConfiguration for str written to site-lib-src/str/META\nConfiguration for threads written to site-lib-src/threads/META\nConfiguration for unix written to site-lib-src/unix/META\nConfiguration for stdlib written to site-lib-src/stdlib/META\nConfiguration for bigarray written to site-lib-src/bigarray/META\nConfiguration for labltk written to site-lib-src/labltk/META\nConfiguration for camlp4 written to site-lib-src/camlp4/META\nConfiguration for ocamlbuild written to site-lib-src/ocamlbuild/META\nConfiguration for compiler-libs written to site-lib-src/compiler-libs/META\nDetecting compiler arguments: (extractor built) ok\n\nAbout the OCAML core installation:\n    Standard library:      /usr/home/avsm/repo/worker/ocaml/4.01/lib/ocaml\n    Binaries:              /usr/home/avsm/repo/worker/ocaml/4.01/bin\n    Manual pages:          /usr/home/avsm/repo/worker/ocaml/4.01/man\n    Multi-threading type:  posix\nThe directory of site-specific packages will be\n    site-lib:              /tmp/ocamlot/ocamlot.work.2013-06-24.302/opam-install/system/lib\nThe configuration file is written to:\n    findlib config file:   /tmp/ocamlot/ocamlot.work.2013-06-24.302/opam-install/system/lib/findlib.conf\nSoftware will be installed:\n    Libraries:             in <site-lib>/findlib\n    Binaries:              /tmp/ocamlot/ocamlot.work.2013-06-24.302/opam-install/system/bin\n    Manual pages:          /tmp/ocamlot/ocamlot.work.2013-06-24.302/opam-install/system/man\n    topfind script:        omitted\nToolbox:                   no\n\nConfiguration has been written to Makefile.config\n\nYou can now do 'make all', and optionally 'make opt', to build ocamlfind.\nfor p in findlib; do ( cd src/$p; gmake all ); done\ngmake[1]: Entering directory `/tmp/ocamlot/ocamlot.work.2013-06-24.302/opam-install/system/build/ocamlfind.1.3.3/src/findlib'\nMakefile:142: depend: No such file or directory\nocamllex fl_meta.mll\n22 states, 392 transitions, table size 1700 bytes\ncamlp4 pa_o.cmo pa_op.cmo pr_o.cmo -- -impl fl_metascanner.src -o fl_metascanner.ml\nocamldep *.ml *.mli >depend\ngmake[1]: Leaving directory `/tmp/ocamlot/ocamlot.work.2013-06-24.302/opam-install/system/build/ocamlfind.1.3.3/src/findlib'\ngmake[1]: Entering directory `/tmp/ocamlot/ocamlot.work.2013-06-24.302/opam-install/system/build/ocamlfind.1.3.3/src/findlib'\nUSE_CYGPATH=\"0\"; \\\nexport USE_CYGPATH; \\\ncat findlib_config.mlp | \\\n\t../../tools/patch '@CONFIGFILE@' '/tmp/ocamlot/ocamlot.work.2013-06-24.302/opam-install/system/lib/findlib.conf' | \\\n\t../../tools/patch '@STDLIB@' '/usr/home/avsm/repo/worker/ocaml/4.01/lib/ocaml' | \\\n\tsed -e 's;@AUTOLINK@;true;g' \\\n\t    -e 's;@SYSTEM@;freebsd;g' \\\n\t     >findlib_config.ml\nocamlc -I +compiler-libs -g -c findlib_config.ml\nocamlc -I +compiler-libs -g -c fl_split.ml\nocamlc -I +compiler-libs -g -c fl_metatoken.ml\nocamlc -I +compiler-libs -g -c fl_meta.ml\nocamlc -I +compiler-libs -c fl_metascanner.mli\nocamlc -I +compiler-libs -g -c fl_metascanner.ml\nocamlc -I +compiler-libs -c fl_topo.mli\nocamlc -I +compiler-libs -g -c fl_topo.ml\nFile \"fl_topo.ml\", line 283, characters 10-22:\nWarning 26: unused variable in_direction.\nFile \"fl_topo.ml\", line 219, characters 36-37:\nWarning 3: deprecated feature: operator (&); you should use (&&) instead\nocamlc -I +compiler-libs -c fl_package_base.mli\nocamlc -I +compiler-libs -g -c fl_package_base.ml\nocamlc -I +compiler-libs -c findlib.mli\nocamlc -I +compiler-libs -g -c findlib.ml\nocamlc -I +compiler-libs -g -c fl_args.ml\nocamlc -I +compiler-libs -a -o findlib.cma findlib_config.cmo fl_split.cmo fl_metatoken.cmo fl_meta.cmo fl_metascanner.cmo fl_topo.cmo fl_package_base.cmo findlib.cmo fl_args.cmo\nocamlc -I +compiler-libs -g -c ocaml_args.ml\nocamlc -I +compiler-libs -g -c frontend.ml\nocamlc -I +compiler-libs -custom -o ocamlfind -g findlib.cma unix.cma \\\n           ocaml_args.cmo frontend.cmo\nocamlc -I +compiler-libs -c topfind.mli\nocamlc -I +compiler-libs -g -c topfind.ml\nFile \"topfind.ml\", line 53, characters 10-19:\nWarning 26: unused variable stdlibdir.\nFile \"topfind.ml\", line 97, characters 11-12:\nWarning 26: unused variable d.\nocamlc -I +compiler-libs -a -o findlib_top.cma topfind.cmo\nUSE_CYGPATH=\"0\"; \\\nexport USE_CYGPATH; \\\ncat topfind_rd1.p | \\\n\t../../tools/patch '@SITELIB@' '/tmp/ocamlot/ocamlot.work.2013-06-24.302/opam-install/system/lib' \\\n    \t    >topfind\nocamlc -I +compiler-libs -c num_top_printers.mli\nocamlc -I +compiler-libs -g -c num_top_printers.ml\nocamlc -I +compiler-libs -c num_top.mli\nocamlc -I +compiler-libs -g -c num_top.ml\nocamlc -I +compiler-libs -a -o num_top.cma num_top_printers.cmo num_top.cmo\ngmake[1]: Leaving directory `/tmp/ocamlot/ocamlot.work.2013-06-24.302/opam-install/system/build/ocamlfind.1.3.3/src/findlib'\ngmake all-config\ngmake[1]: Entering directory `/tmp/ocamlot/ocamlot.work.2013-06-24.302/opam-install/system/build/ocamlfind.1.3.3'\nUSE_CYGPATH=\"0\"; \\\nexport USE_CYGPATH; \\\ncat findlib.conf.in | \\\n\ttools/patch '@SITELIB@' '/tmp/ocamlot/ocamlot.work.2013-06-24.302/opam-install/system/lib' >findlib.conf\nif ocamlc.opt >/dev/null 2>&1; then \\\n\techo 'ocamlc=\"ocamlc.opt\"' >>findlib.conf; \\\nfi\nif ocamlopt.opt >/dev/null 2>&1; then \\\n\techo 'ocamlopt=\"ocamlopt.opt\"' >>findlib.conf; \\\nfi\nif ocamldep.opt >/dev/null 2>&1; then \\\n\techo 'ocamldep=\"ocamldep.opt\"' >>findlib.conf; \\\nfi\ngmake[1]: Leaving directory `/tmp/ocamlot/ocamlot.work.2013-06-24.302/opam-install/system/build/ocamlfind.1.3.3'\nfor p in findlib; do ( cd src/$p; gmake opt ); done\ngmake[1]: Entering directory `/tmp/ocamlot/ocamlot.work.2013-06-24.302/opam-install/system/build/ocamlfind.1.3.3/src/findlib'\nocamlopt -I +compiler-libs -c findlib_config.ml\nocamlopt -I +compiler-libs -c fl_split.ml\nocamlopt -I +compiler-libs -c fl_metatoken.ml\nocamlopt -I +compiler-libs -c fl_meta.ml\nocamlopt -I +compiler-libs -c fl_metascanner.ml\nocamlopt -I +compiler-libs -c fl_topo.ml\nFile \"fl_topo.ml\", line 283, characters 10-22:\nWarning 26: unused variable in_direction.\nFile \"fl_topo.ml\", line 219, characters 36-37:\nWarning 3: deprecated feature: operator (&); you should use (&&) instead\nocamlopt -I +compiler-libs -c fl_package_base.ml\nocamlopt -I +compiler-libs -c findlib.ml\nocamlopt -I +compiler-libs -c fl_args.ml\nocamlopt -I +compiler-libs -a -o findlib.cmxa findlib_config.cmx fl_split.cmx fl_metatoken.cmx fl_meta.cmx fl_metascanner.cmx fl_topo.cmx fl_package_base.cmx findlib.cmx fl_args.cmx\nocamlopt -I +compiler-libs -c ocaml_args.ml\nocamlopt -I +compiler-libs -c frontend.ml\nocamlopt -I +compiler-libs -o ocamlfind_opt findlib.cmxa unix.cmxa \\\n\t   ocaml_args.cmx frontend.cmx\ngmake[1]: Leaving directory `/tmp/ocamlot/ocamlot.work.2013-06-24.302/opam-install/system/build/ocamlfind.1.3.3/src/findlib'\nmkdir -p \"/tmp/ocamlot/ocamlot.work.2013-06-24.302/opam-install/system/bin\"\nmkdir -p \"/tmp/ocamlot/ocamlot.work.2013-06-24.302/opam-install/system/man\"\nfor p in findlib; do ( cd src/$p; gmake install ); done\ngmake[1]: Entering directory `/tmp/ocamlot/ocamlot.work.2013-06-24.302/opam-install/system/build/ocamlfind.1.3.3/src/findlib'\nmkdir -p \"/tmp/ocamlot/ocamlot.work.2013-06-24.302/opam-install/system/lib/findlib\"\nmkdir -p \"/tmp/ocamlot/ocamlot.work.2013-06-24.302/opam-install/system/bin\"\ntest 0 -eq 0 || cp topfind \"/usr/home/avsm/repo/worker/ocaml/4.01/lib/ocaml\"\nfiles=`../../tools/collect_files ../../Makefile.config findlib.cmi findlib.mli findlib.cma topfind.cmi topfind.mli fl_package_base.mli fl_package_base.cmi fl_metascanner.mli fl_metascanner.cmi fl_metatoken.cmi findlib_top.cma findlib.cmxa findlib.a META` && \\\ncp $files \"/tmp/ocamlot/ocamlot.work.2013-06-24.302/opam-install/system/lib/findlib\"\nf=\"ocamlfind\"; { test -f ocamlfind_opt && f=\"ocamlfind_opt\"; }; \\\ncp $f \"/tmp/ocamlot/ocamlot.work.2013-06-24.302/opam-install/system/bin/ocamlfind\"\n# the following \"if\" block is only needed for 4.00beta2\nif [ 1 -eq 0 -a -f \"/usr/home/avsm/repo/worker/ocaml/4.01/lib/ocaml/compiler-libs/topdirs.cmi\" ]; then \\\n    cd \"/usr/home/avsm/repo/worker/ocaml/4.01/lib/ocaml/compiler-libs/\"; \\\n    cp topdirs.cmi toploop.cmi \"/tmp/ocamlot/ocamlot.work.2013-06-24.302/opam-install/system/lib/findlib/\"; \\\nfi\ngmake[1]: Leaving directory `/tmp/ocamlot/ocamlot.work.2013-06-24.302/opam-install/system/build/ocamlfind.1.3.3/src/findlib'\ngmake install-meta\ngmake[1]: Entering directory `/tmp/ocamlot/ocamlot.work.2013-06-24.302/opam-install/system/build/ocamlfind.1.3.3'\nfor x in `ls site-lib-src`; do if [ \"$x\" != \"CVS\" -a -f \"site-lib-src/$x/META\" ]; then mkdir -p \"/tmp/ocamlot/ocamlot.work.2013-06-24.302/opam-install/system/lib/$x\"; cp site-lib-src/$x/META \"/tmp/ocamlot/ocamlot.work.2013-06-24.302/opam-install/system/lib/$x\"; fi; done\ngmake[1]: Leaving directory `/tmp/ocamlot/ocamlot.work.2013-06-24.302/opam-install/system/build/ocamlfind.1.3.3'\ncd src/findlib; gmake install-num-top\ngmake[1]: Entering directory `/tmp/ocamlot/ocamlot.work.2013-06-24.302/opam-install/system/build/ocamlfind.1.3.3/src/findlib'\nmkdir -p \"/tmp/ocamlot/ocamlot.work.2013-06-24.302/opam-install/system/lib/num-top\"\ncp num_top.cma num_top.cmi num_top_printers.cmi \\\n\t\"/tmp/ocamlot/ocamlot.work.2013-06-24.302/opam-install/system/lib/num-top\"\ngmake[1]: Leaving directory `/tmp/ocamlot/ocamlot.work.2013-06-24.302/opam-install/system/build/ocamlfind.1.3.3/src/findlib'\ngmake install-config\ngmake[1]: Entering directory `/tmp/ocamlot/ocamlot.work.2013-06-24.302/opam-install/system/build/ocamlfind.1.3.3'\nmkdir -p \"`dirname \\\"/tmp/ocamlot/ocamlot.work.2013-06-24.302/opam-install/system/lib/findlib.conf\\\"`\"\ntest -f \"/tmp/ocamlot/ocamlot.work.2013-06-24.302/opam-install/system/lib/findlib.conf\" || cp findlib.conf \"/tmp/ocamlot/ocamlot.work.2013-06-24.302/opam-install/system/lib/findlib.conf\"\ngmake[1]: Leaving directory `/tmp/ocamlot/ocamlot.work.2013-06-24.302/opam-install/system/build/ocamlfind.1.3.3'\ncp tools/safe_camlp4 \"/tmp/ocamlot/ocamlot.work.2013-06-24.302/opam-install/system/bin\"\ngmake install-doc\ngmake[1]: Entering directory `/tmp/ocamlot/ocamlot.work.2013-06-24.302/opam-install/system/build/ocamlfind.1.3.3'\nmkdir -p /tmp/ocamlot/ocamlot.work.2013-06-24.302/opam-install/system/man/man1 /tmp/ocamlot/ocamlot.work.2013-06-24.302/opam-install/system/man/man3 /tmp/ocamlot/ocamlot.work.2013-06-24.302/opam-install/system/man/man5\ncp doc/ref-man/ocamlfind.1 /tmp/ocamlot/ocamlot.work.2013-06-24.302/opam-install/system/man/man1\ncp doc/ref-man/META.5 doc/ref-man/site-lib.5 doc/ref-man/findlib.conf.5 /tmp/ocamlot/ocamlot.work.2013-06-24.302/opam-install/system/man/man5\ngmake[1]: Leaving directory `/tmp/ocamlot/ocamlot.work.2013-06-24.302/opam-install/system/build/ocamlfind.1.3.3'\nocamlfind: [WARNING] You are removing the package from /tmp/ocamlot/ocamlot.work.2013-06-24.302/opam-install/system/lib/dbm but the currently visible package is at /usr/home/avsm/repo/worker/ocaml/4.01/lib/ocaml; you may want to specify the -destdir option\nRemoved /tmp/ocamlot/ocamlot.work.2013-06-24.302/opam-install/system/lib/dbm\nInstalling ocamlfind.1.3.3.\n\n=-=-= Installing extunix.0.0.6 =-=-=\nDownloading https://forge.ocamlcore.org/frs/download.php/1146/ocaml-extunix-0.0.6.tar.gz.\n  % Total    % Received % Xferd  Average Speed   Time    Time     Time  Current\n                                 Dload  Upload   Total   Spent    Left  Speed\n\r  0     0    0     0    0     0      0      0 --:--:-- --:--:-- --:--:--     0\r  0 82850    0     0    0     0      0      0 --:--:-- --:--:-- --:--:--     0\r100 82850  100 82850    0     0   352k      0 --:--:-- --:--:-- --:--:--  364k\n200\nCreating /tmp/ocamlot/ocamlot.work.2013-06-24.302/opam-install/repo/ocamlot/archives/extunix.0.0.6+opam.tar.gz.\nExtracting /tmp/ocamlot/ocamlot.work.2013-06-24.302/opam-install/archives/extunix.0.0.6+opam.tar.gz.\nBuilding extunix.0.0.6:\n  ocaml setup.ml -configure --disable-tests --prefix /tmp/ocamlot/ocamlot.work.2013-06-24.302/opam-install/system\n  ocaml setup.ml -build\n  ocaml setup.ml -install\n/tmp/discovere0acd1.c:18:25: error: sys/eventfd.h: No such file or directory\n/tmp/discovere0acd1.c:19: error: expected '=', ',', ';', 'asm' or '__attribute__' before 'var_1'\n/tmp/discovere0acd1.c:20: error: 'eventfd' undeclared here (not in a function)\n/tmp/discovere0acd1.c:21: error: 'eventfd_read' undeclared here (not in a function)\n/tmp/discovere0acd1.c:22: error: 'eventfd_write' undeclared here (not in a function)\nchecking EVENTFD.............failed\nchecking ATFILE..............ok\n/tmp/discoverae88e6.c:20: error: 'dirfd' undeclared here (not in a function)\nchecking DIRFD...............failed\nchecking STATVFS.............ok\n/tmp/discover3e0c35.c:24: error: storage size of 'var_2' isn't known\nchecking SIOCGIFCONF.........failed\nIn file included from /tmp/discover3c5104.c:18:\n/usr/include/ifaddrs.h:34: error: expected specifier-qualifier-list before 'u_int'\nchecking IFADDRS.............failed\nchecking INET_NTOA...........ok\nchecking UNAME...............ok\n/tmp/discoverac3d54.c:20: error: 'posix_fadvise64' undeclared here (not in a function)\nchecking FADVISE.............failed\n/tmp/discover839b85.c:20: error: 'posix_fallocate64' undeclared here (not in a function)\n/tmp/discover5eca85.c:19:2: error: #error WIN32 not defined\n/tmp/discover5eca85.c:21: error: 'GetFileSizeEx' undeclared here (not in a function)\nchecking FALLOCATE...........failed\nchecking TTY_IOCTL...........ok\nchecking TTYNAME.............ok\nchecking CTERMID.............ok\nchecking PGID................ok\nchecking SETREUID............ok\nchecking FSYNC...............ok\n/tmp/discover579f3c.c:19: error: 'fdatasync' undeclared here (not in a function)\n/tmp/discover6b8e78.c:19:2: error: #error WIN32 not defined\n/tmp/discover6b8e78.c:21: error: 'FlushFileBuffers' undeclared here (not in a function)\nchecking FDATASYNC...........failed\nchecking REALPATH............ok\n/tmp/discover97745a.c:19:26: error: sys/signalfd.h: No such file or directory\n/tmp/discover97745a.c:20: error: 'signalfd' undeclared here (not in a function)\nchecking SIGNALFD............failed\nIn file included from /tmp/discover11e55a.c:18:\n/usr/include/sys/ptrace.h:122: error: expected specifier-qualifier-list before 'u_long'\n/tmp/discover11e55a.c:20: error: 'PTRACE_TRACEME' undeclared here (not in a function)\n/tmp/discover11e55a.c:21: error: 'PTRACE_ATTACH' undeclared here (not in a function)\nchecking PTRACE..............failed\nchecking RESOURCE............ok\nchecking MLOCKALL............ok\nchecking STRTIME.............ok\nchecking PTS.................ok\nchecking FCNTL...............ok\nchecking TCPGRP..............ok\n/tmp/discover644351.c:18:22: error: execinfo.h: No such file or directory\n/tmp/discover644351.c:19: error: 'backtrace' undeclared here (not in a function)\n/tmp/discover644351.c:20: error: 'backtrace_symbols' undeclared here (not in a function)\nchecking EXECINFO............failed\nchecking SETENV..............ok\n/tmp/discovere7abc9.c:19: error: 'clearenv' undeclared here (not in a function)\nchecking CLEARENV............failed\nchecking MKDTEMP.............ok\n/tmp/discover022ac2.c:19: error: 'timegm' undeclared here (not in a function)\nchecking TIMEGM..............failed\nIn file included from /tmp/discover37f500.c:18:\n/usr/include/malloc.h:3:2: error: #error \"<malloc.h> has been replaced by <stdlib.h>\"\n/tmp/discover37f500.c:19: error: 'malloc_info' undeclared here (not in a function)\nchecking MALLOC_INFO.........failed\nIn file included from /tmp/discoverd36f69.c:18:\n/usr/include/malloc.h:3:2: error: #error \"<malloc.h> has been replaced by <stdlib.h>\"\n/tmp/discoverd36f69.c:19: error: 'malloc_stats' undeclared here (not in a function)\nchecking MALLOC_STATS........failed\nchecking MEMALIGN............ok\n/tmp/discover36b5f5.c:18:20: error: endian.h: No such file or directory\n/tmp/discover36b5f5.c:20:2: error: #error htobe16 not defined\n/tmp/discover36b5f5.c:23:2: error: #error htole16 not defined\n/tmp/discover36b5f5.c:26:2: error: #error be16toh not defined\n/tmp/discover36b5f5.c:29:2: error: #error le16toh not defined\n/tmp/discover36b5f5.c:32:2: error: #error htobe32 not defined\n/tmp/discover36b5f5.c:35:2: error: #error htole32 not defined\n/tmp/discover36b5f5.c:38:2: error: #error be32toh not defined\n/tmp/discover36b5f5.c:41:2: error: #error le32toh not defined\n/tmp/discover36b5f5.c:44:2: error: #error htobe64 not defined\n/tmp/discover36b5f5.c:47:2: error: #error htole64 not defined\n/tmp/discover36b5f5.c:50:2: error: #error be64toh not defined\n/tmp/discover36b5f5.c:53:2: error: #error le64toh not defined\nchecking ENDIAN..............failed\n/tmp/discovera3204c.c:21:2: error: #error SO_PEERCRED not defined\nchecking READ_CREDENTIALS....failed\nchecking FEXECVE.............ok\n/tmp/discoverf08726.c:23:2: error: #error CMSG_SPACE not defined\n/tmp/discover92b2c2.c:22: error: 'struct msghdr' has no member named 'msg_accrights'\n/tmp/discover92b2c2.c:23: error: expected ',' or ';' before 'int'\nchecking SENDMSG.............failed\nchecking PREAD...............ok\nchecking PWRITE..............ok\nchecking READ................ok\nchecking WRITE...............ok\n/tmp/discoverb7786d.c:19: error: 'mkstemps' undeclared here (not in a function)\nchecking MKSTEMPS............failed\n/tmp/discover3b02f1.c:19: error: 'mkostemps' undeclared here (not in a function)\nchecking MKOSTEMPS...........failed\n/tmp/discover009dd2.c:20: error: 'setresuid' undeclared here (not in a function)\n/tmp/discover009dd2.c:21: error: 'setresgid' undeclared here (not in a function)\nchecking SETRESUID...........failed\n\nConfiguration: \nocamlfind: ........................................... /tmp/ocamlot/ocamlot.work.2013-06-24.302/opam-install/system/bin/ocamlfind\nocamlc: .............................................. /usr/home/avsm/repo/worker/ocaml/4.01/bin/ocamlc.opt\nocamlopt: ............................................ /usr/home/avsm/repo/worker/ocaml/4.01/bin/ocamlopt.opt\nocamlbuild: .......................................... /usr/home/avsm/repo/worker/ocaml/4.01/bin/ocamlbuild\nPackage name: ........................................ extunix\nPackage version: ..................................... 0.0.6\nos_type: ............................................. Unix\nsystem: .............................................. freebsd\narchitecture: ........................................ amd64\nccomp_type: .......................................... cc\nocaml_version: ....................................... 4.01.0\nstandard_library_default: ............................ /usr/home/avsm/repo/worker/ocaml/4.01/lib/ocaml\nstandard_library: .................................... /usr/home/avsm/repo/worker/ocaml/4.01/lib/ocaml\nstandard_runtime: .................................... /usr/home/avsm/repo/worker/ocaml/4.01/bin/ocamlrun\nbytecomp_c_compiler: ................................. gcc -fno-defer-pop -Wall -D_FILE_OFFSET_BITS=64 -D_REENTRANT -D_THREAD_SAFE -fPIC\nnative_c_compiler: ................................... gcc -Wall -D_FILE_OFFSET_BITS=64 -D_REENTRANT -D_THREAD_SAFE\nmodel: ............................................... default\next_obj: ............................................. .o\next_asm: ............................................. .s\next_lib: ............................................. .a\next_dll: ............................................. .so\ndefault_executable_name: ............................. a.out\nsysthread_supported: ................................. true\nInstall architecture-independent files dir: .......... /tmp/ocamlot/ocamlot.work.2013-06-24.302/opam-install/system\nInstall architecture-dependent files in dir: ......... $prefix\nUser executables: .................................... $exec_prefix/bin\nSystem admin executables: ............................ $exec_prefix/sbin\nProgram executables: ................................. $exec_prefix/libexec\nRead-only single-machine data: ....................... $prefix/etc\nModifiable architecture-independent data: ............ $prefix/com\nModifiable single-machine data: ...................... $prefix/var\nObject code libraries: ............................... $exec_prefix/lib\nRead-only arch-independent data root: ................ $prefix/share\nRead-only architecture-independent data: ............. $datarootdir\nInfo documentation: .................................. $datarootdir/info\nLocale-dependent data: ............................... $datarootdir/locale\nMan documentation: ................................... $datarootdir/man\nDocumentation root: .................................. $datarootdir/doc/$pkg_name\nHTML documentation: .................................. $docdir\nDVI documentation: ................................... $docdir\nPDF documentation: ................................... $docdir\nPS documentation: .................................... $docdir\nfindlib_version: ..................................... 1.3.3\nis_native: ........................................... true\nsuffix_program: ...................................... \nRemove a file.: ...................................... rm -f\nRemove a directory.: ................................. rm -rf\nTurn ocaml debug flag on: ............................ true\nTurn ocaml profile flag on: .......................... false\nCompiler support generation of .cmxs.: ............... true\nOCamlbuild additional flags: ......................... \nStrict compile-time checks: .......................... true\nCreate documentations: ............................... true\nCompile tests executable and library and run them: ... false\ncamlp4: .............................................. /usr/home/avsm/repo/worker/ocaml/4.01/bin/camlp4\npkg_unix: ............................................ /usr/home/avsm/repo/worker/ocaml/4.01/lib/ocaml\npkg_bigarray: ........................................ /usr/home/avsm/repo/worker/ocaml/4.01/lib/ocaml\nocamldoc: ............................................ /usr/home/avsm/repo/worker/ocaml/4.01/bin/ocamldoc\n\nW: Cannot find source file matching module 'ExtUnixAll' in library extunix\nW: Cannot find source file matching module 'ExtUnixSpecific' in library extunix\n/usr/home/avsm/repo/worker/ocaml/4.01/bin/ocamlopt.opt -I /usr/home/avsm/repo/worker/ocaml/4.01/lib/ocaml/ocamlbuild unix.cmxa /usr/home/avsm/repo/worker/ocaml/4.01/lib/ocaml/ocamlbuild/ocamlbuildlib.cmxa myocamlbuild.ml /usr/home/avsm/repo/worker/ocaml/4.01/lib/ocaml/ocamlbuild/ocamlbuild.cmx -o myocamlbuild\nocamlfind ocamlc -ccopt '-std=c89' -ccopt -pedantic -ccopt -Wno-long-long -ccopt -Wextra -c src/eventfd.c\nmv eventfd.o src/eventfd.o\nocamlfind ocamlc -ccopt '-std=c89' -ccopt -pedantic -ccopt -Wno-long-long -ccopt -Wextra -c src/dirfd.c\nmv dirfd.o src/dirfd.o\nocamlfind ocamlc -ccopt '-std=c89' -ccopt -pedantic -ccopt -Wno-long-long -ccopt -Wextra -c src/fsync.c\nmv fsync.o src/fsync.o\nocamlfind ocamlc -ccopt '-std=c89' -ccopt -pedantic -ccopt -Wno-long-long -ccopt -Wextra -c src/statvfs.c\nmv statvfs.o src/statvfs.o\nocamlfind ocamlc -ccopt '-std=c89' -ccopt -pedantic -ccopt -Wno-long-long -ccopt -Wextra -c src/atfile.c\n+ ocamlfind ocamlc -ccopt '-std=c89' -ccopt -pedantic -ccopt -Wno-long-long -ccopt -Wextra -c src/atfile.c\nsrc/atfile.c:33: error: 'AT_REMOVEDIR' undeclared here (not in a function)\nsrc/atfile.c: In function 'caml_extunix_unlinkat':\nsrc/atfile.c:88: error: invalid operands to binary &\nsrc/atfile.c:88: error: incompatible types in assignment\nsrc/atfile.c:88: warning: statement with no effect\nCommand exited with code 2.\nE: Failure(\"Command ''/usr/home/avsm/repo/worker/ocaml/4.01/bin/ocamlbuild' src/libextunix_stubs.a src/dllextunix_stubs.so src/extunix.cma src/extunix.cmxa src/extunix.a src/extunix.cmxs -tag debug' terminated with error code 10\")\nUninstalling extunix.0.0.6:\n  ocamlfind remove extunix\nocamlfind: [WARNING] No such directory: /tmp/ocamlot/ocamlot.work.2013-06-24.302/opam-install/system/lib/extunix\n\n")(info"Compiler: 4.01.0+dev18-2013-06-13\nOPAM: df84b0565f0709578c581c1dea82246688d2804f\nOCAMLRUNPARAM = b\nHOME = /tmp/ocamlot/ocamlot.work.2013-06-24.302\nPATH = /tmp/ocamlot/ocamlot.work.2013-06-24.302/opam-install/system/bin:/tmp/ocamlot/ocamlot.work.2013-06-24.302:/usr/home/avsm/repo/worker/ocaml/4.01/bin:/sbin:/bin:/usr/sbin:/usr/bin:/usr/games:/usr/local/sbin:/usr/local/bin:/home/avsm/bin\nMANPATH = /tmp/ocamlot/ocamlot.work.2013-06-24.302/opam-install/system/man:\nOCAML_TOPLEVEL_PATH = /tmp/ocamlot/ocamlot.work.2013-06-24.302/opam-install/system/lib/toplevel\nOPAMROOT = /tmp/ocamlot/ocamlot.work.2013-06-24.302/opam-install\nCAML_LD_LIBRARY_PATH = /tmp/ocamlot/ocamlot.work.2013-06-24.302/opam-install/system/lib/stublibs:/usr/home/avsm/repo/worker/ocaml/4.01/lib/ocaml/stublibs\n"))))))(1372064571.1332190037(Checked_in 13))(1372064547.124628067(Checked_in 13))(1372064523.0965199471(Started 13))(1372036090.6780469418(Advertized((os FreeBSD)(arch X86_64))))))(host((os FreeBSD)(arch X86_64)))(job(Opam((diff(((repo((url"")(repo_url(URL git://github.com/OCamlPro/opam-repository.git))))(label OCamlPro/opam-repository:master)(reference(Ref master)))))(packages(extunix.0.0.6))(target((host((os FreeBSD)(arch X86_64)))(compiler((c_version 4.01.0)(c_build"")))))(action Build)))))