((href https://github.com/OCamlPro/opam-repository/blob/master/packages/google-drive-ocamlfuse.0.3.4/opam)(log((1373101360.5050470829(Completed 357((status(Failed((Dep_error camlidl.1.05()))(Process(Exited 4)((r_cmd opam)(r_args(install --verbose --yes google-drive-ocamlfuse.0.3.4))(r_env(OCAMLRUNPARAM=b HOME=/tmp/ocamlot/ocamlot.work.2013-07-06.73 PATH=/tmp/ocamlot/ocamlot.work.2013-07-06.73/opam-install/system/bin:/tmp/ocamlot/ocamlot.work.2013-07-06.73:/home/avsm/src/git/avsm/ocamlot/ocaml/4.01/bin:/home/avsm/.opam/system/bin:/home/avsm/bin:/bin:/sbin:/usr/bin:/usr/sbin:/usr/X11R6/bin:/usr/local/bin:/usr/local/sbin:/usr/games:. MANPATH=/tmp/ocamlot/ocamlot.work.2013-07-06.73/opam-install/system/man: OCAML_TOPLEVEL_PATH=/tmp/ocamlot/ocamlot.work.2013-07-06.73/opam-install/system/lib/toplevel OPAMROOT=/tmp/ocamlot/ocamlot.work.2013-07-06.73/opam-install CAML_LD_LIBRARY_PATH=/tmp/ocamlot/ocamlot.work.2013-07-06.73/opam-install/system/lib/stublibs:/home/avsm/src/git/avsm/ocamlot/ocaml/4.01/lib/ocaml/stublibs))(r_cwd /tmp/ocamlot/ocamlot.work.2013-07-06.73)(r_duration 45.338380098342895508)(r_stdout"The following actions will be performed:\n - install cppo.0.9.3 [required by google-drive-ocamlfuse]\n - install ocamlfind.1.3.3 [required by google-drive-ocamlfuse]\n - install camlidl.1.05 [required by google-drive-ocamlfuse]\n - install cryptokit.1.7 [required by google-drive-ocamlfuse]\n - install easy-format.1.0.1 [required by google-drive-ocamlfuse]\n - install extlib.1.5.4 [required by google-drive-ocamlfuse]\n - install ocurl.0.5.6 [required by google-drive-ocamlfuse]\n - install sqlite3-ocaml.2.0.4 [required by google-drive-ocamlfuse]\n - install xmlm.1.1.1 [required by google-drive-ocamlfuse]\n - install ocamlfuse.2.7.1-cvs [required by google-drive-ocamlfuse]\n - install ocamlnet.3.6.5 [required by google-drive-ocamlfuse]\n - install biniou.1.0.6 [required by google-drive-ocamlfuse]\n - install yojson.1.1.6 [required by google-drive-ocamlfuse]\n - install gapi-ocaml.0.2 [required by google-drive-ocamlfuse]\n - install google-drive-ocamlfuse.0.3.4\n15 to install | 0 to reinstall | 0 to upgrade | 0 to downgrade | 0 to remove\n\n=-=-= Installing camlidl.1.05 =-=-=\nDownloading http://caml.inria.fr/pub/old_caml_site/distrib/bazar-ocaml/camlidl-1.05.tar.gz.\n  % Total    % Received % Xferd  Average Speed   Time    Time     Time  Current\n                                 Dload  Upload   Total   Spent    Left  Speed\n\r  0     0    0     0    0     0      0      0 --:--:-- --:--:-- --:--:--     0\r100   98k  100   98k    0     0   670k      0 --:--:-- --:--:-- --:--:--  901k\n200\nCopying META.\nCopying camlidl.install.\nCopying cpp-location.diff.\nCreating /tmp/ocamlot/ocamlot.work.2013-07-06.73/opam-install/repo/ocamlot/archives/camlidl.1.05+opam.tar.gz.\nExtracting /tmp/ocamlot/ocamlot.work.2013-07-06.73/opam-install/archives/camlidl.1.05+opam.tar.gz.\nApplying cpp-location.diff.\nHmm...  Looks like a unified diff to me...\nThe text leading up to this was:\n--------------------------\n|diff -Naur camlidl-1.05/config/Makefile.unix camlidl-1.05-patched/config/Makefile.unix\n|--- camlidl-1.05/config/Makefile.unix\t2002-04-22 12:50:46.000000000 +0100\n|+++ camlidl-1.05-patched/config/Makefile.unix\t2013-04-09 13:43:56.751790572 +0100\n--------------------------\nPatching file config/Makefile.unix using Plan A...\nHunk #1 succeeded at 19.\ndone\nBuilding camlidl.1.05:\n  mkdir -p /tmp/ocamlot/ocamlot.work.2013-07-06.73/opam-install/system/bin /tmp/ocamlot/ocamlot.work.2013-07-06.73/opam-install/system/lib/camlidl /tmp/ocamlot/ocamlot.work.2013-07-06.73/opam-install/system/lib/camlidl/caml\n  gmake all\n  gmake install BINDIR=/tmp/ocamlot/ocamlot.work.2013-07-06.73/opam-install/system/bin OCAMLLIB=/tmp/ocamlot/ocamlot.work.2013-07-06.73/opam-install/system/lib/camlidl\nMakefile:15: config/Makefile: No such file or directory\ngmake: *** No rule to make target `config/Makefile'.  Stop.\nUninstalling camlidl.1.05.\n\n=-=-= Installing cppo.0.9.3 =-=-=\nDownloading http://mjambon.com/releases/cppo/cppo-0.9.3.tar.gz.\n  % Total    % Received % Xferd  Average Speed   Time    Time     Time  Current\n                                 Dload  Upload   Total   Spent    Left  Speed\n\r  0     0    0     0    0     0      0      0 --:--:-- --:--:-- --:--:--     0\r200\n100 20393  100 20393    0     0  30337      0 --:--:-- --:--:-- --:--:-- 70809\nCopying cppo.install.\nCreating /tmp/ocamlot/ocamlot.work.2013-07-06.73/opam-install/repo/ocamlot/archives/cppo.0.9.3+opam.tar.gz.\nExtracting /tmp/ocamlot/ocamlot.work.2013-07-06.73/opam-install/archives/cppo.0.9.3+opam.tar.gz.\nBuilding cppo.0.9.3:\n  gmake\necho 'let cppo_version = \"0.9.3\"' > cppo_version.ml\nocamlyacc cppo_parser.mly\nocamllex cppo_lexer.mll\nFatal error: unknown C primitive `caml_bswap16'\ngmake: *** [cppo_lexer.ml] Error 2\nUninstalling cppo.0.9.3.\n\n=-=-= Installing ocamlfind.1.3.3 =-=-=\nDownloading http://download.camlcity.org/download/findlib-1.3.3.tar.gz.\n  % Total    % Received % Xferd  Average Speed   Time    Time     Time  Current\n                                 Dload  Upload   Total   Spent    Left  Speed\n\r  0     0    0     0    0     0      0      0 --:--:-- --:--:-- --:--:--     0\r200\n100  225k  100  225k    0     0   279k      0 --:--:-- --:--:-- --:--:--  609k\nCopying ocamlfind.install.\nCreating /tmp/ocamlot/ocamlot.work.2013-07-06.73/opam-install/repo/ocamlot/archives/ocamlfind.1.3.3+opam.tar.gz.\nExtracting /tmp/ocamlot/ocamlot.work.2013-07-06.73/opam-install/archives/ocamlfind.1.3.3+opam.tar.gz.\nBuilding ocamlfind.1.3.3:\n  ./configure -bindir /tmp/ocamlot/ocamlot.work.2013-07-06.73/opam-install/system/bin -sitelib /tmp/ocamlot/ocamlot.work.2013-07-06.73/opam-install/system/lib -mandir /tmp/ocamlot/ocamlot.work.2013-07-06.73/opam-install/system/man -config /tmp/ocamlot/ocamlot.work.2013-07-06.73/opam-install/system/lib/findlib.conf -no-topfind\n  gmake all\n  gmake opt\n  gmake install\n  ocamlfind remove dbm\nWelcome to findlib version 1.3.3\nConfiguring core...\nChecking for #remove_directory...\nTesting threading model...\nsysthread_supported: true\nTesting DLLs...\nConfiguring libraries...\nnative dynlink: not found\nlabltk: found\nocamlbuild: found\ncamlp4: using camlp4, style 310\ncompiler-libs: found\nConfiguration for dbm written to site-lib-src/dbm/META\nConfiguration for dynlink written to site-lib-src/dynlink/META\nConfiguration for graphics written to site-lib-src/graphics/META\nConfiguration for num written to site-lib-src/num/META\nConfiguration for num-top written to site-lib-src/num-top/META\nConfiguration for str written to site-lib-src/str/META\nConfiguration for threads written to site-lib-src/threads/META\nConfiguration for unix written to site-lib-src/unix/META\nConfiguration for stdlib written to site-lib-src/stdlib/META\nConfiguration for bigarray written to site-lib-src/bigarray/META\nConfiguration for labltk written to site-lib-src/labltk/META\nConfiguration for camlp4 written to site-lib-src/camlp4/META\nConfiguration for ocamlbuild written to site-lib-src/ocamlbuild/META\nConfiguration for compiler-libs written to site-lib-src/compiler-libs/META\nDetecting compiler arguments: (extractor built) ok\n\nAbout the OCAML core installation:\n    Standard library:      /home/avsm/src/git/avsm/ocamlot/ocaml/4.01/lib/ocaml\n    Binaries:              /home/avsm/src/git/avsm/ocamlot/ocaml/4.01/bin\n    Manual pages:          /home/avsm/src/git/avsm/ocamlot/ocaml/4.01/man\n    Multi-threading type:  posix\nThe directory of site-specific packages will be\n    site-lib:              /tmp/ocamlot/ocamlot.work.2013-07-06.73/opam-install/system/lib\nThe configuration file is written to:\n    findlib config file:   /tmp/ocamlot/ocamlot.work.2013-07-06.73/opam-install/system/lib/findlib.conf\nSoftware will be installed:\n    Libraries:             in <site-lib>/findlib\n    Binaries:              /tmp/ocamlot/ocamlot.work.2013-07-06.73/opam-install/system/bin\n    Manual pages:          /tmp/ocamlot/ocamlot.work.2013-07-06.73/opam-install/system/man\n    topfind script:        omitted\nToolbox:                   no\n\nConfiguration has been written to Makefile.config\n\nYou can now do 'make all', and optionally 'make opt', to build ocamlfind.\nfor p in findlib; do ( cd src/$p; gmake all ); done\ngmake[1]: Entering directory `/tmp/ocamlot/ocamlot.work.2013-07-06.73/opam-install/system/build/ocamlfind.1.3.3/src/findlib'\nMakefile:142: ocamllex fl_meta.mll\ndepend: No such file or directory\nFatal error: unknown C primitive `caml_bswap16'\ngmake[1]: Leaving directory `/tmp/ocamlot/ocamlot.work.2013-07-06.73/opam-install/system/build/ocamlfind.1.3.3/src/findlib'\ngmake[1]: *** [fl_meta.ml] Error 2\ngmake: *** [all] Error 2\nUninstalling ocamlfind.1.3.3.\n\n")(r_stderr"The compilation of camlidl.1.05 failed.\nThe compilation of cppo.0.9.3 failed.\nThe compilation of ocamlfind.1.3.3 failed.\nDue to some errors while processing { camlidl.1.05, cppo.0.9.3, ocamlfind.1.3.3 }, the following actions will NOT be proceeded:\n - install extlib.1.5.4\n - install ocamlfuse.2.7.1-cvs\n - install cryptokit.1.7\n - install xmlm.1.1.1\n - install ocamlnet.3.6.5\n - install easy-format.1.0.1\n - install yojson.1.1.6\n - install ocurl.0.5.6\n - install biniou.1.0.6\n - install google-drive-ocamlfuse.0.3.4\n - install gapi-ocaml.0.2\n - install sqlite3-ocaml.2.0.4\n\n==== ERROR [while installing camlidl.1.05] ====\n# opam-version    1.0.1 (df84b0565f0709578c581c1dea82246688d2804f)\n# os              openbsd\n# command         gmake all\n# path            /tmp/ocamlot/ocamlot.work.2013-07-06.73/opam-install/system/build/camlidl.1.05\n# compiler        system (4.01.0)\n# exit-code       2\n# env-file        /tmp/ocamlot/ocamlot.work.2013-07-06.73/opam-install/system/build/camlidl.1.05/camlidl-21927-f0f09f.env\n# stdout-file     /tmp/ocamlot/ocamlot.work.2013-07-06.73/opam-install/system/build/camlidl.1.05/camlidl-21927-f0f09f.out\n# stderr-file     /tmp/ocamlot/ocamlot.work.2013-07-06.73/opam-install/system/build/camlidl.1.05/camlidl-21927-f0f09f.err\n### stderr ###\nMakefile:15: config/Makefile: No such file or directory\ngmake: *** No rule to make target `config/Makefile'.  Stop.\n\n\n==== ERROR [while installing cppo.0.9.3] ====\n# opam-version    1.0.1 (df84b0565f0709578c581c1dea82246688d2804f)\n# os              openbsd\n# command         gmake\n# path            /tmp/ocamlot/ocamlot.work.2013-07-06.73/opam-install/system/build/cppo.0.9.3\n# compiler        system (4.01.0)\n# exit-code       2\n# env-file        /tmp/ocamlot/ocamlot.work.2013-07-06.73/opam-install/system/build/cppo.0.9.3/cppo-3277-b76d46.env\n# stdout-file     /tmp/ocamlot/ocamlot.work.2013-07-06.73/opam-install/system/build/cppo.0.9.3/cppo-3277-b76d46.out\n# stderr-file     /tmp/ocamlot/ocamlot.work.2013-07-06.73/opam-install/system/build/cppo.0.9.3/cppo-3277-b76d46.err\n### stdout ###\necho 'let cppo_version = \"0.9.3\"' > cppo_version.ml\nocamlyacc cppo_parser.mly\nocamllex cppo_lexer.mll\n### stderr ###\nFatal error: unknown C primitive `caml_bswap16'\ngmake: *** [cppo_lexer.ml] Error 2\n\n\n==== ERROR [while installing ocamlfind.1.3.3] ====\n# opam-version    1.0.1 (df84b0565f0709578c581c1dea82246688d2804f)\n# os              openbsd\n# command         gmake all\n# path            /tmp/ocamlot/ocamlot.work.2013-07-06.73/opam-install/system/build/ocamlfind.1.3.3\n# compiler        system (4.01.0)\n# exit-code       2\n# env-file        /tmp/ocamlot/ocamlot.work.2013-07-06.73/opam-install/system/build/ocamlfind.1.3.3/ocamlfind-26229-548b09.env\n# stdout-file     /tmp/ocamlot/ocamlot.work.2013-07-06.73/opam-install/system/build/ocamlfind.1.3.3/ocamlfind-26229-548b09.out\n# stderr-file     /tmp/ocamlot/ocamlot.work.2013-07-06.73/opam-install/system/build/ocamlfind.1.3.3/ocamlfind-26229-548b09.err\n### stdout ###\nfor p in findlib; do ( cd src/$p; gmake all ); done\ngmake[1]: Entering directory `/tmp/ocamlot/ocamlot.work.2013-07-06.73/opam-install/system/build/ocamlfind.1.3.3/src/findlib'\nocamllex fl_meta.mll\ngmake[1]: Leaving directory `/tmp/ocamlot/ocamlot.work.2013-07-06.73/opam-install/system/build/ocamlfind.1.3.3/src/findlib'\n### stderr ###\nMakefile:142: depend: No such file or directory\nFatal error: unknown C primitive `caml_bswap16'\ngmake[1]: *** [fl_meta.ml] Error 2\ngmake: *** [all] Error 2\n\n'opam install --verbose --yes google-drive-ocamlfuse.0.3.4' failed.\n")))))(duration 441.87804913520812988)(info"Compiler: 4.01.0+dev18-2013-06-13\nOPAM: df84b0565f0709578c581c1dea82246688d2804f\nOCAMLRUNPARAM = b\nHOME = /tmp/ocamlot/ocamlot.work.2013-07-06.73\nPATH = /tmp/ocamlot/ocamlot.work.2013-07-06.73/opam-install/system/bin:/tmp/ocamlot/ocamlot.work.2013-07-06.73:/home/avsm/src/git/avsm/ocamlot/ocaml/4.01/bin:/home/avsm/.opam/system/bin:/home/avsm/bin:/bin:/sbin:/usr/bin:/usr/sbin:/usr/X11R6/bin:/usr/local/bin:/usr/local/sbin:/usr/games:.\nMANPATH = /tmp/ocamlot/ocamlot.work.2013-07-06.73/opam-install/system/man:\nOCAML_TOPLEVEL_PATH = /tmp/ocamlot/ocamlot.work.2013-07-06.73/opam-install/system/lib/toplevel\nOPAMROOT = /tmp/ocamlot/ocamlot.work.2013-07-06.73/opam-install\nCAML_LD_LIBRARY_PATH = /tmp/ocamlot/ocamlot.work.2013-07-06.73/opam-install/system/lib/stublibs:/home/avsm/src/git/avsm/ocamlot/ocaml/4.01/lib/ocaml/stublibs\n"))))(1373101347.0037178993(Checked_in 357))(1373101322.9763739109(Checked_in 357))(1373101298.8979680538(Checked_in 357))(1373101274.7608089447(Checked_in 357))(1373101250.7287580967(Checked_in 357))(1373101226.7064619064(Checked_in 357))(1373101202.6872000694(Checked_in 357))(1373101178.6640520096(Checked_in 357))(1373101154.5925450325(Checked_in 357))(1373101130.5391340256(Checked_in 357))(1373101106.4262559414(Checked_in 357))(1373101082.3860630989(Checked_in 357))(1373101058.3311738968(Checked_in 357))(1373101034.2507250309(Checked_in 357))(1373101010.1361560822(Checked_in 357))(1373100986.0678670406(Checked_in 357))(1373100962.0000429153(Checked_in 357))(1373100937.9328980446(Checked_in 357))(1373100913.8784909248(Started 357))(1372937853.7660770416(Advertized((os OpenBSD)(arch Powerpc))))))(host((os OpenBSD)(arch Powerpc)))(job(Opam((diff(((repo((url"")(repo_url(URL git://github.com/OCamlPro/opam-repository.git))))(label OCamlPro/opam-repository:master)(reference(Ref master)))))(packages(google-drive-ocamlfuse.0.3.4))(target((host((os OpenBSD)(arch Powerpc)))(compiler((c_version 4.01.0)(c_build"")))))(action Build)))))