((href https://github.com/OCamlPro/opam-repository/blob/master/packages/postgres.20040120/opam)(log((1372066570.3932049274(Completed 17((status(Failed()))(duration 52.030531167984008789)(output((err"The compilation of postgres.20040120 failed.\n\n==== ERROR [while installing postgres.20040120] ====\n# opam-version    1.0.1 (df84b0565f0709578c581c1dea82246688d2804f)\n# os              freebsd\n# command         gmake all POSTGRES_INCLUDE=-I /usr/include/postgresql\n# path            /tmp/ocamlot/ocamlot.work.2013-06-24.330/opam-install/system/build/postgres.20040120\n# compiler        system (4.01.0)\n# exit-code       2\n# env-file        /tmp/ocamlot/ocamlot.work.2013-06-24.330/opam-install/system/build/postgres.20040120/postgres-98391-6aa130.env\n# stdout-file     /tmp/ocamlot/ocamlot.work.2013-06-24.330/opam-install/system/build/postgres.20040120/postgres-98391-6aa130.out\n# stderr-file     /tmp/ocamlot/ocamlot.work.2013-06-24.330/opam-install/system/build/postgres.20040120/postgres-98391-6aa130.err\n### stdout ###\n...[truncated]\nrm -f META\necho 'name=\"postgres\"' >> META\necho 'version=\"20040120\"' >> META\necho 'description=\"Bindings for PostgreSQL\"' >> META\necho 'archive(byte)=\"postgres.cma\"' >> META\necho 'archive(native)=\"postgres.cmxa\"' >> META\nocamlc -c postgres.mli\nocamlc -c postgres.ml\nocamlopt -c postgres.ml\nocamlc -c -I /usr/include/postgresql libpq_stub.c\n### stderr ###\n...[truncated]\nlibpq_stub.c:420: warning: implicit declaration of function 'lo_import'\nlibpq_stub.c:420: error: 'PGconn' undeclared (first use in this function)\nlibpq_stub.c:420: error: expected expression before ')' token\nlibpq_stub.c: In function 'stub_lo_export':\nlibpq_stub.c:425: warning: implicit declaration of function 'lo_export'\nlibpq_stub.c:425: error: 'PGconn' undeclared (first use in this function)\nlibpq_stub.c:425: error: expected expression before ')' token\nlibpq_stub.c: In function 'stub_PQescapeString':\nlibpq_stub.c:434: warning: implicit declaration of function 'PQescapeString'\ngmake: *** [libpq_stub.o] Error 2\n\n'opam install --verbose --yes postgres.20040120' failed.\n\nOCAMLOT After 52.03s Opam_task.run \"opam install --verbose --yes postgres.20040120\" failed (4) in 8.04s\n")(out"The following actions will be performed:\n - install ocamlfind.1.3.3 [required by postgres]\n - install postgres.20040120\n2 to install | 0 to reinstall | 0 to upgrade | 0 to downgrade | 0 to remove\n\n=-=-= Installing ocamlfind.1.3.3 =-=-=\nDownloading http://download.camlcity.org/download/findlib-1.3.3.tar.gz.\n  % Total    % Received % Xferd  Average Speed   Time    Time     Time  Current\n                                 Dload  Upload   Total   Spent    Left  Speed\n\r  0     0    0     0    0     0      0      0 --:--:-- --:--:-- --:--:--     0\r 32  225k   32 74912    0     0   428k      0 --:--:-- --:--:-- --:--:--  487k\r100  225k  100  225k    0     0  1044k      0 --:--:-- --:--:-- --:--:-- 1153k\n200\nCopying ocamlfind.install.\nCreating /tmp/ocamlot/ocamlot.work.2013-06-24.330/opam-install/repo/ocamlot/archives/ocamlfind.1.3.3+opam.tar.gz.\nExtracting /tmp/ocamlot/ocamlot.work.2013-06-24.330/opam-install/archives/ocamlfind.1.3.3+opam.tar.gz.\nBuilding ocamlfind.1.3.3:\n  ./configure -bindir /tmp/ocamlot/ocamlot.work.2013-06-24.330/opam-install/system/bin -sitelib /tmp/ocamlot/ocamlot.work.2013-06-24.330/opam-install/system/lib -mandir /tmp/ocamlot/ocamlot.work.2013-06-24.330/opam-install/system/man -config /tmp/ocamlot/ocamlot.work.2013-06-24.330/opam-install/system/lib/findlib.conf -no-topfind\n  gmake all\n  gmake opt\n  gmake install\n  ocamlfind remove dbm\nWelcome to findlib version 1.3.3\nConfiguring core...\nChecking for #remove_directory...\nTesting threading model...\nsysthread_supported: true\nTesting DLLs...\nConfiguring libraries...\nnative dynlink: found\nlabltk: found\nocamlbuild: found\ncamlp4: using camlp4, style 310\ncompiler-libs: found\nConfiguration for dbm written to site-lib-src/dbm/META\nConfiguration for dynlink written to site-lib-src/dynlink/META\nConfiguration for graphics written to site-lib-src/graphics/META\nConfiguration for num written to site-lib-src/num/META\nConfiguration for num-top written to site-lib-src/num-top/META\nConfiguration for str written to site-lib-src/str/META\nConfiguration for threads written to site-lib-src/threads/META\nConfiguration for unix written to site-lib-src/unix/META\nConfiguration for stdlib written to site-lib-src/stdlib/META\nConfiguration for bigarray written to site-lib-src/bigarray/META\nConfiguration for labltk written to site-lib-src/labltk/META\nConfiguration for camlp4 written to site-lib-src/camlp4/META\nConfiguration for ocamlbuild written to site-lib-src/ocamlbuild/META\nConfiguration for compiler-libs written to site-lib-src/compiler-libs/META\nDetecting compiler arguments: (extractor built) ok\n\nAbout the OCAML core installation:\n    Standard library:      /usr/home/avsm/repo/worker/ocaml/4.01/lib/ocaml\n    Binaries:              /usr/home/avsm/repo/worker/ocaml/4.01/bin\n    Manual pages:          /usr/home/avsm/repo/worker/ocaml/4.01/man\n    Multi-threading type:  posix\nThe directory of site-specific packages will be\n    site-lib:              /tmp/ocamlot/ocamlot.work.2013-06-24.330/opam-install/system/lib\nThe configuration file is written to:\n    findlib config file:   /tmp/ocamlot/ocamlot.work.2013-06-24.330/opam-install/system/lib/findlib.conf\nSoftware will be installed:\n    Libraries:             in <site-lib>/findlib\n    Binaries:              /tmp/ocamlot/ocamlot.work.2013-06-24.330/opam-install/system/bin\n    Manual pages:          /tmp/ocamlot/ocamlot.work.2013-06-24.330/opam-install/system/man\n    topfind script:        omitted\nToolbox:                   no\n\nConfiguration has been written to Makefile.config\n\nYou can now do 'make all', and optionally 'make opt', to build ocamlfind.\nfor p in findlib; do ( cd src/$p; gmake all ); done\nMakefile:142: gmake[1]: Entering directory `/tmp/ocamlot/ocamlot.work.2013-06-24.330/opam-install/system/build/ocamlfind.1.3.3/src/findlib'\ndepend: No such file or directory\nocamllex fl_meta.mll\n22 states, 392 transitions, table size 1700 bytes\ncamlp4 pa_o.cmo pa_op.cmo pr_o.cmo -- -impl fl_metascanner.src -o fl_metascanner.ml\nocamldep *.ml *.mli >depend\ngmake[1]: Leaving directory `/tmp/ocamlot/ocamlot.work.2013-06-24.330/opam-install/system/build/ocamlfind.1.3.3/src/findlib'\ngmake[1]: Entering directory `/tmp/ocamlot/ocamlot.work.2013-06-24.330/opam-install/system/build/ocamlfind.1.3.3/src/findlib'\nUSE_CYGPATH=\"0\"; \\\nexport USE_CYGPATH; \\\ncat findlib_config.mlp | \\\n\t../../tools/patch '@CONFIGFILE@' '/tmp/ocamlot/ocamlot.work.2013-06-24.330/opam-install/system/lib/findlib.conf' | \\\n\t../../tools/patch '@STDLIB@' '/usr/home/avsm/repo/worker/ocaml/4.01/lib/ocaml' | \\\n\tsed -e 's;@AUTOLINK@;true;g' \\\n\t    -e 's;@SYSTEM@;freebsd;g' \\\n\t     >findlib_config.ml\nocamlc -I +compiler-libs -g -c findlib_config.ml\nocamlc -I +compiler-libs -g -c fl_split.ml\nocamlc -I +compiler-libs -g -c fl_metatoken.ml\nocamlc -I +compiler-libs -g -c fl_meta.ml\nocamlc -I +compiler-libs -c fl_metascanner.mli\nocamlc -I +compiler-libs -g -c fl_metascanner.ml\nocamlc -I +compiler-libs -c fl_topo.mli\nocamlc -I +compiler-libs -g -c fl_topo.ml\nFile \"fl_topo.ml\", line 283, characters 10-22:\nWarning 26: unused variable in_direction.\nFile \"fl_topo.ml\", line 219, characters 36-37:\nWarning 3: deprecated feature: operator (&); you should use (&&) instead\nocamlc -I +compiler-libs -c fl_package_base.mli\nocamlc -I +compiler-libs -g -c fl_package_base.ml\nocamlc -I +compiler-libs -c findlib.mli\nocamlc -I +compiler-libs -g -c findlib.ml\nocamlc -I +compiler-libs -g -c fl_args.ml\nocamlc -I +compiler-libs -a -o findlib.cma findlib_config.cmo fl_split.cmo fl_metatoken.cmo fl_meta.cmo fl_metascanner.cmo fl_topo.cmo fl_package_base.cmo findlib.cmo fl_args.cmo\nocamlc -I +compiler-libs -g -c ocaml_args.ml\nocamlc -I +compiler-libs -g -c frontend.ml\nocamlc -I +compiler-libs -custom -o ocamlfind -g findlib.cma unix.cma \\\n           ocaml_args.cmo frontend.cmo\nocamlc -I +compiler-libs -c topfind.mli\nocamlc -I +compiler-libs -g -c topfind.ml\nFile \"topfind.ml\", line 53, characters 10-19:\nWarning 26: unused variable stdlibdir.\nFile \"topfind.ml\", line 97, characters 11-12:\nWarning 26: unused variable d.\nocamlc -I +compiler-libs -a -o findlib_top.cma topfind.cmo\nUSE_CYGPATH=\"0\"; \\\nexport USE_CYGPATH; \\\ncat topfind_rd1.p | \\\n\t../../tools/patch '@SITELIB@' '/tmp/ocamlot/ocamlot.work.2013-06-24.330/opam-install/system/lib' \\\n    \t    >topfind\nocamlc -I +compiler-libs -c num_top_printers.mli\nocamlc -I +compiler-libs -g -c num_top_printers.ml\nocamlc -I +compiler-libs -c num_top.mli\nocamlc -I +compiler-libs -g -c num_top.ml\nocamlc -I +compiler-libs -a -o num_top.cma num_top_printers.cmo num_top.cmo\ngmake[1]: Leaving directory `/tmp/ocamlot/ocamlot.work.2013-06-24.330/opam-install/system/build/ocamlfind.1.3.3/src/findlib'\ngmake all-config\ngmake[1]: Entering directory `/tmp/ocamlot/ocamlot.work.2013-06-24.330/opam-install/system/build/ocamlfind.1.3.3'\nUSE_CYGPATH=\"0\"; \\\nexport USE_CYGPATH; \\\ncat findlib.conf.in | \\\n\ttools/patch '@SITELIB@' '/tmp/ocamlot/ocamlot.work.2013-06-24.330/opam-install/system/lib' >findlib.conf\nif ocamlc.opt >/dev/null 2>&1; then \\\n\techo 'ocamlc=\"ocamlc.opt\"' >>findlib.conf; \\\nfi\nif ocamlopt.opt >/dev/null 2>&1; then \\\n\techo 'ocamlopt=\"ocamlopt.opt\"' >>findlib.conf; \\\nfi\nif ocamldep.opt >/dev/null 2>&1; then \\\n\techo 'ocamldep=\"ocamldep.opt\"' >>findlib.conf; \\\nfi\ngmake[1]: Leaving directory `/tmp/ocamlot/ocamlot.work.2013-06-24.330/opam-install/system/build/ocamlfind.1.3.3'\nfor p in findlib; do ( cd src/$p; gmake opt ); done\ngmake[1]: Entering directory `/tmp/ocamlot/ocamlot.work.2013-06-24.330/opam-install/system/build/ocamlfind.1.3.3/src/findlib'\nocamlopt -I +compiler-libs -c findlib_config.ml\nocamlopt -I +compiler-libs -c fl_split.ml\nocamlopt -I +compiler-libs -c fl_metatoken.ml\nocamlopt -I +compiler-libs -c fl_meta.ml\nocamlopt -I +compiler-libs -c fl_metascanner.ml\nocamlopt -I +compiler-libs -c fl_topo.ml\nFile \"fl_topo.ml\", line 283, characters 10-22:\nWarning 26: unused variable in_direction.\nFile \"fl_topo.ml\", line 219, characters 36-37:\nWarning 3: deprecated feature: operator (&); you should use (&&) instead\nocamlopt -I +compiler-libs -c fl_package_base.ml\nocamlopt -I +compiler-libs -c findlib.ml\nocamlopt -I +compiler-libs -c fl_args.ml\nocamlopt -I +compiler-libs -a -o findlib.cmxa findlib_config.cmx fl_split.cmx fl_metatoken.cmx fl_meta.cmx fl_metascanner.cmx fl_topo.cmx fl_package_base.cmx findlib.cmx fl_args.cmx\nocamlopt -I +compiler-libs -c ocaml_args.ml\nocamlopt -I +compiler-libs -c frontend.ml\nocamlopt -I +compiler-libs -o ocamlfind_opt findlib.cmxa unix.cmxa \\\n\t   ocaml_args.cmx frontend.cmx\ngmake[1]: Leaving directory `/tmp/ocamlot/ocamlot.work.2013-06-24.330/opam-install/system/build/ocamlfind.1.3.3/src/findlib'\nmkdir -p \"/tmp/ocamlot/ocamlot.work.2013-06-24.330/opam-install/system/bin\"\nmkdir -p \"/tmp/ocamlot/ocamlot.work.2013-06-24.330/opam-install/system/man\"\nfor p in findlib; do ( cd src/$p; gmake install ); done\ngmake[1]: Entering directory `/tmp/ocamlot/ocamlot.work.2013-06-24.330/opam-install/system/build/ocamlfind.1.3.3/src/findlib'\nmkdir -p \"/tmp/ocamlot/ocamlot.work.2013-06-24.330/opam-install/system/lib/findlib\"\nmkdir -p \"/tmp/ocamlot/ocamlot.work.2013-06-24.330/opam-install/system/bin\"\ntest 0 -eq 0 || cp topfind \"/usr/home/avsm/repo/worker/ocaml/4.01/lib/ocaml\"\nfiles=`../../tools/collect_files ../../Makefile.config findlib.cmi findlib.mli findlib.cma topfind.cmi topfind.mli fl_package_base.mli fl_package_base.cmi fl_metascanner.mli fl_metascanner.cmi fl_metatoken.cmi findlib_top.cma findlib.cmxa findlib.a META` && \\\ncp $files \"/tmp/ocamlot/ocamlot.work.2013-06-24.330/opam-install/system/lib/findlib\"\nf=\"ocamlfind\"; { test -f ocamlfind_opt && f=\"ocamlfind_opt\"; }; \\\ncp $f \"/tmp/ocamlot/ocamlot.work.2013-06-24.330/opam-install/system/bin/ocamlfind\"\n# the following \"if\" block is only needed for 4.00beta2\nif [ 1 -eq 0 -a -f \"/usr/home/avsm/repo/worker/ocaml/4.01/lib/ocaml/compiler-libs/topdirs.cmi\" ]; then \\\n    cd \"/usr/home/avsm/repo/worker/ocaml/4.01/lib/ocaml/compiler-libs/\"; \\\n    cp topdirs.cmi toploop.cmi \"/tmp/ocamlot/ocamlot.work.2013-06-24.330/opam-install/system/lib/findlib/\"; \\\nfi\ngmake[1]: Leaving directory `/tmp/ocamlot/ocamlot.work.2013-06-24.330/opam-install/system/build/ocamlfind.1.3.3/src/findlib'\ngmake install-meta\ngmake[1]: Entering directory `/tmp/ocamlot/ocamlot.work.2013-06-24.330/opam-install/system/build/ocamlfind.1.3.3'\nfor x in `ls site-lib-src`; do if [ \"$x\" != \"CVS\" -a -f \"site-lib-src/$x/META\" ]; then mkdir -p \"/tmp/ocamlot/ocamlot.work.2013-06-24.330/opam-install/system/lib/$x\"; cp site-lib-src/$x/META \"/tmp/ocamlot/ocamlot.work.2013-06-24.330/opam-install/system/lib/$x\"; fi; done\ngmake[1]: Leaving directory `/tmp/ocamlot/ocamlot.work.2013-06-24.330/opam-install/system/build/ocamlfind.1.3.3'\ncd src/findlib; gmake install-num-top\ngmake[1]: Entering directory `/tmp/ocamlot/ocamlot.work.2013-06-24.330/opam-install/system/build/ocamlfind.1.3.3/src/findlib'\nmkdir -p \"/tmp/ocamlot/ocamlot.work.2013-06-24.330/opam-install/system/lib/num-top\"\ncp num_top.cma num_top.cmi num_top_printers.cmi \\\n\t\"/tmp/ocamlot/ocamlot.work.2013-06-24.330/opam-install/system/lib/num-top\"\ngmake[1]: Leaving directory `/tmp/ocamlot/ocamlot.work.2013-06-24.330/opam-install/system/build/ocamlfind.1.3.3/src/findlib'\ngmake install-config\ngmake[1]: Entering directory `/tmp/ocamlot/ocamlot.work.2013-06-24.330/opam-install/system/build/ocamlfind.1.3.3'\nmkdir -p \"`dirname \\\"/tmp/ocamlot/ocamlot.work.2013-06-24.330/opam-install/system/lib/findlib.conf\\\"`\"\ntest -f \"/tmp/ocamlot/ocamlot.work.2013-06-24.330/opam-install/system/lib/findlib.conf\" || cp findlib.conf \"/tmp/ocamlot/ocamlot.work.2013-06-24.330/opam-install/system/lib/findlib.conf\"\ngmake[1]: Leaving directory `/tmp/ocamlot/ocamlot.work.2013-06-24.330/opam-install/system/build/ocamlfind.1.3.3'\ncp tools/safe_camlp4 \"/tmp/ocamlot/ocamlot.work.2013-06-24.330/opam-install/system/bin\"\ngmake install-doc\ngmake[1]: Entering directory `/tmp/ocamlot/ocamlot.work.2013-06-24.330/opam-install/system/build/ocamlfind.1.3.3'\nmkdir -p /tmp/ocamlot/ocamlot.work.2013-06-24.330/opam-install/system/man/man1 /tmp/ocamlot/ocamlot.work.2013-06-24.330/opam-install/system/man/man3 /tmp/ocamlot/ocamlot.work.2013-06-24.330/opam-install/system/man/man5\ncp doc/ref-man/ocamlfind.1 /tmp/ocamlot/ocamlot.work.2013-06-24.330/opam-install/system/man/man1\ncp doc/ref-man/META.5 doc/ref-man/site-lib.5 doc/ref-man/findlib.conf.5 /tmp/ocamlot/ocamlot.work.2013-06-24.330/opam-install/system/man/man5\ngmake[1]: Leaving directory `/tmp/ocamlot/ocamlot.work.2013-06-24.330/opam-install/system/build/ocamlfind.1.3.3'\nocamlfind: [WARNING] You are removing the package from /tmp/ocamlot/ocamlot.work.2013-06-24.330/opam-install/system/lib/dbm but the currently visible package is at /usr/home/avsm/repo/worker/ocaml/4.01/lib/ocaml; you may want to specify the -destdir option\nRemoved /tmp/ocamlot/ocamlot.work.2013-06-24.330/opam-install/system/lib/dbm\nInstalling ocamlfind.1.3.3.\n\n=-=-= Installing postgres.20040120 =-=-=\nDownloading http://alain.frisch.fr/info/postgres-20040120.tar.gz.\n  % Total    % Received % Xferd  Average Speed   Time    Time     Time  Current\n                                 Dload  Upload   Total   Spent    Left  Speed\n\r  0     0    0     0    0     0      0      0 --:--:-- --:--:-- --:--:--     0\r100 21995  100 21995    0     0   155k      0 --:--:-- --:--:-- --:--:--  335k\n200\nCopying opam.patch.\nCreating /tmp/ocamlot/ocamlot.work.2013-06-24.330/opam-install/repo/ocamlot/archives/postgres.20040120+opam.tar.gz.\nExtracting /tmp/ocamlot/ocamlot.work.2013-06-24.330/opam-install/archives/postgres.20040120+opam.tar.gz.\nApplying opam.patch.\nHmm...  Looks like a unified diff to me...\nThe text leading up to this was:\n--------------------------\n|diff -ru /tmp/opam-12040-2066/postgres.20040120/libpq_stub.c /tmp/opam-12040-1412/postgres.20040120/libpq_stub.c\n|--- /tmp/opam-12040-2066/postgres.20040120/libpq_stub.c\t2004-01-20 00:22:32.000000000 +0100\n|+++ /tmp/opam-12040-1412/postgres.20040120/libpq_stub.c\t2012-10-05 18:14:56.693792998 +0200\n--------------------------\nPatching file libpq_stub.c using Plan A...\nHunk #1 succeeded at 77.\nHunk #2 succeeded at 99.\nHunk #3 succeeded at 153.\nHunk #4 succeeded at 174.\nHunk #5 succeeded at 190.\nHunk #6 succeeded at 364.\ndone\nBuilding postgres.20040120:\n  gmake all POSTGRES_INCLUDE=-I /usr/include/postgresql\n  gmake install\nrm -f META\necho 'name=\"postgres\"' >> META\necho 'version=\"20040120\"' >> META\necho 'description=\"Bindings for PostgreSQL\"' >> META\necho 'archive(byte)=\"postgres.cma\"' >> META\necho 'archive(native)=\"postgres.cmxa\"' >> META\nocamlc -c postgres.mli\nocamlc -c postgres.ml\nocamlopt -c postgres.ml\nocamlc -c -I /usr/include/postgresql libpq_stub.c\nlibpq_stub.c:13:22: error: libpq-fe.h: No such file or directory\nlibpq_stub.c:14:28: error: libpq/libpq-fs.h: No such file or directory\nlibpq_stub.c: In function 'free_conn':\nlibpq_stub.c:86: error: 'PGconn' undeclared (first use in this function)\nlibpq_stub.c:86: error: (Each undeclared identifier is reported only once\nlibpq_stub.c:86: error: for each function it appears in.)\nlibpq_stub.c:86: error: expected expression before ')' token\nlibpq_stub.c:87: warning: implicit declaration of function 'PQfinish'\nlibpq_stub.c:88: error: expected expression before ')' token\nlibpq_stub.c: In function 'conn_isnull':\nlibpq_stub.c:93: error: 'PGconn' undeclared (first use in this function)\nlibpq_stub.c:93: error: expected expression before ')' token\nlibpq_stub.c:94: warning: control reaches end of non-void function\nlibpq_stub.c: At top level:\nlibpq_stub.c:96: error: expected ')' before '*' token\nlibpq_stub.c: In function 'stub_PQconnectdb':\nlibpq_stub.c:108: warning: implicit declaration of function 'alloc_conn'\nlibpq_stub.c:108: warning: implicit declaration of function 'PQconnectdb'\nlibpq_stub.c: In function 'stub_PQreset':\nlibpq_stub.c:119: warning: implicit declaration of function 'PQreset'\nlibpq_stub.c:119: error: 'PGconn' undeclared (first use in this function)\nlibpq_stub.c:119: error: expected expression before ')' token\nlibpq_stub.c: In function 'stub_PQdb':\nlibpq_stub.c:135: warning: implicit declaration of function 'PQdb'\nlibpq_stub.c:135: error: 'PGconn' undeclared (first use in this function)\nlibpq_stub.c:135: error: expected expression before ')' token\nlibpq_stub.c:135: warning: passing argument 1 of 'make_string' makes pointer from integer without a cast\nlibpq_stub.c: In function 'stub_PQuser':\nlibpq_stub.c:136: warning: implicit declaration of function 'PQuser'\nlibpq_stub.c:136: error: 'PGconn' undeclared (first use in this function)\nlibpq_stub.c:136: error: expected expression before ')' token\nlibpq_stub.c:136: warning: passing argument 1 of 'make_string' makes pointer from integer without a cast\nlibpq_stub.c: In function 'stub_PQpass':\nlibpq_stub.c:137: warning: implicit declaration of function 'PQpass'\nlibpq_stub.c:137: error: 'PGconn' undeclared (first use in this function)\nlibpq_stub.c:137: error: expected expression before ')' token\nlibpq_stub.c:137: warning: passing argument 1 of 'make_string' makes pointer from integer without a cast\nlibpq_stub.c: In function 'stub_PQhost':\nlibpq_stub.c:138: warning: implicit declaration of function 'PQhost'\nlibpq_stub.c:138: error: 'PGconn' undeclared (first use in this function)\nlibpq_stub.c:138: error: expected expression before ')' token\nlibpq_stub.c:138: warning: passing argument 1 of 'make_string' makes pointer from integer without a cast\nlibpq_stub.c: In function 'stub_PQport':\nlibpq_stub.c:139: warning: implicit declaration of function 'PQport'\nlibpq_stub.c:139: error: 'PGconn' undeclared (first use in this function)\nlibpq_stub.c:139: error: expected expression before ')' token\nlibpq_stub.c:139: warning: passing argument 1 of 'make_string' makes pointer from integer without a cast\nlibpq_stub.c: In function 'stub_PQtty':\nlibpq_stub.c:140: warning: implicit declaration of function 'PQtty'\nlibpq_stub.c:140: error: 'PGconn' undeclared (first use in this function)\nlibpq_stub.c:140: error: expected expression before ')' token\nlibpq_stub.c:140: warning: passing argument 1 of 'make_string' makes pointer from integer without a cast\nlibpq_stub.c: In function 'stub_PQoptions':\nlibpq_stub.c:141: warning: implicit declaration of function 'PQoptions'\nlibpq_stub.c:141: error: 'PGconn' undeclared (first use in this function)\nlibpq_stub.c:141: error: expected expression before ')' token\nlibpq_stub.c:141: warning: passing argument 1 of 'make_string' makes pointer from integer without a cast\nlibpq_stub.c: In function 'stub_PQstatus':\nlibpq_stub.c:142: warning: implicit declaration of function 'PQstatus'\nlibpq_stub.c:142: error: 'PGconn' undeclared (first use in this function)\nlibpq_stub.c:142: error: expected expression before ')' token\nlibpq_stub.c: In function 'stub_PQerrorMessage':\nlibpq_stub.c:143: warning: implicit declaration of function 'PQerrorMessage'\nlibpq_stub.c:143: error: 'PGconn' undeclared (first use in this function)\nlibpq_stub.c:143: error: expected expression before ')' token\nlibpq_stub.c:143: warning: passing argument 1 of 'make_string' makes pointer from integer without a cast\nlibpq_stub.c: In function 'stub_PQbackendPID':\nlibpq_stub.c:144: warning: implicit declaration of function 'PQbackendPID'\nlibpq_stub.c:144: error: 'PGconn' undeclared (first use in this function)\nlibpq_stub.c:144: error: expected expression before ')' token\nlibpq_stub.c: In function 'free_result':\nlibpq_stub.c:179: error: 'PGresult' undeclared (first use in this function)\nlibpq_stub.c:179: error: expected expression before ')' token\nlibpq_stub.c:180: warning: implicit declaration of function 'PQclear'\nlibpq_stub.c:181: error: expected expression before ')' token\nlibpq_stub.c: In function 'res_isnull':\nlibpq_stub.c:186: error: 'PGresult' undeclared (first use in this function)\nlibpq_stub.c:186: error: expected expression before ')' token\nlibpq_stub.c:187: warning: control reaches end of non-void function\nlibpq_stub.c: At top level:\nlibpq_stub.c:189: error: expected ')' before '*' token\nlibpq_stub.c: In function 'stub_PQexec':\nlibpq_stub.c:200: warning: implicit declaration of function 'alloc_result'\nlibpq_stub.c:200: warning: implicit declaration of function 'PQexec'\nlibpq_stub.c:200: error: 'PGconn' undeclared (first use in this function)\nlibpq_stub.c:200: error: expected expression before ')' token\nlibpq_stub.c: In function 'stub_PQresultStatus':\nlibpq_stub.c:204: warning: implicit declaration of function 'PQresultStatus'\nlibpq_stub.c:204: error: 'PGresult' undeclared (first use in this function)\nlibpq_stub.c:204: error: expected expression before ')' token\nlibpq_stub.c: In function 'stub_PQresStatus':\nlibpq_stub.c:208: warning: implicit declaration of function 'PQresStatus'\nlibpq_stub.c:208: warning: passing argument 1 of 'make_string' makes pointer from integer without a cast\nlibpq_stub.c: In function 'stub_PQresultErrorMessage':\nlibpq_stub.c:211: warning: implicit declaration of function 'PQresultErrorMessage'\nlibpq_stub.c:211: error: 'PGresult' undeclared (first use in this function)\nlibpq_stub.c:211: error: expected expression before ')' token\nlibpq_stub.c:211: warning: passing argument 1 of 'make_string' makes pointer from integer without a cast\nlibpq_stub.c: In function 'stub_PQntuples':\nlibpq_stub.c:212: warning: implicit declaration of function 'PQntuples'\nlibpq_stub.c:212: error: 'PGresult' undeclared (first use in this function)\nlibpq_stub.c:212: error: expected expression before ')' token\nlibpq_stub.c: In function 'stub_PQnfields':\nlibpq_stub.c:213: warning: implicit declaration of function 'PQnfields'\nlibpq_stub.c:213: error: 'PGresult' undeclared (first use in this function)\nlibpq_stub.c:213: error: expected expression before ')' token\nlibpq_stub.c: In function 'stub_PQbinaryTuples':\nlibpq_stub.c:214: warning: implicit declaration of function 'PQbinaryTuples'\nlibpq_stub.c:214: error: 'PGresult' undeclared (first use in this function)\nlibpq_stub.c:214: error: expected expression before ')' token\nlibpq_stub.c: In function 'stub_PQfname':\nlibpq_stub.c:215: warning: implicit declaration of function 'PQfname'\nlibpq_stub.c:215: error: 'PGresult' undeclared (first use in this function)\nlibpq_stub.c:215: error: expected expression before ')' token\nlibpq_stub.c:215: warning: passing argument 1 of 'make_string' makes pointer from integer without a cast\nlibpq_stub.c: In function 'stub_PQfnumber':\nlibpq_stub.c:219: warning: implicit declaration of function 'PQfnumber'\nlibpq_stub.c:219: error: 'PGresult' undeclared (first use in this function)\nlibpq_stub.c:219: error: expected expression before ')' token\nlibpq_stub.c: In function 'stub_PQftype':\nlibpq_stub.c:222: warning: implicit declaration of function 'PQftype'\nlibpq_stub.c:222: error: 'PGresult' undeclared (first use in this function)\nlibpq_stub.c:222: error: expected expression before ')' token\nlibpq_stub.c: In function 'stub_PQfsize':\nlibpq_stub.c:223: warning: implicit declaration of function 'PQfsize'\nlibpq_stub.c:223: error: 'PGresult' undeclared (first use in this function)\nlibpq_stub.c:223: error: expected expression before ')' token\nlibpq_stub.c: In function 'stub_PQfmod':\nlibpq_stub.c:224: warning: implicit declaration of function 'PQfmod'\nlibpq_stub.c:224: error: 'PGresult' undeclared (first use in this function)\nlibpq_stub.c:224: error: expected expression before ')' token\nlibpq_stub.c: In function 'stub_PQgetvalue':\nlibpq_stub.c:227: warning: implicit declaration of function 'PQgetvalue'\nlibpq_stub.c:227: error: 'PGresult' undeclared (first use in this function)\nlibpq_stub.c:227: error: expected expression before ')' token\nlibpq_stub.c:227: warning: passing argument 1 of 'make_string' makes pointer from integer without a cast\nlibpq_stub.c: In function 'stub_PQgetlength':\nlibpq_stub.c:228: warning: implicit declaration of function 'PQgetlength'\nlibpq_stub.c:228: error: 'PGresult' undeclared (first use in this function)\nlibpq_stub.c:228: error: expected expression before ')' token\nlibpq_stub.c: In function 'stub_PQgetisnull':\nlibpq_stub.c:229: warning: implicit declaration of function 'PQgetisnull'\nlibpq_stub.c:229: error: 'PGresult' undeclared (first use in this function)\nlibpq_stub.c:229: error: expected expression before ')' token\nlibpq_stub.c: In function 'stub_PQcmdStatus':\nlibpq_stub.c:231: warning: implicit declaration of function 'PQcmdStatus'\nlibpq_stub.c:231: error: 'PGresult' undeclared (first use in this function)\nlibpq_stub.c:231: error: expected expression before ')' token\nlibpq_stub.c:231: warning: passing argument 1 of 'make_string' makes pointer from integer without a cast\nlibpq_stub.c: In function 'stub_PQcmdTuples':\nlibpq_stub.c:232: warning: implicit declaration of function 'PQcmdTuples'\nlibpq_stub.c:232: error: 'PGresult' undeclared (first use in this function)\nlibpq_stub.c:232: error: expected expression before ')' token\nlibpq_stub.c:232: warning: passing argument 1 of 'make_string' makes pointer from integer without a cast\nlibpq_stub.c: In function 'stub_PQoidValue':\nlibpq_stub.c:233: warning: implicit declaration of function 'PQoidValue'\nlibpq_stub.c:233: error: 'PGresult' undeclared (first use in this function)\nlibpq_stub.c:233: error: expected expression before ')' token\nlibpq_stub.c: In function 'stub_PQmakeEmptyPGresult':\nlibpq_stub.c:245: warning: implicit declaration of function 'PQmakeEmptyPGresult'\nlibpq_stub.c:245: error: 'PGconn' undeclared (first use in this function)\nlibpq_stub.c:245: error: expected expression before ')' token\nlibpq_stub.c: In function 'stub_PQsetnonblocking':\nlibpq_stub.c:254: warning: implicit declaration of function 'PQsetnonblocking'\nlibpq_stub.c:254: error: 'PGconn' undeclared (first use in this function)\nlibpq_stub.c:254: error: expected expression before ')' token\nlibpq_stub.c: In function 'stub_PQisnonblocking':\nlibpq_stub.c:259: warning: implicit declaration of function 'PQisnonblocking'\nlibpq_stub.c:259: error: 'PGconn' undeclared (first use in this function)\nlibpq_stub.c:259: error: expected expression before ')' token\nlibpq_stub.c: In function 'stub_PQsendQuery':\nlibpq_stub.c:264: warning: implicit declaration of function 'PQsendQuery'\nlibpq_stub.c:264: error: 'PGconn' undeclared (first use in this function)\nlibpq_stub.c:264: error: expected expression before ')' token\nlibpq_stub.c: In function 'stub_PQgetResult':\nlibpq_stub.c:269: warning: implicit declaration of function 'PQgetResult'\nlibpq_stub.c:269: error: 'PGconn' undeclared (first use in this function)\nlibpq_stub.c:269: error: expected expression before ')' token\nlibpq_stub.c: In function 'stub_PQconsumeInput':\nlibpq_stub.c:275: warning: implicit declaration of function 'PQconsumeInput'\nlibpq_stub.c:275: error: 'PGconn' undeclared (first use in this function)\nlibpq_stub.c:275: error: expected expression before ')' token\nlibpq_stub.c: In function 'stub_PQisBusy':\nlibpq_stub.c:280: warning: implicit declaration of function 'PQisBusy'\nlibpq_stub.c:280: error: 'PGconn' undeclared (first use in this function)\nlibpq_stub.c:280: error: expected expression before ')' token\nlibpq_stub.c: In function 'stub_PQflush':\nlibpq_stub.c:285: warning: implicit declaration of function 'PQflush'\nlibpq_stub.c:285: error: 'PGconn' undeclared (first use in this function)\nlibpq_stub.c:285: error: expected expression before ')' token\nlibpq_stub.c: In function 'stub_PQsocket':\nlibpq_stub.c:290: warning: implicit declaration of function 'PQsocket'\nlibpq_stub.c:290: error: 'PGconn' undeclared (first use in this function)\nlibpq_stub.c:290: error: expected expression before ')' token\nlibpq_stub.c: In function 'stub_PQrequestCancel':\nlibpq_stub.c:295: error: 'PGconn' undeclared (first use in this function)\nlibpq_stub.c:295: error: expected expression before ')' token\nlibpq_stub.c: In function 'stub_PQnotifies':\nlibpq_stub.c:306: error: 'PGnotify' undeclared (first use in this function)\nlibpq_stub.c:306: error: 'noti' undeclared (first use in this function)\nlibpq_stub.c:306: warning: implicit declaration of function 'PQnotifies'\nlibpq_stub.c:306: error: 'PGconn' undeclared (first use in this function)\nlibpq_stub.c:306: error: expected expression before ')' token\nlibpq_stub.c:318: warning: control reaches end of non-void function\nlibpq_stub.c: In function 'stub_PQgetline':\nlibpq_stub.c:325: warning: implicit declaration of function 'PQgetline'\nlibpq_stub.c:325: error: 'PGconn' undeclared (first use in this function)\nlibpq_stub.c:325: error: expected expression before ')' token\nlibpq_stub.c: In function 'stub_PQgetlineAsync':\nlibpq_stub.c:332: error: 'PGconn' undeclared (first use in this function)\nlibpq_stub.c:332: error: expected expression before ')' token\nlibpq_stub.c: In function 'stub_PQputline':\nlibpq_stub.c:339: warning: implicit declaration of function 'PQputline'\nlibpq_stub.c:339: error: 'PGconn' undeclared (first use in this function)\nlibpq_stub.c:339: error: expected expression before ')' token\nlibpq_stub.c: In function 'stub_PQputnbytes':\nlibpq_stub.c:345: warning: implicit declaration of function 'PQputnbytes'\nlibpq_stub.c:345: error: 'PGconn' undeclared (first use in this function)\nlibpq_stub.c:345: error: expected expression before ')' token\nlibpq_stub.c: In function 'stub_PQendcopy':\nlibpq_stub.c:352: warning: implicit declaration of function 'PQendcopy'\nlibpq_stub.c:352: error: 'PGconn' undeclared (first use in this function)\nlibpq_stub.c:352: error: expected expression before ')' token\nlibpq_stub.c: In function 'stub_PQsetNoticeProcessor':\nlibpq_stub.c:369: warning: implicit declaration of function 'PQsetNoticeProcessor'\nlibpq_stub.c:369: error: 'PGconn' undeclared (first use in this function)\nlibpq_stub.c:369: error: expected expression before ')' token\nlibpq_stub.c: In function 'stub_lo_open':\nlibpq_stub.c:378: warning: implicit declaration of function 'lo_open'\nlibpq_stub.c:378: error: 'PGconn' undeclared (first use in this function)\nlibpq_stub.c:378: error: expected expression before ')' token\nlibpq_stub.c:378: error: 'INV_READ' undeclared (first use in this function)\nlibpq_stub.c:378: error: 'INV_WRITE' undeclared (first use in this function)\nlibpq_stub.c: In function 'stub_lo_close':\nlibpq_stub.c:383: warning: implicit declaration of function 'lo_close'\nlibpq_stub.c:383: error: 'PGconn' undeclared (first use in this function)\nlibpq_stub.c:383: error: expected expression before ')' token\nlibpq_stub.c: In function 'stub_lo_read':\nlibpq_stub.c:388: warning: implicit declaration of function 'lo_read'\nlibpq_stub.c:388: error: 'PGconn' undeclared (first use in this function)\nlibpq_stub.c:388: error: expected expression before ')' token\nlibpq_stub.c: In function 'stub_lo_write':\nlibpq_stub.c:394: warning: implicit declaration of function 'lo_write'\nlibpq_stub.c:394: error: 'PGconn' undeclared (first use in this function)\nlibpq_stub.c:394: error: expected expression before ')' token\nlibpq_stub.c: In function 'stub_lo_lseek':\nlibpq_stub.c:400: warning: implicit declaration of function 'lo_lseek'\nlibpq_stub.c:400: error: 'PGconn' undeclared (first use in this function)\nlibpq_stub.c:400: error: expected expression before ')' token\nlibpq_stub.c: In function 'stub_lo_creat':\nlibpq_stub.c:405: warning: implicit declaration of function 'lo_creat'\nlibpq_stub.c:405: error: 'PGconn' undeclared (first use in this function)\nlibpq_stub.c:405: error: expected expression before ')' token\nlibpq_stub.c:405: error: 'INV_READ' undeclared (first use in this function)\nlibpq_stub.c: In function 'stub_lo_tell':\nlibpq_stub.c:410: warning: implicit declaration of function 'lo_tell'\nlibpq_stub.c:410: error: 'PGconn' undeclared (first use in this function)\nlibpq_stub.c:410: error: expected expression before ')' token\nlibpq_stub.c: In function 'stub_lo_unlink':\nlibpq_stub.c:415: warning: implicit declaration of function 'lo_unlink'\nlibpq_stub.c:415: error: 'PGconn' undeclared (first use in this function)\nlibpq_stub.c:415: error: expected expression before ')' token\nlibpq_stub.c: In function 'stub_lo_import':\nlibpq_stub.c:420: warning: implicit declaration of function 'lo_import'\nlibpq_stub.c:420: error: 'PGconn' undeclared (first use in this function)\nlibpq_stub.c:420: error: expected expression before ')' token\nlibpq_stub.c: In function 'stub_lo_export':\nlibpq_stub.c:425: warning: implicit declaration of function 'lo_export'\nlibpq_stub.c:425: error: 'PGconn' undeclared (first use in this function)\nlibpq_stub.c:425: error: expected expression before ')' token\nlibpq_stub.c: In function 'stub_PQescapeString':\nlibpq_stub.c:434: warning: implicit declaration of function 'PQescapeString'\ngmake: *** [libpq_stub.o] Error 2\nUninstalling postgres.20040120:\n  ocamlfind remove postgres\nocamlfind: [WARNING] No such directory: /tmp/ocamlot/ocamlot.work.2013-06-24.330/opam-install/system/lib/postgres\n\n")(info"Compiler: 4.01.0+dev18-2013-06-13\nOPAM: df84b0565f0709578c581c1dea82246688d2804f\nOCAMLRUNPARAM = b\nHOME = /tmp/ocamlot/ocamlot.work.2013-06-24.330\nPATH = /tmp/ocamlot/ocamlot.work.2013-06-24.330/opam-install/system/bin:/tmp/ocamlot/ocamlot.work.2013-06-24.330:/usr/home/avsm/repo/worker/ocaml/4.01/bin:/sbin:/bin:/usr/sbin:/usr/bin:/usr/games:/usr/local/sbin:/usr/local/bin:/home/avsm/bin\nMANPATH = /tmp/ocamlot/ocamlot.work.2013-06-24.330/opam-install/system/man:\nOCAML_TOPLEVEL_PATH = /tmp/ocamlot/ocamlot.work.2013-06-24.330/opam-install/system/lib/toplevel\nOPAMROOT = /tmp/ocamlot/ocamlot.work.2013-06-24.330/opam-install\nCAML_LD_LIBRARY_PATH = /tmp/ocamlot/ocamlot.work.2013-06-24.330/opam-install/system/lib/stublibs:/usr/home/avsm/repo/worker/ocaml/4.01/lib/ocaml/stublibs\n"))))))(1372066564.825658083(Checked_in 17))(1372066540.8072879314(Checked_in 17))(1372066516.7897660732(Started 17))(1372036090.8011109829(Advertized((os FreeBSD)(arch X86_64))))))(host((os FreeBSD)(arch X86_64)))(job(Opam((diff(((repo((url"")(repo_url(URL git://github.com/OCamlPro/opam-repository.git))))(label OCamlPro/opam-repository:master)(reference(Ref master)))))(packages(postgres.20040120))(target((host((os FreeBSD)(arch X86_64)))(compiler((c_version 4.01.0)(c_build"")))))(action Build)))))