((href https://github.com/OCamlPro/opam-repository/blob/master/packages/riakc.2.0.0/opam)(log((1373036624.4678490162(Completed 357((status(Failed((Dep_error ocamlfind.1.3.3()))(Process(Exited 4)((r_cmd opam)(r_args(install --verbose --yes riakc.2.0.0))(r_env(OCAMLRUNPARAM=b HOME=/tmp/ocamlot/ocamlot.work.2013-07-05.7 PATH=/tmp/ocamlot/ocamlot.work.2013-07-05.7/opam-install/system/bin:/tmp/ocamlot/ocamlot.work.2013-07-05.7:/home/avsm/src/git/avsm/ocamlot/ocaml/4.01/bin:/home/avsm/.opam/system/bin:/home/avsm/bin:/bin:/sbin:/usr/bin:/usr/sbin:/usr/X11R6/bin:/usr/local/bin:/usr/local/sbin:/usr/games:. MANPATH=/tmp/ocamlot/ocamlot.work.2013-07-05.7/opam-install/system/man: OCAML_TOPLEVEL_PATH=/tmp/ocamlot/ocamlot.work.2013-07-05.7/opam-install/system/lib/toplevel OPAMROOT=/tmp/ocamlot/ocamlot.work.2013-07-05.7/opam-install CAML_LD_LIBRARY_PATH=/tmp/ocamlot/ocamlot.work.2013-07-05.7/opam-install/system/lib/stublibs:/home/avsm/src/git/avsm/ocamlot/ocaml/4.01/lib/ocaml/stublibs))(r_cwd /tmp/ocamlot/ocamlot.work.2013-07-05.7)(r_duration 46.43398594856262207)(r_stdout"The following actions will be performed:\n - install ocamlfind.1.3.3 [required by riakc]\n - install bitstring.2.0.3 [required by riakc]\n - install herelib.109.15.00 [required by riakc]\n - install ounit.1.1.2 [required by riakc]\n - install pipebang.109.28.00 [required by riakc]\n - install res.4.0.3 [required by riakc]\n - install type_conv.109.28.00 [required by riakc]\n - install bin_prot.109.30.00 [required by riakc]\n - install comparelib.109.27.00 [required by riakc]\n - install fieldslib.109.20.00 [required by riakc]\n - install pa_ounit.109.27.00 [required by riakc]\n - install sexplib.109.20.00 [required by riakc]\n - install variantslib.109.15.00 [required by riakc]\n - install core_kernel.109.30.00 [required by riakc]\n - install core.109.30.00 [required by riakc]\n - install async_core.109.30.00 [required by riakc]\n - install protobuf.0.0.2 [required by riakc]\n - install async_unix.109.30.00 [required by riakc]\n - install async_extra.109.28.00 [required by riakc]\n - install async.109.30.00 [required by riakc]\n - install riakc.2.0.0\n21 to install | 0 to reinstall | 0 to upgrade | 0 to downgrade | 0 to remove\n\n=-=-= Installing ocamlfind.1.3.3 =-=-=\nDownloading http://download.camlcity.org/download/findlib-1.3.3.tar.gz.\n  % Total    % Received % Xferd  Average Speed   Time    Time     Time  Current\n                                 Dload  Upload   Total   Spent    Left  Speed\n\r  0     0    0     0    0     0      0      0 --:--:-- --:--:-- --:--:--     0\r  4  225k    4  9376    0     0  55130      0  0:00:04 --:--:--  0:00:04  107k\r100  225k  100  225k    0     0   476k      0 --:--:-- --:--:-- --:--:--  579k\n200\nCopying ocamlfind.install.\nCreating /tmp/ocamlot/ocamlot.work.2013-07-05.7/opam-install/repo/ocamlot/archives/ocamlfind.1.3.3+opam.tar.gz.\nExtracting /tmp/ocamlot/ocamlot.work.2013-07-05.7/opam-install/archives/ocamlfind.1.3.3+opam.tar.gz.\nBuilding ocamlfind.1.3.3:\n  ./configure -bindir /tmp/ocamlot/ocamlot.work.2013-07-05.7/opam-install/system/bin -sitelib /tmp/ocamlot/ocamlot.work.2013-07-05.7/opam-install/system/lib -mandir /tmp/ocamlot/ocamlot.work.2013-07-05.7/opam-install/system/man -config /tmp/ocamlot/ocamlot.work.2013-07-05.7/opam-install/system/lib/findlib.conf -no-topfind\n  gmake all\n  gmake opt\n  gmake install\n  ocamlfind remove dbm\nWelcome to findlib version 1.3.3\nConfiguring core...\nChecking for #remove_directory...\nTesting threading model...\nsysthread_supported: true\nTesting DLLs...\nConfiguring libraries...\nnative dynlink: not found\nlabltk: found\nocamlbuild: found\ncamlp4: using camlp4, style 310\ncompiler-libs: found\nConfiguration for dbm written to site-lib-src/dbm/META\nConfiguration for dynlink written to site-lib-src/dynlink/META\nConfiguration for graphics written to site-lib-src/graphics/META\nConfiguration for num written to site-lib-src/num/META\nConfiguration for num-top written to site-lib-src/num-top/META\nConfiguration for str written to site-lib-src/str/META\nConfiguration for threads written to site-lib-src/threads/META\nConfiguration for unix written to site-lib-src/unix/META\nConfiguration for stdlib written to site-lib-src/stdlib/META\nConfiguration for bigarray written to site-lib-src/bigarray/META\nConfiguration for labltk written to site-lib-src/labltk/META\nConfiguration for camlp4 written to site-lib-src/camlp4/META\nConfiguration for ocamlbuild written to site-lib-src/ocamlbuild/META\nConfiguration for compiler-libs written to site-lib-src/compiler-libs/META\nDetecting compiler arguments: (extractor built) ok\n\nAbout the OCAML core installation:\n    Standard library:      /home/avsm/src/git/avsm/ocamlot/ocaml/4.01/lib/ocaml\n    Binaries:              /home/avsm/src/git/avsm/ocamlot/ocaml/4.01/bin\n    Manual pages:          /home/avsm/src/git/avsm/ocamlot/ocaml/4.01/man\n    Multi-threading type:  posix\nThe directory of site-specific packages will be\n    site-lib:              /tmp/ocamlot/ocamlot.work.2013-07-05.7/opam-install/system/lib\nThe configuration file is written to:\n    findlib config file:   /tmp/ocamlot/ocamlot.work.2013-07-05.7/opam-install/system/lib/findlib.conf\nSoftware will be installed:\n    Libraries:             in <site-lib>/findlib\n    Binaries:              /tmp/ocamlot/ocamlot.work.2013-07-05.7/opam-install/system/bin\n    Manual pages:          /tmp/ocamlot/ocamlot.work.2013-07-05.7/opam-install/system/man\n    topfind script:        omitted\nToolbox:                   no\n\nConfiguration has been written to Makefile.config\n\nYou can now do 'make all', and optionally 'make opt', to build ocamlfind.\nfor p in findlib; do ( cd src/$p; gmake all ); done\ngmake[1]: Entering directory `/tmp/ocamlot/ocamlot.work.2013-07-05.7/opam-install/system/build/ocamlfind.1.3.3/src/findlib'\nMakefile:142: depend: No such file or directory\nocamllex fl_meta.mll\nFatal error: unknown C primitive `caml_bswap16'\ngmake[1]: Leaving directory `/tmp/ocamlot/ocamlot.work.2013-07-05.7/opam-install/system/build/ocamlfind.1.3.3/src/findlib'\ngmake[1]: *** [fl_meta.ml] Error 2\ngmake: *** [all] Error 2\nUninstalling ocamlfind.1.3.3.\n\n")(r_stderr"The compilation of ocamlfind.1.3.3 failed.\nDue to some errors while processing ocamlfind.1.3.3, the following actions will NOT be proceeded:\n - install comparelib.109.27.00\n - install async_core.109.30.00\n - install async_extra.109.28.00\n - install core.109.30.00\n - install bin_prot.109.30.00\n - install core_kernel.109.30.00\n - install sexplib.109.20.00\n - install fieldslib.109.20.00\n - install bitstring.2.0.3\n - install pa_ounit.109.27.00\n - install type_conv.109.28.00\n - install res.4.0.3\n - install pipebang.109.28.00\n - install protobuf.0.0.2\n - install variantslib.109.15.00\n - install riakc.2.0.0\n - install async.109.30.00\n - install ounit.1.1.2\n - install async_unix.109.30.00\n - install herelib.109.15.00\n\n==== ERROR [while installing ocamlfind.1.3.3] ====\n# opam-version    1.0.1 (df84b0565f0709578c581c1dea82246688d2804f)\n# os              openbsd\n# command         gmake all\n# path            /tmp/ocamlot/ocamlot.work.2013-07-05.7/opam-install/system/build/ocamlfind.1.3.3\n# compiler        system (4.01.0)\n# exit-code       2\n# env-file        /tmp/ocamlot/ocamlot.work.2013-07-05.7/opam-install/system/build/ocamlfind.1.3.3/ocamlfind-28015-2c871f.env\n# stdout-file     /tmp/ocamlot/ocamlot.work.2013-07-05.7/opam-install/system/build/ocamlfind.1.3.3/ocamlfind-28015-2c871f.out\n# stderr-file     /tmp/ocamlot/ocamlot.work.2013-07-05.7/opam-install/system/build/ocamlfind.1.3.3/ocamlfind-28015-2c871f.err\n### stdout ###\nfor p in findlib; do ( cd src/$p; gmake all ); done\ngmake[1]: Entering directory `/tmp/ocamlot/ocamlot.work.2013-07-05.7/opam-install/system/build/ocamlfind.1.3.3/src/findlib'\nocamllex fl_meta.mll\ngmake[1]: Leaving directory `/tmp/ocamlot/ocamlot.work.2013-07-05.7/opam-install/system/build/ocamlfind.1.3.3/src/findlib'\n### stderr ###\nMakefile:142: depend: No such file or directory\nFatal error: unknown C primitive `caml_bswap16'\ngmake[1]: *** [fl_meta.ml] Error 2\ngmake: *** [all] Error 2\n\n'opam install --verbose --yes riakc.2.0.0' failed.\n")))))(duration 461.93032288551330566)(info"Compiler: 4.01.0+dev18-2013-06-13\nOPAM: df84b0565f0709578c581c1dea82246688d2804f\nOCAMLRUNPARAM = b\nHOME = /tmp/ocamlot/ocamlot.work.2013-07-05.7\nPATH = /tmp/ocamlot/ocamlot.work.2013-07-05.7/opam-install/system/bin:/tmp/ocamlot/ocamlot.work.2013-07-05.7:/home/avsm/src/git/avsm/ocamlot/ocaml/4.01/bin:/home/avsm/.opam/system/bin:/home/avsm/bin:/bin:/sbin:/usr/bin:/usr/sbin:/usr/X11R6/bin:/usr/local/bin:/usr/local/sbin:/usr/games:.\nMANPATH = /tmp/ocamlot/ocamlot.work.2013-07-05.7/opam-install/system/man:\nOCAML_TOPLEVEL_PATH = /tmp/ocamlot/ocamlot.work.2013-07-05.7/opam-install/system/lib/toplevel\nOPAMROOT = /tmp/ocamlot/ocamlot.work.2013-07-05.7/opam-install\nCAML_LD_LIBRARY_PATH = /tmp/ocamlot/ocamlot.work.2013-07-05.7/opam-install/system/lib/stublibs:/home/avsm/src/git/avsm/ocamlot/ocaml/4.01/lib/ocaml/stublibs\n"))))(1373036616.0362300873(Checked_in 357))(1373036592.0144219398(Checked_in 357))(1373036567.988517046(Checked_in 357))(1373036543.8751249313(Checked_in 357))(1373036519.8538560867(Checked_in 357))(1373036495.8196840286(Checked_in 357))(1373036471.7802019119(Checked_in 357))(1373036447.7194330692(Checked_in 357))(1373036423.6109499931(Checked_in 357))(1373036399.4468400478(Checked_in 357))(1373036375.3476979733(Checked_in 357))(1373036351.303814888(Checked_in 357))(1373036327.2513420582(Checked_in 357))(1373036303.1906139851(Checked_in 357))(1373036279.1695330143(Checked_in 357))(1373036255.0571050644(Checked_in 357))(1373036230.9743111134(Checked_in 357))(1373036206.9071381092(Checked_in 357))(1373036182.8041129112(Checked_in 357))(1373036158.707463026(Started 357))(1372937853.7994930744(Advertized((os OpenBSD)(arch Powerpc))))))(host((os OpenBSD)(arch Powerpc)))(job(Opam((diff(((repo((url"")(repo_url(URL git://github.com/OCamlPro/opam-repository.git))))(label OCamlPro/opam-repository:master)(reference(Ref master)))))(packages(riakc.2.0.0))(target((host((os OpenBSD)(arch Powerpc)))(compiler((c_version 4.01.0)(c_build"")))))(action Build)))))