((href https://github.com/OCamlPro/opam-repository/blob/master/packages/qtest.2.0.1/opam)(log((1373050087.7852230072(Completed 357((status(Failed((Dep_error ocamlfind.1.3.3()))(Process(Exited 4)((r_cmd opam)(r_args(install --verbose --yes qtest.2.0.1))(r_env(OCAMLRUNPARAM=b HOME=/tmp/ocamlot/ocamlot.work.2013-07-05.39 PATH=/tmp/ocamlot/ocamlot.work.2013-07-05.39/opam-install/system/bin:/tmp/ocamlot/ocamlot.work.2013-07-05.39:/home/avsm/src/git/avsm/ocamlot/ocaml/4.01/bin:/home/avsm/.opam/system/bin:/home/avsm/bin:/bin:/sbin:/usr/bin:/usr/sbin:/usr/X11R6/bin:/usr/local/bin:/usr/local/sbin:/usr/games:. MANPATH=/tmp/ocamlot/ocamlot.work.2013-07-05.39/opam-install/system/man: OCAML_TOPLEVEL_PATH=/tmp/ocamlot/ocamlot.work.2013-07-05.39/opam-install/system/lib/toplevel OPAMROOT=/tmp/ocamlot/ocamlot.work.2013-07-05.39/opam-install CAML_LD_LIBRARY_PATH=/tmp/ocamlot/ocamlot.work.2013-07-05.39/opam-install/system/lib/stublibs:/home/avsm/src/git/avsm/ocamlot/ocaml/4.01/lib/ocaml/stublibs))(r_cwd /tmp/ocamlot/ocamlot.work.2013-07-05.39)(r_duration 29.419067144393920898)(r_stdout"The following actions will be performed:\n - install ocamlfind.1.3.3 [required by qtest]\n - install ocamlify.0.0.1 [required by qtest]\n - install ounit.1.1.2 [required by qtest]\n - install type_conv.109.28.00 [required by qtest]\n - install fileutils.0.4.4 [required by qtest]\n - install ocaml-data-notation.0.0.10 [required by qtest]\n - install ocamlmod.0.0.4 [required by qtest]\n - install oasis.0.3.0 [required by qtest]\n - install qtest.2.0.1\n9 to install | 0 to reinstall | 0 to upgrade | 0 to downgrade | 0 to remove\n\n=-=-= Installing ocamlfind.1.3.3 =-=-=\nDownloading http://download.camlcity.org/download/findlib-1.3.3.tar.gz.\n  % Total    % Received % Xferd  Average Speed   Time    Time     Time  Current\n                                 Dload  Upload   Total   Spent    Left  Speed\n\r  0     0    0     0    0     0      0      0 --:--:-- --:--:-- --:--:--     0\r100  225k  100  225k    0     0   683k      0 --:--:-- --:--:-- --:--:--  903k\r100  225k  100  225k    0     0   682k      0 --:--:-- --:--:-- --:--:--  903k\n200\nCopying ocamlfind.install.\nCreating /tmp/ocamlot/ocamlot.work.2013-07-05.39/opam-install/repo/ocamlot/archives/ocamlfind.1.3.3+opam.tar.gz.\nExtracting /tmp/ocamlot/ocamlot.work.2013-07-05.39/opam-install/archives/ocamlfind.1.3.3+opam.tar.gz.\nBuilding ocamlfind.1.3.3:\n  ./configure -bindir /tmp/ocamlot/ocamlot.work.2013-07-05.39/opam-install/system/bin -sitelib /tmp/ocamlot/ocamlot.work.2013-07-05.39/opam-install/system/lib -mandir /tmp/ocamlot/ocamlot.work.2013-07-05.39/opam-install/system/man -config /tmp/ocamlot/ocamlot.work.2013-07-05.39/opam-install/system/lib/findlib.conf -no-topfind\n  gmake all\n  gmake opt\n  gmake install\n  ocamlfind remove dbm\nWelcome to findlib version 1.3.3\nConfiguring core...\nChecking for #remove_directory...\nTesting threading model...\nsysthread_supported: true\nTesting DLLs...\nConfiguring libraries...\nnative dynlink: not found\nlabltk: found\nocamlbuild: found\ncamlp4: using camlp4, style 310\ncompiler-libs: found\nConfiguration for dbm written to site-lib-src/dbm/META\nConfiguration for dynlink written to site-lib-src/dynlink/META\nConfiguration for graphics written to site-lib-src/graphics/META\nConfiguration for num written to site-lib-src/num/META\nConfiguration for num-top written to site-lib-src/num-top/META\nConfiguration for str written to site-lib-src/str/META\nConfiguration for threads written to site-lib-src/threads/META\nConfiguration for unix written to site-lib-src/unix/META\nConfiguration for stdlib written to site-lib-src/stdlib/META\nConfiguration for bigarray written to site-lib-src/bigarray/META\nConfiguration for labltk written to site-lib-src/labltk/META\nConfiguration for camlp4 written to site-lib-src/camlp4/META\nConfiguration for ocamlbuild written to site-lib-src/ocamlbuild/META\nConfiguration for compiler-libs written to site-lib-src/compiler-libs/META\nDetecting compiler arguments: (extractor built) ok\n\nAbout the OCAML core installation:\n    Standard library:      /home/avsm/src/git/avsm/ocamlot/ocaml/4.01/lib/ocaml\n    Binaries:              /home/avsm/src/git/avsm/ocamlot/ocaml/4.01/bin\n    Manual pages:          /home/avsm/src/git/avsm/ocamlot/ocaml/4.01/man\n    Multi-threading type:  posix\nThe directory of site-specific packages will be\n    site-lib:              /tmp/ocamlot/ocamlot.work.2013-07-05.39/opam-install/system/lib\nThe configuration file is written to:\n    findlib config file:   /tmp/ocamlot/ocamlot.work.2013-07-05.39/opam-install/system/lib/findlib.conf\nSoftware will be installed:\n    Libraries:             in <site-lib>/findlib\n    Binaries:              /tmp/ocamlot/ocamlot.work.2013-07-05.39/opam-install/system/bin\n    Manual pages:          /tmp/ocamlot/ocamlot.work.2013-07-05.39/opam-install/system/man\n    topfind script:        omitted\nToolbox:                   no\n\nConfiguration has been written to Makefile.config\n\nYou can now do 'make all', and optionally 'make opt', to build ocamlfind.\nfor p in findlib; do ( cd src/$p; gmake all ); done\ngmake[1]: Entering directory `/tmp/ocamlot/ocamlot.work.2013-07-05.39/opam-install/system/build/ocamlfind.1.3.3/src/findlib'\nMakefile:142: ocamllex fl_meta.mll\ndepend: No such file or directory\nFatal error: unknown C primitive `caml_bswap16'\ngmake[1]: Leaving directory `/tmp/ocamlot/ocamlot.work.2013-07-05.39/opam-install/system/build/ocamlfind.1.3.3/src/findlib'\ngmake[1]: *** [fl_meta.ml] Error 2\ngmake: *** [all] Error 2\nUninstalling ocamlfind.1.3.3.\n\n")(r_stderr"The compilation of ocamlfind.1.3.3 failed.\nDue to some errors while processing ocamlfind.1.3.3, the following actions will NOT be proceeded:\n - install qtest.2.0.1\n - install ocamlmod.0.0.4\n - install fileutils.0.4.4\n - install type_conv.109.28.00\n - install oasis.0.3.0\n - install ocamlify.0.0.1\n - install ocaml-data-notation.0.0.10\n - install ounit.1.1.2\n\n==== ERROR [while installing ocamlfind.1.3.3] ====\n# opam-version    1.0.1 (df84b0565f0709578c581c1dea82246688d2804f)\n# os              openbsd\n# command         gmake all\n# path            /tmp/ocamlot/ocamlot.work.2013-07-05.39/opam-install/system/build/ocamlfind.1.3.3\n# compiler        system (4.01.0)\n# exit-code       2\n# env-file        /tmp/ocamlot/ocamlot.work.2013-07-05.39/opam-install/system/build/ocamlfind.1.3.3/ocamlfind-19453-2c871f.env\n# stdout-file     /tmp/ocamlot/ocamlot.work.2013-07-05.39/opam-install/system/build/ocamlfind.1.3.3/ocamlfind-19453-2c871f.out\n# stderr-file     /tmp/ocamlot/ocamlot.work.2013-07-05.39/opam-install/system/build/ocamlfind.1.3.3/ocamlfind-19453-2c871f.err\n### stdout ###\nfor p in findlib; do ( cd src/$p; gmake all ); done\ngmake[1]: Entering directory `/tmp/ocamlot/ocamlot.work.2013-07-05.39/opam-install/system/build/ocamlfind.1.3.3/src/findlib'\nocamllex fl_meta.mll\ngmake[1]: Leaving directory `/tmp/ocamlot/ocamlot.work.2013-07-05.39/opam-install/system/build/ocamlfind.1.3.3/src/findlib'\n### stderr ###\nMakefile:142: depend: No such file or directory\nFatal error: unknown C primitive `caml_bswap16'\ngmake[1]: *** [fl_meta.ml] Error 2\ngmake: *** [all] Error 2\n\n'opam install --verbose --yes qtest.2.0.1' failed.\n")))))(duration 428.55458593368530273)(info"Compiler: 4.01.0+dev18-2013-06-13\nOPAM: df84b0565f0709578c581c1dea82246688d2804f\nOCAMLRUNPARAM = b\nHOME = /tmp/ocamlot/ocamlot.work.2013-07-05.39\nPATH = /tmp/ocamlot/ocamlot.work.2013-07-05.39/opam-install/system/bin:/tmp/ocamlot/ocamlot.work.2013-07-05.39:/home/avsm/src/git/avsm/ocamlot/ocaml/4.01/bin:/home/avsm/.opam/system/bin:/home/avsm/bin:/bin:/sbin:/usr/bin:/usr/sbin:/usr/X11R6/bin:/usr/local/bin:/usr/local/sbin:/usr/games:.\nMANPATH = /tmp/ocamlot/ocamlot.work.2013-07-05.39/opam-install/system/man:\nOCAML_TOPLEVEL_PATH = /tmp/ocamlot/ocamlot.work.2013-07-05.39/opam-install/system/lib/toplevel\nOPAMROOT = /tmp/ocamlot/ocamlot.work.2013-07-05.39/opam-install\nCAML_LD_LIBRARY_PATH = /tmp/ocamlot/ocamlot.work.2013-07-05.39/opam-install/system/lib/stublibs:/home/avsm/src/git/avsm/ocamlot/ocaml/4.01/lib/ocaml/stublibs\n"))))(1373050064.0292580128(Checked_in 357))(1373050039.9680309296(Checked_in 357))(1373050015.81605196(Checked_in 357))(1373049991.7977859974(Checked_in 357))(1373049967.7772591114(Checked_in 357))(1373049943.7560660839(Checked_in 357))(1373049919.7001988888(Checked_in 357))(1373049895.6015169621(Checked_in 357))(1373049871.5283019543(Checked_in 357))(1373049847.5068879128(Checked_in 357))(1373049823.4239668846(Checked_in 357))(1373049799.3605139256(Checked_in 357))(1373049775.3389010429(Checked_in 357))(1373049751.189191103(Checked_in 357))(1373049727.0352649689(Checked_in 357))(1373049702.9535059929(Checked_in 357))(1373049678.8410449028(Checked_in 357))(1373049654.6800169945(Started 357))(1372937853.8079519272(Advertized((os OpenBSD)(arch Powerpc))))))(host((os OpenBSD)(arch Powerpc)))(job(Opam((diff(((repo((url"")(repo_url(URL git://github.com/OCamlPro/opam-repository.git))))(label OCamlPro/opam-repository:master)(reference(Ref master)))))(packages(qtest.2.0.1))(target((host((os OpenBSD)(arch Powerpc)))(compiler((c_version 4.01.0)(c_build"")))))(action Build)))))