((href https://github.com/OCamlPro/opam-repository/blob/master/packages/github.0.6.1/opam)(log((1373058644.309180975(Completed 357((status(Failed((Dep_error cppo.0.9.3()))(Process(Exited 4)((r_cmd opam)(r_args(install --verbose --yes github.0.6.1))(r_env(OCAMLRUNPARAM=b HOME=/tmp/ocamlot/ocamlot.work.2013-07-05.59 PATH=/tmp/ocamlot/ocamlot.work.2013-07-05.59/opam-install/system/bin:/tmp/ocamlot/ocamlot.work.2013-07-05.59:/home/avsm/src/git/avsm/ocamlot/ocaml/4.01/bin:/home/avsm/.opam/system/bin:/home/avsm/bin:/bin:/sbin:/usr/bin:/usr/sbin:/usr/X11R6/bin:/usr/local/bin:/usr/local/sbin:/usr/games:. MANPATH=/tmp/ocamlot/ocamlot.work.2013-07-05.59/opam-install/system/man: OCAML_TOPLEVEL_PATH=/tmp/ocamlot/ocamlot.work.2013-07-05.59/opam-install/system/lib/toplevel OPAMROOT=/tmp/ocamlot/ocamlot.work.2013-07-05.59/opam-install CAML_LD_LIBRARY_PATH=/tmp/ocamlot/ocamlot.work.2013-07-05.59/opam-install/system/lib/stublibs:/home/avsm/src/git/avsm/ocamlot/ocaml/4.01/lib/ocaml/stublibs))(r_cwd /tmp/ocamlot/ocamlot.work.2013-07-05.59)(r_duration 52.089622974395751953)(r_stdout"The following actions will be performed:\n - install ocamlfind.1.3.3 [required by github]\n - install cppo.0.9.3 [required by github]\n - install camomile.0.8.3 [required by github]\n - install cmdliner.0.9.2 [required by github]\n - install cstruct.0.5.3 [required by github]\n - install easy-format.1.0.1 [required by github]\n - install menhir.20120123 [required by github]\n - install ounit.1.1.2 [required by github]\n - install re.1.2.1 [required by github]\n - install react.0.9.4 [required by github]\n - install ssl.0.4.6 [required by github]\n - install biniou.1.0.6 [required by github]\n - install atd.1.0.3 [required by github]\n - install uri.1.3.8 [required by github]\n - install zed.1.2 [required by github]\n - install lwt.2.4.3 [required by github]\n - install yojson.1.1.6 [required by github]\n - install cohttp.0.9.10 [required by github]\n - install lambda-term.1.4 [required by github]\n - install atdgen.1.2.4 [required by github]\n - install github.0.6.1\n21 to install | 0 to reinstall | 0 to upgrade | 0 to downgrade | 0 to remove\n\n=-=-= Installing cppo.0.9.3 =-=-=\nDownloading http://mjambon.com/releases/cppo/cppo-0.9.3.tar.gz.\n  % Total    % Received % Xferd  Average Speed   Time    Time     Time  Current\n                                 Dload  Upload   Total   Spent    Left  Speed\n\r  0     0    0     0    0     0      0      0 --:--:-- --:--:-- --:--:--     0\r 27 20393   27  5653    0     0  13134      0  0:00:01 --:--:--  0:00:01 28841\r100 20393  100 20393    0     0  38749      0 --:--:-- --:--:-- --:--:-- 69839\n200\nCopying cppo.install.\nCreating /tmp/ocamlot/ocamlot.work.2013-07-05.59/opam-install/repo/ocamlot/archives/cppo.0.9.3+opam.tar.gz.\nExtracting /tmp/ocamlot/ocamlot.work.2013-07-05.59/opam-install/archives/cppo.0.9.3+opam.tar.gz.\nBuilding cppo.0.9.3:\n  gmake\necho 'let cppo_version = \"0.9.3\"' > cppo_version.ml\nocamlyacc cppo_parser.mly\nocamllex cppo_lexer.mll\nFatal error: unknown C primitive `caml_bswap16'\ngmake: *** [cppo_lexer.ml] Error 2\nUninstalling cppo.0.9.3.\n\n=-=-= Installing ocamlfind.1.3.3 =-=-=\nDownloading http://download.camlcity.org/download/findlib-1.3.3.tar.gz.\n  % Total    % Received % Xferd  Average Speed   Time    Time     Time  Current\n                                 Dload  Upload   Total   Spent    Left  Speed\n\r  0     0    0     0    0     0      0      0 --:--:-- --:--:-- --:--:--     0\r  4  225k    4  9376    0     0  81792      0  0:00:02 --:--:--  0:00:02  100k\r100  225k  100  225k    0     0   668k      0 --:--:-- --:--:-- --:--:--  719k\n200\nCopying ocamlfind.install.\nCreating /tmp/ocamlot/ocamlot.work.2013-07-05.59/opam-install/repo/ocamlot/archives/ocamlfind.1.3.3+opam.tar.gz.\nExtracting /tmp/ocamlot/ocamlot.work.2013-07-05.59/opam-install/archives/ocamlfind.1.3.3+opam.tar.gz.\nBuilding ocamlfind.1.3.3:\n  ./configure -bindir /tmp/ocamlot/ocamlot.work.2013-07-05.59/opam-install/system/bin -sitelib /tmp/ocamlot/ocamlot.work.2013-07-05.59/opam-install/system/lib -mandir /tmp/ocamlot/ocamlot.work.2013-07-05.59/opam-install/system/man -config /tmp/ocamlot/ocamlot.work.2013-07-05.59/opam-install/system/lib/findlib.conf -no-topfind\n  gmake all\n  gmake opt\n  gmake install\n  ocamlfind remove dbm\nWelcome to findlib version 1.3.3\nConfiguring core...\nChecking for #remove_directory...\nTesting threading model...\nsysthread_supported: true\nTesting DLLs...\nConfiguring libraries...\nnative dynlink: not found\nlabltk: found\nocamlbuild: found\ncamlp4: using camlp4, style 310\ncompiler-libs: found\nConfiguration for dbm written to site-lib-src/dbm/META\nConfiguration for dynlink written to site-lib-src/dynlink/META\nConfiguration for graphics written to site-lib-src/graphics/META\nConfiguration for num written to site-lib-src/num/META\nConfiguration for num-top written to site-lib-src/num-top/META\nConfiguration for str written to site-lib-src/str/META\nConfiguration for threads written to site-lib-src/threads/META\nConfiguration for unix written to site-lib-src/unix/META\nConfiguration for stdlib written to site-lib-src/stdlib/META\nConfiguration for bigarray written to site-lib-src/bigarray/META\nConfiguration for labltk written to site-lib-src/labltk/META\nConfiguration for camlp4 written to site-lib-src/camlp4/META\nConfiguration for ocamlbuild written to site-lib-src/ocamlbuild/META\nConfiguration for compiler-libs written to site-lib-src/compiler-libs/META\nDetecting compiler arguments: (extractor built) ok\n\nAbout the OCAML core installation:\n    Standard library:      /home/avsm/src/git/avsm/ocamlot/ocaml/4.01/lib/ocaml\n    Binaries:              /home/avsm/src/git/avsm/ocamlot/ocaml/4.01/bin\n    Manual pages:          /home/avsm/src/git/avsm/ocamlot/ocaml/4.01/man\n    Multi-threading type:  posix\nThe directory of site-specific packages will be\n    site-lib:              /tmp/ocamlot/ocamlot.work.2013-07-05.59/opam-install/system/lib\nThe configuration file is written to:\n    findlib config file:   /tmp/ocamlot/ocamlot.work.2013-07-05.59/opam-install/system/lib/findlib.conf\nSoftware will be installed:\n    Libraries:             in <site-lib>/findlib\n    Binaries:              /tmp/ocamlot/ocamlot.work.2013-07-05.59/opam-install/system/bin\n    Manual pages:          /tmp/ocamlot/ocamlot.work.2013-07-05.59/opam-install/system/man\n    topfind script:        omitted\nToolbox:                   no\n\nConfiguration has been written to Makefile.config\n\nYou can now do 'make all', and optionally 'make opt', to build ocamlfind.\nfor p in findlib; do ( cd src/$p; gmake all ); done\ngmake[1]: Entering directory `/tmp/ocamlot/ocamlot.work.2013-07-05.59/opam-install/system/build/ocamlfind.1.3.3/src/findlib'\nMakefile:142: depend: No such file or directory\nocamllex fl_meta.mll\nFatal error: unknown C primitive `caml_bswap16'\ngmake[1]: *** [fl_meta.ml] Error 2\ngmake[1]: Leaving directory `/tmp/ocamlot/ocamlot.work.2013-07-05.59/opam-install/system/build/ocamlfind.1.3.3/src/findlib'\ngmake: *** [all] Error 2\nUninstalling ocamlfind.1.3.3.\n\n")(r_stderr"The compilation of cppo.0.9.3 failed.\nThe compilation of ocamlfind.1.3.3 failed.\nDue to some errors while processing { cppo.0.9.3, ocamlfind.1.3.3 }, the following actions will NOT be proceeded:\n - install cmdliner.0.9.2\n - install atd.1.0.3\n - install cohttp.0.9.10\n - install lambda-term.1.4\n - install atdgen.1.2.4\n - install menhir.20120123\n - install easy-format.1.0.1\n - install re.1.2.1\n - install yojson.1.1.6\n - install cstruct.0.5.3\n - install zed.1.2\n - install github.0.6.1\n - install ssl.0.4.6\n - install react.0.9.4\n - install ounit.1.1.2\n - install biniou.1.0.6\n - install uri.1.3.8\n - install camomile.0.8.3\n - install lwt.2.4.3\n\n==== ERROR [while installing cppo.0.9.3] ====\n# opam-version    1.0.1 (df84b0565f0709578c581c1dea82246688d2804f)\n# os              openbsd\n# command         gmake\n# path            /tmp/ocamlot/ocamlot.work.2013-07-05.59/opam-install/system/build/cppo.0.9.3\n# compiler        system (4.01.0)\n# exit-code       2\n# env-file        /tmp/ocamlot/ocamlot.work.2013-07-05.59/opam-install/system/build/cppo.0.9.3/cppo-5766-60459a.env\n# stdout-file     /tmp/ocamlot/ocamlot.work.2013-07-05.59/opam-install/system/build/cppo.0.9.3/cppo-5766-60459a.out\n# stderr-file     /tmp/ocamlot/ocamlot.work.2013-07-05.59/opam-install/system/build/cppo.0.9.3/cppo-5766-60459a.err\n### stdout ###\necho 'let cppo_version = \"0.9.3\"' > cppo_version.ml\nocamlyacc cppo_parser.mly\nocamllex cppo_lexer.mll\n### stderr ###\nFatal error: unknown C primitive `caml_bswap16'\ngmake: *** [cppo_lexer.ml] Error 2\n\n\n==== ERROR [while installing ocamlfind.1.3.3] ====\n# opam-version    1.0.1 (df84b0565f0709578c581c1dea82246688d2804f)\n# os              openbsd\n# command         gmake all\n# path            /tmp/ocamlot/ocamlot.work.2013-07-05.59/opam-install/system/build/ocamlfind.1.3.3\n# compiler        system (4.01.0)\n# exit-code       2\n# env-file        /tmp/ocamlot/ocamlot.work.2013-07-05.59/opam-install/system/build/ocamlfind.1.3.3/ocamlfind-21362-ad6566.env\n# stdout-file     /tmp/ocamlot/ocamlot.work.2013-07-05.59/opam-install/system/build/ocamlfind.1.3.3/ocamlfind-21362-ad6566.out\n# stderr-file     /tmp/ocamlot/ocamlot.work.2013-07-05.59/opam-install/system/build/ocamlfind.1.3.3/ocamlfind-21362-ad6566.err\n### stdout ###\nfor p in findlib; do ( cd src/$p; gmake all ); done\ngmake[1]: Entering directory `/tmp/ocamlot/ocamlot.work.2013-07-05.59/opam-install/system/build/ocamlfind.1.3.3/src/findlib'\nocamllex fl_meta.mll\ngmake[1]: Leaving directory `/tmp/ocamlot/ocamlot.work.2013-07-05.59/opam-install/system/build/ocamlfind.1.3.3/src/findlib'\n### stderr ###\nMakefile:142: depend: No such file or directory\nFatal error: unknown C primitive `caml_bswap16'\ngmake[1]: *** [fl_meta.ml] Error 2\ngmake: *** [all] Error 2\n\n'opam install --verbose --yes github.0.6.1' failed.\n")))))(duration 441.42882108688354492)(info"Compiler: 4.01.0+dev18-2013-06-13\nOPAM: df84b0565f0709578c581c1dea82246688d2804f\nOCAMLRUNPARAM = b\nHOME = /tmp/ocamlot/ocamlot.work.2013-07-05.59\nPATH = /tmp/ocamlot/ocamlot.work.2013-07-05.59/opam-install/system/bin:/tmp/ocamlot/ocamlot.work.2013-07-05.59:/home/avsm/src/git/avsm/ocamlot/ocaml/4.01/bin:/home/avsm/.opam/system/bin:/home/avsm/bin:/bin:/sbin:/usr/bin:/usr/sbin:/usr/X11R6/bin:/usr/local/bin:/usr/local/sbin:/usr/games:.\nMANPATH = /tmp/ocamlot/ocamlot.work.2013-07-05.59/opam-install/system/man:\nOCAML_TOPLEVEL_PATH = /tmp/ocamlot/ocamlot.work.2013-07-05.59/opam-install/system/lib/toplevel\nOPAMROOT = /tmp/ocamlot/ocamlot.work.2013-07-05.59/opam-install\nCAML_LD_LIBRARY_PATH = /tmp/ocamlot/ocamlot.work.2013-07-05.59/opam-install/system/lib/stublibs:/home/avsm/src/git/avsm/ocamlot/ocaml/4.01/lib/ocaml/stublibs\n"))))(1373058631.951941967(Checked_in 357))(1373058607.9282801151(Checked_in 357))(1373058583.9146540165(Checked_in 357))(1373058559.7886838913(Checked_in 357))(1373058535.773252964(Checked_in 357))(1373058511.7505381107(Checked_in 357))(1373058487.7279829979(Checked_in 357))(1373058463.6752099991(Checked_in 357))(1373058439.4190979004(Checked_in 357))(1373058415.3332810402(Checked_in 357))(1373058391.2505099773(Checked_in 357))(1373058367.1821160316(Checked_in 357))(1373058343.1032691002(Checked_in 357))(1373058319.0748720169(Checked_in 357))(1373058294.9897520542(Checked_in 357))(1373058270.8786270618(Checked_in 357))(1373058246.8299100399(Checked_in 357))(1373058222.7078430653(Checked_in 357))(1373058198.6235179901(Started 357))(1372937853.814702034(Advertized((os OpenBSD)(arch Powerpc))))))(host((os OpenBSD)(arch Powerpc)))(job(Opam((diff(((repo((url"")(repo_url(URL git://github.com/OCamlPro/opam-repository.git))))(label OCamlPro/opam-repository:master)(reference(Ref master)))))(packages(github.0.6.1))(target((host((os OpenBSD)(arch Powerpc)))(compiler((c_version 4.01.0)(c_build"")))))(action Build)))))