((href https://github.com/OCamlPro/opam-repository/blob/master/packages/genet.0.4/opam)(log((1377761939.7713530064(Completed 62((status(Failed((Dep_error conf-gtksourceview.2((Header_dep_ext mysql/mysql))))(Process(Exited 4)((r_cmd opam)(r_args(install --verbose --yes genet.0.4))(r_env(OCAMLRUNPARAM=b HOME=/tmp/ocamlot/ocamlot.work.2013-08-29.101 PATH=/tmp/ocamlot/ocamlot.work.2013-08-29.101/opam-install/system/bin:/tmp/ocamlot/ocamlot.work.2013-08-29.101:/root/worker/ocaml/4.01/bin:/root/.opam/4.01.0dev+trunk/bin:/sbin:/bin:/usr/sbin:/usr/bin:/usr/games:/usr/local/sbin:/usr/local/bin:/root/bin MANPATH=/tmp/ocamlot/ocamlot.work.2013-08-29.101/opam-install/system/man: OCAML_TOPLEVEL_PATH=/tmp/ocamlot/ocamlot.work.2013-08-29.101/opam-install/system/lib/toplevel PERL5LIB=/tmp/ocamlot/ocamlot.work.2013-08-29.101/opam-install/system/lib/perl5 OPAMROOT=/tmp/ocamlot/ocamlot.work.2013-08-29.101/opam-install CAML_LD_LIBRARY_PATH=/tmp/ocamlot/ocamlot.work.2013-08-29.101/opam-install/system/lib/stublibs:/root/worker/ocaml/4.01/lib/ocaml/stublibs))(r_cwd /tmp/ocamlot/ocamlot.work.2013-08-29.101)(r_duration 136.06884002685546875)(r_stdout"The following actions will be performed:\n - install ocamlfind.1.4.0 [required by genet]\n - install conf-libpcre.1 [required by genet]\n - install conf-gtksourceview.2 [required by genet]\n - install config-file.1.1 [required by genet]\n - install cryptokit.1.7 [required by genet]\n - install menhir.20130116 [required by genet]\n - install ocaml-mysql.1.1.1 [required by genet]\n - install ulex.1.1 [required by genet]\n - install uuidm.0.9.5 [required by genet]\n - install xmlm.1.1.1 [required by genet]\n - install pcre-ocaml.7.0.2 [required by genet]\n - install lablgtk.2.16.0 [required by genet]\n - install xtmpl.0.6 [required by genet]\n - install lablgtk-extras.1.3 [required by genet]\n - install ocamldot.1.0 [required by genet]\n - install ocamlnet.3.6.5 [required by genet]\n - install ocaml-rdf.0.6.0 [required by genet]\n - install genet.0.4\n18 to install | 0 to reinstall | 0 to upgrade | 0 to downgrade | 0 to remove\n\n=-=-= Installing conf-gtksourceview.2 =-=-=\nBuilding conf-gtksourceview.2:\n  pkg-config gtksourceview-2.0\nRemoving conf-gtksourceview.2.\n\n=-=-= Installing conf-libpcre.1 =-=-=\nBuilding conf-libpcre.1:\n  pkg-config libpcre\nInstalling conf-libpcre.1.\n\n=-=-= Installing ocamlfind.1.4.0 =-=-=\nocamlfind.1.4.0 Downloading http://download.camlcity.org/download/findlib-1.4.tar.gz\n  % Total    % Received % Xferd  Average Speed   Time    Time     Time  Current\n                                 Dload  Upload   Total   Spent    Left  Speed\n\r  0     0    0     0    0     0      0      0 --:--:-- --:--:-- --:--:--     0\r 11  226k   11 27208    0     0  38585      0  0:00:06 --:--:--  0:00:06 47400\r100  226k  100  226k    0     0   158k      0  0:00:01  0:00:01 --:--:--  174k\n200\nCopying /tmp/ocamlot/ocamlot.work.2013-08-29.101/opam-install/packages/ocamlfind/ocamlfind.1.4.0/files/ocamlfind.install to /tmp/ocamlot/ocamlot.work.2013-08-29.101/opam-install/system/build/ocamlfind.1.4.0/\nBuilding ocamlfind.1.4.0:\n  ./configure -bindir /tmp/ocamlot/ocamlot.work.2013-08-29.101/opam-install/system/bin -sitelib /tmp/ocamlot/ocamlot.work.2013-08-29.101/opam-install/system/lib -mandir /tmp/ocamlot/ocamlot.work.2013-08-29.101/opam-install/system/man -config /tmp/ocamlot/ocamlot.work.2013-08-29.101/opam-install/system/lib/findlib.conf -no-topfind\n  gmake all\n  gmake opt\n  gmake install\nWelcome to findlib version 1.4\nConfiguring core...\nChecking for #remove_directory...\nTesting threading model...\nsysthread_supported: true\nTesting DLLs...\nConfiguring libraries...\nnative dynlink: found\nlabltk: found\nocamlbuild: found\ncamlp4: using camlp4, style 310\ncompiler-libs: found\ndbm: not present (normal since OCaml-4.00)\nConfiguration for dynlink written to site-lib-src/dynlink/META\nConfiguration for graphics written to site-lib-src/graphics/META\nConfiguration for num written to site-lib-src/num/META\nConfiguration for num-top written to site-lib-src/num-top/META\nConfiguration for str written to site-lib-src/str/META\nConfiguration for threads written to site-lib-src/threads/META\nConfiguration for unix written to site-lib-src/unix/META\nConfiguration for stdlib written to site-lib-src/stdlib/META\nConfiguration for bigarray written to site-lib-src/bigarray/META\nConfiguration for labltk written to site-lib-src/labltk/META\nConfiguration for camlp4 written to site-lib-src/camlp4/META\nConfiguration for ocamlbuild written to site-lib-src/ocamlbuild/META\nConfiguration for compiler-libs written to site-lib-src/compiler-libs/META\nDetecting compiler arguments: (extractor built) ok\n\nAbout the OCAML core installation:\n    Standard library:      /root/worker/ocaml/4.01/lib/ocaml\n    Binaries:              /root/worker/ocaml/4.01/bin\n    Manual pages:          /root/worker/ocaml/4.01/man\n    Multi-threading type:  posix\nThe directory of site-specific packages will be\n    site-lib:              /tmp/ocamlot/ocamlot.work.2013-08-29.101/opam-install/system/lib\nThe configuration file is written to:\n    findlib config file:   /tmp/ocamlot/ocamlot.work.2013-08-29.101/opam-install/system/lib/findlib.conf\nSoftware will be installed:\n    Libraries:             in <site-lib>/findlib\n    Binaries:              /tmp/ocamlot/ocamlot.work.2013-08-29.101/opam-install/system/bin\n    Manual pages:          /tmp/ocamlot/ocamlot.work.2013-08-29.101/opam-install/system/man\n    topfind script:        omitted\nToolbox:                   no\nLink custom runtime:       yes\n\nConfiguration has been written to Makefile.config\n\nYou can now do 'make all', and optionally 'make opt', to build ocamlfind.\nfor p in findlib; do ( cd src/$p; gmake all ); done\ngmake[1]: Entering directory `/tmp/ocamlot/ocamlot.work.2013-08-29.101/opam-install/system/build/ocamlfind.1.4.0/src/findlib'\nMakefile:147: ocamllex fl_meta.mll\ndepend: No such file or directory\n22 states, 392 transitions, table size 1700 bytes\nocamldep *.ml *.mli >depend\ngmake[1]: Leaving directory `/tmp/ocamlot/ocamlot.work.2013-08-29.101/opam-install/system/build/ocamlfind.1.4.0/src/findlib'\ngmake[1]: Entering directory `/tmp/ocamlot/ocamlot.work.2013-08-29.101/opam-install/system/build/ocamlfind.1.4.0/src/findlib'\nUSE_CYGPATH=\"0\"; \\\nexport USE_CYGPATH; \\\ncat findlib_config.mlp | \\\n\t../../tools/patch '@CONFIGFILE@' '/tmp/ocamlot/ocamlot.work.2013-08-29.101/opam-install/system/lib/findlib.conf' | \\\n\t../../tools/patch '@STDLIB@' '/root/worker/ocaml/4.01/lib/ocaml' | \\\n\tsed -e 's;@AUTOLINK@;true;g' \\\n\t    -e 's;@SYSTEM@;freebsd;g' \\\n\t     >findlib_config.ml\nocamlc -I +compiler-libs -g -c findlib_config.ml\nocamlc -I +compiler-libs -g -c fl_split.ml\nocamlc -I +compiler-libs -g -c fl_metatoken.ml\nocamlc -I +compiler-libs -g -c fl_meta.ml\nocamlc -I +compiler-libs -c fl_metascanner.mli\nocamlc -I +compiler-libs -g -c fl_metascanner.ml\nocamlc -I +compiler-libs -c fl_topo.mli\nocamlc -I +compiler-libs -g -c fl_topo.ml\nFile \"fl_topo.ml\", line 283, characters 10-22:\nWarning 26: unused variable in_direction.\nFile \"fl_topo.ml\", line 219, characters 36-37:\nWarning 3: deprecated feature: operator (&); you should use (&&) instead\nocamlc -I +compiler-libs -c fl_package_base.mli\nocamlc -I +compiler-libs -g -c fl_package_base.ml\nocamlc -I +compiler-libs -c findlib.mli\nocamlc -I +compiler-libs -g -c findlib.ml\nocamlc -I +compiler-libs -g -c fl_args.ml\nocamlc -I +compiler-libs -a -o findlib.cma findlib_config.cmo fl_split.cmo fl_metatoken.cmo fl_meta.cmo fl_metascanner.cmo fl_topo.cmo fl_package_base.cmo findlib.cmo fl_args.cmo\nocamlc -I +compiler-libs -g -c ocaml_args.ml\nocamlc -I +compiler-libs -g -c frontend.ml\nocamlc -I +compiler-libs -custom -o ocamlfind -g findlib.cma unix.cma \\\n           ocaml_args.cmo frontend.cmo\nocamlc -I +compiler-libs -c topfind.mli\nocamlc -I +compiler-libs -g -c topfind.ml\nFile \"topfind.ml\", line 54, characters 10-19:\nWarning 26: unused variable stdlibdir.\nFile \"topfind.ml\", line 97, characters 11-12:\nWarning 26: unused variable d.\nocamlc -I +compiler-libs -a -o findlib_top.cma topfind.cmo\nUSE_CYGPATH=\"0\"; \\\nexport USE_CYGPATH; \\\ncat topfind_rd1.p | \\\n\t../../tools/patch '@SITELIB@' '/tmp/ocamlot/ocamlot.work.2013-08-29.101/opam-install/system/lib' \\\n    \t    >topfind\nocamlc -I +compiler-libs -c num_top_printers.mli\nocamlc -I +compiler-libs -g -c num_top_printers.ml\nocamlc -I +compiler-libs -c num_top.mli\nocamlc -I +compiler-libs -g -c num_top.ml\nocamlc -I +compiler-libs -a -o num_top.cma num_top_printers.cmo num_top.cmo\ngmake[1]: Leaving directory `/tmp/ocamlot/ocamlot.work.2013-08-29.101/opam-install/system/build/ocamlfind.1.4.0/src/findlib'\ngmake all-config\ngmake[1]: Entering directory `/tmp/ocamlot/ocamlot.work.2013-08-29.101/opam-install/system/build/ocamlfind.1.4.0'\nUSE_CYGPATH=\"0\"; \\\nexport USE_CYGPATH; \\\ncat findlib.conf.in | \\\n\ttools/patch '@SITELIB@' '/tmp/ocamlot/ocamlot.work.2013-08-29.101/opam-install/system/lib' >findlib.conf\nif ocamlc.opt >/dev/null 2>&1; then \\\n\techo 'ocamlc=\"ocamlc.opt\"' >>findlib.conf; \\\nfi\nif ocamlopt.opt >/dev/null 2>&1; then \\\n\techo 'ocamlopt=\"ocamlopt.opt\"' >>findlib.conf; \\\nfi\nif ocamldep.opt >/dev/null 2>&1; then \\\n\techo 'ocamldep=\"ocamldep.opt\"' >>findlib.conf; \\\nfi\nif ocamldoc.opt >/dev/null 2>&1; then \\\n\techo 'ocamldoc=\"ocamldoc.opt\"' >>findlib.conf; \\\nfi\ngmake[1]: Leaving directory `/tmp/ocamlot/ocamlot.work.2013-08-29.101/opam-install/system/build/ocamlfind.1.4.0'\nfor p in findlib; do ( cd src/$p; gmake opt ); done\ngmake[1]: Entering directory `/tmp/ocamlot/ocamlot.work.2013-08-29.101/opam-install/system/build/ocamlfind.1.4.0/src/findlib'\nocamldep *.ml *.mli >depend\ngmake[1]: Leaving directory `/tmp/ocamlot/ocamlot.work.2013-08-29.101/opam-install/system/build/ocamlfind.1.4.0/src/findlib'\ngmake[1]: Entering directory `/tmp/ocamlot/ocamlot.work.2013-08-29.101/opam-install/system/build/ocamlfind.1.4.0/src/findlib'\nocamlopt -I +compiler-libs -c findlib_config.ml\nocamlopt -I +compiler-libs -c fl_split.ml\nocamlopt -I +compiler-libs -c fl_metatoken.ml\nocamlopt -I +compiler-libs -c fl_meta.ml\nocamlopt -I +compiler-libs -c fl_metascanner.ml\nocamlopt -I +compiler-libs -c fl_topo.ml\nFile \"fl_topo.ml\", line 283, characters 10-22:\nWarning 26: unused variable in_direction.\nFile \"fl_topo.ml\", line 219, characters 36-37:\nWarning 3: deprecated feature: operator (&); you should use (&&) instead\nocamlopt -I +compiler-libs -c fl_package_base.ml\nocamlopt -I +compiler-libs -c findlib.ml\nocamlopt -I +compiler-libs -c fl_args.ml\nocamlopt -I +compiler-libs -a -o findlib.cmxa findlib_config.cmx fl_split.cmx fl_metatoken.cmx fl_meta.cmx fl_metascanner.cmx fl_topo.cmx fl_package_base.cmx findlib.cmx fl_args.cmx\nocamlopt -I +compiler-libs -c ocaml_args.ml\nocamlopt -I +compiler-libs -c frontend.ml\nocamlopt -I +compiler-libs -o ocamlfind_opt findlib.cmxa unix.cmxa \\\n\t   ocaml_args.cmx frontend.cmx\ngmake[1]: Leaving directory `/tmp/ocamlot/ocamlot.work.2013-08-29.101/opam-install/system/build/ocamlfind.1.4.0/src/findlib'\nmkdir -p \"/tmp/ocamlot/ocamlot.work.2013-08-29.101/opam-install/system/bin\"\nmkdir -p \"/tmp/ocamlot/ocamlot.work.2013-08-29.101/opam-install/system/man\"\nfor p in findlib; do ( cd src/$p; gmake install ); done\ngmake[1]: Entering directory `/tmp/ocamlot/ocamlot.work.2013-08-29.101/opam-install/system/build/ocamlfind.1.4.0/src/findlib'\nmkdir -p \"/tmp/ocamlot/ocamlot.work.2013-08-29.101/opam-install/system/lib/findlib\"\nmkdir -p \"/tmp/ocamlot/ocamlot.work.2013-08-29.101/opam-install/system/bin\"\ntest 0 -eq 0 || cp topfind \"/root/worker/ocaml/4.01/lib/ocaml\"\nfiles=`../../tools/collect_files ../../Makefile.config findlib.cmi findlib.mli findlib.cma topfind.cmi topfind.mli fl_package_base.mli fl_package_base.cmi fl_metascanner.mli fl_metascanner.cmi fl_metatoken.cmi findlib_top.cma findlib.cmxa findlib.a META` && \\\ncp $files \"/tmp/ocamlot/ocamlot.work.2013-08-29.101/opam-install/system/lib/findlib\"\nf=\"ocamlfind\"; { test -f ocamlfind_opt && f=\"ocamlfind_opt\"; }; \\\ncp $f \"/tmp/ocamlot/ocamlot.work.2013-08-29.101/opam-install/system/bin/ocamlfind\"\n# the following \"if\" block is only needed for 4.00beta2\nif [ 1 -eq 0 -a -f \"/root/worker/ocaml/4.01/lib/ocaml/compiler-libs/topdirs.cmi\" ]; then \\\n    cd \"/root/worker/ocaml/4.01/lib/ocaml/compiler-libs/\"; \\\n    cp topdirs.cmi toploop.cmi \"/tmp/ocamlot/ocamlot.work.2013-08-29.101/opam-install/system/lib/findlib/\"; \\\nfi\ngmake[1]: Leaving directory `/tmp/ocamlot/ocamlot.work.2013-08-29.101/opam-install/system/build/ocamlfind.1.4.0/src/findlib'\ngmake install-meta\ngmake[1]: Entering directory `/tmp/ocamlot/ocamlot.work.2013-08-29.101/opam-install/system/build/ocamlfind.1.4.0'\nfor x in `ls site-lib-src`; do if [ \"$x\" != \"CVS\" -a -f \"site-lib-src/$x/META\" ]; then mkdir -p \"/tmp/ocamlot/ocamlot.work.2013-08-29.101/opam-install/system/lib/$x\"; cp site-lib-src/$x/META \"/tmp/ocamlot/ocamlot.work.2013-08-29.101/opam-install/system/lib/$x\"; fi; done\ngmake[1]: Leaving directory `/tmp/ocamlot/ocamlot.work.2013-08-29.101/opam-install/system/build/ocamlfind.1.4.0'\ncd src/findlib; gmake install-num-top\ngmake[1]: Entering directory `/tmp/ocamlot/ocamlot.work.2013-08-29.101/opam-install/system/build/ocamlfind.1.4.0/src/findlib'\nmkdir -p \"/tmp/ocamlot/ocamlot.work.2013-08-29.101/opam-install/system/lib/num-top\"\ncp num_top.cma num_top.cmi num_top_printers.cmi \\\n\t\"/tmp/ocamlot/ocamlot.work.2013-08-29.101/opam-install/system/lib/num-top\"\ngmake[1]: Leaving directory `/tmp/ocamlot/ocamlot.work.2013-08-29.101/opam-install/system/build/ocamlfind.1.4.0/src/findlib'\ngmake install-config\ngmake[1]: Entering directory `/tmp/ocamlot/ocamlot.work.2013-08-29.101/opam-install/system/build/ocamlfind.1.4.0'\nmkdir -p \"`dirname \\\"/tmp/ocamlot/ocamlot.work.2013-08-29.101/opam-install/system/lib/findlib.conf\\\"`\"\ntest -f \"/tmp/ocamlot/ocamlot.work.2013-08-29.101/opam-install/system/lib/findlib.conf\" || cp findlib.conf \"/tmp/ocamlot/ocamlot.work.2013-08-29.101/opam-install/system/lib/findlib.conf\"\ngmake[1]: Leaving directory `/tmp/ocamlot/ocamlot.work.2013-08-29.101/opam-install/system/build/ocamlfind.1.4.0'\ncp tools/safe_camlp4 \"/tmp/ocamlot/ocamlot.work.2013-08-29.101/opam-install/system/bin\"\ngmake install-doc\ngmake[1]: Entering directory `/tmp/ocamlot/ocamlot.work.2013-08-29.101/opam-install/system/build/ocamlfind.1.4.0'\nmkdir -p /tmp/ocamlot/ocamlot.work.2013-08-29.101/opam-install/system/man/man1 /tmp/ocamlot/ocamlot.work.2013-08-29.101/opam-install/system/man/man3 /tmp/ocamlot/ocamlot.work.2013-08-29.101/opam-install/system/man/man5\ncp doc/ref-man/ocamlfind.1 /tmp/ocamlot/ocamlot.work.2013-08-29.101/opam-install/system/man/man1\ncp doc/ref-man/META.5 doc/ref-man/site-lib.5 doc/ref-man/findlib.conf.5 /tmp/ocamlot/ocamlot.work.2013-08-29.101/opam-install/system/man/man5\ngmake[1]: Leaving directory `/tmp/ocamlot/ocamlot.work.2013-08-29.101/opam-install/system/build/ocamlfind.1.4.0'\nInstalling ocamlfind.1.4.0.\n\n=-=-= Installing config-file.1.1 =-=-=\nconfig-file.1.1 Downloading https://forge.ocamlcore.org/frs/download.php/845/config-file-1.1.tar.gz\n  % Total    % Received % Xferd  Average Speed   Time    Time     Time  Current\n                                 Dload  Upload   Total   Spent    Left  Speed\n\r  0     0    0     0    0     0      0      0 --:--:-- --:--:-- --:--:--     0\r  0     0    0     0    0     0      0      0 --:--:-- --:--:-- --:--:--     0\r100 49853  100 49853    0     0  41350      0  0:00:01  0:00:01 --:--:-- 50818\n200\nBuilding config-file.1.1:\n  ./configure --prefix /tmp/ocamlot/ocamlot.work.2013-08-29.101/opam-install/system\n  gmake all\n  gmake install\nchecking for ocamlfind... /tmp/ocamlot/ocamlot.work.2013-08-29.101/opam-install/system/bin/ocamlfind\nchecking for camlp4... /root/worker/ocaml/4.01/bin/camlp4\nconfigure: creating ./config.status\nconfig.status: creating master.Makefile\n/tmp/ocamlot/ocamlot.work.2013-08-29.101/opam-install/system/bin/ocamlfind ocamlc   -c config_file.mli\n/tmp/ocamlot/ocamlot.work.2013-08-29.101/opam-install/system/bin/ocamlfind ocamlc   -c config_file.ml\n/tmp/ocamlot/ocamlot.work.2013-08-29.101/opam-install/system/bin/ocamlfind ocamlopt   -c config_file.ml\nInstalled /tmp/ocamlot/ocamlot.work.2013-08-29.101/opam-install/system/lib/config-file/config_file.o\nInstalled /tmp/ocamlot/ocamlot.work.2013-08-29.101/opam-install/system/lib/config-file/config_file.cmx\nInstalled /tmp/ocamlot/ocamlot.work.2013-08-29.101/opam-install/system/lib/config-file/config_file.cmo\nInstalled /tmp/ocamlot/ocamlot.work.2013-08-29.101/opam-install/system/lib/config-file/config_file.cmi\nInstalled /tmp/ocamlot/ocamlot.work.2013-08-29.101/opam-install/system/lib/config-file/config_file.mli\nInstalled /tmp/ocamlot/ocamlot.work.2013-08-29.101/opam-install/system/lib/config-file/META\nInstalling config-file.1.1.\n\n=-=-= Installing cryptokit.1.7 =-=-=\ncryptokit.1.7 Downloading https://forge.ocamlcore.org/frs/download.php/1166/cryptokit-1.7.tar.gz\n  % Total    % Received % Xferd  Average Speed   Time    Time     Time  Current\n                                 Dload  Upload   Total   Spent    Left  Speed\n\r  0     0    0     0    0     0      0      0 --:--:-- --:--:-- --:--:--     0\r 58  137k   58 81920    0     0  68932      0  0:00:02  0:00:01  0:00:01 88275\r100  137k  100  137k    0     0   114k      0  0:00:01  0:00:01 --:--:--  147k\n200\nBuilding cryptokit.1.7:\n  gmake\n  gmake install\nocaml setup.ml -configure \n\nConfiguration: \nocamlfind: ..................................... /tmp/ocamlot/ocamlot.work.2013-08-29.101/opam-install/system/bin/ocamlfind\nocamlc: ........................................ /root/worker/ocaml/4.01/bin/ocamlc.opt\nocamlopt: ...................................... /root/worker/ocaml/4.01/bin/ocamlopt.opt\nocamlbuild: .................................... /root/worker/ocaml/4.01/bin/ocamlbuild\nPackage name: .................................. cryptokit\nPackage version: ............................... 1.7\nos_type: ....................................... Unix\nsystem: ........................................ freebsd\narchitecture: .................................. amd64\nccomp_type: .................................... cc\nocaml_version: ................................. 4.01.0\nstandard_library_default: ...................... /root/worker/ocaml/4.01/lib/ocaml\nstandard_library: .............................. /root/worker/ocaml/4.01/lib/ocaml\nstandard_runtime: .............................. /root/worker/ocaml/4.01/bin/ocamlrun\nbytecomp_c_compiler: ........................... gcc -fno-defer-pop -Wall -D_FILE_OFFSET_BITS=64 -D_REENTRANT -D_THREAD_SAFE -fPIC\nnative_c_compiler: ............................. gcc -Wall -D_FILE_OFFSET_BITS=64 -D_REENTRANT -D_THREAD_SAFE\nmodel: ......................................... default\next_obj: ....................................... .o\next_asm: ....................................... .s\next_lib: ....................................... .a\next_dll: ....................................... .so\ndefault_executable_name: ....................... a.out\nsysthread_supported: ........................... true\nInstall architecture-independent files dir: .... /usr/local\nInstall architecture-dependent files in dir: ... $prefix\nUser executables: .............................. $exec_prefix/bin\nSystem admin executables: ...................... $exec_prefix/sbin\nProgram executables: ........................... $exec_prefix/libexec\nRead-only single-machine data: ................. $prefix/etc\nModifiable architecture-independent data: ...... $prefix/com\nModifiable single-machine data: ................ $prefix/var\nObject code libraries: ......................... $exec_prefix/lib\nRead-only arch-independent data root: .......... $prefix/share\nRead-only architecture-independent data: ....... $datarootdir\nInfo documentation: ............................ $datarootdir/info\nLocale-dependent data: ......................... $datarootdir/locale\nMan documentation: ............................. $datarootdir/man\nDocumentation root: ............................ $datarootdir/doc/$pkg_name\nHTML documentation: ............................ $docdir\nDVI documentation: ............................. $docdir\nPDF documentation: ............................. $docdir\nPS documentation: .............................. $docdir\nfindlib_version: ............................... 1.4\nis_native: ..................................... true\nsuffix_program: ................................ \nRemove a file.: ................................ rm -f\nRemove a directory.: ........................... rm -rf\nTurn ocaml debug flag on: ...................... true\nTurn ocaml profile flag on: .................... false\nCompiler support generation of .cmxs.: ......... true\nOCamlbuild additional flags: ................... \nEnable ZLib: ................................... true\nBuild and run benchmark: ....................... false\nocamldoc: ...................................... /root/worker/ocaml/4.01/bin/ocamldoc\npkg_unix: ...................................... /root/worker/ocaml/4.01/lib/ocaml\npkg_num: ....................................... /tmp/ocamlot/ocamlot.work.2013-08-29.101/opam-install/system/lib/num\n\nocaml setup.ml -build -classic-display\n/root/worker/ocaml/4.01/bin/ocamlopt.opt -I /root/worker/ocaml/4.01/lib/ocaml/ocamlbuild unix.cmxa /root/worker/ocaml/4.01/lib/ocaml/ocamlbuild/ocamlbuildlib.cmxa myocamlbuild.ml /root/worker/ocaml/4.01/lib/ocaml/ocamlbuild/ocamlbuild.cmx -o myocamlbuild\nocamlfind ocamlc -ccopt -O -ccopt -DHAVE_ZLIB -c src/arcfour.c\nmv arcfour.o src/arcfour.o\nocamlfind ocamlc -ccopt -O -ccopt -DHAVE_ZLIB -c src/stubs-arcfour.c\nmv stubs-arcfour.o src/stubs-arcfour.o\nocamlfind ocamlc -ccopt -O -ccopt -DHAVE_ZLIB -c src/blowfish.c\nmv blowfish.o src/blowfish.o\nocamlfind ocamlc -ccopt -O -ccopt -DHAVE_ZLIB -c src/stubs-blowfish.c\nmv stubs-blowfish.o src/stubs-blowfish.o\nocamlfind ocamlc -ccopt -O -ccopt -DHAVE_ZLIB -c src/d3des.c\nmv d3des.o src/d3des.o\nocamlfind ocamlc -ccopt -O -ccopt -DHAVE_ZLIB -c src/stubs-des.c\nmv stubs-des.o src/stubs-des.o\nocamlfind ocamlc -ccopt -O -ccopt -DHAVE_ZLIB -c src/rijndael-alg-fst.c\nmv rijndael-alg-fst.o src/rijndael-alg-fst.o\nocamlfind ocamlc -ccopt -O -ccopt -DHAVE_ZLIB -c src/ripemd160.c\nmv ripemd160.o src/ripemd160.o\nocamlfind ocamlc -ccopt -O -ccopt -DHAVE_ZLIB -c src/stubs-ripemd160.c\nmv stubs-ripemd160.o src/stubs-ripemd160.o\nocamlfind ocamlc -ccopt -O -ccopt -DHAVE_ZLIB -c src/sha1.c\nmv sha1.o src/sha1.o\nocamlfind ocamlc -ccopt -O -ccopt -DHAVE_ZLIB -c src/stubs-sha1.c\nmv stubs-sha1.o src/stubs-sha1.o\nocamlfind ocamlc -ccopt -O -ccopt -DHAVE_ZLIB -c src/sha256.c\nmv sha256.o src/sha256.o\nocamlfind ocamlc -ccopt -O -ccopt -DHAVE_ZLIB -c src/stubs-sha256.c\nmv stubs-sha256.o src/stubs-sha256.o\nocamlfind ocamlc -ccopt -O -ccopt -DHAVE_ZLIB -c src/stubs-aes.c\nmv stubs-aes.o src/stubs-aes.o\nocamlfind ocamlc -ccopt -O -ccopt -DHAVE_ZLIB -c src/stubs-md5.c\nmv stubs-md5.o src/stubs-md5.o\nocamlfind ocamlc -ccopt -O -ccopt -DHAVE_ZLIB -c src/stubs-misc.c\nmv stubs-misc.o src/stubs-misc.o\nocamlfind ocamlc -ccopt -O -ccopt -DHAVE_ZLIB -c src/stubs-rng.c\nmv stubs-rng.o src/stubs-rng.o\nocamlfind ocamlc -ccopt -O -ccopt -DHAVE_ZLIB -c src/stubs-zlib.c\n+ ocamlfind ocamlc -ccopt -O -ccopt -DHAVE_ZLIB -c src/stubs-zlib.c\nsrc/stubs-zlib.c: In function 'caml_zlib_deflate':\nsrc/stubs-zlib.c:98: warning: pointer targets in assignment differ in signedness\nsrc/stubs-zlib.c:100: warning: pointer targets in assignment differ in signedness\nsrc/stubs-zlib.c: In function 'caml_zlib_inflate':\nsrc/stubs-zlib.c:143: warning: pointer targets in assignment differ in signedness\nsrc/stubs-zlib.c:145: warning: pointer targets in assignment differ in signedness\nmv stubs-zlib.o src/stubs-zlib.o\nocamlfind ocamlc -ccopt -O -ccopt -DHAVE_ZLIB -c src/keccak.c\nmv keccak.o src/keccak.o\nocamlfind ocamlc -ccopt -O -ccopt -DHAVE_ZLIB -c src/stubs-sha3.c\nmv stubs-sha3.o src/stubs-sha3.o\n/root/worker/ocaml/4.01/bin/ocamlmklib -o src/cryptokit_stubs -lz src/arcfour.o src/stubs-arcfour.o src/blowfish.o src/stubs-blowfish.o src/d3des.o src/stubs-des.o src/rijndael-alg-fst.o src/ripemd160.o src/stubs-ripemd160.o src/sha1.o src/stubs-sha1.o src/sha256.o src/stubs-sha256.o src/stubs-aes.o src/stubs-md5.o src/stubs-misc.o src/stubs-rng.o src/stubs-zlib.o src/keccak.o src/stubs-sha3.o\nocamlfind ocamldep -package unix -package num -modules src/cryptokit.mli > src/cryptokit.mli.depends\nocamlfind ocamlc -c -g -ccopt -O -ccopt -DHAVE_ZLIB -package unix -package num -I src -o src/cryptokit.cmi src/cryptokit.mli\nocamlfind ocamldep -package unix -package num -modules src/cryptokit.ml > src/cryptokit.ml.depends\nocamlfind ocamlc -c -g -ccopt -O -ccopt -DHAVE_ZLIB -package unix -package num -I src -o src/cryptokit.cmo src/cryptokit.ml\n+ ocamlfind ocamlc -c -g -ccopt -O -ccopt -DHAVE_ZLIB -package unix -package num -I src -o src/cryptokit.cmo src/cryptokit.ml\nFile \"src/cryptokit.ml\", line 1930, characters 19-21:\nWarning 3: deprecated feature: operator (or); you should use (||) instead\nocamlfind ocamlc -a -dllib -lcryptokit_stubs -cclib -lcryptokit_stubs -cclib -lz src/cryptokit.cmo -o src/cryptokit.cma\nocamlfind ocamlopt -c -g -ccopt -O -ccopt -DHAVE_ZLIB -package unix -package num -I src -o src/cryptokit.cmx src/cryptokit.ml\n+ ocamlfind ocamlopt -c -g -ccopt -O -ccopt -DHAVE_ZLIB -package unix -package num -I src -o src/cryptokit.cmx src/cryptokit.ml\nFile \"src/cryptokit.ml\", line 1930, characters 19-21:\nWarning 3: deprecated feature: operator (or); you should use (||) instead\nocamlfind ocamlopt -a -cclib -lcryptokit_stubs -cclib -lz src/cryptokit.cmx -o src/cryptokit.cmxa\nocamlfind ocamlopt -shared -I src src/cryptokit.cmx -o src/cryptokit.cmxs\nocamlfind ocamldep -package unix -package num -modules test/test.ml > test/test.ml.depends\nocamlfind ocamlc -c -g -I src -package unix -package num -I test -I src -o test/test.cmo test/test.ml\nocamlfind ocamlc -g -custom -I src -linkpkg -package unix -package num src/cryptokit.cma test/test.cmo -o test/test.byte\nocaml setup.ml -install \nInstalled /tmp/ocamlot/ocamlot.work.2013-08-29.101/opam-install/system/lib/cryptokit/cryptokit.mli\nInstalled /tmp/ocamlot/ocamlot.work.2013-08-29.101/opam-install/system/lib/cryptokit/libcryptokit_stubs.a\nInstalled /tmp/ocamlot/ocamlot.work.2013-08-29.101/opam-install/system/lib/cryptokit/cryptokit.cma\nInstalled /tmp/ocamlot/ocamlot.work.2013-08-29.101/opam-install/system/lib/cryptokit/cryptokit.cmxa\nInstalled /tmp/ocamlot/ocamlot.work.2013-08-29.101/opam-install/system/lib/cryptokit/cryptokit.a\nInstalled /tmp/ocamlot/ocamlot.work.2013-08-29.101/opam-install/system/lib/cryptokit/cryptokit.cmxs\nInstalled /tmp/ocamlot/ocamlot.work.2013-08-29.101/opam-install/system/lib/cryptokit/cryptokit.cmi\nInstalled /tmp/ocamlot/ocamlot.work.2013-08-29.101/opam-install/system/lib/cryptokit/cryptokit.cmx\nInstalled /tmp/ocamlot/ocamlot.work.2013-08-29.101/opam-install/system/lib/cryptokit/META\nInstalled /tmp/ocamlot/ocamlot.work.2013-08-29.101/opam-install/system/lib/stublibs/dllcryptokit_stubs.so\nInstalled /tmp/ocamlot/ocamlot.work.2013-08-29.101/opam-install/system/lib/stublibs/dllcryptokit_stubs.so.owner\nocamlfind: [WARNING] You have installed DLLs but the directory /tmp/ocamlot/ocamlot.work.2013-08-29.101/opam-install/system/lib/stublibs is not mentioned in ld.conf\nInstalling cryptokit.1.7.\n\n=-=-= Installing menhir.20130116 =-=-=\nmenhir.20130116 Downloading http://cristal.inria.fr/~fpottier/menhir/menhir-20130116.tar.gz\n  % Total    % Received % Xferd  Average Speed   Time    Time     Time  Current\n                                 Dload  Upload   Total   Spent    Left  Speed\n\r  0     0    0     0    0     0      0      0 --:--:-- --:--:-- --:--:--     0\r 53  397k   53  211k    0     0   205k      0  0:00:01  0:00:01 --:--:--  267k\r100  397k  100  397k    0     0   314k      0  0:00:01  0:00:01 --:--:--  388k\n200\nCopying /tmp/ocamlot/ocamlot.work.2013-08-29.101/opam-install/packages/menhir/menhir.20130116/files/menhir.install to /tmp/ocamlot/ocamlot.work.2013-08-29.101/opam-install/system/build/menhir.20130116/\nBuilding menhir.20130116:\n  gmake install PREFIX=/tmp/ocamlot/ocamlot.work.2013-08-29.101/opam-install/system docdir=/tmp/ocamlot/ocamlot.work.2013-08-29.101/opam-install/system/doc/menhir libdir=/tmp/ocamlot/ocamlot.work.2013-08-29.101/opam-install/system/lib/menhir mandir=/tmp/ocamlot/ocamlot.work.2013-08-29.101/opam-install/system/man/man1\nrm -f src/installation.ml\necho \"let libdir = \\\"/tmp/ocamlot/ocamlot.work.2013-08-29.101/opam-install/system/lib/menhir\\\"\" > src/installation.ml\nif ocamlfind ocamlc -v >/dev/null 2>&1 ; then \\\n  echo \"let ocamlfind = true\" >> src/installation.ml ; \\\nelse \\\n  echo \"let ocamlfind = false\" >> src/installation.ml ; \\\nfi\ngmake  -C src -f Makefile\ngmake[1]: Entering directory `/tmp/ocamlot/ocamlot.work.2013-08-29.101/opam-install/system/build/menhir.20130116/src'\nocamllex lexmli.mll\n80 states, 5444 transitions, table size 22256 bytes\n18240 additional bytes used for bindings\nocamllex lexer.mll\n295 states, 3079 transitions, table size 14086 bytes\n10473 additional bytes used for bindings\nocamlyacc -v -b parser parser.mly\nocamllex lineCount.mll\n5 states, 259 transitions, table size 1066 bytes\nocamllex lexdep.mll\n28 states, 426 transitions, table size 1872 bytes\n1447 additional bytes used for bindings\nocamlyacc -v -b sentenceParser sentenceParser.mly\nocamllex sentenceLexer.mll\n9 states, 674 transitions, table size 2750 bytes\nfor i in *.ml *.mli; do \\\n           ../demos/ocamldep.wrapper menhirLib.ml menhirLib.mli - ocamlfind ocamldep $i \\\n        >> .depend; \\\ndone\ngmake[1]: Leaving directory `/tmp/ocamlot/ocamlot.work.2013-08-29.101/opam-install/system/build/menhir.20130116/src'\ngmake[1]: Entering directory `/tmp/ocamlot/ocamlot.work.2013-08-29.101/opam-install/system/build/menhir.20130116/src'\nChecking that Objective Caml is recent enough...\nVersion 4.01.0+dev22-2013-08-20 is OK.\ngmake -s PGEN=\"ocamlyacc -v\" PARSER=parser menhir.opt\ngmake[2]: Entering directory `/tmp/ocamlot/ocamlot.work.2013-08-29.101/opam-install/system/build/menhir.20130116/src'\nFile \"tarjan.ml\", line 168, characters 29-30:\nWarning 3: deprecated feature: operator (&); you should use (&&) instead\nFile \"patricia.ml\", line 1188, characters 27-28:\nWarning 3: deprecated feature: operator (&); you should use (&&) instead\nFile \"patricia.ml\", line 1181, characters 27-28:\nWarning 3: deprecated feature: operator (&); you should use (&&) instead\nFile \"patricia.ml\", line 1177, characters 14-15:\nWarning 3: deprecated feature: operator (&); you should use (&&) instead\nFile \"patricia.ml\", line 1068, characters 27-28:\nWarning 3: deprecated feature: operator (&); you should use (&&) instead\nFile \"patricia.ml\", line 1062, characters 14-15:\nWarning 3: deprecated feature: operator (&); you should use (&&) instead\nFile \"patricia.ml\", line 911, characters 27-28:\nWarning 3: deprecated feature: operator (&); you should use (&&) instead\nFile \"patricia.ml\", line 909, characters 27-28:\nWarning 3: deprecated feature: operator (&); you should use (&&) instead\nFile \"patricia.ml\", line 905, characters 14-15:\nWarning 3: deprecated feature: operator (&); you should use (&&) instead\nFile \"patricia.ml\", line 871, characters 25-26:\nWarning 3: deprecated feature: operator (&); you should use (&&) instead\nFile \"patricia.ml\", line 865, characters 25-26:\nWarning 3: deprecated feature: operator (&); you should use (&&) instead\nFile \"patricia.ml\", line 859, characters 12-13:\nWarning 3: deprecated feature: operator (&); you should use (&&) instead\nFile \"patricia.ml\", line 833, characters 25-26:\nWarning 3: deprecated feature: operator (&); you should use (&&) instead\nFile \"patricia.ml\", line 824, characters 25-26:\nWarning 3: deprecated feature: operator (&); you should use (&&) instead\nFile \"patricia.ml\", line 818, characters 12-13:\nWarning 3: deprecated feature: operator (&); you should use (&&) instead\nFile \"patricia.ml\", line 765, characters 25-26:\nWarning 3: deprecated feature: operator (&); you should use (&&) instead\nFile \"patricia.ml\", line 756, characters 25-26:\nWarning 3: deprecated feature: operator (&); you should use (&&) instead\nFile \"patricia.ml\", line 747, characters 12-13:\nWarning 3: deprecated feature: operator (&); you should use (&&) instead\nFile \"patricia.ml\", line 517, characters 22-23:\nWarning 3: deprecated feature: operator (&); you should use (&&) instead\nFile \"patricia.ml\", line 407, characters 27-28:\nWarning 3: deprecated feature: operator (&); you should use (&&) instead\nFile \"patricia.ml\", line 398, characters 27-28:\nWarning 3: deprecated feature: operator (&); you should use (&&) instead\nFile \"patricia.ml\", line 389, characters 14-15:\nWarning 3: deprecated feature: operator (&); you should use (&&) instead\ngmake[2]: Leaving directory `/tmp/ocamlot/ocamlot.work.2013-08-29.101/opam-install/system/build/menhir.20130116/src'\ngmake -s PGEN=\"./menhir.opt -v -lg 1 -la 1 -lc 1 --comment --infer --error-recovery --stdlib . --strict\" PARSER=fancy-parser menhir.opt\ngmake[2]: Entering directory `/tmp/ocamlot/ocamlot.work.2013-08-29.101/opam-install/system/build/menhir.20130116/src'\nGrammar has 31 nonterminal symbols, among which 1 start symbols.\nGrammar has 26 terminal symbols.\nGrammar has 83 productions.\nBuilt an LR(0) automaton with 115 states.\nThe grammar is not SLR(1) -- 5 states have a conflict.\nBuilt an LR(1) automaton with 129 states.\n5 shift/reduce conflicts were silently solved.\n38 out of 129 states are represented.\n25 out of 60 symbols keep track of their start position.\n20 out of 60 symbols keep track of their end position.\n56 out of 129 states have a default reduction.\n33 out of 84 productions exploit shiftreduce optimization.\n20 out of 129 states can peek at an error.\n13 out of 129 states can do error recovery.\n452 functions before inlining, 116 functions after inlining.\ngmake[2]: Leaving directory `/tmp/ocamlot/ocamlot.work.2013-08-29.101/opam-install/system/build/menhir.20130116/src'\ngmake[2]: Entering directory `/tmp/ocamlot/ocamlot.work.2013-08-29.101/opam-install/system/build/menhir.20130116/src'\ngmake[2]: Leaving directory `/tmp/ocamlot/ocamlot.work.2013-08-29.101/opam-install/system/build/menhir.20130116/src'\nBootstrap successful.\ngmake[1]: Leaving directory `/tmp/ocamlot/ocamlot.work.2013-08-29.101/opam-install/system/build/menhir.20130116/src'\ngmake  -C src -f Makefile menhirLib.cmi menhirLib.cmo menhirLib.cmx menhirLib.o\ngmake[1]: Entering directory `/tmp/ocamlot/ocamlot.work.2013-08-29.101/opam-install/system/build/menhir.20130116/src'\nocamlfind ocamlc -g -c infiniteArray.ml\nocamlfind ocamlc -g -c packedIntArray.ml\nocamlfind ocamlc -g -c rowDisplacement.ml\nocamlfind ocamlc -g -c engine.ml\nocamlfind ocamlc -g -c tableInterpreter.ml\nocamlfind ocamlc -g -c convert.ml\nocamlfind ocamlc -g -pack -o menhirLib.cmo infiniteArray.cmo packedIntArray.cmo rowDisplacement.cmo engineTypes.cmo engine.cmo tableFormat.cmo tableInterpreter.cmo convert.cmo\ngmake[1]: `menhirLib.cmo' is up to date.\ngmake[1]: `menhirLib.cmx' is up to date.\ngmake[1]: `menhirLib.o' is up to date.\ngmake[1]: Leaving directory `/tmp/ocamlot/ocamlot.work.2013-08-29.101/opam-install/system/build/menhir.20130116/src'\nmkdir -p /tmp/ocamlot/ocamlot.work.2013-08-29.101/opam-install/system/bin\nmkdir -p /tmp/ocamlot/ocamlot.work.2013-08-29.101/opam-install/system/lib/menhir\nmkdir -p /tmp/ocamlot/ocamlot.work.2013-08-29.101/opam-install/system/doc/menhir\nmkdir -p /tmp/ocamlot/ocamlot.work.2013-08-29.101/opam-install/system/man/man1\ninstall src/menhir /tmp/ocamlot/ocamlot.work.2013-08-29.101/opam-install/system/bin\ninstall -m 644 src/standard.mly /tmp/ocamlot/ocamlot.work.2013-08-29.101/opam-install/system/lib/menhir\ncp -r manual.pdf demos /tmp/ocamlot/ocamlot.work.2013-08-29.101/opam-install/system/doc/menhir\ncp -r menhir.1 /tmp/ocamlot/ocamlot.work.2013-08-29.101/opam-install/system/man/man1\nInstalling MenhirLib via ocamlfind.\nInstalled /tmp/ocamlot/ocamlot.work.2013-08-29.101/opam-install/system/lib/menhirLib/menhirLib.o\nInstalled /tmp/ocamlot/ocamlot.work.2013-08-29.101/opam-install/system/lib/menhirLib/menhirLib.cmx\nInstalled /tmp/ocamlot/ocamlot.work.2013-08-29.101/opam-install/system/lib/menhirLib/menhirLib.cmo\nInstalled /tmp/ocamlot/ocamlot.work.2013-08-29.101/opam-install/system/lib/menhirLib/menhirLib.cmi\nInstalled /tmp/ocamlot/ocamlot.work.2013-08-29.101/opam-install/system/lib/menhirLib/META\nInstalling menhir.20130116.\n\n=-=-= Installing ocaml-mysql.1.1.1 =-=-=\nocaml-mysql.1.1.1 Downloading http://forge.ocamlcore.org/frs/download.php/870/ocaml-mysql-1.1.1.tar.gz\n  % Total    % Received % Xferd  Average Speed   Time    Time     Time  Current\n                                 Dload  Upload   Total   Spent    Left  Speed\n\r  0     0    0     0    0     0      0      0 --:--:-- --:--:-- --:--:--     0\r  0  116k    0  1195    0     0   2392      0  0:00:50 --:--:--  0:00:50  4092\r100  116k  100  116k    0     0    98k      0  0:00:01  0:00:01 --:--:--  119k\n200\nBuilding ocaml-mysql.1.1.1:\n  ./configure --prefix /tmp/ocamlot/ocamlot.work.2013-08-29.101/opam-install/system\n  gmake\n  gmake opt\n  gmake install\nchecking for version... Configuring Version 1.1.1\nchecking for platform... FreeBSD 9.1 (amd64)\nconfigure: checking for ocaml compiler and tools...\nchecking for ocamlc... ocamlc\nchecking for ocamlopt... ocamlopt\nchecking for ocamlfind... ocamlfind\nchecking for a BSD-compatible install... /usr/bin/install -c\nconfigure: checking for C compiler...\nchecking for gcc... gcc\nchecking whether the C compiler works... yes\nchecking for C compiler default output file name... a.out\nchecking for suffix of executables... \nchecking whether we are cross compiling... no\nchecking for suffix of object files... o\nchecking whether we are using the GNU C compiler... yes\nchecking whether gcc accepts -g... yes\nchecking for gcc option to accept ISO C89... none needed\nconfigure: checking for C header files...\nchecking how to run the C preprocessor... gcc -E\nchecking for grep that handles long lines and -e... /usr/bin/grep\nchecking for egrep... /usr/bin/grep -E\nchecking for ANSI C header files... yes\nconfigure: checking libraries...\nconfigure: checking for MySQL library...\nchecking for mysql_real_connect in -lmysqlclient... no\nconfigure: checking in more locations...\nchecking for mysql_real_connect in -lmysqlclient... no\nchecking for compress in -lz... yes\nconfigure: checking for MySQL header files...\nchecking for sys/types.h... yes\nchecking for sys/stat.h... yes\nchecking for stdlib.h... yes\nchecking for string.h... yes\nchecking for memory.h... yes\nchecking for strings.h... yes\nchecking for inttypes.h... yes\nchecking for stdint.h... yes\nchecking for unistd.h... yes\nchecking mysql/mysql.h usability... no\nchecking mysql/mysql.h presence... no\nchecking for mysql/mysql.h... no\nconfigure: checking in more locations...\nchecking mysql/mysql.h usability... no\nchecking mysql/mysql.h presence... no\nchecking for mysql/mysql.h... no\nconfigure: creating ./config.status\nconfig.status: creating Makefile\ngmake[1]: Entering directory `/tmp/ocamlot/ocamlot.work.2013-08-29.101/opam-install/system/build/ocaml-mysql.1.1.1'\nocamldep mysql.mli > ._bcdi/mysql.di\nocamldep -pp \"camlp4o \" mysql.ml > ._d/mysql.d\ngmake[1]: Leaving directory `/tmp/ocamlot/ocamlot.work.2013-08-29.101/opam-install/system/build/ocaml-mysql.1.1.1'\ngmake[1]: Entering directory `/tmp/ocamlot/ocamlot.work.2013-08-29.101/opam-install/system/build/ocaml-mysql.1.1.1'\nocamlc -c -cc \"cc\" -ccopt \"-fPIC -g -O2 -Wall -Wextra \\\n\t\t\t-DPIC   \\\n\t\t\t    -o mysql_stubs.o \" mysql_stubs.c\nmysql_stubs.c:31:25: error: mysql/mysql.h: No such file or directory\nmysql_stubs.c:155: error: expected '=', ',', ';', 'asm' or '__attribute__' before '*' token\nmysql_stubs.c: In function 'conn_finalize':\nmysql_stubs.c:169: error: 'MYSQL' undeclared (first use in this function)\nmysql_stubs.c:169: error: (Each undeclared identifier is reported only once\nmysql_stubs.c:169: error: for each function it appears in.)\nmysql_stubs.c:169: error: 'db' undeclared (first use in this function)\nmysql_stubs.c:169: error: expected expression before ')' token\nmysql_stubs.c:171: warning: implicit declaration of function 'mysql_close'\nmysql_stubs.c: At top level:\nmysql_stubs.c:181: error: 'MYSQL_PROTOCOL_DEFAULT' undeclared here (not in a function)\nmysql_stubs.c:181: error: 'MYSQL_PROTOCOL_TCP' undeclared here (not in a function)\nmysql_stubs.c:181: error: 'MYSQL_PROTOCOL_SOCKET' undeclared here (not in a function)\nmysql_stubs.c:182: error: 'MYSQL_PROTOCOL_PIPE' undeclared here (not in a function)\nmysql_stubs.c:182: error: 'MYSQL_PROTOCOL_MEMORY' undeclared here (not in a function)\nmysql_stubs.c: In function 'db_connect':\nmysql_stubs.c:202: error: 'MYSQL' undeclared (first use in this function)\nmysql_stubs.c:202: error: 'init' undeclared (first use in this function)\nmysql_stubs.c:202: error: invalid operands to binary *\nmysql_stubs.c:202: warning: statement with no effect\nmysql_stubs.c:203: error: 'mysql' undeclared (first use in this function)\nmysql_stubs.c:203: error: invalid operands to binary *\nmysql_stubs.c:203: warning: statement with no effect\nmysql_stubs.c:205: error: 'my_bool' undeclared (first use in this function)\nmysql_stubs.c:205: warning: statement with no effect\nmysql_stubs.c:205: error: expected ';' before 'option_bool'\nmysql_stubs.c:207: warning: implicit declaration of function 'mysql_init'\nmysql_stubs.c:207: warning: statement with no effect\nmysql_stubs.c:221: error: 'option_bool' undeclared (first use in this function)\nmysql_stubs.c:221: warning: statement with no effect\nmysql_stubs.c:221: warning: implicit declaration of function 'mysql_options'\nmysql_stubs.c:221: error: 'MYSQL_OPT_LOCAL_INFILE' undeclared (first use in this function)\nmysql_stubs.c:222: warning: statement with no effect\nmysql_stubs.c:222: error: 'MYSQL_OPT_RECONNECT' undeclared (first use in this function)\nmysql_stubs.c:223: warning: statement with no effect\nmysql_stubs.c:223: error: 'MYSQL_OPT_SSL_VERIFY_SERVER_CERT' undeclared (first use in this function)\nmysql_stubs.c:224: warning: statement with no effect\nmysql_stubs.c:224: error: 'MYSQL_REPORT_DATA_TRUNCATION' undeclared (first use in this function)\nmysql_stubs.c:225: warning: statement with no effect\nmysql_stubs.c:225: error: 'MYSQL_SECURE_AUTH' undeclared (first use in this function)\nmysql_stubs.c:226: error: 'MYSQL_OPT_PROTOCOL' undeclared (first use in this function)\nmysql_stubs.c:227: error: 'MYSQL_OPT_CONNECT_TIMEOUT' undeclared (first use in this function)\nmysql_stubs.c:228: error: 'MYSQL_OPT_READ_TIMEOUT' undeclared (first use in this function)\nmysql_stubs.c:229: error: 'MYSQL_OPT_WRITE_TIMEOUT' undeclared (first use in this function)\nmysql_stubs.c:230: error: 'MYSQL_INIT_COMMAND' undeclared (first use in this function)\nmysql_stubs.c:231: error: 'MYSQL_READ_DEFAULT_FILE' undeclared (first use in this function)\nmysql_stubs.c:232: error: 'MYSQL_READ_DEFAULT_GROUP' undeclared (first use in this function)\nmysql_stubs.c:233: error: 'MYSQL_SET_CHARSET_DIR' undeclared (first use in this function)\nmysql_stubs.c:234: error: 'MYSQL_SET_CHARSET_NAME' undeclared (first use in this function)\nmysql_stubs.c:235: error: 'MYSQL_SHARED_MEMORY_BASE_NAME' undeclared (first use in this function)\nmysql_stubs.c:244: error: 'MYSQL_OPT_COMPRESS' undeclared (first use in this function)\nmysql_stubs.c:245: error: 'MYSQL_OPT_NAMED_PIPE' undeclared (first use in this function)\nmysql_stubs.c:260: warning: implicit declaration of function 'mysql_real_connect'\nmysql_stubs.c:262: warning: statement with no effect\nmysql_stubs.c:269: warning: implicit declaration of function 'mysql_error'\nmysql_stubs.c:269: warning: cast to pointer from integer of different size\nmysql_stubs.c: In function 'db_change_user':\nmysql_stubs.c:288: error: 'my_bool' undeclared (first use in this function)\nmysql_stubs.c:288: warning: statement with no effect\nmysql_stubs.c:288: error: expected ';' before 'ret'\nmysql_stubs.c:289: error: 'MYSQL' undeclared (first use in this function)\nmysql_stubs.c:289: error: 'mysql' undeclared (first use in this function)\nmysql_stubs.c:289: error: invalid operands to binary *\nmysql_stubs.c:289: warning: implicit declaration of function 'check_db'\nmysql_stubs.c:289: warning: statement with no effect\nmysql_stubs.c:296: error: 'ret' undeclared (first use in this function)\nmysql_stubs.c:296: warning: implicit declaration of function 'mysql_change_user'\nmysql_stubs.c:296: warning: statement with no effect\nmysql_stubs.c: In function 'db_list_dbs':\nmysql_stubs.c:312: error: 'MYSQL' undeclared (first use in this function)\nmysql_stubs.c:312: error: 'mysql' undeclared (first use in this function)\nmysql_stubs.c:312: error: invalid operands to binary *\nmysql_stubs.c:312: warning: statement with no effect\nmysql_stubs.c:315: error: 'MYSQL_RES' undeclared (first use in this function)\nmysql_stubs.c:315: error: 'res' undeclared (first use in this function)\nmysql_stubs.c:315: error: invalid operands to binary *\nmysql_stubs.c:315: warning: statement with no effect\nmysql_stubs.c:316: error: 'MYSQL_ROW' undeclared (first use in this function)\nmysql_stubs.c:316: warning: statement with no effect\nmysql_stubs.c:316: error: expected ';' before 'row'\nmysql_stubs.c:319: warning: implicit declaration of function 'mysql_list_dbs'\nmysql_stubs.c:319: warning: statement with no effect\nmysql_stubs.c:327: warning: implicit declaration of function 'mysql_num_rows'\nmysql_stubs.c:331: warning: implicit declaration of function 'mysql_free_result'\nmysql_stubs.c:337: error: 'row' undeclared (first use in this function)\nmysql_stubs.c:337: warning: implicit declaration of function 'mysql_fetch_row'\nmysql_stubs.c:339: warning: passing argument 1 of 'caml_copy_string' makes pointer from integer without a cast\nmysql_stubs.c: In function 'db_select_db':\nmysql_stubs.c:351: error: 'MYSQL' undeclared (first use in this function)\nmysql_stubs.c:351: error: 'mysql' undeclared (first use in this function)\nmysql_stubs.c:351: error: invalid operands to binary *\nmysql_stubs.c:351: warning: statement with no effect\nmysql_stubs.c:353: error: 'my_bool' undeclared (first use in this function)\nmysql_stubs.c:353: warning: statement with no effect\nmysql_stubs.c:353: error: expected ';' before 'ret'\nmysql_stubs.c:356: error: 'ret' undeclared (first use in this function)\nmysql_stubs.c:356: warning: implicit declaration of function 'mysql_select_db'\nmysql_stubs.c:356: warning: statement with no effect\nmysql_stubs.c: In function 'db_disconnect':\nmysql_stubs.c:375: error: 'MYSQL' undeclared (first use in this function)\nmysql_stubs.c:375: error: 'db' undeclared (first use in this function)\nmysql_stubs.c:375: error: invalid operands to binary *\nmysql_stubs.c:375: warning: statement with no effect\nmysql_stubs.c: In function 'db_ping':\nmysql_stubs.c:388: error: 'MYSQL' undeclared (first use in this function)\nmysql_stubs.c:388: error: 'db' undeclared (first use in this function)\nmysql_stubs.c:388: error: invalid operands to binary *\nmysql_stubs.c:388: warning: statement with no effect\nmysql_stubs.c:391: warning: implicit declaration of function 'mysql_ping'\nmysql_stubs.c: In function 'res_finalize':\nmysql_stubs.c:409: error: 'MYSQL_RES' undeclared (first use in this function)\nmysql_stubs.c:409: error: 'res' undeclared (first use in this function)\nmysql_stubs.c:409: error: invalid operands to binary *\nmysql_stubs.c:409: error: expected expression before ')' token\nmysql_stubs.c:409: error: invalid operands to binary *\nmysql_stubs.c:409: error: called object '<erroneous-expression>' is not a function\nmysql_stubs.c:409: warning: statement with no effect\nmysql_stubs.c: In function 'db_exec':\nmysql_stubs.c:437: error: 'MYSQL' undeclared (first use in this function)\nmysql_stubs.c:437: error: 'mysql' undeclared (first use in this function)\nmysql_stubs.c:437: error: invalid operands to binary *\nmysql_stubs.c:437: warning: statement with no effect\nmysql_stubs.c:443: warning: implicit declaration of function 'mysql_real_query'\nmysql_stubs.c:454: error: 'MYSQL_RES' undeclared (first use in this function)\nmysql_stubs.c:454: error: expected expression before ')' token\nmysql_stubs.c:454: error: invalid operands to binary *\nmysql_stubs.c:454: warning: passing argument 2 of 'caml_alloc_custom' makes integer from pointer without a cast\nmysql_stubs.c:455: error: expected expression before ')' token\nmysql_stubs.c:455: error: invalid operands to binary *\nmysql_stubs.c:455: error: called object '<erroneous-expression>' is not a function\nmysql_stubs.c:455: warning: implicit declaration of function 'mysql_store_result'\nmysql_stubs.c: In function 'db_fetch':\nmysql_stubs.c:475: error: 'MYSQL_RES' undeclared (first use in this function)\nmysql_stubs.c:475: error: 'res' undeclared (first use in this function)\nmysql_stubs.c:475: error: invalid operands to binary *\nmysql_stubs.c:475: warning: statement with no effect\nmysql_stubs.c:476: error: 'MYSQL_ROW' undeclared (first use in this function)\nmysql_stubs.c:476: warning: statement with no effect\nmysql_stubs.c:476: error: expected ';' before 'row'\nmysql_stubs.c:478: error: expected expression before ')' token\nmysql_stubs.c:478: error: invalid operands to binary *\nmysql_stubs.c:478: error: called object '<erroneous-expression>' is not a function\nmysql_stubs.c:478: warning: statement with no effect\nmysql_stubs.c:482: warning: implicit declaration of function 'mysql_num_fields'\nmysql_stubs.c:486: error: 'row' undeclared (first use in this function)\nmysql_stubs.c:486: warning: statement with no effect\nmysql_stubs.c:492: warning: implicit declaration of function 'mysql_fetch_lengths'\nmysql_stubs.c:492: warning: assignment makes pointer from integer without a cast\nmysql_stubs.c:495: warning: passing argument 1 of 'val_str_option' makes pointer from integer without a cast\nmysql_stubs.c: In function 'db_to_row':\nmysql_stubs.c:505: error: 'MYSQL_RES' undeclared (first use in this function)\nmysql_stubs.c:505: error: 'res' undeclared (first use in this function)\nmysql_stubs.c:505: error: invalid operands to binary *\nmysql_stubs.c:505: warning: statement with no effect\nmysql_stubs.c:507: error: expected expression before ')' token\nmysql_stubs.c:507: error: invalid operands to binary *\nmysql_stubs.c:507: error: called object '<erroneous-expression>' is not a function\nmysql_stubs.c:507: warning: statement with no effect\nmysql_stubs.c:514: warning: implicit declaration of function 'mysql_data_seek'\nmysql_stubs.c: In function 'db_status':\nmysql_stubs.c:527: warning: implicit declaration of function 'mysql_errno'\nmysql_stubs.c: In function 'db_errmsg':\nmysql_stubs.c:542: warning: assignment makes pointer from integer without a cast\nmysql_stubs.c: In function 'db_escape':\nmysql_stubs.c:568: warning: implicit declaration of function 'mysql_escape_string'\nmysql_stubs.c: In function 'db_real_escape':\nmysql_stubs.c:584: error: 'MYSQL' undeclared (first use in this function)\nmysql_stubs.c:584: error: 'mysql' undeclared (first use in this function)\nmysql_stubs.c:584: error: invalid operands to binary *\nmysql_stubs.c:584: warning: statement with no effect\nmysql_stubs.c:587: warning: statement with no effect\nmysql_stubs.c:596: warning: implicit declaration of function 'mysql_real_escape_string'\nmysql_stubs.c: In function 'db_set_charset':\nmysql_stubs.c:610: error: 'MYSQL' undeclared (first use in this function)\nmysql_stubs.c:610: error: 'mysql' undeclared (first use in this function)\nmysql_stubs.c:610: error: invalid operands to binary *\nmysql_stubs.c:610: warning: statement with no effect\nmysql_stubs.c:613: warning: statement with no effect\nmysql_stubs.c:617: warning: implicit declaration of function 'mysql_set_character_set'\nmysql_stubs.c: In function 'db_size':\nmysql_stubs.c:635: error: 'MYSQL_RES' undeclared (first use in this function)\nmysql_stubs.c:635: error: 'res' undeclared (first use in this function)\nmysql_stubs.c:635: error: invalid operands to binary *\nmysql_stubs.c:635: warning: statement with no effect\nmysql_stubs.c:638: error: expected expression before ')' token\nmysql_stubs.c:638: error: invalid operands to binary *\nmysql_stubs.c:638: error: called object '<erroneous-expression>' is not a function\nmysql_stubs.c:638: warning: statement with no effect\nmysql_stubs.c: In function 'db_affected':\nmysql_stubs.c:650: warning: implicit declaration of function 'mysql_affected_rows'\nmysql_stubs.c:650: error: 'MYSQL' undeclared (first use in this function)\nmysql_stubs.c:650: error: expected expression before ')' token\nmysql_stubs.c:650: error: invalid operands to binary *\nmysql_stubs.c:650: error: called object '<erroneous-expression>' is not a function\nmysql_stubs.c: In function 'db_insert_id':\nmysql_stubs.c:656: warning: implicit declaration of function 'mysql_insert_id'\nmysql_stubs.c:656: error: 'MYSQL' undeclared (first use in this function)\nmysql_stubs.c:656: error: expected expression before ')' token\nmysql_stubs.c:656: error: invalid operands to binary *\nmysql_stubs.c:656: error: called object '<erroneous-expression>' is not a function\nmysql_stubs.c: In function 'db_fields':\nmysql_stubs.c:662: error: 'MYSQL_RES' undeclared (first use in this function)\nmysql_stubs.c:662: error: 'res' undeclared (first use in this function)\nmysql_stubs.c:662: error: invalid operands to binary *\nmysql_stubs.c:662: warning: statement with no effect\nmysql_stubs.c:665: error: expected expression before ')' token\nmysql_stubs.c:665: error: invalid operands to binary *\nmysql_stubs.c:665: error: called object '<erroneous-expression>' is not a function\nmysql_stubs.c:665: warning: statement with no effect\nmysql_stubs.c: In function 'db_client_info':\nmysql_stubs.c:678: warning: implicit declaration of function 'mysql_get_client_info'\nmysql_stubs.c:678: warning: passing argument 1 of 'caml_copy_string' makes pointer from integer without a cast\nmysql_stubs.c: In function 'db_host_info':\nmysql_stubs.c:686: warning: implicit declaration of function 'mysql_get_host_info'\nmysql_stubs.c:686: error: 'MYSQL' undeclared (first use in this function)\nmysql_stubs.c:686: error: expected expression before ')' token\nmysql_stubs.c:686: error: invalid operands to binary *\nmysql_stubs.c:686: error: called object '<erroneous-expression>' is not a function\nmysql_stubs.c:686: warning: passing argument 1 of 'caml_copy_string' makes pointer from integer without a cast\nmysql_stubs.c: In function 'db_server_info':\nmysql_stubs.c:694: warning: implicit declaration of function 'mysql_get_server_info'\nmysql_stubs.c:694: error: 'MYSQL' undeclared (first use in this function)\nmysql_stubs.c:694: error: expected expression before ')' token\nmysql_stubs.c:694: error: invalid operands to binary *\nmysql_stubs.c:694: error: called object '<erroneous-expression>' is not a function\nmysql_stubs.c:694: warning: passing argument 1 of 'caml_copy_string' makes pointer from integer without a cast\nmysql_stubs.c: In function 'db_proto_info':\nmysql_stubs.c:700: warning: implicit declaration of function 'mysql_get_proto_info'\nmysql_stubs.c:700: error: 'MYSQL' undeclared (first use in this function)\nmysql_stubs.c:700: error: expected expression before ')' token\nmysql_stubs.c:700: error: invalid operands to binary *\nmysql_stubs.c:700: error: called object '<erroneous-expression>' is not a function\nmysql_stubs.c: In function 'type2dbty':\nmysql_stubs.c:729: error: 'FIELD_TYPE_DECIMAL' undeclared (first use in this function)\nmysql_stubs.c:729: error: initializer element is not constant\nmysql_stubs.c:729: error: (near initialization for 'map[0].mysql')\nmysql_stubs.c:730: error: 'FIELD_TYPE_TINY' undeclared (first use in this function)\nmysql_stubs.c:730: error: initializer element is not constant\nmysql_stubs.c:730: error: (near initialization for 'map[1].mysql')\nmysql_stubs.c:731: error: 'FIELD_TYPE_SHORT' undeclared (first use in this function)\nmysql_stubs.c:731: error: initializer element is not constant\nmysql_stubs.c:731: error: (near initialization for 'map[2].mysql')\nmysql_stubs.c:732: error: 'FIELD_TYPE_LONG' undeclared (first use in this function)\nmysql_stubs.c:732: error: initializer element is not constant\nmysql_stubs.c:732: error: (near initialization for 'map[3].mysql')\nmysql_stubs.c:733: error: 'FIELD_TYPE_FLOAT' undeclared (first use in this function)\nmysql_stubs.c:733: error: initializer element is not constant\nmysql_stubs.c:733: error: (near initialization for 'map[4].mysql')\nmysql_stubs.c:734: error: 'FIELD_TYPE_DOUBLE' undeclared (first use in this function)\nmysql_stubs.c:734: error: initializer element is not constant\nmysql_stubs.c:734: error: (near initialization for 'map[5].mysql')\nmysql_stubs.c:735: error: 'FIELD_TYPE_NULL' undeclared (first use in this function)\nmysql_stubs.c:735: error: initializer element is not constant\nmysql_stubs.c:735: error: (near initialization for 'map[6].mysql')\nmysql_stubs.c:736: error: 'FIELD_TYPE_TIMESTAMP' undeclared (first use in this function)\nmysql_stubs.c:736: error: initializer element is not constant\nmysql_stubs.c:736: error: (near initialization for 'map[7].mysql')\nmysql_stubs.c:737: error: 'FIELD_TYPE_LONGLONG' undeclared (first use in this function)\nmysql_stubs.c:737: error: initializer element is not constant\nmysql_stubs.c:737: error: (near initialization for 'map[8].mysql')\nmysql_stubs.c:738: error: 'FIELD_TYPE_INT24' undeclared (first use in this function)\nmysql_stubs.c:738: error: initializer element is not constant\nmysql_stubs.c:738: error: (near initialization for 'map[9].mysql')\nmysql_stubs.c:739: error: 'FIELD_TYPE_DATE' undeclared (first use in this function)\nmysql_stubs.c:739: error: initializer element is not constant\nmysql_stubs.c:739: error: (near initialization for 'map[10].mysql')\nmysql_stubs.c:740: error: 'FIELD_TYPE_TIME' undeclared (first use in this function)\nmysql_stubs.c:740: error: initializer element is not constant\nmysql_stubs.c:740: error: (near initialization for 'map[11].mysql')\nmysql_stubs.c:741: error: 'FIELD_TYPE_DATETIME' undeclared (first use in this function)\nmysql_stubs.c:741: error: initializer element is not constant\nmysql_stubs.c:741: error: (near initialization for 'map[12].mysql')\nmysql_stubs.c:742: error: 'FIELD_TYPE_YEAR' undeclared (first use in this function)\nmysql_stubs.c:742: error: initializer element is not constant\nmysql_stubs.c:742: error: (near initialization for 'map[13].mysql')\nmysql_stubs.c:743: error: 'FIELD_TYPE_NEWDATE' undeclared (first use in this function)\nmysql_stubs.c:743: error: initializer element is not constant\nmysql_stubs.c:743: error: (near initialization for 'map[14].mysql')\nmysql_stubs.c:744: error: 'FIELD_TYPE_ENUM' undeclared (first use in this function)\nmysql_stubs.c:744: error: initializer element is not constant\nmysql_stubs.c:744: error: (near initialization for 'map[15].mysql')\nmysql_stubs.c:745: error: 'FIELD_TYPE_SET' undeclared (first use in this function)\nmysql_stubs.c:745: error: initializer element is not constant\nmysql_stubs.c:745: error: (near initialization for 'map[16].mysql')\nmysql_stubs.c:746: error: 'FIELD_TYPE_TINY_BLOB' undeclared (first use in this function)\nmysql_stubs.c:746: error: initializer element is not constant\nmysql_stubs.c:746: error: (near initialization for 'map[17].mysql')\nmysql_stubs.c:747: error: 'FIELD_TYPE_MEDIUM_BLOB' undeclared (first use in this function)\nmysql_stubs.c:747: error: initializer element is not constant\nmysql_stubs.c:747: error: (near initialization for 'map[18].mysql')\nmysql_stubs.c:748: error: 'FIELD_TYPE_LONG_BLOB' undeclared (first use in this function)\nmysql_stubs.c:748: error: initializer element is not constant\nmysql_stubs.c:748: error: (near initialization for 'map[19].mysql')\nmysql_stubs.c:749: error: 'FIELD_TYPE_BLOB' undeclared (first use in this function)\nmysql_stubs.c:749: error: initializer element is not constant\nmysql_stubs.c:749: error: (near initialization for 'map[20].mysql')\nmysql_stubs.c:750: error: 'FIELD_TYPE_VAR_STRING' undeclared (first use in this function)\nmysql_stubs.c:750: error: initializer element is not constant\nmysql_stubs.c:750: error: (near initialization for 'map[21].mysql')\nmysql_stubs.c:751: error: 'FIELD_TYPE_STRING' undeclared (first use in this function)\nmysql_stubs.c:751: error: initializer element is not constant\nmysql_stubs.c:751: error: (near initialization for 'map[22].mysql')\nmysql_stubs.c: At top level:\nmysql_stubs.c:767: error: expected ')' before '*' token\nmysql_stubs.c: In function 'db_fetch_field':\nmysql_stubs.c:799: error: 'MYSQL_FIELD' undeclared (first use in this function)\nmysql_stubs.c:799: error: 'f' undeclared (first use in this function)\nmysql_stubs.c:799: error: invalid operands to binary *\nmysql_stubs.c:799: warning: statement with no effect\nmysql_stubs.c:800: error: 'MYSQL_RES' undeclared (first use in this function)\nmysql_stubs.c:800: error: 'res' undeclared (first use in this function)\nmysql_stubs.c:800: error: invalid operands to binary *\nmysql_stubs.c:800: error: expected expression before ')' token\nmysql_stubs.c:800: error: invalid operands to binary *\nmysql_stubs.c:800: error: called object '<erroneous-expression>' is not a function\nmysql_stubs.c:800: warning: statement with no effect\nmysql_stubs.c:805: warning: implicit declaration of function 'mysql_fetch_field'\nmysql_stubs.c:805: warning: statement with no effect\nmysql_stubs.c:809: warning: implicit declaration of function 'make_field'\nmysql_stubs.c: In function 'db_fetch_field_dir':\nmysql_stubs.c:817: error: 'MYSQL_FIELD' undeclared (first use in this function)\nmysql_stubs.c:817: error: 'f' undeclared (first use in this function)\nmysql_stubs.c:817: error: invalid operands to binary *\nmysql_stubs.c:817: warning: statement with no effect\nmysql_stubs.c:818: error: 'MYSQL_RES' undeclared (first use in this function)\nmysql_stubs.c:818: error: 'res' undeclared (first use in this function)\nmysql_stubs.c:818: error: invalid operands to binary *\nmysql_stubs.c:818: error: expected expression before ')' token\nmysql_stubs.c:818: error: invalid operands to binary *\nmysql_stubs.c:818: error: called object '<erroneous-expression>' is not a function\nmysql_stubs.c:818: warning: statement with no effect\nmysql_stubs.c:823: warning: implicit declaration of function 'mysql_fetch_field_direct'\nmysql_stubs.c:823: warning: statement with no effect\nmysql_stubs.c: In function 'db_fetch_fields':\nmysql_stubs.c:836: error: 'MYSQL_RES' undeclared (first use in this function)\nmysql_stubs.c:836: error: 'res' undeclared (first use in this function)\nmysql_stubs.c:836: error: invalid operands to binary *\nmysql_stubs.c:836: error: expected expression before ')' token\nmysql_stubs.c:836: error: invalid operands to binary *\nmysql_stubs.c:836: error: called object '<erroneous-expression>' is not a function\nmysql_stubs.c:836: warning: statement with no effect\nmysql_stubs.c:837: error: 'MYSQL_FIELD' undeclared (first use in this function)\nmysql_stubs.c:837: error: 'f' undeclared (first use in this function)\nmysql_stubs.c:837: error: invalid operands to binary *\nmysql_stubs.c:837: warning: statement with no effect\nmysql_stubs.c:845: warning: implicit declaration of function 'mysql_fetch_fields'\nmysql_stubs.c:845: warning: statement with no effect\nmysql_stubs.c: At top level:\nmysql_stubs.c:857: error: expected ')' before '*' token\nmysql_stubs.c: In function 'stmt_finalize':\nmysql_stubs.c:866: error: 'MYSQL_STMT' undeclared (first use in this function)\nmysql_stubs.c:866: error: 'stmt' undeclared (first use in this function)\nmysql_stubs.c:866: error: invalid operands to binary *\nmysql_stubs.c:866: error: expected expression before ')' token\nmysql_stubs.c:866: error: invalid operands to binary *\nmysql_stubs.c:866: error: called object '<erroneous-expression>' is not a function\nmysql_stubs.c:866: warning: statement with no effect\nmysql_stubs.c:869: warning: implicit declaration of function 'mysql_stmt_close'\nmysql_stubs.c:871: error: expected expression before ')' token\nmysql_stubs.c:871: error: invalid operands to binary *\nmysql_stubs.c:871: error: called object '<erroneous-expression>' is not a function\nmysql_stubs.c:871: error: called object '<erroneous-expression>' is not a function\nmysql_stubs.c:871: error: incompatible types in assignment\nmysql_stubs.c:871: warning: statement with no effect\nmysql_stubs.c: In function 'caml_mysql_stmt_prepare':\nmysql_stubs.c:893: error: 'MYSQL_STMT' undeclared (first use in this function)\nmysql_stubs.c:893: error: 'stmt' undeclared (first use in this function)\nmysql_stubs.c:893: error: invalid operands to binary *\nmysql_stubs.c:893: warning: statement with no effect\nmysql_stubs.c:894: error: 'MYSQL' undeclared (first use in this function)\nmysql_stubs.c:894: error: 'db' undeclared (first use in this function)\nmysql_stubs.c:894: error: invalid operands to binary *\nmysql_stubs.c:894: warning: statement with no effect\nmysql_stubs.c:899: warning: implicit declaration of function 'mysql_stmt_init'\nmysql_stubs.c:899: warning: statement with no effect\nmysql_stubs.c:906: warning: implicit declaration of function 'mysql_stmt_prepare'\nmysql_stubs.c:910: warning: implicit declaration of function 'mysql_stmt_error'\nmysql_stubs.c:910: warning: initialization makes pointer from integer without a cast\nmysql_stubs.c:916: error: expected expression before ')' token\nmysql_stubs.c:916: error: invalid operands to binary *\nmysql_stubs.c:916: warning: passing argument 2 of 'caml_alloc_custom' makes integer from pointer without a cast\nmysql_stubs.c:917: error: expected expression before ')' token\nmysql_stubs.c:917: error: invalid operands to binary *\nmysql_stubs.c:917: error: called object '<erroneous-expression>' is not a function\nmysql_stubs.c:917: error: incompatible types in assignment\nmysql_stubs.c:917: warning: statement with no effect\nmysql_stubs.c: In function 'caml_mysql_stmt_close':\nmysql_stubs.c:925: error: 'MYSQL_STMT' undeclared (first use in this function)\nmysql_stubs.c:925: error: 'stmt' undeclared (first use in this function)\nmysql_stubs.c:925: error: invalid operands to binary *\nmysql_stubs.c:925: error: expected expression before ')' token\nmysql_stubs.c:925: error: invalid operands to binary *\nmysql_stubs.c:925: error: called object '<erroneous-expression>' is not a function\nmysql_stubs.c:925: warning: statement with no effect\nmysql_stubs.c:926: warning: implicit declaration of function 'check_stmt'\nmysql_stubs.c:930: error: expected expression before ')' token\nmysql_stubs.c:930: error: invalid operands to binary *\nmysql_stubs.c:930: error: called object '<erroneous-expression>' is not a function\nmysql_stubs.c:930: error: called object '<erroneous-expression>' is not a function\nmysql_stubs.c:930: error: incompatible types in assignment\nmysql_stubs.c:930: warning: statement with no effect\nmysql_stubs.c: At top level:\nmysql_stubs.c:945: error: expected specifier-qualifier-list before 'MYSQL_STMT'\nmysql_stubs.c:953: error: expected ')' before '*' token\nmysql_stubs.c: In function 'set_param':\nmysql_stubs.c:970: error: 'MYSQL_BIND' undeclared (first use in this function)\nmysql_stubs.c:970: error: 'bind' undeclared (first use in this function)\nmysql_stubs.c:970: error: invalid operands to binary *\nmysql_stubs.c:970: error: 'row_t' has no member named 'bind'\nmysql_stubs.c:970: warning: statement with no effect\nmysql_stubs.c:972: error: 'row_t' has no member named 'length'\nmysql_stubs.c:972: error: incompatible types in assignment\nmysql_stubs.c:972: warning: statement with no effect\nmysql_stubs.c:973: error: 'struct <anonymous>' has no member named 'length'\nmysql_stubs.c:973: error: 'row_t' has no member named 'length'\nmysql_stubs.c:973: warning: statement with no effect\nmysql_stubs.c:974: error: 'struct <anonymous>' has no member named 'buffer_length'\nmysql_stubs.c:974: warning: statement with no effect\nmysql_stubs.c:975: error: 'struct <anonymous>' has no member named 'buffer_type'\nmysql_stubs.c:975: error: 'MYSQL_TYPE_STRING' undeclared (first use in this function)\nmysql_stubs.c:975: warning: statement with no effect\nmysql_stubs.c:976: error: 'struct <anonymous>' has no member named 'buffer'\nmysql_stubs.c:976: warning: statement with no effect\nmysql_stubs.c: In function 'bind_result':\nmysql_stubs.c:981: error: 'MYSQL_BIND' undeclared (first use in this function)\nmysql_stubs.c:981: error: 'bind' undeclared (first use in this function)\nmysql_stubs.c:981: error: invalid operands to binary *\nmysql_stubs.c:981: error: 'row_t' has no member named 'bind'\nmysql_stubs.c:981: warning: statement with no effect\nmysql_stubs.c:983: error: 'struct <anonymous>' has no member named 'buffer_type'\nmysql_stubs.c:983: error: 'MYSQL_TYPE_STRING' undeclared (first use in this function)\nmysql_stubs.c:983: warning: statement with no effect\nmysql_stubs.c:984: error: 'struct <anonymous>' has no member named 'buffer'\nmysql_stubs.c:984: warning: statement with no effect\nmysql_stubs.c:985: error: 'struct <anonymous>' has no member named 'buffer_length'\nmysql_stubs.c:985: warning: statement with no effect\nmysql_stubs.c:986: error: 'struct <anonymous>' has no member named 'is_null'\nmysql_stubs.c:986: error: 'row_t' has no member named 'is_null'\nmysql_stubs.c:986: warning: statement with no effect\nmysql_stubs.c:987: error: 'struct <anonymous>' has no member named 'length'\nmysql_stubs.c:987: error: 'row_t' has no member named 'length'\nmysql_stubs.c:987: warning: statement with no effect\nmysql_stubs.c:988: error: 'struct <anonymous>' has no member named 'error'\nmysql_stubs.c:988: error: 'row_t' has no member named 'error'\nmysql_stubs.c:988: warning: statement with no effect\nmysql_stubs.c: In function 'get_column':\nmysql_stubs.c:995: error: 'row_t' has no member named 'length'\nmysql_stubs.c:995: error: incompatible types in initialization\nmysql_stubs.c:996: error: 'MYSQL_BIND' undeclared (first use in this function)\nmysql_stubs.c:996: error: 'bind' undeclared (first use in this function)\nmysql_stubs.c:996: error: invalid operands to binary *\nmysql_stubs.c:996: error: 'row_t' has no member named 'bind'\nmysql_stubs.c:996: warning: statement with no effect\nmysql_stubs.c:998: error: 'struct <anonymous>' has no member named 'is_null'\nmysql_stubs.c:998: error: used struct type value where scalar is required\nmysql_stubs.c:1006: error: 'struct <anonymous>' has no member named 'buffer'\nmysql_stubs.c:1006: warning: statement with no effect\nmysql_stubs.c:1007: error: 'struct <anonymous>' has no member named 'buffer_length'\nmysql_stubs.c:1007: warning: statement with no effect\nmysql_stubs.c:1008: warning: implicit declaration of function 'mysql_stmt_fetch_column'\nmysql_stubs.c:1008: error: 'row_t' has no member named 'stmt'\nmysql_stubs.c:1009: error: 'struct <anonymous>' has no member named 'buffer'\nmysql_stubs.c:1009: warning: statement with no effect\nmysql_stubs.c:1010: error: 'struct <anonymous>' has no member named 'buffer_length'\nmysql_stubs.c:1010: warning: statement with no effect\nmysql_stubs.c: In function 'destroy_row':\nmysql_stubs.c:1020: error: 'row_t' has no member named 'bind'\nmysql_stubs.c:1021: error: 'row_t' has no member named 'error'\nmysql_stubs.c:1022: error: 'row_t' has no member named 'length'\nmysql_stubs.c:1023: error: 'row_t' has no member named 'is_null'\nmysql_stubs.c: In function 'caml_mysql_stmt_execute':\nmysql_stubs.c:1057: error: 'MYSQL_STMT' undeclared (first use in this function)\nmysql_stubs.c:1057: error: 'stmt' undeclared (first use in this function)\nmysql_stubs.c:1057: error: invalid operands to binary *\nmysql_stubs.c:1057: error: expected expression before ')' token\nmysql_stubs.c:1057: error: invalid operands to binary *\nmysql_stubs.c:1057: error: called object '<erroneous-expression>' is not a function\nmysql_stubs.c:1057: warning: statement with no effect\nmysql_stubs.c:1059: warning: implicit declaration of function 'mysql_stmt_param_count'\nmysql_stubs.c:1059: warning: comparison between signed and unsigned\nmysql_stubs.c:1063: warning: implicit declaration of function 'create_row'\nmysql_stubs.c:1063: warning: assignment makes pointer from integer without a cast\nmysql_stubs.c:1073: warning: implicit declaration of function 'mysql_stmt_bind_param'\nmysql_stubs.c:1073: error: 'row_t' has no member named 'bind'\nmysql_stubs.c:1081: warning: implicit declaration of function 'mysql_stmt_execute'\nmysql_stubs.c:1091: warning: implicit declaration of function 'mysql_stmt_field_count'\nmysql_stubs.c:1092: warning: assignment makes pointer from integer without a cast\nmysql_stubs.c:1101: warning: implicit declaration of function 'mysql_stmt_bind_result'\nmysql_stubs.c:1101: error: 'row_t' has no member named 'bind'\nmysql_stubs.c: In function 'caml_mysql_stmt_fetch':\nmysql_stubs.c:1120: error: 'row_t' has no member named 'stmt'\nmysql_stubs.c:1122: warning: implicit declaration of function 'mysql_stmt_fetch'\nmysql_stubs.c:1122: error: 'row_t' has no member named 'stmt'\nmysql_stubs.c:1124: error: 'MYSQL_DATA_TRUNCATED' undeclared (first use in this function)\nmysql_stubs.c:1124: warning: comparison between pointer and integer\nmysql_stubs.c: In function 'caml_mysql_stmt_affected':\nmysql_stubs.c:1137: error: 'MYSQL_STMT' undeclared (first use in this function)\nmysql_stubs.c:1137: error: expected expression before ')' token\nmysql_stubs.c:1137: error: invalid operands to binary *\nmysql_stubs.c:1137: error: called object '<erroneous-expression>' is not a function\nmysql_stubs.c:1138: warning: implicit declaration of function 'mysql_stmt_affected_rows'\nmysql_stubs.c:1138: error: expected expression before ')' token\nmysql_stubs.c:1138: error: invalid operands to binary *\nmysql_stubs.c:1138: error: called object '<erroneous-expression>' is not a function\nmysql_stubs.c: In function 'caml_mysql_stmt_insert_id':\nmysql_stubs.c:1145: error: 'MYSQL_STMT' undeclared (first use in this function)\nmysql_stubs.c:1145: error: expected expression before ')' token\nmysql_stubs.c:1145: error: invalid operands to binary *\nmysql_stubs.c:1145: error: called object '<erroneous-expression>' is not a function\nmysql_stubs.c:1146: warning: implicit declaration of function 'mysql_stmt_insert_id'\nmysql_stubs.c:1146: error: expected expression before ')' token\nmysql_stubs.c:1146: error: invalid operands to binary *\nmysql_stubs.c:1146: error: called object '<erroneous-expression>' is not a function\nmysql_stubs.c: In function 'caml_mysql_stmt_status':\nmysql_stubs.c:1153: error: 'MYSQL_STMT' undeclared (first use in this function)\nmysql_stubs.c:1153: error: expected expression before ')' token\nmysql_stubs.c:1153: error: invalid operands to binary *\nmysql_stubs.c:1153: error: called object '<erroneous-expression>' is not a function\nmysql_stubs.c:1154: warning: implicit declaration of function 'mysql_stmt_errno'\nmysql_stubs.c:1154: error: expected expression before ')' token\nmysql_stubs.c:1154: error: invalid operands to binary *\nmysql_stubs.c:1154: error: called object '<erroneous-expression>' is not a function\nmysql_stubs.c: In function 'caml_mysql_stmt_result_metadata':\nmysql_stubs.c:1163: error: 'MYSQL_STMT' undeclared (first use in this function)\nmysql_stubs.c:1163: error: expected expression before ')' token\nmysql_stubs.c:1163: error: invalid operands to binary *\nmysql_stubs.c:1163: error: called object '<erroneous-expression>' is not a function\nmysql_stubs.c:1164: error: 'MYSQL_RES' undeclared (first use in this function)\nmysql_stubs.c:1164: error: expected expression before ')' token\nmysql_stubs.c:1164: error: invalid operands to binary *\nmysql_stubs.c:1164: warning: passing argument 2 of 'caml_alloc_custom' makes integer from pointer without a cast\nmysql_stubs.c:1165: error: expected expression before ')' token\nmysql_stubs.c:1165: error: invalid operands to binary *\nmysql_stubs.c:1165: error: called object '<erroneous-expression>' is not a function\nmysql_stubs.c:1165: warning: implicit declaration of function 'mysql_stmt_result_metadata'\nmysql_stubs.c:1165: error: called object '<erroneous-expression>' is not a function\nmysql_stubs.c:1165: error: incompatible types in assignment\nmysql_stubs.c:1165: warning: statement with no effect\ngmake[1]: *** [mysql_stubs.o] Error 2\ngmake[1]: Leaving directory `/tmp/ocamlot/ocamlot.work.2013-08-29.101/opam-install/system/build/ocaml-mysql.1.1.1'\ngmake: *** [byte-code-library] Error 2\nRemoving ocaml-mysql.1.1.1.\n  ocamlfind remove mysql\nocamlfind: [WARNING] No such directory: /tmp/ocamlot/ocamlot.work.2013-08-29.101/opam-install/system/lib/mysql\n\n=-=-= Installing pcre-ocaml.7.0.2 =-=-=\npcre-ocaml.7.0.2 Downloading https://bitbucket.org/mmottl/pcre-ocaml/downloads/pcre-ocaml-7.0.2.tar.gz\n  % Total    % Received % Xferd  Average Speed   Time    Time     Time  Current\n                                 Dload  Upload   Total   Spent    Left  Speed\n\r  0     0    0     0    0     0      0      0 --:--:-- --:--:-- --:--:--     0\r  0     0    0     0    0     0      0      0 --:--:-- --:--:-- --:--:--     0\n\r100 81910  100 81910    0     0   162k      0 --:--:-- --:--:-- --:--:--  162k\n200\nBuilding pcre-ocaml.7.0.2:\n  gmake\n  gmake install\nocaml setup.ml -configure \n\nConfiguration: \nocamlfind: ........................................... /tmp/ocamlot/ocamlot.work.2013-08-29.101/opam-install/system/bin/ocamlfind\nocamlc: .............................................. /root/worker/ocaml/4.01/bin/ocamlc.opt\nocamlopt: ............................................ /root/worker/ocaml/4.01/bin/ocamlopt.opt\nocamlbuild: .......................................... /root/worker/ocaml/4.01/bin/ocamlbuild\nPackage name: ........................................ pcre-ocaml\nPackage version: ..................................... 7.0.2\nos_type: ............................................. Unix\nsystem: .............................................. freebsd\narchitecture: ........................................ amd64\nccomp_type: .......................................... cc\nocaml_version: ....................................... 4.01.0\nstandard_library_default: ............................ /root/worker/ocaml/4.01/lib/ocaml\nstandard_library: .................................... /root/worker/ocaml/4.01/lib/ocaml\nstandard_runtime: .................................... /root/worker/ocaml/4.01/bin/ocamlrun\nbytecomp_c_compiler: ................................. gcc -fno-defer-pop -Wall -D_FILE_OFFSET_BITS=64 -D_REENTRANT -D_THREAD_SAFE -fPIC\nnative_c_compiler: ................................... gcc -Wall -D_FILE_OFFSET_BITS=64 -D_REENTRANT -D_THREAD_SAFE\nmodel: ............................................... default\next_obj: ............................................. .o\next_asm: ............................................. .s\next_lib: ............................................. .a\next_dll: ............................................. .so\ndefault_executable_name: ............................. a.out\nsysthread_supported: ................................. true\nInstall architecture-independent files dir: .......... /usr/local\nInstall architecture-dependent files in dir: ......... $prefix\nUser executables: .................................... $exec_prefix/bin\nSystem admin executables: ............................ $exec_prefix/sbin\nProgram executables: ................................. $exec_prefix/libexec\nRead-only single-machine data: ....................... $prefix/etc\nModifiable architecture-independent data: ............ $prefix/com\nModifiable single-machine data: ...................... $prefix/var\nObject code libraries: ............................... $exec_prefix/lib\nRead-only arch-independent data root: ................ $prefix/share\nRead-only architecture-independent data: ............. $datarootdir\nInfo documentation: .................................. $datarootdir/info\nLocale-dependent data: ............................... $datarootdir/locale\nMan documentation: ................................... $datarootdir/man\nDocumentation root: .................................. $datarootdir/doc/$pkg_name\nHTML documentation: .................................. $docdir\nDVI documentation: ................................... $docdir\nPDF documentation: ................................... $docdir\nPS documentation: .................................... $docdir\nfindlib_version: ..................................... 1.4\nis_native: ........................................... true\nsuffix_program: ...................................... \nRemove a file.: ...................................... rm -f\nRemove a directory.: ................................. rm -rf\nTurn ocaml debug flag on: ............................ true\nTurn ocaml profile flag on: .......................... false\nCompiler support generation of .cmxs.: ............... true\nOCamlbuild additional flags: ......................... \nwith_pcre_config: .................................... pcre-config\nStrict compile-time checks: .......................... true\nBuild examples: ...................................... true\nCreate documentations: ............................... true\nCompile tests executable and library and run them: ... false\nocamldoc: ............................................ /root/worker/ocaml/4.01/bin/ocamldoc\n\nocaml setup.ml -build \n/root/worker/ocaml/4.01/bin/ocamlopt.opt -I /root/worker/ocaml/4.01/lib/ocaml/ocamlbuild unix.cmxa /root/worker/ocaml/4.01/lib/ocaml/ocamlbuild/ocamlbuildlib.cmxa myocamlbuild.ml /root/worker/ocaml/4.01/lib/ocaml/ocamlbuild/ocamlbuild.cmx -o myocamlbuild\nocamlfind ocamlc -ccopt -g -ccopt -O2 -ccopt -fPIC -ccopt -DPIC -ccopt -Wall -ccopt -pedantic -ccopt -Wextra -ccopt -Wunused -ccopt -Wno-long-long -ccopt -I/usr/local/include -c lib/pcre_stubs.c\nmv pcre_stubs.o lib/pcre_stubs.o\n/root/worker/ocaml/4.01/bin/ocamlmklib -o lib/pcre_stubs -L/usr/local/lib -Wl,-R/usr/local/lib -lpcre lib/pcre_stubs.o\nocamlfind ocamldep -modules lib/pcre.mli > lib/pcre.mli.depends\nocamlfind ocamlc -c -g -annot -w A -w e -w r -ccopt -g -ccopt -O2 -ccopt -fPIC -ccopt -DPIC -ccopt -Wall -ccopt -pedantic -ccopt -Wextra -ccopt -Wunused -ccopt -Wno-long-long -strict-sequence -I lib -o lib/pcre.cmi lib/pcre.mli\nocamlfind ocamldep -modules lib/pcre.ml > lib/pcre.ml.depends\nocamlfind ocamlc -c -g -annot -w A -w e -w r -ccopt -g -ccopt -O2 -ccopt -fPIC -ccopt -DPIC -ccopt -Wall -ccopt -pedantic -ccopt -Wextra -ccopt -Wunused -ccopt -Wno-long-long -strict-sequence -I lib -o lib/pcre.cmo lib/pcre.ml\nocamlfind ocamlc -a -dllib -lpcre_stubs -cclib -lpcre_stubs -cclib -L/usr/local/lib -cclib -Wl,-R/usr/local/lib -cclib -lpcre -cclib -L/usr/local/lib -cclib -Wl,-R/usr/local/lib -cclib -lpcre lib/pcre.cmo -o lib/pcre.cma\nocamlfind ocamlopt -c -g -annot -w A -w e -w r -ccopt -g -ccopt -O2 -ccopt -fPIC -ccopt -DPIC -ccopt -Wall -ccopt -pedantic -ccopt -Wextra -ccopt -Wunused -ccopt -Wno-long-long -strict-sequence -I lib -o lib/pcre.cmx lib/pcre.ml\nocamlfind ocamlopt -a -cclib -lpcre_stubs -cclib -L/usr/local/lib -cclib -Wl,-R/usr/local/lib -cclib -lpcre -cclib -L/usr/local/lib -cclib -Wl,-R/usr/local/lib -cclib -lpcre lib/pcre.cmx -o lib/pcre.cmxa\nocamlfind ocamlopt -shared -I lib -cclib -L/usr/local/lib -cclib -Wl,-R/usr/local/lib -cclib -lpcre lib/pcre.cmx -o lib/pcre.cmxs\nocamlfind ocamldep -modules examples/cloc/cloc.ml > examples/cloc/cloc.ml.depends\nocamlfind ocamlc -c -g -annot -w A -w e -w r -I lib -strict-sequence -I examples/cloc -I lib -o examples/cloc/cloc.cmo examples/cloc/cloc.ml\nocamlfind ocamlopt -c -g -annot -w A -w e -w r -I lib -strict-sequence -I examples/cloc -I lib -o examples/cloc/cloc.cmx examples/cloc/cloc.ml\nocamlfind ocamlopt -g -I lib -linkpkg lib/pcre.cmxa examples/cloc/cloc.cmx -o examples/cloc/cloc.native\nocamlfind ocamldep -modules examples/count_hash/count_hash.ml > examples/count_hash/count_hash.ml.depends\nocamlfind ocamlc -c -g -annot -w A -w e -w r -I lib -strict-sequence -I examples/count_hash -I lib -o examples/count_hash/count_hash.cmo examples/count_hash/count_hash.ml\nocamlfind ocamlopt -c -g -annot -w A -w e -w r -I lib -strict-sequence -I examples/count_hash -I lib -o examples/count_hash/count_hash.cmx examples/count_hash/count_hash.ml\nocamlfind ocamlopt -g -I lib -linkpkg lib/pcre.cmxa examples/count_hash/count_hash.cmx -o examples/count_hash/count_hash.native\nocamlfind ocamldep -modules examples/pcregrep/pcregrep.ml > examples/pcregrep/pcregrep.ml.depends\nocamlfind ocamlc -c -g -annot -w A -w e -w r -I lib -strict-sequence -I examples/pcregrep -I lib -o examples/pcregrep/pcregrep.cmo examples/pcregrep/pcregrep.ml\nocamlfind ocamlopt -c -g -annot -w A -w e -w r -I lib -strict-sequence -I examples/pcregrep -I lib -o examples/pcregrep/pcregrep.cmx examples/pcregrep/pcregrep.ml\nocamlfind ocamlopt -g -I lib -linkpkg lib/pcre.cmxa examples/pcregrep/pcregrep.cmx -o examples/pcregrep/pcregrep.native\nocamlfind ocamldep -modules examples/subst/subst.ml > examples/subst/subst.ml.depends\nocamlfind ocamlc -c -g -annot -w A -w e -w r -I lib -strict-sequence -I examples/subst -I lib -o examples/subst/subst.cmo examples/subst/subst.ml\nocamlfind ocamlopt -c -g -annot -w A -w e -w r -I lib -strict-sequence -I examples/subst -I lib -o examples/subst/subst.cmx examples/subst/subst.ml\nocamlfind ocamlopt -g -I lib -linkpkg lib/pcre.cmxa examples/subst/subst.cmx -o examples/subst/subst.native\nocaml setup.ml -install \nInstalled /tmp/ocamlot/ocamlot.work.2013-08-29.101/opam-install/system/lib/pcre/pcre.mli\nInstalled /tmp/ocamlot/ocamlot.work.2013-08-29.101/opam-install/system/lib/pcre/libpcre_stubs.a\nInstalled /tmp/ocamlot/ocamlot.work.2013-08-29.101/opam-install/system/lib/pcre/pcre.cma\nInstalled /tmp/ocamlot/ocamlot.work.2013-08-29.101/opam-install/system/lib/pcre/pcre.cmxa\nInstalled /tmp/ocamlot/ocamlot.work.2013-08-29.101/opam-install/system/lib/pcre/pcre.a\nInstalled /tmp/ocamlot/ocamlot.work.2013-08-29.101/opam-install/system/lib/pcre/pcre.cmxs\nInstalled /tmp/ocamlot/ocamlot.work.2013-08-29.101/opam-install/system/lib/pcre/pcre.cmi\nInstalled /tmp/ocamlot/ocamlot.work.2013-08-29.101/opam-install/system/lib/pcre/pcre.cmx\nInstalled /tmp/ocamlot/ocamlot.work.2013-08-29.101/opam-install/system/lib/pcre/META\nInstalled /tmp/ocamlot/ocamlot.work.2013-08-29.101/opam-install/system/lib/stublibs/dllpcre_stubs.so\nInstalled /tmp/ocamlot/ocamlot.work.2013-08-29.101/opam-install/system/lib/stublibs/dllpcre_stubs.so.owner\nocamlfind: [WARNING] You have installed DLLs but the directory /tmp/ocamlot/ocamlot.work.2013-08-29.101/opam-install/system/lib/stublibs is not mentioned in ld.conf\nInstalling pcre-ocaml.7.0.2.\n\n=-=-= Installing ulex.1.1 =-=-=\nulex.1.1   Downloading http://pkgs.fedoraproject.org/repo/pkgs/ocaml-ulex/ulex-1.1.tar.gz/ce49a013bc4a0e085977a9fe157017bf/ulex-1.1.tar.gz\n  % Total    % Received % Xferd  Average Speed   Time    Time     Time  Current\n                                 Dload  Upload   Total   Spent    Left  Speed\n\r  0     0    0     0    0     0      0      0 --:--:-- --:--:-- --:--:--     0\r 38 20347   38  7813    0     0  39173      0 --:--:-- --:--:-- --:--:-- 56615\r100 20347  100 20347    0     0  79888      0 --:--:-- --:--:-- --:--:--  102k\n200\nBuilding ulex.1.1:\n  gmake\n  gmake all.opt\n  gmake install\nocamlbuild -byte-plugin pa_ulex.cma ulexing.cma\n/root/worker/ocaml/4.01/bin/ocamlc.opt -I /root/worker/ocaml/4.01/lib/ocaml/ocamlbuild unix.cma /root/worker/ocaml/4.01/lib/ocaml/ocamlbuild/ocamlbuildlib.cma myocamlbuild.ml /root/worker/ocaml/4.01/lib/ocaml/ocamlbuild/ocamlbuild.cmo -o myocamlbuild\n/root/worker/ocaml/4.01/bin/ocamldep.opt -pp camlp4orf -modules pa_ulex.ml > pa_ulex.ml.depends\n/root/worker/ocaml/4.01/bin/ocamldep.opt -modules cset.ml > cset.ml.depends\n/root/worker/ocaml/4.01/bin/ocamldep.opt -modules ulex.mli > ulex.mli.depends\n/root/worker/ocaml/4.01/bin/ocamlc.opt -c -o cset.cmo cset.ml\n/root/worker/ocaml/4.01/bin/ocamlc.opt -c -o ulex.cmi ulex.mli\n/root/worker/ocaml/4.01/bin/ocamlc.opt -c -I +camlp4 -pp camlp4orf -o pa_ulex.cmo pa_ulex.ml\n/root/worker/ocaml/4.01/bin/ocamldep.opt -modules ulex.ml > ulex.ml.depends\n/root/worker/ocaml/4.01/bin/ocamlc.opt -c -o ulex.cmo ulex.ml\n/root/worker/ocaml/4.01/bin/ocamlc.opt -a cset.cmo ulex.cmo pa_ulex.cmo -o pa_ulex.cma\n/root/worker/ocaml/4.01/bin/ocamldep.opt -modules ulexing.mli > ulexing.mli.depends\n/root/worker/ocaml/4.01/bin/ocamlc.opt -c -o ulexing.cmi ulexing.mli\n/root/worker/ocaml/4.01/bin/ocamldep.opt -modules ulexing.ml > ulexing.ml.depends\n/root/worker/ocaml/4.01/bin/ocamldep.opt -modules utf8.mli > utf8.mli.depends\n/root/worker/ocaml/4.01/bin/ocamlc.opt -c -o utf8.cmi utf8.mli\n/root/worker/ocaml/4.01/bin/ocamlc.opt -c -o ulexing.cmo ulexing.ml\n/root/worker/ocaml/4.01/bin/ocamldep.opt -modules utf8.ml > utf8.ml.depends\n/root/worker/ocaml/4.01/bin/ocamlc.opt -c -o utf8.cmo utf8.ml\n+ /root/worker/ocaml/4.01/bin/ocamlc.opt -c -o utf8.cmo utf8.ml\nFile \"utf8.ml\", line 113, characters 20-21:\nWarning 3: deprecated feature: operator (&); you should use (&&) instead\n/root/worker/ocaml/4.01/bin/ocamlc.opt -a utf8.cmo ulexing.cmo -o ulexing.cma\nocamlbuild -byte-plugin pa_ulex.cma ulexing.cma pa_ulex.cmxa ulexing.cmxa\n/root/worker/ocaml/4.01/bin/ocamlopt.opt -c -o cset.cmx cset.ml\n/root/worker/ocaml/4.01/bin/ocamlopt.opt -c -o ulex.cmx ulex.ml\n/root/worker/ocaml/4.01/bin/ocamlopt.opt -c -I +camlp4 -pp camlp4orf -o pa_ulex.cmx pa_ulex.ml\n/root/worker/ocaml/4.01/bin/ocamlopt.opt -a cset.cmx ulex.cmx pa_ulex.cmx -o pa_ulex.cmxa\n/root/worker/ocaml/4.01/bin/ocamlopt.opt -c -o utf8.cmx utf8.ml\n+ /root/worker/ocaml/4.01/bin/ocamlopt.opt -c -o utf8.cmx utf8.ml\nFile \"utf8.ml\", line 113, characters 20-21:\nWarning 3: deprecated feature: operator (&); you should use (&&) instead\n/root/worker/ocaml/4.01/bin/ocamlopt.opt -c -o ulexing.cmx ulexing.ml\n/root/worker/ocaml/4.01/bin/ocamlopt.opt -a utf8.cmx ulexing.cmx -o ulexing.cmxa\nocamlbuild -byte-plugin pa_ulex.cma ulexing.cma\ncd _build && gmake -f ../Makefile realinstall\ngmake[1]: Entering directory `/tmp/ocamlot/ocamlot.work.2013-08-29.101/opam-install/system/build/ulex.1.1/_build'\nocamlfind install ulex ../META ulexing.mli utf8.mli ulexing.cmi utf8.cmi ulexing.cmx utf8.cmx pa_ulex.cma ulexing.a ulexing.cma ulexing.cmxa\nInstalled /tmp/ocamlot/ocamlot.work.2013-08-29.101/opam-install/system/lib/ulex/ulexing.cmxa\nInstalled /tmp/ocamlot/ocamlot.work.2013-08-29.101/opam-install/system/lib/ulex/ulexing.cma\nInstalled /tmp/ocamlot/ocamlot.work.2013-08-29.101/opam-install/system/lib/ulex/ulexing.a\nInstalled /tmp/ocamlot/ocamlot.work.2013-08-29.101/opam-install/system/lib/ulex/pa_ulex.cma\nInstalled /tmp/ocamlot/ocamlot.work.2013-08-29.101/opam-install/system/lib/ulex/utf8.cmx\nInstalled /tmp/ocamlot/ocamlot.work.2013-08-29.101/opam-install/system/lib/ulex/ulexing.cmx\nInstalled /tmp/ocamlot/ocamlot.work.2013-08-29.101/opam-install/system/lib/ulex/utf8.cmi\nInstalled /tmp/ocamlot/ocamlot.work.2013-08-29.101/opam-install/system/lib/ulex/ulexing.cmi\nInstalled /tmp/ocamlot/ocamlot.work.2013-08-29.101/opam-install/system/lib/ulex/utf8.mli\nInstalled /tmp/ocamlot/ocamlot.work.2013-08-29.101/opam-install/system/lib/ulex/ulexing.mli\nInstalled /tmp/ocamlot/ocamlot.work.2013-08-29.101/opam-install/system/lib/ulex/META\ngmake[1]: Leaving directory `/tmp/ocamlot/ocamlot.work.2013-08-29.101/opam-install/system/build/ulex.1.1/_build'\nInstalling ulex.1.1.\n\n=-=-= Installing uuidm.0.9.5 =-=-=\nuuidm.0.9.5 Downloading http://erratique.ch/software/uuidm/releases/uuidm-0.9.5.tbz\n  % Total    % Received % Xferd  Average Speed   Time    Time     Time  Current\n                                 Dload  Upload   Total   Spent    Left  Speed\n\r  0     0    0     0    0     0      0      0 --:--:-- --:--:-- --:--:--     0\r  5 44450    5  2639    0     0  12349      0  0:00:03 --:--:--  0:00:03 25133\r200\n100 44450  100 44450    0     0   103k      0 --:--:-- --:--:-- --:--:--  139k\nCopying /tmp/ocamlot/ocamlot.work.2013-08-29.101/opam-install/packages/uuidm/uuidm.0.9.5/files/uuidm.install to /tmp/ocamlot/ocamlot.work.2013-08-29.101/opam-install/system/build/uuidm.0.9.5/\nBuilding uuidm.0.9.5:\n  ocaml setup.ml -configure --prefix /tmp/ocamlot/ocamlot.work.2013-08-29.101/opam-install/system\n  ocaml setup.ml -build\n  ocaml setup.ml -install\n\nConfiguration: \nocamlfind: ........................................... /tmp/ocamlot/ocamlot.work.2013-08-29.101/opam-install/system/bin/ocamlfind\nocamlc: .............................................. /root/worker/ocaml/4.01/bin/ocamlc.opt\nocamlopt: ............................................ /root/worker/ocaml/4.01/bin/ocamlopt.opt\nocamlbuild: .......................................... /root/worker/ocaml/4.01/bin/ocamlbuild\nPackage name: ........................................ uuidm\nPackage version: ..................................... 0.9.5\nos_type: ............................................. Unix\nsystem: .............................................. freebsd\narchitecture: ........................................ amd64\nccomp_type: .......................................... cc\nocaml_version: ....................................... 4.01.0\nstandard_library_default: ............................ /root/worker/ocaml/4.01/lib/ocaml\nstandard_library: .................................... /root/worker/ocaml/4.01/lib/ocaml\nstandard_runtime: .................................... /root/worker/ocaml/4.01/bin/ocamlrun\nbytecomp_c_compiler: ................................. gcc -fno-defer-pop -Wall -D_FILE_OFFSET_BITS=64 -D_REENTRANT -D_THREAD_SAFE -fPIC\nnative_c_compiler: ................................... gcc -Wall -D_FILE_OFFSET_BITS=64 -D_REENTRANT -D_THREAD_SAFE\nmodel: ............................................... default\next_obj: ............................................. .o\next_asm: ............................................. .s\next_lib: ............................................. .a\next_dll: ............................................. .so\ndefault_executable_name: ............................. a.out\nsysthread_supported: ................................. true\nInstall architecture-independent files dir: .......... /tmp/ocamlot/ocamlot.work.2013-08-29.101/opam-install/system\nInstall architecture-dependent files in dir: ......... $prefix\nUser executables: .................................... $exec_prefix/bin\nSystem admin executables: ............................ $exec_prefix/sbin\nProgram executables: ................................. $exec_prefix/libexec\nRead-only single-machine data: ....................... $prefix/etc\nModifiable architecture-independent data: ............ $prefix/com\nModifiable single-machine data: ...................... $prefix/var\nObject code libraries: ............................... $exec_prefix/lib\nRead-only arch-independent data root: ................ $prefix/share\nRead-only architecture-independent data: ............. $datarootdir\nInfo documentation: .................................. $datarootdir/info\nLocale-dependent data: ............................... $datarootdir/locale\nMan documentation: ................................... $datarootdir/man\nDocumentation root: .................................. $datarootdir/doc/$pkg_name\nHTML documentation: .................................. $docdir\nDVI documentation: ................................... $docdir\nPDF documentation: ................................... $docdir\nPS documentation: .................................... $docdir\nfindlib_version: ..................................... 1.4\nis_native: ........................................... true\nsuffix_program: ...................................... \nRemove a file.: ...................................... rm -f\nRemove a directory.: ................................. rm -rf\nTurn ocaml debug flag on: ............................ true\nTurn ocaml profile flag on: .......................... false\nCompiler support generation of .cmxs.: ............... true\nOCamlbuild additional flags: ......................... \nCreate documentations: ............................... true\nCompile tests executable and library and run them: ... false\nocamldoc: ............................................ /root/worker/ocaml/4.01/bin/ocamldoc\n\n/root/worker/ocaml/4.01/bin/ocamlopt.opt -I /root/worker/ocaml/4.01/lib/ocaml/ocamlbuild unix.cmxa /root/worker/ocaml/4.01/lib/ocaml/ocamlbuild/ocamlbuildlib.cmxa myocamlbuild.ml /root/worker/ocaml/4.01/lib/ocaml/ocamlbuild/ocamlbuild.cmx -o myocamlbuild\nocamlfind ocamldep -modules src/uuidm.mli > src/uuidm.mli.depends\nocamlfind ocamlc -c -g -I src -o src/uuidm.cmi src/uuidm.mli\nocamlfind ocamldep -modules src/uuidm.ml > src/uuidm.ml.depends\nocamlfind ocamlc -c -g -I src -o src/uuidm.cmo src/uuidm.ml\nocamlfind ocamlc -a src/uuidm.cmo -o src/uuidm.cma\nocamlfind ocamlopt -c -g -I src -o src/uuidm.cmx src/uuidm.ml\nocamlfind ocamlopt -a src/uuidm.cmx -o src/uuidm.cmxa\nocamlfind ocamlopt -shared src/uuidm.cmx -o src/uuidm.cmxs\nocamlfind ocamldep -modules test/test.ml > test/test.ml.depends\nocamlfind ocamlc -c -g -I src -I test -I src -o test/test.cmo test/test.ml\nocamlfind ocamlopt -c -g -I src -I test -I src -o test/test.cmx test/test.ml\nocamlfind ocamlopt -g -linkpkg src/uuidm.cmxa test/test.cmx -o test/test.native\nocamlfind ocamldep -modules test/perf.ml > test/perf.ml.depends\nocamlfind ocamlc -c -g -I src -I test -I src -o test/perf.cmo test/perf.ml\nocamlfind ocamlopt -c -g -I src -I test -I src -o test/perf.cmx test/perf.ml\nocamlfind ocamlopt -g -linkpkg src/uuidm.cmxa test/perf.cmx -o test/perf.native\nocamlfind ocamldep -modules test/uuidtrip.ml > test/uuidtrip.ml.depends\nocamlfind ocamlc -c -g -I src -I test -I src -o test/uuidtrip.cmo test/uuidtrip.ml\nocamlfind ocamlopt -c -g -I src -I test -I src -o test/uuidtrip.cmx test/uuidtrip.ml\nocamlfind ocamlopt -g -linkpkg src/uuidm.cmxa test/uuidtrip.cmx -o test/uuidtrip.native\nInstalled /tmp/ocamlot/ocamlot.work.2013-08-29.101/opam-install/system/lib/uuidm/uuidm.mli\nInstalled /tmp/ocamlot/ocamlot.work.2013-08-29.101/opam-install/system/lib/uuidm/uuidm.cma\nInstalled /tmp/ocamlot/ocamlot.work.2013-08-29.101/opam-install/system/lib/uuidm/uuidm.cmxa\nInstalled /tmp/ocamlot/ocamlot.work.2013-08-29.101/opam-install/system/lib/uuidm/uuidm.a\nInstalled /tmp/ocamlot/ocamlot.work.2013-08-29.101/opam-install/system/lib/uuidm/uuidm.cmxs\nInstalled /tmp/ocamlot/ocamlot.work.2013-08-29.101/opam-install/system/lib/uuidm/uuidm.cmi\nInstalled /tmp/ocamlot/ocamlot.work.2013-08-29.101/opam-install/system/lib/uuidm/uuidm.cmx\nInstalled /tmp/ocamlot/ocamlot.work.2013-08-29.101/opam-install/system/lib/uuidm/META\nInstalling uuidm.0.9.5.\n\n=-=-= Installing xmlm.1.1.1 =-=-=\nxmlm.1.1.1 Downloading http://erratique.ch/software/xmlm/releases/xmlm-1.1.1.tbz\n  % Total    % Received % Xferd  Average Speed   Time    Time     Time  Current\n                                 Dload  Upload   Total   Spent    Left  Speed\n\r  0     0    0     0    0     0      0      0 --:--:-- --:--:-- --:--:--     0\r 53 69318   53 37390    0     0  75018      0 --:--:-- --:--:-- --:--:--  121k\r100 69318  100 69318    0     0   113k      0 --:--:-- --:--:-- --:--:--  168k\n200\nCopying /tmp/ocamlot/ocamlot.work.2013-08-29.101/opam-install/packages/xmlm/xmlm.1.1.1/files/xmlm.install to /tmp/ocamlot/ocamlot.work.2013-08-29.101/opam-install/system/build/xmlm.1.1.1/\nBuilding xmlm.1.1.1:\n  ocaml setup.ml -configure --prefix /tmp/ocamlot/ocamlot.work.2013-08-29.101/opam-install/system\n  ocaml setup.ml -build\n  ocaml setup.ml -install\n\nConfiguration: \nocamlfind: ........................................... /tmp/ocamlot/ocamlot.work.2013-08-29.101/opam-install/system/bin/ocamlfind\nocamlc: .............................................. /root/worker/ocaml/4.01/bin/ocamlc.opt\nocamlopt: ............................................ /root/worker/ocaml/4.01/bin/ocamlopt.opt\nocamlbuild: .......................................... /root/worker/ocaml/4.01/bin/ocamlbuild\nPackage name: ........................................ xmlm\nPackage version: ..................................... 1.1.1\nos_type: ............................................. Unix\nsystem: .............................................. freebsd\narchitecture: ........................................ amd64\nccomp_type: .......................................... cc\nocaml_version: ....................................... 4.01.0\nstandard_library_default: ............................ /root/worker/ocaml/4.01/lib/ocaml\nstandard_library: .................................... /root/worker/ocaml/4.01/lib/ocaml\nstandard_runtime: .................................... /root/worker/ocaml/4.01/bin/ocamlrun\nbytecomp_c_compiler: ................................. gcc -fno-defer-pop -Wall -D_FILE_OFFSET_BITS=64 -D_REENTRANT -D_THREAD_SAFE -fPIC\nnative_c_compiler: ................................... gcc -Wall -D_FILE_OFFSET_BITS=64 -D_REENTRANT -D_THREAD_SAFE\nmodel: ............................................... default\next_obj: ............................................. .o\next_asm: ............................................. .s\next_lib: ............................................. .a\next_dll: ............................................. .so\ndefault_executable_name: ............................. a.out\nsysthread_supported: ................................. true\nInstall architecture-independent files dir: .......... /tmp/ocamlot/ocamlot.work.2013-08-29.101/opam-install/system\nInstall architecture-dependent files in dir: ......... $prefix\nUser executables: .................................... $exec_prefix/bin\nSystem admin executables: ............................ $exec_prefix/sbin\nProgram executables: ................................. $exec_prefix/libexec\nRead-only single-machine data: ....................... $prefix/etc\nModifiable architecture-independent data: ............ $prefix/com\nModifiable single-machine data: ...................... $prefix/var\nObject code libraries: ............................... $exec_prefix/lib\nRead-only arch-independent data root: ................ $prefix/share\nRead-only architecture-independent data: ............. $datarootdir\nInfo documentation: .................................. $datarootdir/info\nLocale-dependent data: ............................... $datarootdir/locale\nMan documentation: ................................... $datarootdir/man\nDocumentation root: .................................. $datarootdir/doc/$pkg_name\nHTML documentation: .................................. $docdir\nDVI documentation: ................................... $docdir\nPDF documentation: ................................... $docdir\nPS documentation: .................................... $docdir\nfindlib_version: ..................................... 1.4\nis_native: ........................................... true\nsuffix_program: ...................................... \nRemove a file.: ...................................... rm -f\nRemove a directory.: ................................. rm -rf\nTurn ocaml debug flag on: ............................ true\nTurn ocaml profile flag on: .......................... false\nCompiler support generation of .cmxs.: ............... true\nOCamlbuild additional flags: ......................... \nCreate documentations: ............................... true\nCompile tests executable and library and run them: ... false\nocamldoc: ............................................ /root/worker/ocaml/4.01/bin/ocamldoc\n\n/root/worker/ocaml/4.01/bin/ocamlopt.opt -I /root/worker/ocaml/4.01/lib/ocaml/ocamlbuild unix.cmxa /root/worker/ocaml/4.01/lib/ocaml/ocamlbuild/ocamlbuildlib.cmxa myocamlbuild.ml /root/worker/ocaml/4.01/lib/ocaml/ocamlbuild/ocamlbuild.cmx -o myocamlbuild\nocamlfind ocamldep -modules src/xmlm.mli > src/xmlm.mli.depends\nocamlfind ocamlc -c -g -I src -o src/xmlm.cmi src/xmlm.mli\nocamlfind ocamldep -modules src/xmlm.ml > src/xmlm.ml.depends\nocamlfind ocamlc -c -g -I src -o src/xmlm.cmo src/xmlm.ml\n+ ocamlfind ocamlc -c -g -I src -o src/xmlm.cmo src/xmlm.ml\nFile \"src/xmlm.ml\", line 772, characters 22-24:\nWarning 3: deprecated feature: operator (or); you should use (||) instead\nFile \"src/xmlm.ml\", line 575, characters 18-20:\nWarning 3: deprecated feature: operator (or); you should use (||) instead\nFile \"src/xmlm.ml\", line 555, characters 22-24:\nWarning 3: deprecated feature: operator (or); you should use (||) instead\nocamlfind ocamlc -a src/xmlm.cmo -o src/xmlm.cma\nocamlfind ocamlopt -c -g -I src -o src/xmlm.cmx src/xmlm.ml\n+ ocamlfind ocamlopt -c -g -I src -o src/xmlm.cmx src/xmlm.ml\nFile \"src/xmlm.ml\", line 772, characters 22-24:\nWarning 3: deprecated feature: operator (or); you should use (||) instead\nFile \"src/xmlm.ml\", line 575, characters 18-20:\nWarning 3: deprecated feature: operator (or); you should use (||) instead\nFile \"src/xmlm.ml\", line 555, characters 22-24:\nWarning 3: deprecated feature: operator (or); you should use (||) instead\nocamlfind ocamlopt -a src/xmlm.cmx -o src/xmlm.cmxa\nocamlfind ocamlopt -shared src/xmlm.cmx -o src/xmlm.cmxs\nocamlfind ocamldep -modules test/xmltrip.ml > test/xmltrip.ml.depends\nocamlfind ocamldep -modules test/xhtml.ml > test/xhtml.ml.depends\nocamlfind ocamlc -c -g -I src -I test -I src -o test/xhtml.cmo test/xhtml.ml\nocamlfind ocamlc -c -g -I src -I test -I src -o test/xmltrip.cmo test/xmltrip.ml\nocamlfind ocamlopt -c -g -I src -I test -I src -o test/xhtml.cmx test/xhtml.ml\nocamlfind ocamlopt -c -g -I src -I test -I src -o test/xmltrip.cmx test/xmltrip.ml\nocamlfind ocamlopt -g -linkpkg src/xmlm.cmxa test/xhtml.cmx test/xmltrip.cmx -o test/xmltrip.native\nInstalled /tmp/ocamlot/ocamlot.work.2013-08-29.101/opam-install/system/lib/xmlm/xmlm.mli\nInstalled /tmp/ocamlot/ocamlot.work.2013-08-29.101/opam-install/system/lib/xmlm/xmlm.cma\nInstalled /tmp/ocamlot/ocamlot.work.2013-08-29.101/opam-install/system/lib/xmlm/xmlm.cmxa\nInstalled /tmp/ocamlot/ocamlot.work.2013-08-29.101/opam-install/system/lib/xmlm/xmlm.a\nInstalled /tmp/ocamlot/ocamlot.work.2013-08-29.101/opam-install/system/lib/xmlm/xmlm.cmxs\nInstalled /tmp/ocamlot/ocamlot.work.2013-08-29.101/opam-install/system/lib/xmlm/xmlm.cmi\nInstalled /tmp/ocamlot/ocamlot.work.2013-08-29.101/opam-install/system/lib/xmlm/xmlm.cmx\nInstalled /tmp/ocamlot/ocamlot.work.2013-08-29.101/opam-install/system/lib/xmlm/META\nInstalling xmlm.1.1.1.\n\n=-=-= Installing xtmpl.0.6 =-=-=\nxtmpl.0.6  Downloading http://zoggy.github.com/xtmpl/xtmpl-0.6.tar.gz\n  % Total    % Received % Xferd  Average Speed   Time    Time     Time  Current\n                                 Dload  Upload   Total   Spent    Left  Speed\n\r  0     0    0     0    0     0      0      0 --:--:-- --:--:-- --:--:--     0\r100   178  100   178    0     0   1902      0 --:--:-- --:--:-- --:--:--  2966\n\r100  9734  100  9734    0     0  58792      0 --:--:-- --:--:-- --:--:-- 58792\n200\nBuilding xtmpl.0.6:\n  gmake all\n  gmake install\nocamlc.opt -g -c `ocamlfind query -i-format xmlm` -annot -rectypes xtmpl.mli\nocamlc.opt -g -c `ocamlfind query -i-format xmlm` -annot -rectypes xtmpl.ml\nocamlopt.opt -g -c `ocamlfind query -i-format xmlm` -annot -rectypes xtmpl.ml\nocamlopt.opt -g -shared -o xtmpl.cmxs `ocamlfind query -i-format xmlm` -annot -rectypes xtmpl.cmx\nocamlfind install xtmpl META LICENSE xtmpl.cmi xtmpl.mli xtmpl.cmo xtmpl.cmx xtmpl.cmxs xtmpl.o\nInstalled /tmp/ocamlot/ocamlot.work.2013-08-29.101/opam-install/system/lib/xtmpl/xtmpl.o\nInstalled /tmp/ocamlot/ocamlot.work.2013-08-29.101/opam-install/system/lib/xtmpl/xtmpl.cmxs\nInstalled /tmp/ocamlot/ocamlot.work.2013-08-29.101/opam-install/system/lib/xtmpl/xtmpl.cmx\nInstalled /tmp/ocamlot/ocamlot.work.2013-08-29.101/opam-install/system/lib/xtmpl/xtmpl.cmo\nInstalled /tmp/ocamlot/ocamlot.work.2013-08-29.101/opam-install/system/lib/xtmpl/xtmpl.mli\nInstalled /tmp/ocamlot/ocamlot.work.2013-08-29.101/opam-install/system/lib/xtmpl/xtmpl.cmi\nInstalled /tmp/ocamlot/ocamlot.work.2013-08-29.101/opam-install/system/lib/xtmpl/LICENSE\nInstalled /tmp/ocamlot/ocamlot.work.2013-08-29.101/opam-install/system/lib/xtmpl/META\nInstalling xtmpl.0.6.\n\n")(r_stderr"The compilation of conf-gtksourceview.2 failed.\nThe compilation of ocaml-mysql.1.1.1 failed.\nDue to some errors while processing { conf-gtksourceview.2, ocaml-mysql.1.1.1 }, the following actions will NOT be proceeded:\n - install ocamldot.1.0\n - install lablgtk-extras.1.3\n - install genet.0.4\n - install ocamlnet.3.6.5\n - install lablgtk.2.16.0\n - install ocaml-rdf.0.6.0\n\n==== ERROR [while installing conf-gtksourceview.2] ====\n# opam-version    1.1.0 (34a478af7c6a03e24d87964e422c0c03f7b8eb61)\n# os              freebsd\n# command         pkg-config gtksourceview-2.0\n# path            /tmp/ocamlot/ocamlot.work.2013-08-29.101/opam-install/system/build/conf-gtksourceview.2\n# compiler        system (4.01.0)\n# exit-code       1\n# env-file        /tmp/ocamlot/ocamlot.work.2013-08-29.101/opam-install/system/build/conf-gtksourceview.2/conf-gtksourceview-68429-42bb52.env\n# stdout-file     /tmp/ocamlot/ocamlot.work.2013-08-29.101/opam-install/system/build/conf-gtksourceview.2/conf-gtksourceview-68429-42bb52.out\n# stderr-file     /tmp/ocamlot/ocamlot.work.2013-08-29.101/opam-install/system/build/conf-gtksourceview.2/conf-gtksourceview-68429-42bb52.err\n\n\n==== ERROR [while installing ocaml-mysql.1.1.1] ====\n# opam-version    1.1.0 (34a478af7c6a03e24d87964e422c0c03f7b8eb61)\n# os              freebsd\n# command         gmake\n# path            /tmp/ocamlot/ocamlot.work.2013-08-29.101/opam-install/system/build/ocaml-mysql.1.1.1\n# compiler        system (4.01.0)\n# exit-code       2\n# env-file        /tmp/ocamlot/ocamlot.work.2013-08-29.101/opam-install/system/build/ocaml-mysql.1.1.1/ocaml-mysql-71091-0a5907.env\n# stdout-file     /tmp/ocamlot/ocamlot.work.2013-08-29.101/opam-install/system/build/ocaml-mysql.1.1.1/ocaml-mysql-71091-0a5907.out\n# stderr-file     /tmp/ocamlot/ocamlot.work.2013-08-29.101/opam-install/system/build/ocaml-mysql.1.1.1/ocaml-mysql-71091-0a5907.err\n### stdout ###\ngmake[1]: Entering directory `/tmp/ocamlot/ocamlot.work.2013-08-29.101/opam-install/system/build/ocaml-mysql.1.1.1'\nocamldep mysql.mli > ._bcdi/mysql.di\nocamldep -pp \"camlp4o \" mysql.ml > ._d/mysql.d\ngmake[1]: Leaving directory `/tmp/ocamlot/ocamlot.work.2013-08-29.101/opam-install/system/build/ocaml-mysql.1.1.1'\ngmake[1]: Entering directory `/tmp/ocamlot/ocamlot.work.2013-08-29.101/opam-install/system/build/ocaml-mysql.1.1.1'\nocamlc -c -cc \"cc\" -ccopt \"-fPIC -g -O2 -Wall -Wextra \\\n\t\t\t-DPIC   \\\n\t\t\t    -o mysql_stubs.o \" mysql_stubs.c\ngmake[1]: Leaving directory `/tmp/ocamlot/ocamlot.work.2013-08-29.101/opam-install/system/build/ocaml-mysql.1.1.1'\n### stderr ###\n...[truncated]\nmysql_stubs.c:1164: warning: passing argument 2 of 'caml_alloc_custom' makes integer from pointer without a cast\nmysql_stubs.c:1165: error: expected expression before ')' token\nmysql_stubs.c:1165: error: invalid operands to binary *\nmysql_stubs.c:1165: error: called object '<erroneous-expression>' is not a function\nmysql_stubs.c:1165: warning: implicit declaration of function 'mysql_stmt_result_metadata'\nmysql_stubs.c:1165: error: called object '<erroneous-expression>' is not a function\nmysql_stubs.c:1165: error: incompatible types in assignment\nmysql_stubs.c:1165: warning: statement with no effect\ngmake[1]: *** [mysql_stubs.o] Error 2\ngmake: *** [byte-code-library] Error 2\n\n'opam install --verbose --yes genet.0.4' failed.\n")))))(duration 234.27188897132873535)(info"Compiler: 4.01.0+dev22-2013-08-20\nOPAM: 34a478af7c6a03e24d87964e422c0c03f7b8eb61\nOCAMLRUNPARAM = b\nHOME = /tmp/ocamlot/ocamlot.work.2013-08-29.101\nPATH = /tmp/ocamlot/ocamlot.work.2013-08-29.101/opam-install/system/bin:/tmp/ocamlot/ocamlot.work.2013-08-29.101:/root/worker/ocaml/4.01/bin:/root/.opam/4.01.0dev+trunk/bin:/sbin:/bin:/usr/sbin:/usr/bin:/usr/games:/usr/local/sbin:/usr/local/bin:/root/bin\nMANPATH = /tmp/ocamlot/ocamlot.work.2013-08-29.101/opam-install/system/man:\nOCAML_TOPLEVEL_PATH = /tmp/ocamlot/ocamlot.work.2013-08-29.101/opam-install/system/lib/toplevel\nPERL5LIB = /tmp/ocamlot/ocamlot.work.2013-08-29.101/opam-install/system/lib/perl5\nOPAMROOT = /tmp/ocamlot/ocamlot.work.2013-08-29.101/opam-install\nCAML_LD_LIBRARY_PATH = /tmp/ocamlot/ocamlot.work.2013-08-29.101/opam-install/system/lib/stublibs:/root/worker/ocaml/4.01/lib/ocaml/stublibs\n"))))(1377761938.3242559433(Checked_in 62))(1377761914.2951350212(Checked_in 62))(1377761890.2359209061(Checked_in 62))(1377761866.198043108(Checked_in 62))(1377761842.135807991(Checked_in 62))(1377761818.0792410374(Checked_in 62))(1377761793.9771080017(Checked_in 62))(1377761769.9529619217(Checked_in 62))(1377761745.9180400372(Checked_in 62))(1377761721.8353090286(Checked_in 62))(1377761697.5551791191(Started 62))(1377726781.702393055(Advertized((os FreeBSD)(arch X86_64))))))(host((os FreeBSD)(arch X86_64)))(job(Opam((diff(((repo((url"")(repo_url(URL git://github.com/OCamlPro/opam-repository.git))))(label OCamlPro/opam-repository:master)(reference(Ref master)))))(packages(genet.0.4))(target((host((os FreeBSD)(arch X86_64)))(compiler((c_version 4.01.0)(c_build"")))))(action Build)))))